# stats: dump at 1733723163
stats: users 6 6
stats: {load,"tsung_controller@ip-172-31-42-10"} 1 0.0 0 0.0 0.0 0 0
stats: {freemem,"tsung_controller@ip-172-31-42-10"} 1 659.1640625 0 659.1640625 659.1640625 0 0
stats: {cpu,"tsung_controller@ip-172-31-42-10"} 1 0.8073176396649953 0 0.8073176396649953 0.8073176396649953 0 0
stats: users_count 6 6
stats: finish_users_count 0 0
stats: request 5 280.4812 128.98843089114618 354.799 22.722 0 0
stats: page 5 280.4812 128.98843089114618 354.799 22.722 0 0
stats: tr_LOAD_GROUPS_PAGE 1 22.9 0 22.9 22.9 0 0
stats: 302 4 4
stats: tr_SIGN_UP 4 346.38175 5.581695144622271 355.371 340.118 0 0
stats: 200 1 1
stats: size_rcv 10543 10543
stats: connect 4 3.13175 2.1161867090358544 6.616 1.068 0 0
stats: newphase 1 1
stats: size_sent 1826 1826
stats: connected 4 4
# stats: dump at 1733723173
stats: users 44 44
stats: {load,"tsung_controller@ip-172-31-42-10"} 1 0.0 0.0 0.0 0.0 0.0 1
stats: {freemem,"tsung_controller@ip-172-31-42-10"} 1 658.75 0.0 659.1640625 658.75 659.1640625 1
stats: {cpu,"tsung_controller@ip-172-31-42-10"} 1 1.7964071856287425 0.0 1.7964071856287425 0.8073176396649953 0.8073176396649953 1
stats: session 4 10876.703000000001 1763.9773994042553 13176.832 8601.128 0 0
stats: users_count 42 48
stats: finish_users_count 4 4
stats: request 69 230.61397101449268 215.13016069657104 834.874 8.914 280.4812 5
stats: connect 40 1.2663749999999996 0.502423660246012 6.616 0.927 3.13175 4
stats: page 53 300.2809622641507 217.85749436860007 834.874 15.281 280.4812 5
stats: tr_LOAD_GROUPS_PAGE 12 32.29225 28.49301829140196 123.298 15.392 22.9 1
stats: 302 39 43
stats: tr_MAKE_POST 4 194.2915 44.95099846777599 269.676 153.991 0 0
stats: 200 30 31
stats: tr_SIGN_UP 31 437.9278387096773 133.23837050094912 835.069 278.393 346.38175 4
stats: size_rcv 401702 412245
stats: tr_JOIN_RANDOM_GROUP 4 271.49025 48.464289267330635 341.894 215.524 0 0
stats: newphase 2 3
stats: size_sent 41306 43132
stats: connected 36 40
# stats: dump at 1733723183
stats: users 176 176
stats: {load,"tsung_controller@ip-172-31-42-10"} 1 0.0 0.0 0.0 0.0 0.0 2
stats: {freemem,"tsung_controller@ip-172-31-42-10"} 1 650.1953125 0.0 659.1640625 650.1953125 658.95703125 2
stats: {cpu,"tsung_controller@ip-172-31-42-10"} 1 1.5968063872255487 0.0 1.7964071856287425 0.8073176396649953 1.301862412646869 2
stats: session 4 12646.658 2068.95021944403 15593.792 8601.128 10876.703000000001 4
stats: users_count 136 184
stats: finish_users_count 4 8
stats: request 110 2216.0223181818174 2347.626819262814 7936.287 8.914 233.9833783783783 74
stats: connect 129 1.2547519379844962 0.7852779099335325 6.616 0.526 1.4359545454545453 44
stats: page 75 2630.3064399999994 2744.434925626628 8082.642 15.281 298.57408620689625 58
stats: tr_LOAD_GROUPS_PAGE 24 576.7362083333334 676.4562036716285 1957.998 15.392 31.569769230769232 13
stats: 302 42 85
stats: tr_MAKE_POST 4 3733.5575 1665.7001144450492 5853.273 153.991 194.2915 4
stats: 200 68 99
stats: tr_SIGN_UP 28 5403.191964285715 1974.7058714467091 7936.45 278.393 427.4654285714285 35
stats: size_rcv 901875 1314120
stats: tr_JOIN_RANDOM_GROUP 10 2891.1317000000004 1523.9844978185995 5208.731 215.524 271.49025 4
stats: newphase 2 5
stats: size_sent 116464 159596
stats: connected 125 165
# stats: dump at 1733723193
stats: users 873 873
stats: {load,"tsung_controller@ip-172-31-42-10"} 1 0.0 0.0 0.0 0.0 0.0 3
stats: {freemem,"tsung_controller@ip-172-31-42-10"} 1 640.90625 0.0 659.1640625 640.90625 656.0364583333334 3
stats: {cpu,"tsung_controller@ip-172-31-42-10"} 1 0.9495252373813095 0.0 1.7964071856287425 0.8073176396649953 1.400177070839762 3
stats: session 1 18915.386 0.0 18915.386 8601.128 11761.6805 8
stats: users_count 698 882
stats: finish_users_count 1 9
stats: request 92 8425.588739130437 2093.3567128766394 12509.368 8.914 1418.8979619565212 184
stats: connect 643 1.3225583203732503 1.2209912288664786 15.256 0.526 1.3008381502890174 173
stats: tr_LOAD_GROUPS_PAGE 6 5419.4461666666675 744.6909689823054 6581.199 15.392 385.19124324324326 37
stats: page 77 8918.249350649352 1921.5738799029068 12509.368 15.281 1613.4607518796988 133
stats: 302 68 153
stats: tr_MAKE_POST 1 9959.012 0.0 9959.012 153.991 1963.9244999999999 8
stats: 200 24 123
stats: tr_SIGN_UP 63 9565.584619047617 1132.0919167251107 12509.511 278.393 2638.8994444444447 63
stats: size_rcv 442834 1756954
stats: tr_JOIN_RANDOM_GROUP 4 8899.860499999999 2362.209362140717 12781.486 215.524 2142.6627142857146 14
stats: newphase 2 7
stats: size_sent 246918 406514
stats: connected 642 807
# stats: dump at 1733723203
stats: users 1180 1232
stats: {load,"tsung_controller@ip-172-31-42-10"} 1 0.0 0.0 0.0 0.0 0.0 4
stats: {freemem,"tsung_controller@ip-172-31-42-10"} 1 611.11328125 0.0 659.1640625 611.11328125 652.25390625 4
stats: {cpu,"tsung_controller@ip-172-31-42-10"} 1 2.744510978043912 0.0 2.744510978043912 0.8073176396649953 1.287514112475149 4
stats: session 53 14646.439566037736 7482.552677623509 28019.671 4279.326 12556.536666666667 9
stats: users_count 360 1242
stats: finish_users_count 53 62
stats: tr_LOAD_GROUPS_PAGE 144 697.1550347222221 2896.9203356065163 14683.803 1.228 1087.6454186046512 43
stats: error_unknown 48 48
stats: tr_MAKE_POST 0 0 0 9959.012 153.991 2852.2675555555556 9
stats: 302 73 226
stats: tr_SIGN_UP 224 4894.69526785714 7274.825924220976 19401.402 1.166 6102.242031746031 126
stats: error_send_einval 6 6
stats: tr_JOIN_RANDOM_GROUP 50 834.2306000000004 4146.245764467606 24643.285 1.453 3644.262222222222 18
stats: 200 14 137
stats: size_rcv 231690 1988644
stats: newphase 0 7
stats: request 425 3066.395150588237 6130.267855735811 19401.149 0.195 3754.461554347826 276
stats: size_sent 219238 625752
stats: connected 212 1019
stats: connect 659 1.3768391502276185 1.0055259843659388 15.256 0.526 1.3179534313725492 816
stats: error_connection_closed 3 3
stats: page 418 2919.93990909091 6034.064582238501 19401.149 0.928 4291.883238095238 210
# stats: dump at 1733723213
stats: users 1068 1232
stats: {load,"tsung_controller@ip-172-31-42-10"} 1 0.0703125 0.0 0.0703125 0.0 0.0 5
stats: {freemem,"tsung_controller@ip-172-31-42-10"} 1 595.1953125 0.0 659.1640625 595.1953125 644.02578125 5
stats: {cpu,"tsung_controller@ip-172-31-42-10"} 1 3.825136612021858 0.0 3.825136612021858 0.8073176396649953 1.5789134855889018 5
stats: session 112 16786.15401785715 8073.181875203644 37884.566 4279.326 14343.066564516128 62
stats: users_count 0 1242
stats: finish_users_count 112 174
stats: request 266 6936.845097744365 10579.677198386986 27227.966 0.195 3337.3028930099867 701
stats: connect 263 1.4022547528517124 0.836257487435 15.256 0.526 1.3442623728813565 1475
stats: page 262 6773.524606870233 10595.75518208774 29825.073 0.928 3378.7107675159245 628
stats: tr_LOAD_GROUPS_PAGE 72 900.0718333333333 4327.960694893122 24106.114 1.228 786.9469411764704 187
stats: error_unknown 116 164
stats: tr_MAKE_POST 1 26974.527 0.0 26974.527 153.991 2852.2675555555556 9
stats: 302 71 297
stats: tr_SIGN_UP 70 23193.73611428571 2470.7403239780915 27228.126 1.166 5329.41210285714 350
stats: error_send_einval 2 8
stats: tr_JOIN_RANDOM_GROUP 116 2.891112068965516 2.5094646213318903 24643.285 1.453 1578.0625000000005 68
stats: 200 10 147
stats: size_rcv 200416 2189060
stats: newphase 0 7
stats: size_sent 93541 719293
stats: connected 0 1019
stats: error_connection_closed 1 4
# stats: dump at 1733723223
stats: users 1062 1232
stats: {load,"tsung_controller@ip-172-31-42-10"} 1 0.05859375 0.0 0.0703125 0.0 0.01171875 6
stats: {freemem,"tsung_controller@ip-172-31-42-10"} 1 593.33984375 0.0 659.1640625 593.33984375 635.8873697916666 6
stats: {cpu,"tsung_controller@ip-172-31-42-10"} 1 2.935323383084577 0.0 3.825136612021858 0.8073176396649953 1.953284006661061 6
stats: session 6 38061.53783333333 6436.228706008784 47611.163 4279.326 15915.62860344828 174
stats: users_count 0 1242
stats: finish_users_count 6 180
stats: page 104 24447.52115384617 13272.026062661838 35726.069 0.928 4378.082931460675 890
stats: error_unknown 6 170
stats: request 107 24574.417439252342 13109.698363591462 35726.069 0.195 4327.456177869702 967
stats: connect 98 1.421520408163266 0.7250937761954549 15.256 0.526 1.353037974683545 1738
stats: tr_LOAD_GROUPS_PAGE 21 5631.099333333333 11647.070371727745 32770.711 1.228 818.3947876447876 259
stats: 302 78 375
stats: tr_MAKE_POST 0 0 0 26974.527 153.991 5264.4935 10
stats: error_send_einval 0 8
stats: tr_SIGN_UP 77 31484.322792207793 2876.8524787107804 35726.23 1.166 8306.799438095235 420
stats: 200 6 153
stats: tr_JOIN_RANDOM_GROUP 7 5059.671428571429 12386.458775861047 35400.175 1.453 585.0196684782611 184
stats: size_rcv 162848 2351908
stats: newphase 0 7
stats: size_sent 62856 782149
stats: connected -6 1013
stats: error_connection_closed 0 4
# stats: dump at 1733723233
stats: users 1062 1232
stats: {load,"tsung_controller@ip-172-31-42-10"} 1 0.05078125 0.0 0.0703125 0.0 0.018415178571428572 7
stats: {freemem,"tsung_controller@ip-172-31-42-10"} 1 591.44921875 0.0 659.1640625 591.44921875 629.8091517857143 7
stats: {cpu,"tsung_controller@ip-172-31-42-10"} 1 1.794616151545364 0.0 3.825136612021858 0.8073176396649953 2.0935753461501347 7
stats: session 0 0 0 47611.163 4279.326 16653.82557777778 180
stats: users_count 0 1242
stats: finish_users_count 0 180
stats: page 83 37613.336722891574 10805.369727577554 44335.935 0.928 6477.903429577468 994
stats: tr_LOAD_GROUPS_PAGE 12 19691.624249999997 19827.78056012218 43717.686 1.098 1179.3476285714285 280
stats: error_unknown 0 170
stats: request 88 37886.6072840909 10556.349526482103 44335.935 0.195 6344.611536312851 1074
stats: connect 86 1.2062209302325582 0.547303249157786 15.256 0.526 1.3566933551198266 1836
stats: tr_MAKE_POST 0 0 0 26974.527 153.991 5264.4935 10
stats: 302 71 446
stats: tr_SIGN_UP 70 40605.741714285716 2565.1238111928806 44336.153 1.166 11897.683338028168 497
stats: error_send_einval 0 8
stats: tr_JOIN_RANDOM_GROUP 1 50209.489 0.0 50209.489 1.453 749.0121413612568 191
stats: 200 11 164
stats: size_rcv 182985 2534893
stats: newphase 0 7
stats: size_sent 58080 840229
stats: connected -2 1011
stats: error_connection_closed 0 4
# stats: dump at 1733723243
stats: users 1061 1232
stats: {load,"tsung_controller@ip-172-31-42-10"} 1 0.0390625 0.0 0.0703125 0.0 0.0224609375 8
stats: {freemem,"tsung_controller@ip-172-31-42-10"} 1 585.49609375 0.0 659.1640625 585.49609375 625.01416015625 8
stats: {cpu,"tsung_controller@ip-172-31-42-10"} 1 0.4506760140210316 0.0 3.825136612021858 0.4506760140210316 2.056205446824538 8
stats: session 1 59424.551 0.0 59424.551 4279.326 16653.82557777778 180
stats: users_count 0 1242
stats: finish_users_count 1 181
stats: request 88 45479.493000000024 13579.259920174163 53293.123 0.195 8733.33410585198 1162
stats: connect 85 1.288 0.703100294075754 15.256 0.526 1.3499604578564004 1922
stats: tr_LOAD_GROUPS_PAGE 12 23737.584833333327 23809.196418133226 52241.236 1.098 1940.1261198630134 292
stats: page 86 45335.696790697686 13702.954728362245 53293.123 0.928 8877.38436118849 1077
stats: error_unknown 1 171
stats: tr_MAKE_POST 0 0 0 26974.527 153.991 5264.4935 10
stats: 302 72 518
stats: tr_SIGN_UP 70 49421.321514285715 2410.128845178497 53293.287 1.166 15441.88807583774 567
stats: error_send_einval 0 8
stats: tr_JOIN_RANDOM_GROUP 3 41305.29033333333 29206.801455346074 62309.187 1.453 1006.6187916666669 192
stats: 200 9 173
stats: size_rcv 131964 2666857
stats: newphase 0 7
stats: size_sent 56612 896841
stats: connected 2 1013
stats: error_connection_closed 0 4
# stats: dump at 1733723253
stats: users 1060 1232
stats: {load,"tsung_controller@ip-172-31-42-10"} 1 0.0390625 0.0 0.0703125 0.0 0.024305555555555556 9
stats: {freemem,"tsung_controller@ip-172-31-42-10"} 1 579.41796875 0.0 659.1640625 579.41796875 620.6232638888889 9
stats: {cpu,"tsung_controller@ip-172-31-42-10"} 1 3.039362232187344 0.0 3.825136612021858 0.4506760140210316 1.8778132876241485 9
stats: session 1 80511.597 0.0 80511.597 4279.326 16890.1279281768 181
stats: users_count 0 1242
stats: finish_users_count 1 182
stats: request 381 57834.22255118108 10048.899219519346 60011.858 0.195 11320.263692000002 1250
stats: connect 103 1.3630291262135925 0.8119535528385831 15.256 0.526 1.347336322869956 2007
stats: page 379 57824.457274406304 10074.476026484046 60011.858 0.928 11573.355873602753 1163
stats: error_unknown 1 172
stats: tr_LOAD_GROUPS_PAGE 30 37696.5536 28691.393790518297 60002.277 1.098 2800.5521217105256 304
stats: 302 54 572
stats: tr_MAKE_POST 0 0 0 26974.527 153.991 5264.4935 10
stats: error_send_einval 0 8
stats: tr_SIGN_UP 348 59553.62498850578 1281.710477598 60012.095 1.166 19175.89175039246 637
stats: 504 309 309
stats: tr_JOIN_RANDOM_GROUP 1 60002.199 0.0 62309.187 1.453 1626.598353846154 195
stats: 200 7 180
stats: size_rcv 244874 2911731
stats: newphase 0 7
stats: size_sent 59901 956742
stats: connected -8 1005
stats: error_connection_closed 0 4
# stats: dump at 1733723263
stats: users 769 1232
stats: {load,"tsung_controller@ip-172-31-42-10"} 1 0.03125 0.0 0.0703125 0.0 0.02578125 10
stats: {freemem,"tsung_controller@ip-172-31-42-10"} 1 571.1015625 0.0 659.1640625 571.1015625 616.502734375 10
stats: {cpu,"tsung_controller@ip-172-31-42-10"} 1 1.2481278082875686 0.0 3.825136612021858 0.4506760140210316 1.993968182080468 10
stats: session 291 70001.15937113413 4571.5882232153535 95887.312 4279.326 17239.696439560445 182
stats: users_count 0 1242
stats: finish_users_count 291 473
stats: connect 55 1.4112181818181817 0.7229814706769105 15.256 0.526 1.348102369668247 2110
stats: tr_LOAD_GROUPS_PAGE 467 5397.213419700213 17165.797490907775 60017.675 0.434 5934.923511976047 334
stats: request 1012 18617.839659090958 27757.157161958512 60014.343 0.195 22185.878851624766 1631
stats: page 999 18682.284466466444 27874.377967645516 83362.358 0.376 22941.16873411154 1542
stats: tr_MAKE_POST 4 34390.02875 34938.578236132904 77543.716 1.563 5264.4935 10
stats: tr_SIGN_UP 257 60002.834560311276 1.911843465618504 60017.123 1.166 33441.32440710661 985
stats: tr_JOIN_RANDOM_GROUP 274 2367.5977846715336 12247.320898240741 81780.279 0.742 1924.4330510204084 196
stats: error_unknown 271 443
stats: 302 0 572
stats: error_send_einval 0 8
stats: 504 314 623
stats: 200 0 180
stats: size_rcv 308310 3220041
stats: newphase 0 7
stats: 502 698 698
stats: size_sent 145766 1102508
stats: connected -220 785
stats: error_connection_closed 0 4
# stats: dump at 1733723273
stats: users 551 1232
stats: {load,"tsung_controller@ip-172-31-42-10"} 1 0.01953125 0.0 0.0703125 0.0 0.026278409090909092 11
stats: {freemem,"tsung_controller@ip-172-31-42-10"} 1 563.42578125 0.0 659.1640625 563.42578125 612.3753551136364 11
stats: {cpu,"tsung_controller@ip-172-31-42-10"} 1 8.3210964268233 0.0 8.3210964268233 0.4506760140210316 1.9261645117356592 11
stats: session 218 73236.08133027518 5929.622177778538 100011.372 4279.326 49699.708517970466 473
stats: users_count 0 1242
stats: finish_users_count 218 691
stats: page 299 16709.217428093638 27297.058834090254 89119.826 0.376 21266.77857929948 2541
stats: error_unknown 227 670
stats: request 316 15760.72125 26405.424201723814 60014.343 0.195 20819.68298978435 2643
stats: connect 0 0 0 15.256 0.526 1.3497057736720561 2165
stats: tr_LOAD_GROUPS_PAGE 66 37274.682045454545 29105.950034678975 60017.675 0.434 5621.427116104868 801
stats: tr_MAKE_POST 6 27502.625 38927.4484689221 85419.352 1.342 13586.074999999999 14
stats: tr_SIGN_UP 0 0 0 60017.123 1.166 38937.546717391306 1242
stats: 302 0 572
stats: tr_JOIN_RANDOM_GROUP 231 10476.474199134202 23375.285738486557 83356.371 0.742 2182.788661702128 470
stats: error_send_einval 0 8
stats: 504 83 706
stats: 200 0 180
stats: size_rcv 96045 3316086
stats: newphase 0 7
stats: 502 233 931
stats: size_sent 49306 1151814
stats: connected -233 552
stats: error_connection_closed 0 4
# stats: dump at 1733723283
stats: users 536 1232
stats: {load,"tsung_controller@ip-172-31-42-10"} 1 0.01953125 0.0 0.0703125 0.0 0.025716145833333332 12
stats: {freemem,"tsung_controller@ip-172-31-42-10"} 1 564.5234375 0.0 659.1640625 563.42578125 608.2962239583334 12
stats: {cpu,"tsung_controller@ip-172-31-42-10"} 1 2.6355047240179017 0.0 8.3210964268233 0.4506760140210316 2.459075504659629 12
stats: session 15 93671.0218 3321.470532595481 103440.781 4279.326 57125.076496382084 691
stats: users_count 0 1242
stats: finish_users_count 15 706
stats: tr_LOAD_GROUPS_PAGE 58 60002.716293103455 1.1063295170492418 60017.675 0.434 8031.017456747404 867
stats: error_unknown 16 686
stats: request 77 60002.41398701298 1.0210175405037205 60014.343 0.195 20279.422121324784 2959
stats: tr_MAKE_POST 0 0 0 85419.352 1.342 17761.04 20
stats: 302 0 572
stats: tr_SIGN_UP 0 0 0 60017.123 1.166 38937.546717391306 1242
stats: error_send_einval 0 8
stats: tr_JOIN_RANDOM_GROUP 18 63942.61577777778 11146.205986190795 96276.209 0.742 4915.8005863052795 701
stats: 504 77 783
stats: 200 0 180
stats: connect 0 0 0 15.256 0.526 1.3497057736720561 2165
stats: page 74 60002.47113513512 0.9967342800287944 89119.826 0.376 20786.950838380275 2840
stats: size_rcv 24255 3340341
stats: newphase 0 7
stats: 502 0 931
stats: size_sent 30944 1182758
stats: connected -16 536
stats: error_connection_closed 0 4
# stats: dump at 1733723293
stats: users 514 1232
stats: {load,"tsung_controller@ip-172-31-42-10"} 1 0.01953125 0.0 0.0703125 0.0 0.025240384615384616 13
stats: {freemem,"tsung_controller@ip-172-31-42-10"} 1 563.83984375 0.0 659.1640625 563.42578125 604.9290865384615 13
stats: {cpu,"tsung_controller@ip-172-31-42-10"} 1 0.5497251374312844 0.0 8.3210964268233 0.4506760140210316 2.472646983071804 13
stats: session 22 106004.7225 8314.662185993686 127842.078 4279.326 57901.54842209635 706
stats: users_count 0 1242
stats: finish_users_count 22 728
stats: request 88 60002.11089772726 0.7174753723953303 60014.343 0.195 21286.88930632412 3036
stats: tr_LOAD_GROUPS_PAGE 62 60002.40319354838 0.749470885159083 60017.675 0.434 11289.783437837837 925
stats: tr_MAKE_POST 2 110818.45199999999 994.4870000000046 111812.939 1.342 17761.04 20
stats: tr_SIGN_UP 0 0 0 60017.123 1.166 38937.546717391306 1242
stats: connect 0 0 0 15.256 0.526 1.3497057736720561 2165
stats: tr_JOIN_RANDOM_GROUP 22 64479.292181818186 14160.049363328733 110341.0 0.742 6393.523358831711 719
stats: page 84 61332.036011904755 8516.410210135997 116838.374 0.376 21782.815114962246 2914
stats: error_unknown 20 706
stats: 302 0 572
stats: error_send_einval 0 8
stats: 504 88 871
stats: 200 0 180
stats: size_rcv 27720 3368061
stats: newphase 0 7
stats: 502 0 931
stats: size_sent 38262 1221020
stats: connected -22 514
stats: error_connection_closed 0 4
# stats: dump at 1733723303
stats: users 502 1232
stats: {load,"tsung_controller@ip-172-31-42-10"} 1 0.01171875 0.0 0.0703125 0.0 0.024832589285714284 14
stats: {freemem,"tsung_controller@ip-172-31-42-10"} 1 563.6796875 0.0 659.1640625 563.42578125 601.994140625 14
stats: {cpu,"tsung_controller@ip-172-31-42-10"} 1 1.2 0.0 8.3210964268233 0.4506760140210316 2.3352954226689095 14
stats: session 12 117766.65075000002 5473.166068048716 127842.078 4279.326 59355.21577060442 728
stats: users_count 0 1242
stats: finish_users_count 12 740
stats: connect 0 0 0 15.256 0.526 1.3497057736720561 2165
stats: page 76 60002.31622368421 0.770556166170925 116838.374 0.376 22890.93204469646 2998
stats: error_unknown 12 718
stats: request 81 60002.23119753086 0.817094089502842 60014.343 0.195 22377.45892861717 3124
stats: tr_LOAD_GROUPS_PAGE 64 60002.485031250006 0.820030257993298 60017.675 0.434 14349.745367781154 987
stats: 302 0 572
stats: tr_MAKE_POST 0 0 0 111812.939 1.342 26220.804727272727 22
stats: error_send_einval 0 8
stats: tr_SIGN_UP 0 0 0 60017.123 1.166 38937.546717391306 1242
stats: 504 81 952
stats: tr_JOIN_RANDOM_GROUP 12 60002.775166666666 0.3072813133857854 110341.0 0.742 8118.067102564104 741
stats: 200 0 180
stats: size_rcv 25515 3393576
stats: newphase 0 7
stats: 502 0 931
stats: size_sent 43842 1264862
stats: connected -12 502
stats: error_connection_closed 0 4
# stats: dump at 1733723313
stats: users 487 1232
stats: {load,"tsung_controller@ip-172-31-42-10"} 1 0.01171875 0.0 0.0703125 0.0 0.023958333333333335 15
stats: {freemem,"tsung_controller@ip-172-31-42-10"} 1 563.04296875 0.0 659.1640625 563.04296875 599.43984375 15
stats: {cpu,"tsung_controller@ip-172-31-42-10"} 1 0.2506265664160401 0.0 8.3210964268233 0.2506265664160401 2.259609061157649 15
stats: session 15 123996.09526666667 5369.726790648632 133887.707 4279.326 60302.42822972976 740
stats: users_count 0 1242
stats: finish_users_count 15 755
stats: connect 0 0 0 15.256 0.526 1.3497057736720561 2165
stats: error_unknown 15 733
stats: request 99 60002.32919191917 0.9438794615386449 60014.343 0.195 23328.35020904837 3205
stats: 302 0 572
stats: error_send_einval 0 8
stats: 504 99 1051
stats: page 97 60002.353072164915 0.9379989366207254 116838.374 0.376 23808.45488061157 3074
stats: 200 0 180
stats: size_rcv 31185 3424761
stats: newphase 0 7
stats: tr_LOAD_GROUPS_PAGE 82 60002.44918292684 0.8836936635101534 60017.675 0.434 17129.74093244529 1051
stats: 502 0 931
stats: tr_MAKE_POST 0 0 0 111812.939 1.342 26220.804727272727 22
stats: size_sent 36845 1301707
stats: tr_SIGN_UP 0 0 0 60017.123 1.166 38937.546717391306 1242
stats: connected -15 487
stats: tr_JOIN_RANDOM_GROUP 16 64202.305562500005 16263.109340825498 127189.057 0.742 8944.91503984064 753
stats: error_connection_closed 0 4
# stats: dump at 1733723323
stats: users 459 1232
stats: {load,"tsung_controller@ip-172-31-42-10"} 1 0.01171875 0.0 0.0703125 0.0 0.023193359375 16
stats: {freemem,"tsung_controller@ip-172-31-42-10"} 1 560.69140625 0.0 659.1640625 560.69140625 597.1650390625 16
stats: {cpu,"tsung_controller@ip-172-31-42-10"} 1 1.4492753623188406 0.0 8.3210964268233 0.2506265664160401 2.1340476552362984 16
stats: session 28 132317.20657142857 6593.6883551477495 148839.522 4279.326 61567.865323178834 755
stats: users_count 0 1242
stats: finish_users_count 28 783
stats: connect 0 0 0 15.256 0.526 1.3497057736720561 2165
stats: error_unknown 26 759
stats: request 137 60001.188788321146 0.5779114981696769 60014.343 0.195 24427.237593825677 3304
stats: 302 0 572
stats: error_send_einval 0 8
stats: page 135 61154.836274074056 9409.343159683218 139344.188 0.376 24915.616067801944 3171
stats: 504 137 1188
stats: 200 0 180
stats: tr_LOAD_GROUPS_PAGE 107 60001.37101869158 0.6555562805990272 60017.675 0.434 20232.620082082965 1133
stats: size_rcv 43155 3467916
stats: tr_MAKE_POST 2 126508.086 6505.762000000002 133013.848 1.342 26220.804727272727 22
stats: newphase 0 7
stats: tr_SIGN_UP 0 0 0 60017.123 1.166 38937.546717391306 1242
stats: 502 0 931
stats: tr_JOIN_RANDOM_GROUP 27 62647.37907407408 13489.888752893114 131432.585 0.742 10094.613672301693 769
stats: size_sent 30071 1331778
stats: connected -28 459
stats: error_connection_closed 0 4
# stats: dump at 1733723333
stats: users 294 1232
stats: {load,"tsung_controller@ip-172-31-42-10"} 1 0.01171875 0.0 0.0703125 0.0 0.022518382352941176 17
stats: {freemem,"tsung_controller@ip-172-31-42-10"} 1 569.765625 0.0 659.1640625 560.69140625 595.01953125 17
stats: {cpu,"tsung_controller@ip-172-31-42-10"} 1 1.3993003498250876 0.0 8.3210964268233 0.2506265664160401 2.093766932123507 17
stats: session 165 134787.04769696982 4701.447932716348 162560.75 4279.326 64097.85453767564 783
stats: users_count 0 1242
stats: finish_users_count 165 948
stats: request 565 23473.15013982301 18106.394841993773 60014.343 0.195 25843.579155478066 3441
stats: connect 0 0 0 15.256 0.526 1.3497057736720561 2165
stats: page 445 28794.948134831502 20869.198378209563 150146.628 0.376 26395.439034482748 3306
stats: error_unknown 161 920
stats: tr_LOAD_GROUPS_PAGE 2 59969.3955 32.47950000000128 60017.675 0.434 23664.278429032256 1240
stats: 302 160 732
stats: tr_MAKE_POST 4 122893.483 15801.516252994357 139435.812 1.342 34578.078166666666 24
stats: error_send_einval 0 8
stats: tr_SIGN_UP 0 0 0 60017.123 1.166 38937.546717391306 1242
stats: 504 11 1199
stats: tr_JOIN_RANDOM_GROUP 165 24952.344212121203 28585.22230241602 136953.467 0.742 11877.182347989952 796
stats: 200 394 574
stats: size_rcv 5144523 8612439
stats: newphase 0 7
stats: 502 0 931
stats: size_sent 295490 1627268
stats: connected -165 294
stats: error_connection_closed 0 4
# stats: dump at 1733723343
stats: users 285 1232
stats: {load,"tsung_controller@ip-172-31-42-10"} 1 0.01171875 0.0 0.0703125 0.0 0.021918402777777776 18
stats: {freemem,"tsung_controller@ip-172-31-42-10"} 1 509.73046875 0.0 659.1640625 509.73046875 593.6165364583334 18
stats: {cpu,"tsung_controller@ip-172-31-42-10"} 1 5.999008428358949 0.0 8.3210964268233 0.2506265664160401 2.05518545532915 18
stats: session 9 162405.02588888892 13172.834954238106 175613.803 4279.326 76401.35334704646 948
stats: users_count 0 1242
stats: finish_users_count 9 957
stats: connect 0 0 0 15.256 0.526 1.3497057736720561 2165
stats: tr_LOAD_GROUPS_PAGE 0 0 0 60017.675 0.434 23722.740775362316 1242
stats: request 395 10366.71086329113 2616.738754296357 60014.343 0.195 25509.257539440845 4006
stats: tr_MAKE_POST 6 76595.48166666667 16112.3702539601 139435.812 1.342 47194.56457142857 28
stats: page 9 107640.90877777779 67902.47215898884 157889.334 0.376 26680.10487016795 3751
stats: error_unknown 3 923
stats: tr_SIGN_UP 0 0 0 60017.123 1.166 38937.546717391306 1242
stats: 302 208 940
stats: tr_JOIN_RANDOM_GROUP 202 52737.61462376233 10440.809482261364 136953.467 0.742 14122.137298647243 961
stats: error_send_einval 0 8
stats: 504 0 1199
stats: 200 187 761
stats: size_rcv 5356564 13969003
stats: newphase 0 7
stats: 502 0 931
stats: size_sent 297036 1924304
stats: connected -9 285
stats: error_connection_closed 0 4
# stats: dump at 1733723353
stats: users 280 1232
stats: {load,"tsung_controller@ip-172-31-42-10"} 1 0.078125 0.0 0.078125 0.0 0.02138157894736842 19
stats: {freemem,"tsung_controller@ip-172-31-42-10"} 1 441.4765625 0.0 659.1640625 441.4765625 589.2014802631579 19
stats: {cpu,"tsung_controller@ip-172-31-42-10"} 1 2.092675635276532 0.0 8.3210964268233 0.2506265664160401 2.2627550854886134 19
stats: session 5 174777.4406 3203.3770681399737 179288.507 4279.326 77210.16531452461 957
stats: users_count 0 1242
stats: finish_users_count 5 962
stats: page 5 136827.9888 18999.823309134328 157889.334 0.376 26873.894028457446 3760
stats: request 252 4979.426496031743 2376.386961012834 60014.343 0.195 24150.178708020907 4401
stats: connect 0 0 0 15.256 0.526 1.3497057736720561 2165
stats: tr_LOAD_GROUPS_PAGE 0 0 0 60017.675 0.434 23722.740775362316 1242
stats: tr_MAKE_POST 5 32065.444800000005 10165.363172019886 139435.812 1.342 52382.96170588235 34
stats: tr_SIGN_UP 0 0 0 60017.123 1.166 38937.546717391306 1242
stats: tr_JOIN_RANDOM_GROUP 79 32232.3443164557 3596.925349232679 136953.467 0.742 20829.21074634565 1163
stats: error_unknown 0 923
stats: 302 84 1024
stats: error_send_einval 0 8
stats: 504 0 1199
stats: 200 168 929
stats: size_rcv 4999073 18968076
stats: newphase 0 7
stats: 502 0 931
stats: size_sent 179650 2103954
stats: connected -5 280
stats: error_connection_closed 0 4
# stats: dump at 1733723363
stats: users 0 1232
stats: {load,"tsung_controller@ip-172-31-42-10"} 1 0.0703125 0.0 0.078125 0.0 0.02421875 20
stats: {freemem,"tsung_controller@ip-172-31-42-10"} 1 453.25390625 0.0 659.1640625 441.4765625 581.815234375 20
stats: {cpu,"tsung_controller@ip-172-31-42-10"} 1 0.7511266900350526 0.0 8.3210964268233 0.2506265664160401 2.2542511129780096 20
stats: session 280 174702.08509642846 1545.4613625966285 181085.27 4279.326 77717.27173492727 962
stats: users_count 0 1242
stats: finish_users_count 280 1242
stats: request 668 6448.594669161676 5263.824059097262 60014.343 0.195 23111.91746636579 4653
stats: page 280 36134.65665357141 6394.292435297207 157889.334 0.376 27019.915402656043 3765
stats: error_unknown 0 923
stats: connect 0 0 0 15.256 0.526 1.3497057736720561 2165
stats: 302 280 1304
stats: error_send_einval 0 8
stats: tr_LOAD_GROUPS_PAGE 0 0 0 60017.675 0.434 23722.740775362316 1242
stats: 504 0 1199
stats: tr_MAKE_POST 280 18976.923875000004 864.3154475902273 139435.812 1.342 49778.15184615384 39
stats: 200 388 1317
stats: tr_SIGN_UP 0 0 0 60017.123 1.166 38937.546717391306 1242
stats: size_rcv 4956088 23924164
stats: tr_JOIN_RANDOM_GROUP 0 0 0 136953.467 0.742 21554.53083655394 1242
stats: newphase 0 7
stats: 502 0 931
stats: size_sent 329750 2433704
stats: connected -280 0
stats: error_connection_closed 0 4
# stats: dump at 1733723367
stats: users 0 1232
stats: {load,"tsung_controller@ip-172-31-42-10"} 1 0.05859375 0.0 0.078125 0.0 0.026413690476190476 21
stats: {freemem,"tsung_controller@ip-172-31-42-10"} 1 639.00390625 0.0 659.1640625 441.4765625 575.6932663690476 21
stats: {cpu,"tsung_controller@ip-172-31-42-10"} 1 2.8656126482213438 0.0 8.3210964268233 0.2506265664160401 2.182673759504535 21
stats: session 0 0 0 181085.27 4279.326 99581.80292753624 1242
stats: users_count 0 1242
stats: finish_users_count 0 1242
stats: request 0 0 0 60014.343 0.195 21019.998723924076 5321
stats: connect 0 0 0 15.256 0.526 1.3497057736720561 2165
stats: page 0 0 0 157889.334 0.376 27650.849284054384 4045
stats: tr_LOAD_GROUPS_PAGE 0 0 0 60017.675 0.434 23722.740775362316 1242
stats: error_unknown 0 923
stats: tr_MAKE_POST 0 0 0 139435.812 1.342 22742.591244514108 319
stats: 302 0 1304
stats: tr_SIGN_UP 0 0 0 60017.123 1.166 38937.546717391306 1242
stats: error_send_einval 0 8
stats: tr_JOIN_RANDOM_GROUP 0 0 0 136953.467 0.742 21554.53083655394 1242
stats: 504 0 1199
stats: 200 0 1317
stats: size_rcv 0 23924164
stats: newphase 0 7
stats: 502 0 931
stats: size_sent 0 2433704
stats: connected 0 0
stats: error_connection_closed 0 4
EndMonitor:{1733,723367,71327}
