# stats: dump at 1733718200
stats: users 8 8
stats: {load,"tsung_controller@ip-172-31-42-10"} 1 0.0 0 0.0 0.0 0 0
stats: {freemem,"tsung_controller@ip-172-31-42-10"} 1 681.82421875 0 681.82421875 681.82421875 0 0
stats: {cpu,"tsung_controller@ip-172-31-42-10"} 1 1.7820571862724084 0 1.7820571862724084 1.7820571862724084 0 0
stats: session 1 3292.184 0 3292.184 3292.184 0 0
stats: users_count 9 9
stats: finish_users_count 1 1
stats: request 9 381.7318888888889 145.97793456808952 566.305 11.084 0 0
stats: tr_SIGN_UP 8 429.32975 68.02326637583276 566.494 319.345 0 0
stats: connect 9 2.859111111111111 4.641940768554187 15.924 0.836 0 0
stats: tr_JOIN_RANDOM_GROUP 1 11.286 0 11.286 11.286 0 0
stats: page 9 381.7318888888889 145.97793456808952 566.305 11.084 0 0
stats: 302 8 8
stats: size_rcv 10165 10165
stats: newphase 1 1
stats: size_sent 3521 3521
stats: connected 8 8
stats: 404 1 1
# stats: dump at 1733718210
stats: users 17 22
stats: {load,"tsung_controller@ip-172-31-42-10"} 1 0.0 0.0 0.0 0.0 0.0 1
stats: {freemem,"tsung_controller@ip-172-31-42-10"} 1 682.15625 0.0 682.15625 681.82421875 681.82421875 1
stats: {cpu,"tsung_controller@ip-172-31-42-10"} 1 0.050075112669003496 0.0 1.7820571862724084 0.050075112669003496 1.7820571862724084 1
stats: session 15 6241.4731999999985 2458.529197478422 9739.176 2439.306 3292.184 1
stats: users_count 24 33
stats: finish_users_count 15 16
stats: request 39 242.74756410256413 177.65295861209432 566.305 7.134 381.7318888888889 9
stats: connect 24 1.3066249999999995 1.0823238814583183 15.924 0.787 2.859111111111111 9
stats: tr_SIGN_UP 25 370.77160000000003 60.75023444827187 566.494 268.847 429.32975 8
stats: page 39 242.74756410256413 177.65295861209432 566.305 7.134 381.7318888888889 9
stats: tr_JOIN_RANDOM_GROUP 14 14.632857142857144 5.270948977408999 26.199 7.306 11.286 1
stats: 302 33 41
stats: size_rcv 45841 56006
stats: newphase 1 2
stats: size_sent 17370 20891
stats: connected 10 18
stats: 404 6 7
# stats: dump at 1733718220
stats: users 0 22
stats: {load,"tsung_controller@ip-172-31-42-10"} 1 0.0 0.0 0.0 0.0 0.0 2
stats: {freemem,"tsung_controller@ip-172-31-42-10"} 1 680.9765625 0.0 682.15625 680.9765625 681.990234375 2
stats: {cpu,"tsung_controller@ip-172-31-42-10"} 1 0.20020020020020018 0.0 1.7820571862724084 0.050075112669003496 0.916066149470706 2
stats: session 17 7873.113764705883 2130.426662549451 10243.974 2439.306 6057.142624999999 16
stats: users_count 0 33
stats: finish_users_count 17 33
stats: page 18 12.853055555555555 4.400862143719648 566.305 6.849 268.807125 48
stats: request 18 12.853055555555555 4.400862143719648 566.305 6.849 268.807125 48
stats: connect 0 0 0 15.924 0.787 1.7300303030303026 33
stats: tr_SIGN_UP 0 0 0 566.494 268.847 384.96751515151516 33
stats: 302 11 52
stats: tr_JOIN_RANDOM_GROUP 18 13.050111111111114 4.400674214618697 26.199 7.032 14.409733333333334 15
stats: size_rcv 25282 81288
stats: newphase 0 2
stats: size_sent 12710 33601
stats: connected -18 0
stats: 404 7 14
# stats: dump at 1733718224
stats: users 0 22
stats: {load,"tsung_controller@ip-172-31-42-10"} 1 0.0 0.0 0.0 0.0 0.0 3
stats: {freemem,"tsung_controller@ip-172-31-42-10"} 1 681.7109375 0.0 682.15625 680.9765625 681.65234375 3
stats: {cpu,"tsung_controller@ip-172-31-42-10"} 1 1.0505252626313157 0.0 1.7820571862724084 0.050075112669003496 0.6774441663805374 3
stats: session 0 0 0 10243.974 2439.306 6992.642909090909 33
stats: users_count 0 33
stats: finish_users_count 0 33
stats: connect 0 0 0 15.924 0.787 1.7300303030303026 33
stats: page 0 0 0 566.305 6.849 199.00146969696968 66
stats: request 0 0 0 566.305 6.849 199.00146969696968 66
stats: tr_SIGN_UP 0 0 0 566.494 268.847 384.96751515151516 33
stats: 302 0 52
stats: tr_JOIN_RANDOM_GROUP 0 0 0 26.199 7.032 13.668121212121214 33
stats: size_rcv 0 81288
stats: newphase 0 2
stats: size_sent 0 33601
stats: connected 0 0
stats: 404 0 14
EndMonitor:{1733,718224,798024}
