# stats: dump at 1733716480
stats: users 2 4
stats: {load,"tsung_controller@ip-172-31-42-10"} 1 0.0 0 0.0 0.0 0 0
stats: {freemem,"tsung_controller@ip-172-31-42-10"} 1 682.859375 0 682.859375 682.859375 0 0
stats: {cpu,"tsung_controller@ip-172-31-42-10"} 1 5.290072852579737 0 5.290072852579737 5.290072852579737 0 0
stats: session 5 1311.2078000000001 33.92753438963695 1378.146 1286.688 0 0
stats: users_count 7 7
stats: finish_users_count 5 5
stats: page 10 126.2367 143.792887156528 368.537 6.123 0 0
stats: 302 4 4
stats: request 10 126.2367 143.792887156528 368.537 6.123 0 0
stats: 200 6 6
stats: size_rcv 31182 31182
stats: newphase 1 1
stats: connect 6 2.3329999999999997 2.920509601650598 8.855 0.881 0 0
stats: size_sent 3660 3660
stats: connected 2 2
stats: tr_SIGN_IN 4 1300.4537500000001 39.84946153572844 1369.139 1271.551 0 0
# stats: dump at 1733716490
stats: users 18 18
stats: {load,"tsung_controller@ip-172-31-42-10"} 1 0.0 0.0 0.0 0.0 0.0 1
stats: {freemem,"tsung_controller@ip-172-31-42-10"} 1 683.4609375 0.0 683.4609375 682.859375 682.859375 1
stats: {cpu,"tsung_controller@ip-172-31-42-10"} 1 1.0972568578553616 0.0 5.290072852579737 1.0972568578553616 5.290072852579737 1
stats: session 23 1438.7487826086951 121.72166416226415 1787.947 1275.928 1311.2078000000001 5
stats: users_count 39 46
stats: finish_users_count 23 28
stats: request 56 161.50587500000003 197.63345518228422 603.14 6.078 126.2367 10
stats: connect 35 1.6194857142857142 1.719451314002374 8.855 0.68 2.3329999999999997 6
stats: page 56 161.50587500000003 197.63345518228422 603.14 6.078 126.2367 10
stats: tr_SIGN_IN 22 1397.0824545454545 93.09384973032088 1604.216 1263.59 1300.4537500000001 4
stats: 302 22 26
stats: 200 34 40
stats: size_rcv 175806 206988
stats: newphase 2 3
stats: size_sent 25455 29115
stats: connected 13 15
# stats: dump at 1733716500
stats: users 119 119
stats: {load,"tsung_controller@ip-172-31-42-10"} 1 0.0 0.0 0.0 0.0 0.0 2
stats: {freemem,"tsung_controller@ip-172-31-42-10"} 1 678.8828125 0.0 683.4609375 678.8828125 683.16015625 2
stats: {cpu,"tsung_controller@ip-172-31-42-10"} 1 1.693227091633466 0.0 5.290072852579737 1.0972568578553616 3.1936648552175493 2
stats: session 62 3864.6224838709686 1178.1718569150828 6249.252 1275.928 1415.9736071428565 28
stats: users_count 163 209
stats: finish_users_count 62 90
stats: request 198 838.9928131313128 1381.2284449023464 5231.106 6.078 156.16206060606063 66
stats: page 198 838.9928131313128 1381.2284449023464 5231.106 6.078 156.16206060606063 66
stats: 302 60 86
stats: connect 149 1.3639060402684564 1.0093674831317792 8.855 0.627 1.72390243902439 41
stats: tr_SIGN_IN 60 3682.0953833333333 1191.0783285872385 6231.555 1263.59 1382.2165 26
stats: 200 138 178
stats: size_rcv 680374 887362
stats: newphase 2 5
stats: size_sent 112251 141366
stats: connected 89 104
# stats: dump at 1733716510
stats: users 678 678
stats: {load,"tsung_controller@ip-172-31-42-10"} 1 0.0703125 0.0 0.0703125 0.0 0.0 3
stats: {freemem,"tsung_controller@ip-172-31-42-10"} 1 664.28515625 0.0 683.4609375 664.28515625 681.734375 3
stats: {cpu,"tsung_controller@ip-172-31-42-10"} 1 4.207920792079208 0.0 5.290072852579737 1.0972568578553616 2.6935189340228547 3
stats: session 109 7649.011091743117 1385.3204594087845 10413.911 1275.928 3102.8206111111117 90
stats: users_count 668 877
stats: finish_users_count 109 199
stats: page 316 3815.0763449367105 2137.5961777760995 8824.361 6.078 668.2851249999998 264
stats: connect 629 1.3295357710651825 1.6457106604182365 19.857 0.556 1.4415894736842105 190
stats: tr_SIGN_IN 110 7227.817245454543 1197.3681176518953 9825.054 1263.59 2986.783162790698 86
stats: 302 62 148
stats: 200 206 384
stats: size_rcv 1075134 1962496
stats: newphase 2 7
stats: size_sent 235813 377179
stats: connected 519 623
stats: 500 48 48
stats: request 316 3815.0763449367105 2137.5961777760995 8824.361 6.078 668.2851249999998 264
# stats: dump at 1733716520
stats: users 914 983
stats: {load,"tsung_controller@ip-172-31-42-10"} 1 0.05859375 0.0 0.0703125 0.0 0.017578125 4
stats: {freemem,"tsung_controller@ip-172-31-42-10"} 1 636.1015625 0.0 683.4609375 636.1015625 677.3720703125 4
stats: {cpu,"tsung_controller@ip-172-31-42-10"} 1 7.25767169995129 0.0 7.25767169995129 1.0972568578553616 3.072119398536943 4
stats: session 100 13617.040009999999 1836.880512057352 17341.46 1275.928 5592.94504522613 199
stats: users_count 336 1213
stats: finish_users_count 100 299
stats: request 447 9213.066993288601 1550.6874595986537 14463.29 6.078 2382.7437896551733 580
stats: 302 52 200
stats: connect 427 1.1668079625292738 0.9741426594534516 19.857 0.51 1.3555311355311352 819
stats: page 447 9213.066993288601 1550.6874595986537 14463.29 6.078 2382.7437896551733 580
stats: tr_SIGN_IN 102 11746.5464117647 2048.8526496952495 15464.018 1263.59 5366.955352040815 196
stats: 200 345 729
stats: size_rcv 1684884 3647380
stats: newphase 0 7
stats: size_sent 275670 652849
stats: connected 292 915
stats: 500 50 98
# stats: dump at 1733716530
stats: users 803 983
stats: {load,"tsung_controller@ip-172-31-42-10"} 1 0.12890625 0.0 0.12890625 0.0 0.02578125 5
stats: {freemem,"tsung_controller@ip-172-31-42-10"} 1 580.125 0.0 683.4609375 580.125 669.11796875 5
stats: {cpu,"tsung_controller@ip-172-31-42-10"} 1 4.572564612326044 0.0 7.25767169995129 1.0972568578553616 3.909229858819812 5
stats: session 111 21293.598612612615 2710.0637208491844 25573.897 1275.928 8276.588846153845 299
stats: users_count 0 1213
stats: finish_users_count 111 410
stats: request 591 12108.263395939088 1790.2374288335445 17989.206 6.078 5355.63032521909 1027
stats: connect 0 0 0 19.857 0.51 1.2908563402889244 1246
stats: page 591 12108.263395939088 1790.2374288335445 17989.206 6.078 5355.63032521909 1027
stats: tr_SIGN_IN 107 16664.323074766362 1460.4118855029974 18989.864 1263.59 7550.573768456373 298
stats: 302 57 257
stats: 200 484 1213
stats: size_rcv 2307439 5954819
stats: newphase 0 7
stats: size_sent 377260 1030109
stats: connected -107 808
stats: 500 50 148
# stats: dump at 1733716540
stats: users 694 983
stats: {load,"tsung_controller@ip-172-31-42-10"} 1 0.109375 0.0 0.12890625 0.0 0.04296875 6
stats: {freemem,"tsung_controller@ip-172-31-42-10"} 1 536.32421875 0.0 683.4609375 536.32421875 654.2858072916666 6
stats: {cpu,"tsung_controller@ip-172-31-42-10"} 1 3.285216525634644 0.0 7.25767169995129 1.0972568578553616 4.01978565107085 6
stats: session 109 29709.21998165137 2253.873961353964 33222.692 1275.928 11800.706124390244 410
stats: users_count 0 1213
stats: finish_users_count 109 519
stats: request 109 19807.922669724765 2250.4529846031164 23887.397 6.078 7822.135977132267 1618
stats: connect 0 0 0 19.857 0.51 1.2908563402889244 1246
stats: tr_SIGN_IN 109 20808.897211009178 2250.490292086804 24888.283 1263.59 9958.403832098766 405
stats: page 109 19807.922669724765 2250.4529846031164 23887.397 6.078 7822.135977132267 1618
stats: 302 63 320
stats: 200 0 1213
stats: size_rcv 157791 6112610
stats: newphase 0 7
stats: size_sent 0 1030109
stats: connected -109 699
stats: 500 46 194
# stats: dump at 1733716550
stats: users 585 983
stats: {load,"tsung_controller@ip-172-31-42-10"} 1 0.08984375 0.0 0.12890625 0.0 0.052455357142857144 7
stats: {freemem,"tsung_controller@ip-172-31-42-10"} 1 556.2421875 0.0 683.4609375 536.32421875 637.4341517857143 7
stats: {cpu,"tsung_controller@ip-172-31-42-10"} 1 0.5997001499250375 0.0 7.25767169995129 0.5997001499250375 3.9148472045799636 7
stats: session 109 37638.751596330265 2397.5740755117217 41683.945 1275.928 15561.839092485548 519
stats: users_count 0 1213
stats: finish_users_count 109 628
stats: connect 0 0 0 19.857 0.51 1.2908563402889244 1246
stats: page 112 28258.04279464286 2289.917433813066 31633.016 6.078 8578.62164562826 1727
stats: 302 60 380
stats: tr_SIGN_IN 112 29259.10094642858 2289.8834084044006 32634.154 1263.59 12259.383945525295 514
stats: 200 0 1213
stats: size_rcv 165580 6278190
stats: newphase 0 7
stats: size_sent 0 1030109
stats: connected -112 587
stats: 500 52 246
stats: request 112 28258.04279464286 2289.917433813066 31633.016 6.078 8578.62164562826 1727
# stats: dump at 1733716560
stats: users 476 983
stats: {load,"tsung_controller@ip-172-31-42-10"} 1 0.078125 0.0 0.12890625 0.0 0.05712890625 8
stats: {freemem,"tsung_controller@ip-172-31-42-10"} 1 559.72265625 0.0 683.4609375 536.32421875 627.28515625 8
stats: {cpu,"tsung_controller@ip-172-31-42-10"} 1 0.35035035035035034 0.0 7.25767169995129 0.35035035035035034 3.500453822748098 8
stats: session 109 46377.399229357805 2686.203775162195 50867.91 1275.928 19393.6598933121 628
stats: users_count 0 1213
stats: finish_users_count 109 737
stats: request 108 35100.16079629632 2358.9050205361086 38749.037 6.078 9777.150829255032 1839
stats: connect 0 0 0 19.857 0.51 1.2908563402889244 1246
stats: page 108 35100.16079629632 2358.9050205361086 38749.037 6.078 9777.150829255032 1839
stats: tr_SIGN_IN 108 36101.062462962946 2358.98898432007 39750.062 1263.59 15300.866859424925 626
stats: 302 60 440
stats: 200 0 1213
stats: size_rcv 158116 6436306
stats: newphase 0 7
stats: size_sent 0 1030109
stats: connected -108 479
stats: 500 48 294
# stats: dump at 1733716570
stats: users 365 983
stats: {load,"tsung_controller@ip-172-31-42-10"} 1 0.05859375 0.0 0.12890625 0.0 0.05946180555555555 9
stats: {freemem,"tsung_controller@ip-172-31-42-10"} 1 564.6953125 0.0 683.4609375 536.32421875 619.7782118055555 9
stats: {cpu,"tsung_controller@ip-172-31-42-10"} 1 0.6006006006006006 0.0 7.25767169995129 0.35035035035035034 3.150442325815015 9
stats: session 111 55348.84446846849 2589.5276692395914 59874.184 1275.928 23384.47073134328 737
stats: users_count 0 1213
stats: finish_users_count 111 848
stats: connect 0 0 0 19.857 0.51 1.2908563402889244 1246
stats: tr_SIGN_IN 114 44117.25314035088 2517.94797310312 48544.54 1263.59 18361.386103542234 734
stats: 302 70 510
stats: request 114 43116.28242982453 2517.9021750560337 47544.25 6.078 11181.817021571651 1947
stats: 200 0 1213
stats: size_rcv 161854 6598160
stats: page 114 43116.28242982453 2517.9021750560337 47544.25 6.078 11181.817021571651 1947
stats: newphase 0 7
stats: size_sent 0 1030109
stats: connected -114 365
stats: 500 44 338
# stats: dump at 1733716580
stats: users 249 983
stats: {load,"tsung_controller@ip-172-31-42-10"} 1 0.05078125 0.0 0.12890625 0.0 0.059375 10
stats: {freemem,"tsung_controller@ip-172-31-42-10"} 1 575.7109375 0.0 683.4609375 536.32421875 614.269921875 10
stats: {cpu,"tsung_controller@ip-172-31-42-10"} 1 0.49975012493753124 0.0 7.25767169995129 0.35035035035035034 2.8954581532935735 10
stats: session 116 64400.17874999999 2569.897820970801 69061.663 1275.928 27568.486633254717 848
stats: users_count 0 1213
stats: finish_users_count 116 964
stats: request 113 51835.53141592919 2456.631149342323 56149.867 6.078 12948.206665696265 2061
stats: page 113 51835.53141592919 2456.631149342323 56149.867 6.078 12948.206665696265 2061
stats: tr_SIGN_IN 113 52836.673628318604 2456.743342366899 57151.275 1263.59 21823.849360849057 848
stats: 302 71 581
stats: connect 0 0 0 19.857 0.51 1.2908563402889244 1246
stats: 200 0 1213
stats: size_rcv 159117 6757277
stats: newphase 0 7
stats: size_sent 0 1030109
stats: connected -113 252
stats: 500 42 380
