# stats: dump at 1733467430
stats: users 11 11
stats: {load,"tsung_controller@ip-172-31-41-210"} 1 0.73828125 0 0.73828125 0.73828125 0 0
stats: {cpu,"tsung_controller@ip-172-31-41-210"} 1 41.33560348089292 0 41.33560348089292 41.33560348089292 0 0
stats: {freemem,"tsung_controller@ip-172-31-41-210"} 1 478.796875 0 478.796875 478.796875 0 0
stats: users_count 11 11
stats: finish_users_count 0 0
stats: request 32 69.94590625000004 128.72350297569963 450.799 5.565 0 0
stats: connect 10 3.1977 4.678611589991203 17.175 1.24 0 0
stats: page 16 140.13112500000003 164.16615269136443 468.667 12.973 0 0
stats: tr_SIGN_IN 6 1332.4373333333333 65.04356527145636 1451.687 1270.382 0 0
stats: 302 6 6
stats: 200 26 26
stats: size_rcv 125646 125646
stats: newphase 1 1
stats: size_sent 16230 16230
stats: connected 10 10
# stats: dump at 1733467440
stats: users 31 32
stats: {load,"tsung_controller@ip-172-31-41-210"} 1 0.62109375 0.0 0.73828125 0.62109375 0.73828125 1
stats: {cpu,"tsung_controller@ip-172-31-41-210"} 1 8.846918489065606 0.0 41.33560348089292 8.846918489065606 41.33560348089292 1
stats: {freemem,"tsung_controller@ip-172-31-41-210"} 1 485.25390625 0.0 485.25390625 478.796875 478.796875 1
stats: session 1 16366.475 0 16366.475 16366.475 0 0
stats: users_count 21 32
stats: finish_users_count 1 1
stats: request 107 252.86355140186916 479.96145167308515 1741.335 5.268 69.94590625000004 32
stats: connect 22 1.7646363636363638 0.6110799341742562 17.175 1.24 3.1977 10
stats: page 54 501.1883703703704 614.1133690759596 1771.152 5.291 140.13112500000003 16
stats: tr_CREATE_POST 5 4062.9392 88.16731971745544 4239.223 4015.618 0 0
stats: 302 31 37
stats: tr_CREATE_COMMENT 1 4032.712 0 4032.712 4032.712 0 0
stats: 200 75 101
stats: tr_SIGN_IN 26 1922.7683076923072 548.2047138065776 2742.324 1270.382 1332.4373333333333 6
stats: size_rcv 391558 517204
stats: newphase 1 2
stats: 422 1 1
stats: size_sent 64660 80890
stats: connected 21 31
# stats: dump at 1733467450
stats: users 14 32
stats: {load,"tsung_controller@ip-172-31-41-210"} 1 0.6796875 0.0 0.73828125 0.62109375 0.6796875 2
stats: {cpu,"tsung_controller@ip-172-31-41-210"} 1 54.563792233988906 0.0 54.563792233988906 8.846918489065606 25.091260984979264 2
stats: {freemem,"tsung_controller@ip-172-31-41-210"} 1 475.5625 0.0 485.25390625 475.5625 482.025390625 2
stats: session 17 15974.335000000001 1727.2239107316284 20305.908 13401.64 16366.475 1
stats: users_count 0 32
stats: finish_users_count 17 18
stats: request 64 20.655500000000004 12.890589007828542 1741.335 4.496 210.75301438848922 139
stats: connect 0 0 0 17.175 1.24 2.21246875 32
stats: page 40 33.18522500000002 25.704366476814307 1771.152 4.496 418.66100000000006 70
stats: tr_CREATE_POST 24 4021.2857916666676 8.928279243407834 4239.223 4013.91 4062.9392 5
stats: 302 24 61
stats: tr_CREATE_COMMENT 16 4117.110249999999 288.988856134951 5235.492 4028.091 4032.712 1
stats: 200 24 125
stats: tr_SIGN_IN 0 0 0 2742.324 1270.382 1812.0812499999997 32
stats: size_rcv 197440 714644
stats: newphase 0 2
stats: 422 16 17
stats: size_sent 55646 136536
stats: connected -16 15
# stats: dump at 1733467456
stats: users 0 32
stats: {load,"tsung_controller@ip-172-31-41-210"} 1 0.80859375 0.0 0.80859375 0.62109375 0.6796875 3
stats: {cpu,"tsung_controller@ip-172-31-41-210"} 1 44.489179667840965 0.0 54.563792233988906 8.846918489065606 34.91543806798248 3
stats: {freemem,"tsung_controller@ip-172-31-41-210"} 1 664.9453125 0.0 664.9453125 475.5625 479.87109375 3
stats: session 14 17438.668428571436 1472.4207136457624 20305.908 13401.64 15996.120555555555 18
stats: users_count 0 32
stats: finish_users_count 14 32
stats: request 21 10.692285714285713 7.107986428041665 1741.335 4.496 150.8207931034483 203
stats: connect 0 0 0 17.175 1.24 2.21246875 32
stats: page 18 12.49722222222222 13.476977795714172 1771.152 4.496 278.48799090909097 110
stats: tr_CREATE_POST 3 4018.234 1.8921767006984576 4239.223 4013.91 4028.4674137931042 29
stats: 302 3 64
stats: tr_CREATE_COMMENT 15 4032.1900666666666 10.734814480413075 5235.492 4025.741 4112.145647058823 17
stats: 200 3 128
stats: tr_SIGN_IN 0 0 0 2742.324 1270.382 1812.0812499999997 32
stats: size_rcv 50044 764688
stats: newphase 0 2
stats: 422 15 32
stats: size_sent 19128 155664
stats: connected -15 0
EndMonitor:{1733,467456,673570}
