# stats: dump at 1733717705
stats: users 0 4
stats: {load,"tsung_controller@ip-172-31-42-10"} 1 0.0 0 0.0 0.0 0 0
stats: {freemem,"tsung_controller@ip-172-31-42-10"} 1 681.46484375 0 681.46484375 681.46484375 0 0
stats: {cpu,"tsung_controller@ip-172-31-42-10"} 1 2.2263954263116044 0 2.2263954263116044 2.2263954263116044 0 0
stats: session 14 387.3872142857143 48.14153714558557 477.253 304.106 0 0
stats: users_count 14 14
stats: finish_users_count 14 14
stats: request 14 384.92571428571426 48.8585436430351 475.262 296.545 0 0
stats: connect 14 1.6649285714285713 1.6044280006231733 6.833 0.789 0 0
stats: page 14 384.92571428571426 48.8585436430351 475.262 296.545 0 0
stats: 302 14 14
stats: size_rcv 14378 14378
stats: newphase 1 1
stats: size_sent 4368 4368
stats: connected 0 0
# stats: dump at 1733717715
stats: users 0 5
stats: {load,"tsung_controller@ip-172-31-42-10"} 1 0.0 0.0 0.0 0.0 0.0 1
stats: {freemem,"tsung_controller@ip-172-31-42-10"} 1 683.0390625 0.0 683.0390625 681.46484375 681.46484375 1
stats: {cpu,"tsung_controller@ip-172-31-42-10"} 1 0.25012506253126565 0.0 2.2263954263116044 0.25012506253126565 2.2263954263116044 1
stats: session 21 431.98480952380953 148.59031203843003 686.166 284.26 387.3872142857143 14
stats: users_count 21 35
stats: finish_users_count 21 35
stats: request 21 429.9309523809524 148.56055071713584 684.069 282.234 384.92571428571426 14
stats: connect 21 1.0786666666666664 0.4604972812425129 6.833 0.789 1.6649285714285713 14
stats: page 21 429.9309523809524 148.56055071713584 684.069 282.234 384.92571428571426 14
stats: 302 21 35
stats: size_rcv 21565 35943
stats: newphase 1 2
stats: size_sent 6552 10920
stats: connected 0 0
# stats: dump at 1733717717
stats: users 0 5
stats: {load,"tsung_controller@ip-172-31-42-10"} 1 0.0 0.0 0.0 0.0 0.0 2
stats: {freemem,"tsung_controller@ip-172-31-42-10"} 1 683.10546875 0.0 683.10546875 681.46484375 682.251953125 2
stats: {cpu,"tsung_controller@ip-172-31-42-10"} 1 0.10010010010010009 0.0 2.2263954263116044 0.10010010010010009 1.238260244421435 2
stats: session 0 0 0 686.166 284.26 414.14577142857144 35
stats: users_count 0 35
stats: finish_users_count 0 35
stats: request 0 0 0 684.069 282.234 411.9288571428572 35
stats: connect 0 0 0 6.833 0.789 1.3131714285714284 35
stats: page 0 0 0 684.069 282.234 411.9288571428572 35
stats: 302 0 35
stats: size_rcv 0 35943
stats: newphase 0 2
stats: size_sent 0 10920
stats: connected 0 0
EndMonitor:{1733,717717,421828}
