# stats: dump at 1733723563
stats: users 10 10
stats: {load,"tsung_controller@ip-172-31-42-10"} 1 0.078125 0 0.078125 0.078125 0 0
stats: {freemem,"tsung_controller@ip-172-31-42-10"} 1 661.07421875 0 661.07421875 661.07421875 0 0
stats: {cpu,"tsung_controller@ip-172-31-42-10"} 1 0.8397221954153047 0 0.8397221954153047 0.8397221954153047 0 0
stats: session 1 6089.441 0 6089.441 6089.441 0 0
stats: users_count 11 11
stats: finish_users_count 1 1
stats: connect 10 1.8501 1.64034157723323 6.221 0.99 0 0
stats: page 14 246.22228571428576 159.35497586943103 536.623 13.184 0 0
stats: 302 11 11
stats: request 18 191.46811111111117 146.3975768985451 402.244 10.993 0 0
stats: 200 7 7
stats: size_rcv 137439 137439
stats: tr_LOAD_GROUPS_PAGE 3 18.149 5.532818510186888 25.973 14.154 0 0
stats: newphase 1 1
stats: tr_MAKE_POST 1 338.721 0 338.721 338.721 0 0
stats: size_sent 9475 9475
stats: tr_SIGN_UP 9 316.4194444444444 43.660997316728306 402.421 271.722 0 0
stats: connected 9 9
stats: tr_JOIN_RANDOM_GROUP 1 218.84 0 218.84 218.84 0 0
# stats: dump at 1733723573
stats: users 55 55
stats: {load,"tsung_controller@ip-172-31-42-10"} 1 0.0703125 0.0 0.078125 0.0703125 0.078125 1
stats: {freemem,"tsung_controller@ip-172-31-42-10"} 1 658.10546875 0.0 661.07421875 658.10546875 661.07421875 1
stats: {cpu,"tsung_controller@ip-172-31-42-10"} 1 0.8470353761833582 0.0 0.8470353761833582 0.8397221954153047 0.8397221954153047 1
stats: session 8 9742.968625000001 2279.306458475742 13774.636 5742.885 6089.441 1
stats: users_count 53 64
stats: finish_users_count 8 9
stats: request 108 309.50249074074054 444.243290669703 1879.57 7.974 191.46811111111117 18
stats: connect 50 1.1466200000000002 0.390653293343343 6.221 0.894 1.8501 10
stats: page 74 435.0958918918918 511.4887739066507 1916.701 11.265 246.22228571428576 14
stats: tr_LOAD_GROUPS_PAGE 20 34.389250000000004 17.41646668206557 89.397 14.154 18.149 3
stats: 302 53 64
stats: tr_MAKE_POST 8 388.440875 284.07246183211663 1106.396 196.17 338.721 1
stats: 200 55 62
stats: tr_SIGN_UP 36 708.8646944444446 507.5814163279521 1879.726 255.69 316.4194444444444 9
stats: size_rcv 1070478 1207917
stats: tr_JOIN_RANDOM_GROUP 9 456.6883333333333 337.15055366046124 1257.663 200.698 218.84 1
stats: newphase 2 3
stats: size_sent 69180 78655
stats: connected 42 51
# stats: dump at 1733723583
stats: users 265 265
stats: {load,"tsung_controller@ip-172-31-42-10"} 1 0.05859375 0.0 0.078125 0.05859375 0.07421875 2
stats: {freemem,"tsung_controller@ip-172-31-42-10"} 1 646.84375 0.0 661.07421875 646.84375 659.58984375 2
stats: {cpu,"tsung_controller@ip-172-31-42-10"} 1 1.245019920318725 0.0 1.245019920318725 0.8397221954153047 0.8433787857993315 2
stats: session 1 13727.22 0.0 13774.636 5742.885 9337.021111111113 9
stats: users_count 211 275
stats: finish_users_count 1 10
stats: request 106 3296.091509433964 2483.8702491993013 7520.28 7.974 292.64043650793633 126
stats: connect 202 1.3811435643564358 1.4791396462980302 16.931 0.757 1.2638666666666667 60
stats: page 82 3375.810256097561 2680.234132514318 7520.28 11.265 405.04781818181806 88
stats: tr_LOAD_GROUPS_PAGE 22 1115.0896363636364 1053.0630198626873 3378.711 14.154 32.27095652173914 23
stats: 302 47 111
stats: tr_MAKE_POST 1 4764.581 0.0 4764.581 196.17 382.91644444444444 9
stats: 200 59 121
stats: tr_SIGN_UP 38 5742.603894736842 1681.4273496691778 7520.441 255.69 630.3756444444444 45
stats: size_rcv 1022631 2230548
stats: tr_JOIN_RANDOM_GROUP 8 5335.442375 1930.977521453185 8237.475 200.698 432.9035 10
stats: newphase 2 5
stats: size_sent 135289 213944
stats: connected 201 252
# stats: dump at 1733723593
stats: users 595 595
stats: {load,"tsung_controller@ip-172-31-42-10"} 1 0.05078125 0.0 0.078125 0.05078125 0.06901041666666667 3
stats: {freemem,"tsung_controller@ip-172-31-42-10"} 1 634.79296875 0.0 661.07421875 634.79296875 655.3411458333334 3
stats: {cpu,"tsung_controller@ip-172-31-42-10"} 1 4.19921875 0.0 4.19921875 0.8397221954153047 0.9772591639724627 3
stats: session 0 0 0 13774.636 5742.885 9776.041000000001 10
stats: users_count 330 605
stats: finish_users_count 0 10
stats: request 96 9906.264281250003 2366.0768503150925 13525.504 7.974 1664.9068750000006 232
stats: connect 343 1.2973819241982516 0.9160752750333858 16.931 0.714 1.354286259541985 262
stats: tr_LOAD_GROUPS_PAGE 6 6546.585333333333 2814.1619283450195 11728.54 14.154 561.6489777777778 45
stats: page 82 9926.37635365854 2406.394792167863 13525.504 11.265 1838.0038176470587 170
stats: 302 73 184
stats: tr_MAKE_POST 0 0 0 4764.581 196.17 821.0829 10
stats: 200 23 144
stats: tr_SIGN_UP 69 10537.918797101449 1795.6773245869522 13525.67 255.69 2970.9138795180725 83
stats: size_rcv 584725 2815273
stats: tr_JOIN_RANDOM_GROUP 4 13907.52925 2519.7026383526277 16452.809 200.698 2611.809666666666 18
stats: newphase 1 6
stats: size_sent 159232 373176
stats: connected 343 595
# stats: dump at 1733723603
stats: users 595 595
stats: {load,"tsung_controller@ip-172-31-42-10"} 1 0.28125 0.0 0.28125 0.05078125 0.064453125 4
stats: {freemem,"tsung_controller@ip-172-31-42-10"} 1 618.984375 0.0 661.07421875 618.984375 650.2041015625 4
stats: {cpu,"tsung_controller@ip-172-31-42-10"} 1 6.392251815980629 0.0 6.392251815980629 0.8397221954153047 1.782749060479347 4
stats: session 0 0 0 13774.636 5742.885 9776.041000000001 10
stats: users_count 0 605
stats: finish_users_count 0 10
stats: request 79 17196.876721518987 2328.1386982888716 20934.125 7.974 4077.011481707318 328
stats: connect 0 0 0 16.931 0.714 1.3220247933884302 605
stats: page 73 17278.883178082193 2332.7878525117767 20934.125 11.265 4469.934563492065 252
stats: tr_LOAD_GROUPS_PAGE 4 16480.61 1851.2348023183072 18617.035 14.154 1265.759137254902 51
stats: 302 66 250
stats: tr_MAKE_POST 0 0 0 4764.581 196.17 821.0829 10
stats: 200 13 157
stats: tr_SIGN_UP 66 17517.260696969694 2189.312848910466 20934.304 255.69 6405.935848684211 152
stats: size_rcv 310084 3125357
stats: tr_JOIN_RANDOM_GROUP 0 0 0 16452.809 200.698 4665.576863636364 22
stats: newphase 0 6
stats: size_sent 47130 420306
stats: connected 0 595
# stats: dump at 1733723613
stats: users 595 595
stats: {load,"tsung_controller@ip-172-31-42-10"} 1 0.23828125 0.0 0.28125 0.05078125 0.1078125 5
stats: {freemem,"tsung_controller@ip-172-31-42-10"} 1 617.1484375 0.0 661.07421875 617.1484375 643.96015625 5
stats: {cpu,"tsung_controller@ip-172-31-42-10"} 1 0.8461921353907417 0.0 6.392251815980629 0.8397221954153047 2.7046496115796033 5
stats: session 0 0 0 13774.636 5742.885 9776.041000000001 10
stats: users_count 0 605
stats: finish_users_count 0 10
stats: request 84 24829.694523809518 2299.060558089709 28854.122 7.974 6623.619230958231 407
stats: connect 0 0 0 16.931 0.714 1.3220247933884302 605
stats: page 78 24799.560192307687 2354.7436150653593 28854.122 11.265 7347.021483076924 325
stats: tr_LOAD_GROUPS_PAGE 10 23503.0565 2486.4407884275984 26730.735 14.154 2372.293745454546 55
stats: 302 66 316
stats: tr_MAKE_POST 0 0 0 4764.581 196.17 821.0829 10
stats: 200 18 175
stats: tr_SIGN_UP 66 25092.59515151515 2228.913307679758 28854.377 255.69 9769.914931192661 218
stats: size_rcv 421602 3546959
stats: tr_JOIN_RANDOM_GROUP 0 0 0 16452.809 200.698 4665.576863636364 22
stats: newphase 0 6
stats: size_sent 56378 476684
stats: connected 0 595
# stats: dump at 1733723623
stats: users 595 595
stats: {load,"tsung_controller@ip-172-31-42-10"} 1 0.19921875 0.0 0.28125 0.05078125 0.12955729166666666 6
stats: {freemem,"tsung_controller@ip-172-31-42-10"} 1 606.96875 0.0 661.07421875 606.96875 639.4915364583334 6
stats: {cpu,"tsung_controller@ip-172-31-42-10"} 1 1.5415216310293387 0.0 6.392251815980629 0.8397221954153047 2.3949066988814596 6
stats: session 0 0 0 13774.636 5742.885 9776.041000000001 10
stats: users_count 0 605
stats: finish_users_count 0 10
stats: request 79 32907.27170886075 2507.7778328444037 37213.074 7.974 9738.304209775966 491
stats: connect 0 0 0 16.931 0.714 1.3220247933884302 605
stats: tr_LOAD_GROUPS_PAGE 4 31430.88925 1866.2484447676534 33241.458 14.154 5623.180323076924 65
stats: page 78 32958.67446153845 2482.103950883321 37213.074 11.265 10724.932200992556 403
stats: 302 74 390
stats: tr_MAKE_POST 0 0 0 4764.581 196.17 821.0829 10
stats: 200 5 180
stats: tr_SIGN_UP 74 33041.451418918914 2484.4669458250773 37213.334 255.69 13330.819489436619 284
stats: size_rcv 146182 3693141
stats: tr_JOIN_RANDOM_GROUP 0 0 0 16452.809 200.698 4665.576863636364 22
stats: newphase 0 6
stats: size_sent 52250 528934
stats: connected 0 595
# stats: dump at 1733723633
stats: users 595 595
stats: {load,"tsung_controller@ip-172-31-42-10"} 1 0.171875 0.0 0.28125 0.05078125 0.13950892857142858 7
stats: {freemem,"tsung_controller@ip-172-31-42-10"} 1 603.0234375 0.0 661.07421875 603.0234375 634.8454241071429 7
stats: {cpu,"tsung_controller@ip-172-31-42-10"} 1 1.443504230960677 0.0 6.392251815980629 0.8397221954153047 2.2729945463311565 7
stats: session 0 0 0 13774.636 5742.885 9776.041000000001 10
stats: users_count 0 605
stats: finish_users_count 0 10
stats: request 88 41887.89460227273 2777.3058143963417 46071.456 7.974 12949.441810526314 570
stats: connect 0 0 0 16.931 0.714 1.3220247933884302 605
stats: page 85 41824.601611764716 2778.850240755779 46071.456 11.265 14330.403918918917 481
stats: tr_LOAD_GROUPS_PAGE 6 40800.49283333333 2897.8466260421983 44472.446 14.154 7119.279391304349 69
stats: 302 79 469
stats: tr_MAKE_POST 0 0 0 4764.581 196.17 821.0829 10
stats: 200 9 189
stats: tr_SIGN_UP 76 41841.75535526316 2776.7425883474507 46071.634 255.69 17405.084189944133 358
stats: size_rcv 139306 3832447
stats: tr_JOIN_RANDOM_GROUP 3 54738.55133333333 1889.0353971203297 56268.812 200.698 4665.576863636364 22
stats: newphase 0 6
stats: size_sent 55326 584260
stats: connected 0 595
# stats: dump at 1733723643
stats: users 595 595
stats: {load,"tsung_controller@ip-172-31-42-10"} 1 0.140625 0.0 0.28125 0.05078125 0.1435546875 8
stats: {freemem,"tsung_controller@ip-172-31-42-10"} 1 595.09765625 0.0 661.07421875 595.09765625 630.86767578125 8
stats: {cpu,"tsung_controller@ip-172-31-42-10"} 1 2.9324055666003974 0.0 6.392251815980629 0.8397221954153047 2.1693082569098463 8
stats: session 0 0 0 13774.636 5742.885 9776.041000000001 10
stats: users_count 0 605
stats: finish_users_count 0 10
stats: request 83 50604.5586746988 2625.813253357207 54823.403 7.974 16819.630025835868 658
stats: page 80 50682.451075000004 2616.2225946263948 54823.403 11.265 18459.391204947 566
stats: 302 73 542
stats: connect 0 0 0 16.931 0.714 1.3220247933884302 605
stats: tr_LOAD_GROUPS_PAGE 7 48330.81428571429 2250.2454173255796 52069.195 14.154 9813.776466666668 75
stats: 200 10 199
stats: tr_MAKE_POST 0 0 0 4764.581 196.17 821.0829 10
stats: size_rcv 176231 4008678
stats: tr_SIGN_UP 72 50978.15330555555 2483.1631460535095 54823.566 255.69 21684.31692857143 434
stats: newphase 0 6
stats: tr_JOIN_RANDOM_GROUP 1 57041.975 0.0 57041.975 200.698 10674.333799999999 25
stats: size_sent 49707 633967
stats: connected 0 595
# stats: dump at 1733723653
stats: users 592 595
stats: {load,"tsung_controller@ip-172-31-42-10"} 1 0.19921875 0.0 0.28125 0.05078125 0.14322916666666666 9
stats: {freemem,"tsung_controller@ip-172-31-42-10"} 1 592.9375 0.0 661.07421875 592.9375 626.8932291666666 9
stats: {cpu,"tsung_controller@ip-172-31-42-10"} 1 2.628968253968254 0.0 6.392251815980629 0.8397221954153047 2.254096846875463 9
stats: session 3 87240.44666666667 958.6408274775803 88503.386 5742.885 9776.041000000001 10
stats: users_count 0 605
stats: finish_users_count 3 13
stats: connect 0 0 0 16.931 0.714 1.3220247933884302 605
stats: tr_LOAD_GROUPS_PAGE 110 53416.72324545453 3793.9255676496878 59388.358 14.154 13101.816280487805 82
stats: 302 44 586
stats: request 233 56012.15261802578 4099.137043386449 60006.588 7.974 20603.906784075574 741
stats: tr_MAKE_POST 3 75219.29333333333 949.9534780189105 76372.547 196.17 821.0829 10
stats: 504 67 67
stats: tr_SIGN_UP 99 59144.64940404037 1301.3661435169515 60006.767 255.69 25852.60985177866 506
stats: 200 122 321
stats: tr_JOIN_RANDOM_GROUP 5 73170.595 406.0601965241144 73776.581 200.698 12457.704615384613 26
stats: size_rcv 932140 4940818
stats: newphase 0 6
stats: size_sent 74897 708864
stats: page 220 56269.38593181818 4884.624831379074 79860.011 11.265 22449.863015479878 646
stats: connected -3 592
# stats: dump at 1733723663
stats: users 584 595
stats: {load,"tsung_controller@ip-172-31-42-10"} 1 0.171875 0.0 0.28125 0.05078125 0.148828125 10
stats: {freemem,"tsung_controller@ip-172-31-42-10"} 1 563.4921875 0.0 661.07421875 563.4921875 623.49765625 10
stats: {cpu,"tsung_controller@ip-172-31-42-10"} 1 1.8426294820717133 0.0 6.392251815980629 0.8397221954153047 2.291583987584742 10
stats: session 8 93354.79662500002 2707.67377947242 98691.905 5742.885 27652.44230769231 13
stats: users_count 0 605
stats: finish_users_count 8 21
stats: request 731 16398.655937072494 14426.926378869392 60006.588 7.974 29074.2571735113 974
stats: page 626 18111.785099041543 16081.209060415224 85998.527 11.265 31041.427728637416 866
stats: connect 0 0 0 16.931 0.714 1.3220247933884302 605
stats: tr_LOAD_GROUPS_PAGE 404 22248.20689108911 14128.364779291262 59388.358 14.154 36198.89839583333 192
stats: 302 84 670
stats: tr_MAKE_POST 8 74818.441 1865.2029091009167 77035.807 196.17 17989.900692307692 13
stats: 504 1 68
stats: tr_SIGN_UP 0 0 0 60006.767 255.69 31300.39814214876 605
stats: 200 646 967
stats: tr_JOIN_RANDOM_GROUP 22 72740.40986363638 4489.665173844137 76715.104 200.698 22250.10629032258 31
stats: size_rcv 7021253 11962071
stats: newphase 0 6
stats: size_sent 578317 1287181
stats: connected -8 584
# stats: dump at 1733723673
stats: users 554 595
stats: {load,"tsung_controller@ip-172-31-42-10"} 1 0.140625 0.0 0.28125 0.05078125 0.15092329545454544 11
stats: {freemem,"tsung_controller@ip-172-31-42-10"} 1 497.51171875 0.0 661.07421875 497.51171875 618.0426136363636 11
stats: {cpu,"tsung_controller@ip-172-31-42-10"} 1 7.515861395802831 0.0 7.515861395802831 0.8397221954153047 2.2507699416290126 11
stats: session 30 83822.63639999996 7502.938097519189 107255.154 5742.885 52681.91061904762 21
stats: users_count 0 605
stats: finish_users_count 30 51
stats: connect 0 0 0 16.931 0.714 1.3220247933884302 605
stats: error_unknown 26 26
stats: page 281 10067.059039145903 9980.677224015273 94087.781 11.265 25616.524051608583 1492
stats: 302 62 732
stats: 504 0 68
stats: tr_LOAD_GROUPS_PAGE 9 6626.329555555556 1136.6594959694744 59388.358 14.154 26742.389389261745 596
stats: 200 345 1312
stats: tr_MAKE_POST 4 48138.3345 13498.694707450133 77035.807 196.17 39638.86842857143 21
stats: size_rcv 6185864 18147935
stats: tr_SIGN_UP 0 0 0 60006.767 255.69 31300.39814214876 605
stats: newphase 0 6
stats: tr_JOIN_RANDOM_GROUP 49 28546.438612244896 21309.65075955451 76715.104 200.698 43208.34550943396 53
stats: size_sent 288302 1575483
stats: connected -30 554
stats: request 407 9023.573906633901 1650.037355996111 60006.588 7.974 23639.73253782991 1705
# stats: dump at 1733723683
stats: users 521 595
stats: {load,"tsung_controller@ip-172-31-42-10"} 1 0.12109375 0.0 0.28125 0.05078125 0.15006510416666666 12
stats: {freemem,"tsung_controller@ip-172-31-42-10"} 1 478.3984375 0.0 661.07421875 478.3984375 607.9983723958334 12
stats: {cpu,"tsung_controller@ip-172-31-42-10"} 1 4.01985111662531 0.0 7.515861395802831 0.8397221954153047 2.6895275628101643 12
stats: session 33 91352.6549090909 8536.092930415187 113398.581 5742.885 70999.98460784311 51
stats: users_count 0 605
stats: finish_users_count 33 84
stats: request 223 15144.082372197307 2072.9765307700973 60006.588 7.974 20823.076968276513 2112
stats: connect 0 0 0 16.931 0.714 1.3220247933884302 605
stats: page 62 20215.150225806454 22934.37056625398 100129.111 11.265 23152.113635081783 1773
stats: tr_LOAD_GROUPS_PAGE 0 0 0 59388.358 14.154 26443.142218181816 605
stats: error_unknown 28 54
stats: tr_MAKE_POST 5 30460.851000000002 5233.5954780947695 77035.807 196.17 40998.783 25
stats: 302 73 805
stats: tr_SIGN_UP 0 0 0 60006.767 255.69 31300.39814214876 605
stats: 504 0 68
stats: tr_JOIN_RANDOM_GROUP 68 23030.695205882348 8550.156680488533 76715.104 200.698 36164.88043137254 102
stats: 200 150 1462
stats: size_rcv 5769451 23917386
stats: newphase 0 6
stats: size_sent 148059 1723542
stats: connected -33 521
# stats: dump at 1733723693
stats: users 512 595
stats: {load,"tsung_controller@ip-172-31-42-10"} 1 0.1015625 0.0 0.28125 0.05078125 0.14783653846153846 13
stats: {freemem,"tsung_controller@ip-172-31-42-10"} 1 472.203125 0.0 661.07421875 472.203125 598.0291466346154 13
stats: {cpu,"tsung_controller@ip-172-31-42-10"} 1 3.782976605276257 0.0 7.515861395802831 0.8397221954153047 2.7918601438728676 13
stats: session 9 104184.8491111111 10247.333326211736 120365.039 5742.885 78995.67651190475 84
stats: users_count 0 605
stats: finish_users_count 9 93
stats: connect 0 0 0 16.931 0.714 1.3220247933884302 605
stats: page 10 44612.07869999999 39220.81168077748 105150.644 11.265 23052.88108392371 1835
stats: error_unknown 6 60
stats: request 144 21247.742569444436 2061.1790824313653 60006.588 7.974 20280.71474346895 2335
stats: 302 29 834
stats: 504 0 68
stats: tr_LOAD_GROUPS_PAGE 0 0 0 59388.358 14.154 26443.142218181816 605
stats: 200 115 1577
stats: tr_MAKE_POST 3 34239.16733333334 483.8534443026673 77035.807 196.17 39242.461 30
stats: size_rcv 5269985 29187371
stats: tr_SIGN_UP 0 0 0 60006.767 255.69 31300.39814214876 605
stats: newphase 0 6
stats: tr_JOIN_RANDOM_GROUP 26 30319.065807692306 6773.715593587675 76715.104 200.698 30911.206341176465 170
stats: size_sent 108254 1831796
stats: connected -9 512
# stats: dump at 1733723703
stats: users 507 595
stats: {load,"tsung_controller@ip-172-31-42-10"} 1 0.16015625 0.0 0.28125 0.05078125 0.14453125 14
stats: {freemem,"tsung_controller@ip-172-31-42-10"} 1 453.3203125 0.0 661.07421875 453.3203125 589.0415736607143 14
stats: {cpu,"tsung_controller@ip-172-31-42-10"} 1 4.11910669975186 0.0 7.515861395802831 0.8397221954153047 2.8626541768302523 14
stats: session 5 115077.60319999998 10092.900032760259 128812.322 5742.885 81433.33837634407 93
stats: users_count 0 605
stats: finish_users_count 5 98
stats: connect 0 0 0 16.931 0.714 1.3220247933884302 605
stats: page 5 59347.172999999995 41232.04639164998 109965.993 11.265 23169.733103523038 1845
stats: tr_LOAD_GROUPS_PAGE 0 0 0 59388.358 14.154 26443.142218181816 605
stats: error_unknown 3 63
stats: request 142 28350.292718309858 1954.7421905568 60006.588 7.974 20336.88739653086 2479
stats: tr_MAKE_POST 2 39397.177 111.73099999999977 77035.807 196.17 38787.61612121213 33
stats: 302 35 869
stats: tr_SIGN_UP 0 0 0 60006.767 255.69 31300.39814214876 605
stats: 504 0 68
stats: tr_JOIN_RANDOM_GROUP 33 41500.862 5500.203800706629 76715.104 200.698 30832.65708673469 196
stats: 200 107 1684
stats: size_rcv 5133827 34321198
stats: newphase 0 6
stats: size_sent 108114 1939910
stats: connected -5 507
# stats: dump at 1733723713
stats: users 502 595
stats: {load,"tsung_controller@ip-172-31-42-10"} 1 0.12890625 0.0 0.28125 0.05078125 0.14557291666666666 15
stats: {freemem,"tsung_controller@ip-172-31-42-10"} 1 432.51953125 0.0 661.07421875 432.51953125 579.9934895833334 15
stats: {cpu,"tsung_controller@ip-172-31-42-10"} 1 0.9471585244267198 0.0 7.515861395802831 0.8397221954153047 2.9464176783583595 15
stats: session 5 138263.6794 2356.313323892529 141571.112 5742.885 83149.88249999998 98
stats: users_count 0 605
stats: finish_users_count 5 103
stats: connect 0 0 0 16.931 0.714 1.3220247933884302 605
stats: tr_LOAD_GROUPS_PAGE 0 0 0 59388.358 14.154 26443.142218181816 605
stats: request 262 31152.338156488557 1842.9617436831631 60006.588 7.974 20771.036025181227 2621
stats: page 5 118695.99720000001 1193.586000620546 119765.762 11.265 23267.509968108112 1850
stats: error_unknown 0 63
stats: tr_MAKE_POST 5 51965.8858 1303.9912228033454 77035.807 196.17 38822.44817142858 35
stats: 302 159 1028
stats: tr_SIGN_UP 0 0 0 60006.767 255.69 31300.39814214876 605
stats: 504 0 68
stats: tr_JOIN_RANDOM_GROUP 154 51992.3503896104 1854.90627982323 76715.104 200.698 32369.996659388642 229
stats: 200 103 1787
stats: size_rcv 4674947 38996145
stats: newphase 0 6
stats: size_sent 192816 2132726
stats: connected -5 502
# stats: dump at 1733723723
stats: users 494 595
stats: {load,"tsung_controller@ip-172-31-42-10"} 1 0.109375 0.0 0.28125 0.05078125 0.14453125 16
stats: {freemem,"tsung_controller@ip-172-31-42-10"} 1 423.5390625 0.0 661.07421875 423.5390625 570.7763671875 16
stats: {cpu,"tsung_controller@ip-172-31-42-10"} 1 3.5253227408142997 0.0 7.515861395802831 0.8397221954153047 2.821463981237632 16
stats: session 8 147107.6405 2946.15273451615 152091.872 5742.885 85825.30953398056 103
stats: users_count 0 605
stats: finish_users_count 8 111
stats: request 344 19908.07536337213 4513.551279595615 60006.588 7.974 21714.463412764482 2883
stats: connect 0 0 0 16.931 0.714 1.3220247933884302 605
stats: page 8 101239.868375 12793.206526484899 119765.762 11.265 23524.729610242593 1855
stats: tr_LOAD_GROUPS_PAGE 0 0 0 59388.358 14.154 26443.142218181816 605
stats: error_unknown 0 63
stats: tr_MAKE_POST 8 57842.5925 1964.2485927035166 77035.807 196.17 40465.377875000006 40
stats: 302 218 1246
stats: tr_SIGN_UP 0 0 0 60006.767 255.69 31300.39814214876 605
stats: 504 0 68
stats: tr_JOIN_RANDOM_GROUP 210 57043.38135238092 1510.6672367783892 76715.104 200.698 40259.924791122714 383
stats: 200 127 1914
stats: size_rcv 5061603 44057748
stats: newphase 0 6
stats: size_sent 249049 2381775
stats: connected -8 494
# stats: dump at 1733723733
stats: users 488 595
stats: {load,"tsung_controller@ip-172-31-42-10"} 1 0.1015625 0.0 0.28125 0.05078125 0.14246323529411764 17
stats: {freemem,"tsung_controller@ip-172-31-42-10"} 1 442.953125 0.0 661.07421875 423.5390625 562.1153492647059 17
stats: {cpu,"tsung_controller@ip-172-31-42-10"} 1 1.5392254220456802 0.0 7.515861395802831 0.8397221954153047 2.8628674376833185 17
stats: session 6 153768.28050000002 844.154422846258 155116.476 5742.885 90242.05410810809 111
stats: users_count 0 605
stats: finish_users_count 6 117
stats: request 167 17470.145401197624 1152.6816262391492 60006.588 7.974 21521.901439107532 3227
stats: tr_LOAD_GROUPS_PAGE 0 0 0 59388.358 14.154 26443.142218181816 605
stats: connect 0 0 0 16.931 0.714 1.3220247933884302 605
stats: page 6 74508.11466666666 389.236831947537 119765.762 11.265 23858.45001288245 1863
stats: error_unknown 0 63
stats: tr_MAKE_POST 6 63176.88016666667 425.73508732207983 77035.807 196.17 43361.5803125 48
stats: 302 17 1263
stats: tr_SIGN_UP 0 0 0 60006.767 255.69 31300.39814214876 605
stats: 504 0 68
stats: tr_JOIN_RANDOM_GROUP 11 63614.37990909091 1022.9203995181915 76715.104 200.698 46203.476018549736 593
stats: 200 149 2063
stats: size_rcv 5856051 49913799
stats: newphase 0 6
stats: size_sent 123602 2505377
stats: connected -6 488
# stats: dump at 1733723743
stats: users 479 595
stats: {load,"tsung_controller@ip-172-31-42-10"} 1 0.1484375 0.0 0.28125 0.05078125 0.1401909722222222 18
stats: {freemem,"tsung_controller@ip-172-31-42-10"} 1 449.39453125 0.0 661.07421875 423.5390625 555.4952256944445 18
stats: {cpu,"tsung_controller@ip-172-31-42-10"} 1 2.78468423669816 0.0 7.515861395802831 0.8397221954153047 2.7893317701478946 18
stats: session 9 165443.38966666663 3496.4702427928155 170736.412 5742.885 93499.80930769228 117
stats: users_count 0 605
stats: finish_users_count 9 126
stats: request 149 23295.56008724832 2168.921889998254 60006.588 7.974 21322.53689628757 3394
stats: connect 0 0 0 16.931 0.714 1.3220247933884302 605
stats: tr_LOAD_GROUPS_PAGE 0 0 0 59388.358 14.154 26443.142218181816 605
stats: page 9 84920.88533333334 3177.085714836545 119765.762 11.265 24021.049257356877 1869
stats: error_unknown 0 63
stats: tr_MAKE_POST 9 70513.98044444445 2670.8665912442048 77035.807 196.17 45563.280296296296 54
stats: 302 10 1273
stats: tr_SIGN_UP 0 0 0 60006.767 255.69 31300.39814214876 605
stats: 504 0 68
stats: tr_JOIN_RANDOM_GROUP 1 67458.924 0.0 76715.104 200.698 46520.56201655628 604
stats: 200 139 2202
stats: size_rcv 5731809 55645608
stats: newphase 0 6
stats: size_sent 106621 2611998
stats: connected -9 479
# stats: dump at 1733723753
stats: users 409 595
stats: {load,"tsung_controller@ip-172-31-42-10"} 1 0.12890625 0.0 0.28125 0.05078125 0.140625 19
stats: {freemem,"tsung_controller@ip-172-31-42-10"} 1 433.91796875 0.0 661.07421875 423.5390625 549.910978618421 19
stats: {cpu,"tsung_controller@ip-172-31-42-10"} 1 3.9244908097367115 0.0 7.515861395802831 0.8397221954153047 2.7890871631242247 19
stats: session 70 174320.50175714283 2178.2534502765166 179318.968 5742.885 98638.63647619046 126
stats: users_count 0 605
stats: finish_users_count 70 196
stats: request 434 23825.64607603684 4960.199527283213 60006.588 7.974 21405.511904882867 3543
stats: page 68 93965.77257352938 1440.8077168076823 119765.762 11.265 24312.901506922262 1878
stats: tr_LOAD_GROUPS_PAGE 0 0 0 59388.358 14.154 26443.142218181816 605
stats: error_unknown 0 63
stats: tr_MAKE_POST 68 71550.13492647058 3698.6328788172796 77587.091 196.17 49127.666031746034 63
stats: 302 68 1341
stats: tr_SIGN_UP 0 0 0 60006.767 255.69 31300.39814214876 605
stats: 504 0 68
stats: tr_JOIN_RANDOM_GROUP 0 0 0 76715.104 200.698 46555.17087933883 605
stats: 200 366 2568
stats: size_rcv 6367670 62013278
stats: newphase 0 6
stats: size_sent 311193 2923191
stats: connected -68 411
stats: connect 0 0 0 16.931 0.714 1.3220247933884302 605
# stats: dump at 1733723760
stats: users 0 595
stats: {load,"tsung_controller@ip-172-31-42-10"} 1 0.109375 0.0 0.28125 0.05078125 0.1400390625 20
stats: {freemem,"tsung_controller@ip-172-31-42-10"} 1 451.28125 0.0 661.07421875 423.5390625 544.111328125 20
stats: {cpu,"tsung_controller@ip-172-31-42-10"} 1 2.5373134328358207 0.0 7.515861395802831 0.8397221954153047 2.845857345454849 20
stats: session 409 170252.82127628385 2415.637018322261 179318.968 5742.885 125667.87407653058 196
stats: users_count 0 605
stats: finish_users_count 409 605
stats: request 548 4141.031479927006 3602.5364254944825 60006.588 7.974 21669.615055569524 3977
stats: connect 0 0 0 16.931 0.714 1.3220247933884302 605
stats: page 411 88565.49049391728 4018.8842794979964 119765.762 11.265 26746.81478160329 1946
stats: error_unknown 0 63
stats: 302 411 1752
stats: tr_LOAD_GROUPS_PAGE 0 0 0 59388.358 14.154 26443.142218181816 605
stats: 504 0 68
stats: tr_MAKE_POST 411 42310.2129391727 6121.860198459263 77587.091 196.17 60766.810190839686 131
stats: 200 137 2705
stats: tr_SIGN_UP 0 0 0 60006.767 255.69 31300.39814214876 605
stats: size_rcv 1355885 63369163
stats: tr_JOIN_RANDOM_GROUP 0 0 0 76715.104 200.698 46555.17087933883 605
stats: newphase 0 6
stats: size_sent 121687 3044878
stats: connected -411 0
EndMonitor:{1733,723760,266862}
