# stats: dump at 1733722761
stats: users 10 10
stats: {load,"tsung_controller@ip-172-31-42-10"} 1 0.0 0 0.0 0.0 0 0
stats: {freemem,"tsung_controller@ip-172-31-42-10"} 1 661.24609375 0 661.24609375 661.24609375 0 0
stats: {cpu,"tsung_controller@ip-172-31-42-10"} 1 0.8065687864096267 0 0.8065687864096267 0.8065687864096267 0 0
stats: users_count 10 10
stats: finish_users_count 0 0
stats: request 13 247.1281538461539 158.3962580821841 470.337 12.748 0 0
stats: connect 10 1.8572000000000002 1.536505763087142 6.325 1.076 0 0
stats: page 13 247.1281538461539 158.3962580821841 470.337 12.748 0 0
stats: tr_LOAD_GROUPS_PAGE 4 19.91125 7.4895916903059545 31.592 12.934 0 0
stats: 302 9 9
stats: tr_SIGN_UP 9 348.6972222222223 55.237952793704316 470.49 275.573 0 0
stats: 200 4 4
stats: size_rcv 34978 34978
stats: newphase 1 1
stats: size_sent 5528 5528
stats: connected 10 10
# stats: dump at 1733722771
stats: users 28 28
stats: {load,"tsung_controller@ip-172-31-42-10"} 1 0.0 0.0 0.0 0.0 0.0 1
stats: {freemem,"tsung_controller@ip-172-31-42-10"} 1 660.06640625 0.0 661.24609375 660.06640625 661.24609375 1
stats: {cpu,"tsung_controller@ip-172-31-42-10"} 1 0.45045045045045046 0.0 0.8065687864096267 0.45045045045045046 0.8065687864096267 1
stats: session 7 8379.855142857143 1583.6410645626045 10821.634 6583.669 0 0
stats: users_count 25 35
stats: finish_users_count 7 7
stats: request 65 119.82581538461538 152.88032838781422 476.221 8.135 247.1281538461539 13
stats: connect 22 1.3877272727272723 0.7004941231223326 6.325 0.948 1.8572000000000002 10
stats: page 41 190.07678048780483 156.40441498720043 476.221 11.106 247.1281538461539 13
stats: tr_LOAD_GROUPS_PAGE 8 19.59825 8.138055891151154 31.592 11.223 19.91125 4
stats: 302 33 42
stats: tr_MAKE_POST 6 45.9745 13.260645984139183 63.394 29.702 0 0
stats: 200 32 36
stats: tr_SIGN_UP 21 335.7838095238095 58.70622704994683 476.392 258.112 348.6972222222223 9
stats: size_rcv 219140 254118
stats: tr_JOIN_RANDOM_GROUP 6 54.37683333333333 14.601225649657712 80.156 37.964 0 0
stats: newphase 2 3
stats: size_sent 39774 45302
stats: connected 16 26
# stats: dump at 1733722781
stats: users 39 58
stats: {load,"tsung_controller@ip-172-31-42-10"} 1 0.0 0.0 0.0 0.0 0.0 2
stats: {freemem,"tsung_controller@ip-172-31-42-10"} 1 654.66015625 0.0 661.24609375 654.66015625 660.65625 2
stats: {cpu,"tsung_controller@ip-172-31-42-10"} 1 0.6490264603095357 0.0 0.8065687864096267 0.45045045045045046 0.6285096184300386 2
stats: session 26 10441.789615384616 2210.347899525723 14263.121 6419.274 8379.855142857143 7
stats: users_count 37 72
stats: finish_users_count 26 33
stats: request 228 526.8975789473689 1105.3547592990656 3704.652 8.135 141.04287179487181 78
stats: page 128 938.6560859375008 1343.2411318802394 3704.652 11.106 203.81137037037035 54
stats: tr_LOAD_GROUPS_PAGE 35 63.298542857142856 64.49891880703687 302.784 11.223 19.702583333333333 12
stats: connect 40 1.4850250000000003 0.6611080655800534 6.325 0.898 1.5344374999999997 32
stats: 302 92 134
stats: tr_MAKE_POST 25 139.28555999999998 127.64311997630894 684.358 29.702 45.9745 6
stats: tr_SIGN_UP 42 2614.7154761904767 1126.8833992797558 3704.812 258.112 339.6578333333334 30
stats: tr_JOIN_RANDOM_GROUP 25 186.16588 164.42978293224618 736.538 37.964 54.37683333333333 6
stats: 200 136 172
stats: size_rcv 925912 1180030
stats: newphase 0 3
stats: size_sent 148915 194217
stats: connected 15 41
# stats: dump at 1733722791
stats: users 1 58
stats: {load,"tsung_controller@ip-172-31-42-10"} 1 0.0 0.0 0.0 0.0 0.0 3
stats: {freemem,"tsung_controller@ip-172-31-42-10"} 1 649.77734375 0.0 661.24609375 649.77734375 658.6575520833334 3
stats: {cpu,"tsung_controller@ip-172-31-42-10"} 1 1.0972568578553616 0.0 1.0972568578553616 0.45045045045045046 0.6353485657232043 3
stats: session 38 13068.784552631576 2088.0238841473983 17343.709 6419.274 10004.409575757576 33
stats: users_count 0 72
stats: finish_users_count 38 71
stats: request 264 25.548018939393952 17.74347357576109 3704.652 8.135 428.5424575163402 306
stats: connect 0 0 0 6.325 0.898 1.5069861111111111 72
stats: page 104 65.10836538461537 61.69502496852154 3704.652 10.649 720.625236263737 182
stats: tr_LOAD_GROUPS_PAGE 25 20.924159999999997 7.535193665354593 302.784 10.831 52.16765957446809 47
stats: 302 80 214
stats: tr_MAKE_POST 40 74.01545000000002 29.869378024952248 684.358 29.702 121.22535483870965 31
stats: 200 184 356
stats: tr_SIGN_UP 0 0 0 3704.812 258.112 1666.774791666667 72
stats: size_rcv 1349921 2529951
stats: tr_JOIN_RANDOM_GROUP 40 83.7861 31.527831290623215 736.538 37.964 160.65832258064515 31
stats: newphase 0 3
stats: size_sent 196752 390969
stats: connected -40 1
# stats: dump at 1733722795
stats: users 0 58
stats: {load,"tsung_controller@ip-172-31-42-10"} 1 0.0 0.0 0.0 0.0 0.0 4
stats: {freemem,"tsung_controller@ip-172-31-42-10"} 1 649.765625 0.0 661.24609375 649.765625 656.4375 4
stats: {cpu,"tsung_controller@ip-172-31-42-10"} 1 0.998502246630055 0.0 1.0972568578553616 0.45045045045045046 0.7508256387562436 4
stats: session 1 16733.207 0.0 17343.709 6419.274 11644.497591549294 71
stats: users_count 0 72
stats: finish_users_count 1 72
stats: request 6 20.2895 10.367413784707031 3704.652 8.135 241.89240175438616 570
stats: connect 0 0 0 6.325 0.898 1.5069861111111111 72
stats: tr_LOAD_GROUPS_PAGE 0 0 0 302.784 10.831 41.31922222222222 72
stats: page 2 61.144 46.526 3704.652 10.649 482.2554650349654 286
stats: 302 2 216
stats: tr_MAKE_POST 1 59.656 0.0 684.358 29.702 94.62822535211266 71
stats: 200 4 360
stats: tr_SIGN_UP 0 0 0 3704.812 258.112 1666.774791666667 72
stats: size_rcv 33370 2563321
stats: tr_JOIN_RANDOM_GROUP 1 63.501 0.0 736.538 37.964 117.35002816901407 71
stats: newphase 0 3
stats: size_sent 4591 395560
stats: connected -1 0
EndMonitor:{1733,722795,965976}
