
=INFO REPORT==== 6-Dec-2024::19:55:41 ===
    ts_config_server:(5:<0.127.0>) Config server started, logdir is "/home/ec2-user/.tsung/log/20241206-1955"
 
=INFO REPORT==== 6-Dec-2024::19:55:41 ===
              ts_mon:(5:<0.110.0>) starting monitor, global 

=INFO REPORT==== 6-Dec-2024::19:55:41 ===
           ts_config:(5:<0.127.0>) Reading config file: tsung.xml

=ERROR REPORT==== 6-Dec-2024::19:55:41 ===
598- fatal: {failed_validation,element_unauthorize_in_choice}

=INFO REPORT==== 6-Dec-2024::19:55:41 ===
    ts_config_server:(0:<0.127.0>) Error while parsing XML config file: {fatal,
                                                                         {{failed_validation,
                                                                           element_unauthorize_in_choice},
                                                                          {file,
                                                                           "tsung.xml"},
                                                                          {line,
                                                                           80},
                                                                          {col,
                                                                           1}}}

=ERROR REPORT==== 6-Dec-2024::19:55:41 ===
** Generic server ts_config_server terminating 
** Last message in was {get_monitor_hosts}
** When Server state == {state,undefined,
                               "/home/ec2-user/.tsung/log/20241206-1955",0,0,
                               0,undefined,1,undefined,'ip-172-31-43-129',0,0,
                               undefined,undefined}
** Reason for termination ==
** {{badrecord,config},
    [{ts_config_server,handle_call,3,
                       [{file,"src/tsung_controller/ts_config_server.erl"},
                        {line,338}]},
     {gen_server,try_handle_call,4,[{file,"gen_server.erl"},{line,661}]},
     {gen_server,handle_msg,6,[{file,"gen_server.erl"},{line,690}]},
     {proc_lib,init_p_do_apply,3,[{file,"proc_lib.erl"},{line,249}]}]}
** Client <0.106.0> stacktrace
** [{gen,do_call,4,[{file,"gen.erl"},{line,167}]},
    {gen,do_for_proc,2,[{file,"gen.erl"},{line,238}]},
    {gen_server,call,2,[{file,"gen_server.erl"},{line,211}]},
    {ts_os_mon,activate,0,
               [{file,"src/tsung_controller/ts_os_mon.erl"},{line,58}]},
    {application_starter,run_the_phase,4,
                         [{file,"application_starter.erl"},{line,99}]},
    {application_starter,start_apps,3,
                         [{file,"application_starter.erl"},{line,59}]},
    {application_starter,start,3,[{file,"application_starter.erl"},{line,45}]},
    {application_master,start_the_app,5,
                        [{file,"application_master.erl"},{line,316}]}]

=INFO REPORT==== 6-Dec-2024::19:55:41 ===
    ts_config_server:(5:<0.147.0>) Config server started, logdir is "/home/ec2-user/.tsung/log/20241206-1955"
 