# stats: dump at 1733720699
stats: users 14 14
stats: {load,"tsung_controller@ip-172-31-42-10"} 1 0.03125 0 0.03125 0.03125 0 0
stats: {freemem,"tsung_controller@ip-172-31-42-10"} 1 660.4375 0 660.4375 660.4375 0 0
stats: {cpu,"tsung_controller@ip-172-31-42-10"} 1 1.1324667942240796 0 1.1324667942240796 1.1324667942240796 0 0
stats: session 1 5564.435 0 5564.435 5564.435 0 0
stats: users_count 15 15
stats: finish_users_count 1 1
stats: request 19 302.33936842105277 244.4866085171797 725.002 11.293 0 0
stats: connect 14 1.6514999999999997 1.4884590185826414 6.566 0.836 0 0
stats: page 18 319.14733333333334 240.30402101065408 725.002 11.293 0 0
stats: tr_LOAD_GROUPS_PAGE 3 15.487666666666664 1.7654846989487685 17.63 13.306 0 0
stats: 302 14 14
stats: tr_SIGN_UP 13 435.88946153846155 176.65543702430594 725.183 259.952 0 0
stats: 200 5 5
stats: tr_JOIN_RANDOM_GROUP 1 45.439 0 45.439 45.439 0 0
stats: size_rcv 42615 42615
stats: newphase 1 1
stats: size_sent 8488 8488
stats: connected 13 13
# stats: dump at 1733720709
stats: users 18 30
stats: {load,"tsung_controller@ip-172-31-42-10"} 1 0.03125 0.0 0.03125 0.03125 0.03125 1
stats: {freemem,"tsung_controller@ip-172-31-42-10"} 1 658.3515625 0.0 660.4375 658.3515625 660.4375 1
stats: {cpu,"tsung_controller@ip-172-31-42-10"} 1 1.3006503251625814 0.0 1.3006503251625814 1.1324667942240796 1.1324667942240796 1
stats: session 15 9264.736333333334 2276.261073018812 13021.035 5564.435 5564.435 1
stats: users_count 19 34
stats: finish_users_count 15 16
stats: request 86 126.46660465116287 213.36135823872056 870.635 10.557 302.33936842105277 19
stats: connect 20 1.3258500000000002 1.3163681580393838 6.933 0.776 1.6514999999999997 14
stats: page 72 151.0840833333333 225.32798092433504 870.635 10.954 319.14733333333334 18
stats: tr_LOAD_GROUPS_PAGE 23 18.606782608695653 5.397139080762033 29.616 12.328 15.487666666666664 3
stats: 302 35 49
stats: tr_SIGN_UP 21 459.45242857142864 198.12291318115575 870.815 259.952 435.88946153846155 13
stats: 200 51 56
stats: tr_JOIN_RANDOM_GROUP 14 58.8985 37.08552641963476 187.729 35.102 45.439 1
stats: size_rcv 321911 364526
stats: newphase 1 2
stats: size_sent 52027 60515
stats: connected 6 19
# stats: dump at 1733720719
stats: users 0 30
stats: {load,"tsung_controller@ip-172-31-42-10"} 1 0.01953125 0.0 0.03125 0.01953125 0.03125 2
stats: {freemem,"tsung_controller@ip-172-31-42-10"} 1 650.3828125 0.0 660.4375 650.3828125 659.39453125 2
stats: {cpu,"tsung_controller@ip-172-31-42-10"} 1 0.5 0.0 1.3006503251625814 0.5 1.2165585596933304 2
stats: session 18 11015.759222222223 2121.432577154215 14021.838 5564.435 9033.4675 16
stats: users_count 0 34
stats: finish_users_count 18 34
stats: request 65 17.61493846153846 5.967064364884507 870.635 10.557 158.2912000000001 105
stats: connect 0 0 0 6.933 0.776 1.459941176470588 34
stats: page 46 24.96730434782608 13.46855328222256 870.635 10.954 184.69673333333333 90
stats: tr_LOAD_GROUPS_PAGE 8 14.5105 1.5128302945142256 29.616 12.328 18.246884615384616 26
stats: 302 19 68
stats: tr_SIGN_UP 0 0 0 870.815 259.952 450.4430588235295 34
stats: 200 46 102
stats: tr_JOIN_RANDOM_GROUP 19 55.29205263157895 15.364404516775934 187.729 35.102 58.0012 15
stats: size_rcv 273938 638464
stats: newphase 0 2
stats: size_sent 47723 108238
stats: connected -19 0
# stats: dump at 1733720721
stats: users 0 30
stats: {load,"tsung_controller@ip-172-31-42-10"} 1 0.01953125 0.0 0.03125 0.01953125 0.02734375 3
stats: {freemem,"tsung_controller@ip-172-31-42-10"} 1 649.48828125 0.0 660.4375 649.48828125 656.390625 3
stats: {cpu,"tsung_controller@ip-172-31-42-10"} 1 0.3 0.0 1.3006503251625814 0.3 0.9777057064622202 3
stats: session 0 0 0 14021.838 5564.435 10082.916058823532 34
stats: users_count 0 34
stats: finish_users_count 0 34
stats: request 0 0 0 870.635 10.557 104.50321764705888 170
stats: connect 0 0 0 6.933 0.776 1.459941176470588 34
stats: page 0 0 0 870.635 10.954 130.67060294117644 136
stats: tr_LOAD_GROUPS_PAGE 0 0 0 29.616 12.328 17.367735294117644 34
stats: 302 0 68
stats: tr_SIGN_UP 0 0 0 870.815 259.952 450.4430588235295 34
stats: 200 0 102
stats: tr_JOIN_RANDOM_GROUP 0 0 0 187.729 35.102 56.48726470588235 34
stats: size_rcv 0 638464
stats: newphase 0 2
stats: size_sent 0 108238
stats: connected 0 0
EndMonitor:{1733,720721,609223}
