# stats: dump at 1733467916
stats: users 13 13
stats: {load,"tsung_controller@ip-172-31-41-210"} 1 0.0 0 0.0 0.0 0 0
stats: {cpu,"tsung_controller@ip-172-31-41-210"} 1 6.170664540236812 0 6.170664540236812 6.170664540236812 0 0
stats: {freemem,"tsung_controller@ip-172-31-41-210"} 1 683.12109375 0 683.12109375 683.12109375 0 0
stats: users_count 13 13
stats: finish_users_count 0 0
stats: connect 11 3.3876363636363647 4.650534852382374 17.885 1.312 0 0
stats: request 34 63.63520588235296 117.50498662629535 348.815 5.844 0 0
stats: page 17 127.45947058823528 149.52956693581987 361.253 13.515 0 0
stats: tr_SIGN_IN 6 1316.9573333333335 27.722394976304365 1350.122 1271.144 0 0
stats: 302 6 6
stats: 200 28 28
stats: size_rcv 134508 134508
stats: newphase 1 1
stats: size_sent 18519 18519
stats: connected 11 11
# stats: dump at 1733467926
stats: users 31 34
stats: {load,"tsung_controller@ip-172-31-41-210"} 1 0.0 0.0 0.0 0.0 0.0 1
stats: {cpu,"tsung_controller@ip-172-31-41-210"} 1 0.7477567298105683 0.0 6.170664540236812 0.7477567298105683 6.170664540236812 1
stats: {freemem,"tsung_controller@ip-172-31-41-210"} 1 678.9375 0.0 683.12109375 678.9375 683.12109375 1
stats: session 3 16085.209 1524.934488725335 17241.593 13930.559 0 0
stats: users_count 21 34
stats: finish_users_count 3 3
stats: request 115 261.98937391304355 449.1264531355034 1632.72 5.132 63.63520588235296 34
stats: connect 23 2.0578695652173913 0.8613887828156811 17.885 1.207 3.3876363636363647 11
stats: page 58 519.5692068965517 567.1918174932855 1876.324 13.16 127.45947058823528 17
stats: tr_CREATE_POST 6 4081.970333333333 118.502130614695 4344.883 4017.255 0 0
stats: 302 35 41
stats: tr_CREATE_GROUP 1 4531.242 0 4531.242 4531.242 0 0
stats: 200 80 108
stats: tr_SIGN_IN 28 1949.4167142857139 428.56087280187427 2634.015 1271.144 1316.9573333333335 6
stats: size_rcv 414049 548557
stats: newphase 1 2
stats: size_sent 68473 86992
stats: connected 22 33
# stats: dump at 1733467936
stats: users 18 34
stats: {load,"tsung_controller@ip-172-31-41-210"} 1 0.0 0.0 0.0 0.0 0.0 2
stats: {cpu,"tsung_controller@ip-172-31-41-210"} 1 0.8470353761833582 0.0 6.170664540236812 0.7477567298105683 3.45921063502369 2
stats: {freemem,"tsung_controller@ip-172-31-41-210"} 1 670.02734375 0.0 683.12109375 670.02734375 681.029296875 2
stats: session 13 17169.4683076923 1677.5503782283001 19287.257 13930.559 16085.209 3
stats: users_count 0 34
stats: finish_users_count 13 16
stats: request 61 18.14583606557378 8.45544719213757 1632.72 5.132 216.72734899328867 149
stats: connect 0 0 0 17.885 1.207 2.488088235294118 34
stats: page 37 30.008756756756753 7.5899329641500906 1876.324 13.16 430.691 75
stats: tr_CREATE_POST 24 4020.177541666666 5.606875154510154 4344.883 4014.753 4081.970333333333 6
stats: 302 37 78
stats: tr_CREATE_GROUP 13 4055.466076923077 28.309048250342755 4531.242 4032.632 4531.242 1
stats: 200 24 132
stats: tr_SIGN_IN 0 0 0 2634.015 1271.144 1837.8062352941174 34
stats: size_rcv 161666 710223
stats: newphase 0 2
stats: size_sent 52446 139438
stats: connected -13 20
# stats: dump at 1733467944
stats: users 0 34
stats: {load,"tsung_controller@ip-172-31-41-210"} 1 0.0 0.0 0.0 0.0 0.0 3
stats: {cpu,"tsung_controller@ip-172-31-41-210"} 1 0.499001996007984 0.0 6.170664540236812 0.499001996007984 2.5884855487435794 3
stats: {freemem,"tsung_controller@ip-172-31-41-210"} 1 676.69921875 0.0 683.12109375 670.02734375 677.3619791666666 3
stats: session 18 16676.40027777778 1663.5811565275471 20147.854 13930.559 16966.169687499994 16
stats: users_count 0 34
stats: finish_users_count 18 34
stats: request 28 21.760071428571422 8.02492841502817 1632.72 5.132 159.04414761904766 210
stats: connect 0 0 0 17.885 1.207 2.488088235294118 34
stats: page 24 25.409624999999995 7.16974357870454 1876.324 13.16 298.32275892857143 112
stats: tr_CREATE_POST 4 4019.9545 6.2646692051535995 4344.883 4014.753 4032.5360999999994 30
stats: 302 24 102
stats: tr_CREATE_GROUP 20 4037.5583500000002 8.579678352216948 4531.242 4029.55 4089.4500714285714 14
stats: 200 4 136
stats: tr_SIGN_IN 0 0 0 2634.015 1271.144 1837.8062352941174 34
stats: size_rcv 47314 757537
stats: newphase 0 2
stats: size_sent 25278 164716
stats: connected -20 0
EndMonitor:{1733,467944,501286}
