# stats: dump at 1733514566
stats: users 4 4
stats: {freemem,"tsung_controller@ip-172-31-43-129"} 1 687.5859375 0 687.5859375 687.5859375 0 0
stats: {load,"tsung_controller@ip-172-31-43-129"} 1 0.0390625 0 0.0390625 0.0390625 0 0
stats: {cpu,"tsung_controller@ip-172-31-43-129"} 1 5.054228633518428 0 5.054228633518428 5.054228633518428 0 0
stats: users_count 4 4
stats: finish_users_count 0 0
stats: request 14 87.96357142857143 150.9408177109323 454.688 5.181 0 0
stats: connect 4 4.3425 4.8882220949952755 12.809 1.48 0 0
stats: page 7 176.34442857142858 185.50655919774846 467.617 13.412 0 0
stats: tr_SIGN_IN 3 1373.1286666666667 58.14046018240844 1455.194 1327.688 0 0
stats: 302 3 3
stats: 200 11 11
stats: size_rcv 53949 53949
stats: newphase 1 1
stats: size_sent 7363 7363
stats: connected 4 4
# stats: dump at 1733514576
stats: users 35 35
stats: {freemem,"tsung_controller@ip-172-31-43-129"} 1 686.76171875 0.0 687.5859375 686.76171875 687.5859375 1
stats: {load,"tsung_controller@ip-172-31-43-129"} 1 0.03125 0.0 0.0390625 0.03125 0.0390625 1
stats: {cpu,"tsung_controller@ip-172-31-43-129"} 1 0.399002493765586 0.0 5.054228633518428 0.399002493765586 5.054228633518428 1
stats: session 4 10872.644250000001 873.8750071138251 11712.397 9406.106 0 0
stats: users_count 35 39
stats: finish_users_count 4 4
stats: request 110 104.9454545454546 186.99434847500976 771.434 4.618 87.96357142857143 14
stats: connect 28 1.6524999999999999 0.796115905954834 12.809 1.223 4.3425 4
stats: page 57 202.6182456140351 235.71493290832206 796.439 11.153 176.34442857142858 7
stats: tr_CREATE_POST 4 4018.8050000000003 3.8618661292177108 4025.111 4015.373 0 0
stats: 302 29 32
stats: tr_SIGN_IN 25 1415.7429600000003 169.84888652292778 1772.82 1250.762 1373.1286666666667 3
stats: 200 81 92
stats: size_rcv 406531 460480
stats: newphase 2 3
stats: size_sent 60977 68340
stats: connected 24 28
# stats: dump at 1733514586
stats: users 152 152
stats: {freemem,"tsung_controller@ip-172-31-43-129"} 1 672.734375 0.0 687.5859375 672.734375 687.173828125 2
stats: {load,"tsung_controller@ip-172-31-43-129"} 1 0.01953125 0.0 0.0390625 0.01953125 0.03515625 2
stats: {cpu,"tsung_controller@ip-172-31-43-129"} 1 1.294820717131474 0.0 5.054228633518428 0.399002493765586 2.726615563642007 2
stats: session 9 11034.352444444443 1118.0034814220405 12794.292 9406.106 10872.644250000001 4
stats: users_count 126 165
stats: finish_users_count 9 13
stats: request 314 395.607656050955 735.9079742283164 3182.391 4.48 103.02814516129037 124
stats: page 150 508.4675999999997 829.1547445264405 3036.877 10.844 199.744546875 64
stats: connect 117 1.5272051282051282 0.4503007074757806 12.809 1.17 1.98875 32
stats: 302 64 96
stats: tr_CREATE_POST 9 4692.532111111112 843.651217302828 6354.301 4015.373 4018.8050000000003 4
stats: 200 250 342
stats: tr_SIGN_IN 55 2813.0623636363634 569.914527694823 4183.594 1250.762 1411.177142857143 28
stats: size_rcv 1202007 1662487
stats: newphase 2 5
stats: size_sent 216176 284516
stats: connected 108 136
# stats: dump at 1733514596
stats: users 617 617
stats: {freemem,"tsung_controller@ip-172-31-43-129"} 1 646.5625 0.0 687.5859375 646.5625 682.3606770833334 3
stats: {load,"tsung_controller@ip-172-31-43-129"} 1 0.01953125 0.0 0.0390625 0.01953125 0.029947916666666668 3
stats: {cpu,"tsung_controller@ip-172-31-43-129"} 1 3.3840117704757233 0.0 5.054228633518428 0.399002493765586 2.2493506148051625 3
stats: session 25 17443.811920000007 1817.1645605882336 20885.189 9406.106 10984.596076923077 13
stats: users_count 490 655
stats: finish_users_count 25 38
stats: request 447 3116.2763266219235 1695.9093823329922 8012.473 4.48 312.776926940639 438
stats: connect 458 1.6490152838427945 1.6052160738888734 22.078 1.009 1.6263288590604026 149
stats: page 194 5106.800103092787 2336.6438017981595 11022.482 10.844 416.1392102803736 214
stats: tr_CREATE_POST 25 8703.7966 999.9441956986593 10249.085 4015.373 4485.231461538462 13
stats: 302 86 182
stats: tr_SIGN_IN 65 6718.318523076922 1291.968961750447 9012.844 1250.762 2340.137228915663 83
stats: 200 348 690
stats: size_rcv 1688302 3350789
stats: newphase 1 6
stats: size_sent 343533 628049
stats: connected 433 569
stats: 500 13 13
# stats: dump at 1733514606
stats: users 1123 1150
stats: {freemem,"tsung_controller@ip-172-31-43-129"} 1 598.24609375 0.0 687.5859375 598.24609375 673.4111328125 4
stats: {load,"tsung_controller@ip-172-31-43-129"} 1 0.01953125 0.0 0.0390625 0.01953125 0.02734375 4
stats: {cpu,"tsung_controller@ip-172-31-43-129"} 1 6.705258080077183 0.0 6.705258080077183 0.399002493765586 2.5330159037228026 4
stats: session 40 21990.793725000003 3556.7726964264093 28744.343 8747.099 15234.080184210534 38
stats: users_count 546 1201
stats: finish_users_count 40 78
stats: connect 956 2.268215481171548 2.3066216673588595 22.078 0.807 1.6434464579901151 607
stats: tr_CREATE_POST 38 8624.756105263155 4800.297361090472 16263.315 4002.926 7260.603263157895 38
stats: tr_SIGN_IN 156 5647.782961538467 4967.398188134472 13699.207 1002.423 4262.987121621622 148
stats: page 296 5026.680918918915 5911.05932765791 20012.184 1.879 2646.502477941178 408
stats: 302 82 264
stats: error_send_einval 15 15
stats: 200 451 1141
stats: size_rcv 2142384 5493173
stats: newphase 1 7
stats: size_sent 494004 1122053
stats: connected 439 1008
stats: error_connection_closed 30 30
stats: error_abort_max_send_retries 1 1
stats: 500 19 32
stats: request 882 5013.891984126982 4101.819364572472 12698.134 0.172 1728.7817084745761 885
# stats: dump at 1733514616
stats: users 1095 1150
stats: {freemem,"tsung_controller@ip-172-31-43-129"} 1 520.19140625 0.0 687.5859375 520.19140625 658.378125 5
stats: {load,"tsung_controller@ip-172-31-43-129"} 1 0.01171875 0.0 0.0390625 0.01171875 0.02578125 5
stats: {cpu,"tsung_controller@ip-172-31-43-129"} 1 8.261287223823247 0.0 8.261287223823247 0.399002493765586 3.367464338993679 5
stats: session 28 30633.802428571427 2333.7854300660874 33990.348 8747.099 18699.06148717949 78
stats: users_count 0 1201
stats: finish_users_count 28 106
stats: request 1154 9954.691265164625 2484.020947732592 16540.33 0.172 3368.548127900395 1767
stats: connect 441 1.5843628117913833 0.9065240008180775 22.078 0.807 2.0255828534868843 1563
stats: page 610 17288.123383606555 3584.4861491390534 24184.773 1.879 3647.259322443181 704
stats: tr_CREATE_POST 24 16302.635625000003 3038.1331236994847 18711.945 4002.926 7942.679684210526 76
stats: 302 95 359
stats: tr_SIGN_IN 102 12544.514264705886 4927.055545126415 17540.868 1002.08 4973.606039473688 304
stats: error_send_einval 1 16
stats: 200 980 2121
stats: size_rcv 4561015 10054188
stats: newphase 0 7
stats: 422 34 34
stats: size_sent 657815 1779868
stats: connected -19 989
stats: error_connection_closed 3 33
stats: error_abort_max_send_retries 0 1
stats: 500 2 34
# stats: dump at 1733514626
stats: users 1061 1150
stats: {freemem,"tsung_controller@ip-172-31-43-129"} 1 385.66015625 0.0 687.5859375 385.66015625 635.3470052083334 6
stats: {load,"tsung_controller@ip-172-31-43-129"} 1 0.01171875 0.0 0.0390625 0.01171875 0.0234375 6
stats: {cpu,"tsung_controller@ip-172-31-43-129"} 1 7.632474477394263 0.0 8.261287223823247 0.399002493765586 4.183101486465273 6
stats: session 34 30125.822588235293 6963.101883956174 42367.846 8747.099 21851.634566037734 106
stats: users_count 0 1201
stats: finish_users_count 34 140
stats: tr_CREATE_POST 37 15747.876729729733 1461.8693292681835 18711.945 4002.926 9949.06911 100
stats: request 466 10661.883412017167 2288.3855560788606 16540.33 0.172 5970.536892160211 2921
stats: tr_SIGN_IN 89 13730.090808988765 2903.656366132229 17540.868 1002.08 6875.65687438424 406
stats: connect 417 1.5569880095923267 0.5931501298953237 22.078 0.807 1.928488023952096 2004
stats: page 377 19785.25227586207 3502.112794375928 31055.76 1.879 9979.776124048705 1314
stats: 302 88 447
stats: error_send_einval 0 16
stats: 200 324 2445
stats: size_rcv 1653371 11707559
stats: newphase 0 7
stats: 422 38 72
stats: size_sent 462993 2242861
stats: connected 11 1000
stats: error_connection_closed 2 35
stats: error_abort_max_send_retries 0 1
stats: 500 13 47
# stats: dump at 1733514636
stats: users 1025 1150
stats: {freemem,"tsung_controller@ip-172-31-43-129"} 1 343.6953125 0.0 687.5859375 343.6953125 599.6774553571429 7
stats: {load,"tsung_controller@ip-172-31-43-129"} 1 0.01171875 0.0 0.0390625 0.01171875 0.021763392857142856 7
stats: {cpu,"tsung_controller@ip-172-31-43-129"} 1 4.146100691016782 0.0 8.261287223823247 0.399002493765586 4.675869056597986 7
stats: session 36 38182.02175000001 6725.5650609296345 51867.718 8747.099 23861.080228571427 140
stats: users_count 0 1201
stats: finish_users_count 36 176
stats: request 164 18364.777579268302 2266.932391955255 22833.73 0.172 6615.995255978734 3387
stats: tr_CREATE_POST 37 21662.104594594595 1605.5014081507288 24962.919 4002.926 11515.170437956205 137
stats: connect 58 1.5703793103448276 0.3202440248217086 22.078 0.807 1.8644997934737715 2421
stats: tr_SIGN_IN 91 20149.424054945055 2111.7230175211944 23834.717 1002.08 8108.0702484848525 495
stats: page 73 23656.48094520547 6939.275631087195 37491.052 1.879 12165.858033707864 1691
stats: 302 100 547
stats: error_send_einval 0 16
stats: 200 13 2458
stats: size_rcv 273845 11981404
stats: newphase 0 7
stats: 422 28 100
stats: size_sent 116786 2359647
stats: connected -15 985
stats: error_connection_closed 0 35
stats: error_abort_max_send_retries 0 1
stats: 500 23 70
# stats: dump at 1733514646
stats: users 1004 1150
stats: {freemem,"tsung_controller@ip-172-31-43-129"} 1 339.6015625 0.0 687.5859375 339.6015625 567.6796875 8
stats: {load,"tsung_controller@ip-172-31-43-129"} 1 0.01171875 0.0 0.0390625 0.01171875 0.0205078125 8
stats: {cpu,"tsung_controller@ip-172-31-43-129"} 1 1.4449427005480817 0.0 8.261287223823247 0.399002493765586 4.609648010900336 8
stats: session 21 45729.19357142857 6136.186501299193 56414.479 8747.099 26790.36372159091 176
stats: users_count 0 1201
stats: finish_users_count 21 197
stats: request 136 26536.704801470587 2499.914675706604 31082.477 0.172 7158.603056885378 3551
stats: page 30 29546.513200000005 6076.228819221938 43492.383 1.879 12641.377009070295 1764
stats: connect 39 1.5654615384615387 0.3987611486202175 22.078 0.807 1.8576183945139173 2479
stats: tr_CREATE_POST 22 30158.029045454543 2269.9825029086855 34008.769 4002.926 13672.85183908046 174
stats: 302 77 624
stats: tr_SIGN_IN 106 27810.184198113206 2487.0146758419055 32083.574 1002.08 9977.973313993176 586
stats: error_send_einval 0 16
stats: 200 4 2462
stats: size_rcv 211369 12192773
stats: newphase 0 7
stats: 422 19 119
stats: size_sent 104256 2463903
stats: connected 9 994
stats: error_connection_closed 0 35
stats: error_abort_max_send_retries 0 1
stats: 500 36 106
# stats: dump at 1733514656
stats: users 988 1150
stats: {freemem,"tsung_controller@ip-172-31-43-129"} 1 334.6015625 0.0 687.5859375 334.6015625 542.3376736111111 9
stats: {load,"tsung_controller@ip-172-31-43-129"} 1 0.01171875 0.0 0.0390625 0.01171875 0.01953125 9
stats: {cpu,"tsung_controller@ip-172-31-43-129"} 1 2.243270189431705 0.0 8.261287223823247 0.399002493765586 4.258014087527863 9
stats: session 16 59051.3923125 5166.816580631777 68172.573 8747.099 28809.22375634518 197
stats: users_count 0 1201
stats: finish_users_count 16 213
stats: request 135 35390.04071851853 2533.412953387425 39926.914 0.172 7873.390644968803 3687
stats: page 32 41122.01953124999 7755.185705759429 54425.4 1.879 12924.0715942029 1794
stats: tr_CREATE_POST 16 38392.30681249999 2580.3354016494964 42881.613 4002.926 15523.22887244898 196
stats: connect 10 1.5511 0.35625509119169096 22.078 0.807 1.8530933280381259 2518
stats: 302 80 704
stats: tr_SIGN_IN 103 36624.7183592233 2554.0461711439602 40927.982 1002.08 12709.496946531792 692
stats: error_send_einval 0 16
stats: 200 7 2469
stats: size_rcv 216127 12408900
stats: newphase 0 7
stats: 422 14 133
stats: size_sent 79440 2543343
stats: connected -22 972
stats: error_connection_closed 0 35
stats: error_abort_max_send_retries 0 1
stats: 500 34 140
# stats: dump at 1733514666
stats: users 981 1150
stats: {freemem,"tsung_controller@ip-172-31-43-129"} 1 330.609375 0.0 687.5859375 330.609375 521.5640625 10
stats: {load,"tsung_controller@ip-172-31-43-129"} 1 0.0 0.0 0.0390625 0.0 0.01875 10
stats: {cpu,"tsung_controller@ip-172-31-43-129"} 1 2.4 0.0 8.261287223823247 0.399002493765586 4.0565396977182475 10
stats: session 7 70437.23885714286 1932.6884706688047 72925.411 8747.099 31080.93594835681 213
stats: users_count 0 1201
stats: finish_users_count 7 220
stats: request 126 44223.54083333333 4722.116177116044 49068.646 0.172 8845.3288343799 3822
stats: tr_CREATE_POST 7 48678.97114285715 1377.16669469483 49689.09 4002.926 17249.197018867926 212
stats: tr_SIGN_IN 110 45454.556609090905 2679.898813225137 50069.317 1002.08 15807.9470163522 795
stats: page 16 50515.24537499999 6774.385135181118 63817.424 1.879 13418.230594194962 1826
stats: 302 79 783
stats: error_send_einval 0 16
stats: 200 2 2471
stats: size_rcv 181966 12590866
stats: newphase 0 7
stats: 422 7 140
stats: size_sent 88959 2632302
stats: connected 0 972
stats: error_connection_closed 0 35
stats: error_abort_max_send_retries 0 1
stats: 500 37 177
stats: connect 16 1.5430624999999998 0.34012469565403514 22.078 0.807 1.8518987341772157 2528
# stats: dump at 1733514676
stats: users 974 1150
stats: {freemem,"tsung_controller@ip-172-31-43-129"} 1 326.06640625 0.0 687.5859375 326.06640625 504.20454545454544 11
stats: {load,"tsung_controller@ip-172-31-43-129"} 1 0.0 0.0 0.0390625 0.0 0.017045454545454544 11
stats: {cpu,"tsung_controller@ip-172-31-43-129"} 1 1.4478282576135795 0.0 8.261287223823247 0.399002493765586 3.905945179743861 11
stats: session 7 81937.56871428574 5217.183419577668 85831.261 8747.099 32333.181950000006 220
stats: users_count 0 1201
stats: finish_users_count 7 227
stats: connect 8 1.632875 0.13785176594806461 22.078 0.807 1.849956367924529 2544
stats: 302 79 862
stats: page 17 58582.854352941176 6433.872770546504 65970.993 1.879 13740.463078718783 1842
stats: error_send_einval 0 16
stats: 200 6 2477
stats: size_rcv 182906 12773772
stats: tr_CREATE_POST 7 55087.705714285716 1691.6194463196446 57643.292 4002.926 18253.80167123288 219
stats: newphase 0 7
stats: tr_SIGN_IN 102 54418.5453235294 2370.219033356791 58610.986 1002.08 19411.402325966847 905
stats: 422 3 143
stats: size_sent 76988 2709290
stats: connected -9 963
stats: error_connection_closed 0 35
stats: error_abort_max_send_retries 0 1
stats: 500 31 208
stats: request 119 53095.529798319345 2443.0238734458208 57610.243 0.172 9974.420706686924 3948
# stats: dump at 1733514686
stats: users 906 1150
stats: {freemem,"tsung_controller@ip-172-31-43-129"} 1 322.35546875 0.0 687.5859375 322.35546875 489.3597005208333 12
stats: {load,"tsung_controller@ip-172-31-43-129"} 1 0.0 0.0 0.0390625 0.0 0.015625 12
stats: {cpu,"tsung_controller@ip-172-31-43-129"} 1 0.6993006993006993 0.0 8.261287223823247 0.399002493765586 3.701102102899671 12
stats: session 68 95065.92476470582 4120.000858546142 99363.634 8747.099 33862.832643171816 227
stats: users_count 0 1201
stats: finish_users_count 68 295
stats: request 328 59887.7099085366 401.812563267122 60009.287 0.172 11236.139905581504 4067
stats: tr_CREATE_POST 67 63975.739955223886 214.4597791392608 64008.514 4002.926 19394.67480530974 226
stats: connect 11 1.6747272727272728 0.4625862260475615 22.078 0.807 1.8492758620689662 2552
stats: page 134 66721.60264925376 7021.469824231464 75886.222 1.879 14150.533359332974 1859
stats: 302 19 881
stats: tr_SIGN_IN 194 60842.24651030929 456.89453663578735 61010.964 1002.08 22957.30956107249 1007
stats: error_send_einval 0 16
stats: 504 294 294
stats: 200 0 2477
stats: size_rcv 142301 12916073
stats: newphase 0 7
stats: 422 2 145
stats: size_sent 124880 2834170
stats: connected -63 900
stats: error_connection_closed 0 35
stats: error_abort_max_send_retries 0 1
stats: 500 13 221
# stats: dump at 1733514696
stats: users 849 1150
stats: {freemem,"tsung_controller@ip-172-31-43-129"} 1 316.578125 0.0 687.5859375 316.578125 476.51322115384613 13
stats: {load,"tsung_controller@ip-172-31-43-129"} 1 0.0 0.0 0.0390625 0.0 0.014423076923076924 13
stats: {cpu,"tsung_controller@ip-172-31-43-129"} 1 2.1457085828343314 0.0 8.261287223823247 0.399002493765586 3.470194302622827 13
stats: session 57 101012.67649122806 3135.3670823458583 107221.46 8747.099 47970.66404745762 295
stats: users_count 0 1201
stats: finish_users_count 57 352
stats: request 146 60001.86583561645 0.8955302020872276 60009.287 0.172 14867.019305119451 4395
stats: tr_CREATE_POST 56 64003.99644642859 0.4418502865248251 64008.514 4002.926 29588.979805460753 293
stats: connect 7 2.1341428571428573 1.0268089860716798 22.078 0.807 1.8485267264923921 2563
stats: page 146 71973.67523972604 9586.173725398674 82969.432 1.879 17685.16621675866 1993
stats: 302 0 881
stats: tr_SIGN_IN 0 0 0 61010.964 1002.08 29076.941341382182 1201
stats: error_send_einval 0 16
stats: 504 146 440
stats: 200 0 2477
stats: size_rcv 45990 12962063
stats: newphase 0 7
stats: 422 0 145
stats: size_sent 45294 2879464
stats: connected -49 851
stats: error_connection_closed 0 35
stats: error_abort_max_send_retries 0 1
stats: 500 0 221
# stats: dump at 1733514706
stats: users 615 1150
stats: {freemem,"tsung_controller@ip-172-31-43-129"} 1 315.7578125 0.0 687.5859375 315.7578125 465.0892857142857 14
stats: {load,"tsung_controller@ip-172-31-43-129"} 1 0.0 0.0 0.0390625 0.0 0.013392857142857142 14
stats: {cpu,"tsung_controller@ip-172-31-43-129"} 1 1.394422310756972 0.0 8.261287223823247 0.399002493765586 3.3755881797807916 14
stats: session 234 106946.42395726495 3817.891533338155 112350.405 8747.099 56559.853562499986 352
stats: users_count 0 1201
stats: finish_users_count 234 586
stats: request 845 30389.143382248432 18473.6701357291 60009.287 0.172 16318.172706011888 4541
stats: tr_CREATE_POST 234 22072.434452991452 22022.258221780037 64008.514 4002.926 35111.1601260745 349
stats: connect 0 0 0 22.078 0.807 1.849304669260701 2570
stats: page 845 63935.78883313616 30719.038848186334 84484.599 1.879 21390.693246844323 2139
stats: 302 329 1210
stats: tr_SIGN_IN 0 0 0 61010.964 1002.08 29076.941341382182 1201
stats: error_send_einval 0 16
stats: 504 32 472
stats: 200 293 2770
stats: size_rcv 2222359 15184422
stats: newphase 0 7
stats: 422 191 336
stats: size_sent 79578 2959042
stats: connected -234 617
stats: error_connection_closed 0 35
stats: error_abort_max_send_retries 0 1
stats: 500 0 221
# stats: dump at 1733514716
stats: users 0 1150
stats: {freemem,"tsung_controller@ip-172-31-43-129"} 1 328.66796875 0.0 687.5859375 315.7578125 455.13385416666665 15
stats: {load,"tsung_controller@ip-172-31-43-129"} 1 0.0 0.0 0.0390625 0.0 0.0125 15
stats: {cpu,"tsung_controller@ip-172-31-43-129"} 1 5.750487329434698 0.0 8.261287223823247 0.399002493765586 3.2435104551792038 15
stats: session 615 112691.65114146352 1996.1343830476414 117328.041 8747.099 76680.08815699659 586
stats: users_count 0 1201
stats: finish_users_count 615 1201
stats: connect 0 0 0 22.078 0.807 1.849304669260701 2570
stats: tr_CREATE_POST 617 4014.149536466777 9.639800262178772 64008.514 4002.926 29877.777951972555 583
stats: request 617 12.981210696920586 9.56845865784491 60009.287 0.172 18525.742372075736 5386
stats: page 617 12.981210696920586 9.56845865784491 84484.599 1.879 33438.4833843834 2984
stats: 302 293 1503
stats: tr_SIGN_IN 0 0 0 61010.964 1002.08 29076.941341382182 1201
stats: error_send_einval 0 16
stats: 504 0 472
stats: 200 0 2770
stats: size_rcv 967859 16152281
stats: newphase 0 7
stats: 422 324 660
stats: size_sent 551111 3510153
stats: connected -617 0
stats: error_connection_closed 0 35
stats: error_abort_max_send_retries 0 1
stats: 500 0 221
# stats: dump at 1733514716
stats: users 0 1150
stats: {freemem,"tsung_controller@ip-172-31-43-129"} 0 0 0 687.5859375 315.7578125 447.229736328125 16
stats: {load,"tsung_controller@ip-172-31-43-129"} 0 0 0 0.0390625 0.0 0.01171875 16
stats: {cpu,"tsung_controller@ip-172-31-43-129"} 0 0 0 8.261287223823247 0.399002493765586 3.400196509820172 16
stats: session 0 0 0 117328.041 8747.099 95120.64705412161 1201
stats: users_count 0 1201
stats: finish_users_count 0 1201
stats: request 0 0 0 60009.287 0.172 16622.96482142261 6003
stats: connect 0 0 0 22.078 0.807 1.849304669260701 2570
stats: page 0 0 0 84484.599 1.879 27711.314586503766 3601
stats: tr_CREATE_POST 0 0 0 64008.514 4002.926 16579.562341666668 1200
stats: 302 0 1503
stats: tr_SIGN_IN 0 0 0 61010.964 1002.08 29076.941341382182 1201
stats: error_send_einval 0 16
stats: 504 0 472
stats: 200 0 2770
stats: size_rcv 0 16152281
stats: newphase 0 7
stats: 422 0 660
stats: size_sent 0 3510153
stats: connected 0 0
stats: error_connection_closed 0 35
stats: error_abort_max_send_retries 0 1
stats: 500 0 221
EndMonitor:{1733,514716,655219}
