# stats: dump at 1733514055
stats: users 10 10
stats: {freemem,"tsung_controller@ip-172-31-43-129"} 1 680.515625 0 680.515625 680.515625 0 0
stats: {load,"tsung_controller@ip-172-31-43-129"} 1 0.05859375 0 0.05859375 0.05859375 0 0
stats: {cpu,"tsung_controller@ip-172-31-43-129"} 1 13.534072232289605 0 13.534072232289605 13.534072232289605 0 0
stats: users_count 10 10
stats: finish_users_count 0 0
stats: request 26 88.85953846153846 152.9222634373 548.215 5.407 0 0
stats: connect 8 2.5968750000000003 2.0869828962823345 7.994 1.457 0 0
stats: page 13 177.9813076923077 207.78863082076185 649.946 12.733 0 0
stats: tr_SIGN_IN 5 1390.0932 90.3032359872004 1548.75 1300.764 0 0
stats: 302 5 5
stats: 200 21 21
stats: size_rcv 101775 101775
stats: newphase 1 1
stats: size_sent 13942 13942
stats: connected 8 8
# stats: dump at 1733514065
stats: users 48 49
stats: {freemem,"tsung_controller@ip-172-31-43-129"} 1 677.1640625 0.0 680.515625 677.1640625 680.515625 1
stats: {load,"tsung_controller@ip-172-31-43-129"} 1 0.05078125 0.0 0.05859375 0.05078125 0.05859375 1
stats: {cpu,"tsung_controller@ip-172-31-43-129"} 1 1.2444001991040319 0.0 13.534072232289605 1.2444001991040319 13.534072232289605 1
stats: session 9 11817.105222222222 2060.396072126683 15131.513 9749.077 0 0
stats: users_count 47 57
stats: finish_users_count 9 9
stats: request 165 123.69447272727271 244.3089511255274 1165.626 4.712 88.85953846153846 26
stats: connect 46 1.5990869565217394 0.36967969838102427 7.994 1.273 2.5968750000000003 8
stats: page 84 203.97940476190465 269.4837954935289 1188.773 11.622 177.9813076923077 13
stats: tr_CREATE_POST 6 4094.8179999999998 118.43935950237706 4334.516 4015.471 0 0
stats: 302 41 46
stats: tr_SIGN_IN 35 1518.5741428571428 283.1652794775662 2166.467 1272.081 1390.0932 5
stats: 200 124 145
stats: size_rcv 615020 716795
stats: newphase 2 3
stats: size_sent 96903 110845
stats: connected 40 48
# stats: dump at 1733514075
stats: users 218 218
stats: {freemem,"tsung_controller@ip-172-31-43-129"} 1 661.0546875 0.0 680.515625 661.0546875 678.83984375 2
stats: {load,"tsung_controller@ip-172-31-43-129"} 1 0.0390625 0.0 0.05859375 0.0390625 0.0546875 2
stats: {cpu,"tsung_controller@ip-172-31-43-129"} 1 1.4413518886679921 0.0 13.534072232289605 1.2444001991040319 7.389236215696818 2
stats: session 12 12566.765083333332 2347.096707737613 17333.433 9749.077 11817.105222222222 9
stats: users_count 182 239
stats: finish_users_count 12 21
stats: request 343 771.5353148688047 1169.163703879682 5070.692 4.712 118.95254450261777 191
stats: page 155 853.9848516129032 1402.4080709656507 6432.745 11.622 200.4951237113401 97
stats: 302 81 127
stats: connect 172 1.59931976744186 0.4701763858333325 7.994 1.163 1.7469074074074076 54
stats: tr_CREATE_POST 15 5024.840800000001 1085.504820973246 6594.172 4013.894 4094.8179999999998 6
stats: 200 262 407
stats: tr_SIGN_IN 66 3306.839545454544 1154.3762555981982 6071.318 1272.081 1502.514025 40
stats: size_rcv 1276748 1993543
stats: newphase 2 5
stats: size_sent 246689 357534
stats: connected 157 205
# stats: dump at 1733514085
stats: users 934 934
stats: {freemem,"tsung_controller@ip-172-31-43-129"} 1 629.5078125 0.0 680.515625 629.5078125 672.9114583333334 3
stats: {load,"tsung_controller@ip-172-31-43-129"} 1 0.03125 0.0 0.05859375 0.03125 0.049479166666666664 3
stats: {cpu,"tsung_controller@ip-172-31-43-129"} 1 3.787506148548942 0.0 13.534072232289605 1.2444001991040319 5.40660810668721 3
stats: session 35 18436.773600000004 1707.8230200872551 22058.452 9749.077 12245.482285714284 21
stats: users_count 751 990
stats: finish_users_count 35 56
stats: request 632 3329.711482594941 1574.677490333657 8209.899 4.712 538.1208782771536 534
stats: connect 715 1.7216237762237756 1.3679291274099368 15.318 1.037 1.6345840707964598 226
stats: page 263 5771.556144486692 2305.6183740355614 12882.546 11.622 602.4431706349206 252
stats: tr_CREATE_POST 35 9038.922657142857 816.2155338811265 10428.464 4013.894 4759.12 21
stats: 302 104 231
stats: tr_SIGN_IN 69 7191.077898550726 841.3364670779414 9210.242 1272.081 2625.961990566037 106
stats: 200 514 921
stats: size_rcv 2452220 4445763
stats: newphase 2 7
stats: size_sent 465975 823509
stats: connected 680 885
stats: 500 14 14
# stats: dump at 1733514095
stats: users 1143 1177
stats: {freemem,"tsung_controller@ip-172-31-43-129"} 1 547.078125 0.0 680.515625 547.078125 662.060546875 4
stats: {load,"tsung_controller@ip-172-31-43-129"} 1 0.109375 0.0 0.109375 0.03125 0.044921875 4
stats: {cpu,"tsung_controller@ip-172-31-43-129"} 1 7.9769341662662185 0.0 13.534072232289605 1.2444001991040319 5.001832617152643 4
stats: session 37 22447.39413513514 2266.6598326529083 26875.305 9749.077 16115.03935714286 56
stats: users_count 246 1236
stats: finish_users_count 37 93
stats: request 930 5543.247167741945 4790.590502464989 13688.282 0.138 2051.230022298459 1166
stats: page 357 5214.402974789909 5714.696970226155 19928.461 1.664 3242.203776699029 515
stats: connect 689 1.6975283018867917 1.1725941083589306 18.182 0.851 1.7007194473963863 941
stats: tr_CREATE_POST 37 6531.529135135134 4484.3560595785575 16165.314 4002.785 7433.996660714286 56
stats: 302 70 301
stats: tr_SIGN_IN 185 5709.578654054051 5263.955835571573 14689.063 1001.82 4425.921977142857 175
stats: error_send_einval 8 8
stats: 200 468 1389
stats: size_rcv 2216995 6662758
stats: newphase 0 7
stats: size_sent 497039 1320548
stats: connected 103 988
stats: error_connection_closed 6 6
stats: 500 28 42
# stats: dump at 1733514105
stats: users 1089 1177
stats: {freemem,"tsung_controller@ip-172-31-43-129"} 1 481.83203125 0.0 680.515625 481.83203125 639.0640625 5
stats: {load,"tsung_controller@ip-172-31-43-129"} 1 0.08984375 0.0 0.109375 0.03125 0.0578125 5
stats: {cpu,"tsung_controller@ip-172-31-43-129"} 1 7.000486144871172 0.0 13.534072232289605 1.2444001991040319 5.596852926975358 5
stats: session 54 23456.745166666682 7713.009462929469 37268.348 9749.077 18634.36330107527 93
stats: users_count 0 1236
stats: finish_users_count 54 147
stats: request 764 10600.42078926699 4884.020936738291 18290.169 0.106 3600.646026717563 2096
stats: connect 323 1.54391640866873 0.5645105355219473 18.182 0.851 1.6993705521472389 1630
stats: page 273 13511.463362637356 8458.760164005218 26055.703 1.664 4049.629365825685 872
stats: 302 86 387
stats: tr_CREATE_POST 51 8129.118980392154 6436.271926424843 20328.942 4002.722 7074.950440860216 93
stats: error_send_einval 0 8
stats: tr_SIGN_IN 119 12086.420890756306 7400.873449093713 19292.578 1001.82 5085.578880555554 360
stats: 200 526 1915
stats: size_rcv 2508116 9170874
stats: newphase 0 7
stats: 422 10 10
stats: size_sent 478921 1799469
stats: connected 13 1001
stats: error_connection_closed 8 14
stats: 500 20 62
# stats: dump at 1733514115
stats: users 1029 1177
stats: {freemem,"tsung_controller@ip-172-31-43-129"} 1 431.90234375 0.0 680.515625 431.90234375 612.8587239583334 6
stats: {load,"tsung_controller@ip-172-31-43-129"} 1 0.078125 0.0 0.109375 0.03125 0.06315104166666667 6
stats: {cpu,"tsung_controller@ip-172-31-43-129"} 1 4.764243614931238 0.0 13.534072232289605 1.2444001991040319 5.83079179662466 6
stats: session 60 33551.99011666666 6615.27658263976 44031.176 9749.077 20405.85051700681 147
stats: users_count 0 1236
stats: finish_users_count 60 207
stats: request 767 15166.412861799226 1748.7912988731314 21746.242 0.106 5470.515928321675 2860
stats: page 684 25083.854571637436 3400.1659577825 32911.509 1.664 6305.59502620087 1145
stats: tr_CREATE_POST 63 19669.51744444444 2797.813246015616 24112.353 4002.722 7448.30179861111 144
stats: 302 104 491
stats: tr_SIGN_IN 83 19033.343012048193 2256.1859786023774 22747.522 1001.82 6824.827730688935 479
stats: error_send_einval 0 8
stats: 200 600 2515
stats: size_rcv 2927479 12098353
stats: newphase 0 7
stats: 422 57 67
stats: size_sent 556798 2356267
stats: connected -31 970
stats: error_connection_closed 1 15
stats: 500 5 67
stats: connect 158 1.7351962025316456 1.0794047554377035 18.182 0.851 1.673660522273425 1953
# stats: dump at 1733514125
stats: users 973 1177
stats: {freemem,"tsung_controller@ip-172-31-43-129"} 1 334.578125 0.0 680.515625 334.578125 587.0078125 7
stats: {load,"tsung_controller@ip-172-31-43-129"} 1 0.0703125 0.0 0.109375 0.03125 0.06529017857142858 7
stats: {cpu,"tsung_controller@ip-172-31-43-129"} 1 6.741028128031037 0.0 13.534072232289605 1.2444001991040319 5.678427770668457 7
stats: session 56 39897.28528571429 7979.439704391227 53510.356 9749.077 24216.325763285025 207
stats: users_count 0 1236
stats: finish_users_count 56 263
stats: 302 98 589
stats: error_send_einval 0 8
stats: request 240 19334.843491666656 2041.1125784978617 23426.294 0.106 7520.902735042735 3627
stats: 200 81 2596
stats: size_rcv 617137 12715490
stats: connect 72 1.5417638888888892 0.2957767783056617 18.182 0.851 1.6782662245381332 2111
stats: newphase 0 7
stats: 422 44 111
stats: page 160 28502.49299375002 8450.847945585387 39134.429 1.664 13328.191816293058 1829
stats: size_sent 153674 2509941
stats: connected 3 973
stats: error_connection_closed 0 15
stats: tr_CREATE_POST 56 21767.58257142858 1405.8216460870053 25635.445 4002.722 11167.802212560382 207
stats: 500 17 84
stats: tr_SIGN_IN 80 21979.613112500003 1448.8574828020924 24426.706 1001.82 8627.86468505338 562
# stats: dump at 1733514135
stats: users 950 1177
stats: {freemem,"tsung_controller@ip-172-31-43-129"} 1 322.91796875 0.0 680.515625 322.91796875 555.4541015625 8
stats: {load,"tsung_controller@ip-172-31-43-129"} 1 0.05859375 0.0 0.109375 0.03125 0.06591796875 8
stats: {cpu,"tsung_controller@ip-172-31-43-129"} 1 1.4463840399002494 0.0 13.534072232289605 1.2444001991040319 5.81125281533878 8
stats: session 23 53771.96091304348 4803.789441196697 59947.601 9749.077 27555.237296577947 263
stats: users_count 0 1236
stats: finish_users_count 23 286
stats: request 139 22333.83451798561 1975.4453611758915 25893.536 0.106 8254.118608223427 3867
stats: connect 0 0 0 18.182 0.851 1.673764086120018 2183
stats: tr_CREATE_POST 23 24664.030217391308 1811.6040575091322 28086.515 4002.722 13424.789665399237 263
stats: page 48 30501.450020833334 9715.294565710146 44467.864 1.664 14548.849527903472 1989
stats: tr_SIGN_IN 91 24056.92748351648 1767.351359688024 26894.432 1001.82 10291.633959501558 642
stats: 302 88 677
stats: error_send_einval 0 8
stats: 200 19 2615
stats: size_rcv 255081 12970571
stats: newphase 0 7
stats: 422 9 120
stats: size_sent 116837 2626778
stats: connected -23 950
stats: error_connection_closed 0 15
stats: 500 23 107
# stats: dump at 1733514145
stats: users 939 1177
stats: {freemem,"tsung_controller@ip-172-31-43-129"} 1 315.47265625 0.0 680.515625 315.47265625 529.6167534722222 9
stats: {load,"tsung_controller@ip-172-31-43-129"} 1 0.05078125 0.0 0.109375 0.03125 0.06510416666666667 9
stats: {cpu,"tsung_controller@ip-172-31-43-129"} 1 1.3916500994035785 0.0 13.534072232289605 1.2444001991040319 5.32626739584561 9
stats: session 11 63010.549454545464 4147.013168717443 71271.126 9749.077 29663.575209790208 286
stats: users_count 0 1236
stats: finish_users_count 11 297
stats: connect 0 0 0 18.182 0.851 1.673764086120018 2183
stats: page 18 36547.13177777777 8573.325740291679 53541.676 1.664 14924.757639666179 2037
stats: 302 82 759
stats: request 126 30382.86431746032 2594.6351085469305 34988.647 0.106 8742.655930104842 4006
stats: error_send_einval 0 8
stats: 200 2 2617
stats: size_rcv 181586 13152157
stats: tr_CREATE_POST 10 33327.2632 2329.344563082233 37867.421 4002.722 14328.644674825173 286
stats: newphase 0 7
stats: tr_SIGN_IN 108 31630.145759259252 2552.2742418942285 35989.748 1001.82 12000.558530695773 733
stats: 422 7 127
stats: size_sent 112593 2739371
stats: connected -10 940
stats: error_connection_closed 0 15
stats: 500 35 142
# stats: dump at 1733514155
stats: users 929 1177
stats: {freemem,"tsung_controller@ip-172-31-43-129"} 1 309.9765625 0.0 680.515625 309.9765625 508.20234375 10
stats: {load,"tsung_controller@ip-172-31-43-129"} 1 0.0390625 0.0 0.109375 0.03125 0.063671875 10
stats: {cpu,"tsung_controller@ip-172-31-43-129"} 1 0.9965122072745392 0.0 13.534072232289605 0.9965122072745392 4.932805666201407 10
stats: session 10 74397.6681 5797.623680745406 82224.627 9749.077 30898.648329966327 297
stats: users_count 0 1236
stats: finish_users_count 10 307
stats: request 131 39556.71340458012 2707.1851617168845 44169.397 0.106 9402.546118102613 4132
stats: connect 0 0 0 18.182 0.851 1.673764086120018 2183
stats: page 20 48842.13799999999 9323.65077673165 61795.278 1.664 15114.150697810222 2055
stats: tr_CREATE_POST 10 43973.0856 2871.2583033012634 47639.386 4002.722 14970.48989527027 296
stats: tr_SIGN_IN 111 40517.37270270267 2754.3957428016365 45170.467 1001.82 14521.361646848989 841
stats: 302 76 835
stats: error_send_einval 0 8
stats: 200 6 2623
stats: size_rcv 208154 13360311
stats: newphase 0 7
stats: 422 8 135
stats: size_sent 81111 2820482
stats: connected -10 930
stats: error_connection_closed 0 15
stats: 500 41 183
# stats: dump at 1733514165
stats: users 906 1177
stats: {freemem,"tsung_controller@ip-172-31-43-129"} 1 304.71875 0.0 680.515625 304.71875 490.1818181818182 11
stats: {load,"tsung_controller@ip-172-31-43-129"} 1 0.03125 0.0 0.109375 0.03125 0.06143465909090909 11
stats: {cpu,"tsung_controller@ip-172-31-43-129"} 1 0.65 0.0 13.534072232289605 0.65 4.574960806298964 11
stats: session 23 81326.21526086955 5188.714805837858 88892.23 9749.077 32315.55451140065 307
stats: users_count 0 1236
stats: finish_users_count 23 330
stats: request 141 48430.3354609929 2529.98481470369 53120.639 0.106 10329.169602627255 4263
stats: connect 0 0 0 18.182 0.851 1.673764086120018 2183
stats: page 34 53299.57347058824 8742.525479756676 74402.68 1.664 15439.239732048196 2075
stats: 302 81 916
stats: error_send_einval 0 8
stats: tr_CREATE_POST 24 52049.28804166665 1863.2334440791262 54133.611 4002.722 15918.287140522874 306
stats: 200 5 2628
stats: tr_SIGN_IN 107 49545.639803738326 2593.1788771389765 54121.552 1001.82 17552.409154411762 952
stats: size_rcv 221033 13581344
stats: newphase 0 7
stats: 422 20 155
stats: size_sent 80467 2900949
stats: connected -24 906
stats: error_connection_closed 0 15
stats: 500 35 218
# stats: dump at 1733514175
stats: users 891 1177
stats: {freemem,"tsung_controller@ip-172-31-43-129"} 1 300.2109375 0.0 680.515625 300.2109375 474.7265625 12
stats: {load,"tsung_controller@ip-172-31-43-129"} 1 0.03125 0.0 0.109375 0.03125 0.058919270833333336 12
stats: {cpu,"tsung_controller@ip-172-31-43-129"} 1 0.5499999999999999 0.0 13.534072232289605 0.5499999999999999 4.2478807391073845 12
stats: session 15 94774.43446666669 4626.10796197095 102043.039 9749.077 35731.44904848484 330
stats: users_count 0 1236
stats: finish_users_count 15 345
stats: request 177 57611.875728813575 2360.445436468699 60004.885 0.106 11549.029817438688 4404
stats: connect 0 0 0 18.182 0.851 1.673764086120018 2183
stats: page 35 67893.4514857143 9423.300530499597 79631.561 1.664 16049.60073115221 2109
stats: tr_CREATE_POST 14 60885.27878571429 2285.131084970057 64004.847 4002.722 18545.996296969694 330
stats: 302 71 987
stats: tr_SIGN_IN 142 58788.90540140844 2292.949926896954 61005.711 1001.82 20784.964092540133 1059
stats: error_send_einval 0 8
stats: 504 54 54
stats: 200 12 2640
stats: size_rcv 232670 13814014
stats: newphase 0 7
stats: 422 7 162
stats: size_sent 102116 3003065
stats: connected -14 892
stats: error_connection_closed 0 15
stats: 500 33 251
# stats: dump at 1733514185
stats: users 713 1177
stats: {freemem,"tsung_controller@ip-172-31-43-129"} 1 296.953125 0.0 680.515625 296.953125 461.30228365384613 13
stats: {load,"tsung_controller@ip-172-31-43-129"} 1 0.01953125 0.0 0.109375 0.01953125 0.056790865384615384 13
stats: {cpu,"tsung_controller@ip-172-31-43-129"} 1 0.7492507492507493 0.0 13.534072232289605 0.5499999999999999 3.963428374560663 13
stats: session 178 105447.07648876414 2307.375945284338 108317.679 9749.077 38298.53537101449 345
stats: users_count 0 1236
stats: finish_users_count 178 523
stats: connect 0 0 0 18.182 0.851 1.673764086120018 2183
stats: page 513 68722.98401364504 11820.203448196771 83019.826 1.664 16895.932250000005 2144
stats: tr_CREATE_POST 176 57485.73748295452 6405.8858819033485 64005.208 4002.722 20269.10663081395 344
stats: request 548 51208.77764051093 8037.14937158113 60004.885 0.106 13328.799240340533 4581
stats: tr_SIGN_IN 35 61001.99645714287 0.830372699211684 61005.711 1001.82 25278.35265695254 1201
stats: 302 159 1146
stats: error_send_einval 0 8
stats: 504 151 205
stats: 200 194 2834
stats: size_rcv 1286352 15100366
stats: newphase 0 7
stats: 422 44 206
stats: size_sent 37389 3040454
stats: connected -176 716
stats: error_connection_closed 0 15
stats: 500 0 251
# stats: dump at 1733514195
stats: users 384 1177
stats: {freemem,"tsung_controller@ip-172-31-43-129"} 1 276.1796875 0.0 680.515625 276.1796875 449.5630580357143 14
stats: {load,"tsung_controller@ip-172-31-43-129"} 1 0.01953125 0.0 0.109375 0.01953125 0.05412946428571429 14
stats: {cpu,"tsung_controller@ip-172-31-43-129"} 1 4.2878265155248885 0.0 13.534072232289605 0.5499999999999999 3.7338442584670974 14
stats: session 329 109614.25046808504 2479.666050658679 114583.552 9749.077 61152.149747609976 523
stats: users_count 0 1236
stats: finish_users_count 329 852
stats: request 641 11501.345168486752 11608.71945725833 60004.885 0.106 17376.02641197114 5129
stats: connect 0 0 0 18.182 0.851 1.673764086120018 2183
stats: page 641 39024.61754758197 35711.27863459664 83019.826 1.664 26902.434905156162 2657
stats: 302 315 1461
stats: tr_CREATE_POST 306 5931.30362418301 5957.2797805950495 64005.208 4002.722 32865.5047653846 520
stats: error_send_einval 0 8
stats: tr_SIGN_IN 0 0 0 61005.711 1001.82 26289.94451213592 1236
stats: 504 0 205
stats: 200 174 3008
stats: size_rcv 1526321 16626687
stats: newphase 0 7
stats: 422 152 358
stats: size_sent 237307 3277761
stats: connected -306 410
stats: error_connection_closed 0 15
stats: 500 0 251
# stats: dump at 1733514203
stats: users 0 1177
stats: {freemem,"tsung_controller@ip-172-31-43-129"} 1 546.953125 0.0 680.515625 276.1796875 438.00416666666666 15
stats: {load,"tsung_controller@ip-172-31-43-129"} 1 0.01953125 0.0 0.109375 0.01953125 0.05182291666666667 15
stats: {cpu,"tsung_controller@ip-172-31-43-129"} 1 5.00485908649174 0.0 13.534072232289605 0.5499999999999999 3.770776408937617 15
stats: session 384 112709.63545833337 1634.5296370017797 116462.635 9749.077 79865.80131690142 852
stats: users_count 0 1236
stats: finish_users_count 384 1236
stats: request 410 13.113397560975606 6.86017119607858 60004.885 0.106 16723.39717850953 5770
stats: page 410 13.113397560975606 6.86017119607858 83019.826 1.664 29258.504969981797 3298
stats: connect 0 0 0 18.182 0.851 1.673764086120018 2183
stats: tr_CREATE_POST 410 4014.226392682925 6.853917300378835 64005.208 4002.722 22887.459306295394 826
stats: 302 238 1699
stats: tr_SIGN_IN 0 0 0 61005.711 1001.82 26289.94451213592 1236
stats: error_send_einval 0 8
stats: 504 0 205
stats: 200 0 3008
stats: size_rcv 607640 17234327
stats: newphase 0 7
stats: 422 172 530
stats: size_sent 371108 3648869
stats: connected -410 0
stats: error_connection_closed 0 15
stats: 500 0 251
EndMonitor:{1733,514203,426726}
