
=INFO REPORT==== 6-Dec-2024::19:40:45 ===
    ts_config_server:(5:<0.127.0>) Config server started, logdir is "/home/ec2-user/.tsung/log/20241206-1940"
 
=INFO REPORT==== 6-Dec-2024::19:40:45 ===
              ts_mon:(5:<0.110.0>) starting monitor, global 

=INFO REPORT==== 6-Dec-2024::19:40:45 ===
           ts_config:(5:<0.127.0>) Reading config file: tsung.xml

=INFO REPORT==== 6-Dec-2024::19:40:45 ===
           ts_config:(5:<0.127.0>) Session name for id 1 is "example"

=INFO REPORT==== 6-Dec-2024::19:40:45 ===
    ts_config_server:(4:<0.127.0>) SYSINFO:Tsung version: 1.7.0

=INFO REPORT==== 6-Dec-2024::19:40:45 ===
    ts_config_server:(4:<0.127.0>) SYSINFO:Erlang version: Erlang/OTP 22 [erts-10.6] [source] [64-bit] [smp:2:2] [ds:2:2:10] [async-threads:8] [hipe]


=INFO REPORT==== 6-Dec-2024::19:40:45 ===
    ts_config_server:(4:<0.127.0>) SYSINFO:System architecture x86_64-redhat-linux-gnu

=INFO REPORT==== 6-Dec-2024::19:40:45 ===
    ts_config_server:(4:<0.127.0>) SYSINFO:Current path: /usr/lib/tsung/tsung-1.7.0/ebin/tsung.beam

=INFO REPORT==== 6-Dec-2024::19:40:45 ===
              ts_mon:(5:<0.128.0>) Activate clients with text backend

=INFO REPORT==== 6-Dec-2024::19:40:45 ===
              ts_mon:(5:<0.128.0>) Starting tsung clients on hosts: [localhost]

=INFO REPORT==== 6-Dec-2024::19:40:45 ===
    ts_config_server:(5:<0.127.0>) Start a launcher on the controller beam localhost

=INFO REPORT==== 6-Dec-2024::19:40:45 ===
  ts_launcher_static:(5:<0.182.0>) Launch msg receive ("localhost")

=INFO REPORT==== 6-Dec-2024::19:40:45 ===
         ts_launcher:(5:<0.183.0>) Launch msg receive ("localhost")

=INFO REPORT==== 6-Dec-2024::19:40:45 ===
    ts_config_server:(5:<0.127.0>) New arrival phase 1 for client "localhost" (last ? true): will start 5 users

=INFO REPORT==== 6-Dec-2024::19:40:45 ===
    ts_config_server:(5:<0.127.0>) New arrival phase 2 for client "localhost" (last ? true): will start 10 users

=INFO REPORT==== 6-Dec-2024::19:40:45 ===
    ts_config_server:(5:<0.127.0>) New arrival phase 3 for client "localhost" (last ? true): will start 20 users

=INFO REPORT==== 6-Dec-2024::19:40:45 ===
    ts_config_server:(5:<0.127.0>) New arrival phase 4 for client "localhost" (last ? true): will start 40 users

=INFO REPORT==== 6-Dec-2024::19:40:45 ===
    ts_config_server:(5:<0.127.0>) New arrival phase 5 for client "localhost" (last ? true): will start 80 users

=INFO REPORT==== 6-Dec-2024::19:40:45 ===
    ts_config_server:(5:<0.127.0>) New arrival phase 6 for client "localhost" (last ? true): will start 160 users

=INFO REPORT==== 6-Dec-2024::19:40:45 ===
    ts_config_server:(5:<0.127.0>) New arrival phase 7 for client "localhost" (last ? true): will start 320 users

=INFO REPORT==== 6-Dec-2024::19:40:45 ===
    ts_config_server:(5:<0.127.0>) New arrival phase 8 for client "localhost" (last ? true): will start 640 users

=INFO REPORT==== 6-Dec-2024::19:40:45 ===
         ts_launcher:(5:<0.183.0>) Expected duration of first phase: 5.0 sec (5 users) 

=INFO REPORT==== 6-Dec-2024::19:40:45 ===
         ts_launcher:(5:<0.183.0>) Activate launcher (5 users) in 2037 msec 

=INFO REPORT==== 6-Dec-2024::19:40:49 ===
         ts_launcher:(4:<0.183.0>) Need to wait 3.389 sec before changing phase, going to sleep

=INFO REPORT==== 6-Dec-2024::19:40:52 ===
         ts_launcher:(5:<0.183.0>) Waking up

=INFO REPORT==== 6-Dec-2024::19:40:52 ===
         ts_launcher:(5:<0.183.0>) Start a new arrival phase (10 users, 0.002); expected duration=5.0 sec

=INFO REPORT==== 6-Dec-2024::19:40:56 ===
         ts_launcher:(4:<0.183.0>) Need to wait 1.385 sec before changing phase, going to sleep

=INFO REPORT==== 6-Dec-2024::19:40:57 ===
         ts_launcher:(5:<0.183.0>) Waking up

=INFO REPORT==== 6-Dec-2024::19:40:57 ===
         ts_launcher:(5:<0.183.0>) Start a new arrival phase (20 users, 0.004); expected duration=5.0 sec

=INFO REPORT==== 6-Dec-2024::19:41:02 ===
         ts_launcher:(4:<0.183.0>) Need to wait 0.252 sec before changing phase, going to sleep

=INFO REPORT==== 6-Dec-2024::19:41:02 ===
         ts_launcher:(5:<0.183.0>) Waking up

=INFO REPORT==== 6-Dec-2024::19:41:02 ===
         ts_launcher:(5:<0.183.0>) Start a new arrival phase (40 users, 0.008); expected duration=5.0 sec

=INFO REPORT==== 6-Dec-2024::19:41:07 ===
         ts_launcher:(4:<0.183.0>) Need to wait 0.036 sec before changing phase, going to sleep

=INFO REPORT==== 6-Dec-2024::19:41:07 ===
         ts_launcher:(5:<0.183.0>) Waking up

=INFO REPORT==== 6-Dec-2024::19:41:07 ===
         ts_launcher:(5:<0.183.0>) Start a new arrival phase (80 users, 0.016); expected duration=5.0 sec

=INFO REPORT==== 6-Dec-2024::19:41:12 ===
         ts_launcher:(4:<0.183.0>) Need to wait 0.557 sec before changing phase, going to sleep

=INFO REPORT==== 6-Dec-2024::19:41:12 ===
         ts_launcher:(5:<0.183.0>) Waking up

=INFO REPORT==== 6-Dec-2024::19:41:12 ===
         ts_launcher:(5:<0.183.0>) Start a new arrival phase (160 users, 0.032); expected duration=5.0 sec

=INFO REPORT==== 6-Dec-2024::19:41:16 ===
           ts_search:(5:<0.275.0>) Dyn Var (RE): no Match (varname=authenticity_token), 

=INFO REPORT==== 6-Dec-2024::19:41:17 ===
           ts_search:(5:<0.283.0>) Dyn Var (RE): no Match (varname=authenticity_token), 

=INFO REPORT==== 6-Dec-2024::19:41:17 ===
           ts_search:(5:<0.281.0>) Dyn Var (RE): no Match (varname=authenticity_token), 

=INFO REPORT==== 6-Dec-2024::19:41:17 ===
           ts_search:(5:<0.284.0>) Dyn Var (RE): no Match (varname=authenticity_token), 

=INFO REPORT==== 6-Dec-2024::19:41:17 ===
           ts_search:(5:<0.287.0>) Dyn Var (RE): no Match (varname=authenticity_token), 

=INFO REPORT==== 6-Dec-2024::19:41:17 ===
         ts_launcher:(5:<0.183.0>) Phase duration exceeded, but not all users were launched (5 users, 3.1% of phase)

=INFO REPORT==== 6-Dec-2024::19:41:17 ===
         ts_launcher:(5:<0.183.0>) Start a new arrival phase (320 users, 0.064); expected duration=5.0 sec

=INFO REPORT==== 6-Dec-2024::19:41:18 ===
           ts_search:(5:<0.312.0>) Dyn Var (RE): no Match (varname=authenticity_token), 

=INFO REPORT==== 6-Dec-2024::19:41:18 ===
           ts_search:(5:<0.311.0>) Dyn Var (RE): no Match (varname=authenticity_token), 

=INFO REPORT==== 6-Dec-2024::19:41:18 ===
           ts_search:(5:<0.314.0>) Dyn Var (RE): no Match (varname=authenticity_token), 

=INFO REPORT==== 6-Dec-2024::19:41:18 ===
           ts_search:(5:<0.290.0>) Dyn Var (RE): no Match (varname=authenticity_token), 

=INFO REPORT==== 6-Dec-2024::19:41:19 ===
           ts_search:(5:<0.286.0>) Dyn Var (RE): no Match (varname=authenticity_token), 

=INFO REPORT==== 6-Dec-2024::19:41:19 ===
           ts_search:(5:<0.332.0>) Dyn Var (RE): no Match (varname=authenticity_token), 

=INFO REPORT==== 6-Dec-2024::19:41:19 ===
           ts_search:(5:<0.329.0>) Dyn Var (RE): no Match (varname=authenticity_token), 

=INFO REPORT==== 6-Dec-2024::19:41:19 ===
           ts_search:(5:<0.333.0>) Dyn Var (RE): no Match (varname=authenticity_token), 

=INFO REPORT==== 6-Dec-2024::19:41:21 ===
           ts_search:(5:<0.342.0>) Dyn Var (RE): no Match (varname=authenticity_token), 

=INFO REPORT==== 6-Dec-2024::19:41:22 ===
         ts_launcher:(5:<0.183.0>) Phase duration exceeded, but not all users were launched (4 users, 1.3% of phase)

=INFO REPORT==== 6-Dec-2024::19:41:22 ===
         ts_launcher:(5:<0.183.0>) Start a new arrival phase (640 users, 0.128); expected duration=5.0 sec

=INFO REPORT==== 6-Dec-2024::19:41:26 ===
           ts_search:(5:<0.713.0>) Dyn Var (RE): no Match (varname=authenticity_token), 

=INFO REPORT==== 6-Dec-2024::19:41:27 ===
           ts_search:(5:<0.1359.0>) Dyn Var (RE): no Match (varname=authenticity_token), 

=INFO REPORT==== 6-Dec-2024::19:41:27 ===
           ts_search:(5:<0.1360.0>) Dyn Var (RE): no Match (varname=authenticity_token), 

=INFO REPORT==== 6-Dec-2024::19:41:27 ===
           ts_search:(5:<0.1361.0>) Dyn Var (RE): no Match (varname=authenticity_token), 

=INFO REPORT==== 6-Dec-2024::19:41:27 ===
           ts_search:(5:<0.1362.0>) Dyn Var (RE): no Match (varname=authenticity_token), 

=INFO REPORT==== 6-Dec-2024::19:41:27 ===
           ts_search:(5:<0.1363.0>) Dyn Var (RE): no Match (varname=authenticity_token), 

=INFO REPORT==== 6-Dec-2024::19:41:27 ===
           ts_search:(5:<0.1364.0>) Dyn Var (RE): no Match (varname=authenticity_token), 

=INFO REPORT==== 6-Dec-2024::19:41:27 ===
           ts_search:(5:<0.1365.0>) Dyn Var (RE): no Match (varname=authenticity_token), 

=INFO REPORT==== 6-Dec-2024::19:41:27 ===
           ts_search:(5:<0.1366.0>) Dyn Var (RE): no Match (varname=authenticity_token), 

=INFO REPORT==== 6-Dec-2024::19:41:27 ===
           ts_search:(5:<0.1367.0>) Dyn Var (RE): no Match (varname=authenticity_token), 

=INFO REPORT==== 6-Dec-2024::19:41:27 ===
           ts_search:(5:<0.1368.0>) Dyn Var (RE): no Match (varname=authenticity_token), 

=INFO REPORT==== 6-Dec-2024::19:41:27 ===
           ts_search:(5:<0.1369.0>) Dyn Var (RE): no Match (varname=authenticity_token), 

=INFO REPORT==== 6-Dec-2024::19:41:27 ===
           ts_search:(5:<0.1370.0>) Dyn Var (RE): no Match (varname=authenticity_token), 

=INFO REPORT==== 6-Dec-2024::19:41:27 ===
           ts_search:(5:<0.1371.0>) Dyn Var (RE): no Match (varname=authenticity_token), 

=INFO REPORT==== 6-Dec-2024::19:41:27 ===
           ts_client:(5:<0.1372.0>) tcp_closed received in state think

=INFO REPORT==== 6-Dec-2024::19:41:27 ===
           ts_search:(5:<0.1373.0>) Dyn Var (RE): no Match (varname=authenticity_token), 

=INFO REPORT==== 6-Dec-2024::19:41:27 ===
           ts_search:(5:<0.1374.0>) Dyn Var (RE): no Match (varname=authenticity_token), 

=INFO REPORT==== 6-Dec-2024::19:41:27 ===
           ts_search:(5:<0.1375.0>) Dyn Var (RE): no Match (varname=authenticity_token), 

=INFO REPORT==== 6-Dec-2024::19:41:27 ===
           ts_search:(5:<0.1376.0>) Dyn Var (RE): no Match (varname=authenticity_token), 

=INFO REPORT==== 6-Dec-2024::19:41:27 ===
           ts_search:(5:<0.1372.0>) Dyn Var (RE): no Match (varname=authenticity_token), 

=INFO REPORT==== 6-Dec-2024::19:41:27 ===
           ts_search:(5:<0.725.0>) Dyn Var (RE): no Match (varname=authenticity_token), 

=INFO REPORT==== 6-Dec-2024::19:41:27 ===
           ts_search:(5:<0.1379.0>) Dyn Var (RE): no Match (varname=authenticity_token), 

=INFO REPORT==== 6-Dec-2024::19:41:27 ===
           ts_search:(5:<0.1380.0>) Dyn Var (RE): no Match (varname=authenticity_token), 

=INFO REPORT==== 6-Dec-2024::19:41:27 ===
           ts_search:(5:<0.1381.0>) Dyn Var (RE): no Match (varname=authenticity_token), 

=INFO REPORT==== 6-Dec-2024::19:41:27 ===
           ts_search:(5:<0.1382.0>) Dyn Var (RE): no Match (varname=authenticity_token), 

=INFO REPORT==== 6-Dec-2024::19:41:27 ===
           ts_search:(5:<0.1383.0>) Dyn Var (RE): no Match (varname=authenticity_token), 

=INFO REPORT==== 6-Dec-2024::19:41:27 ===
           ts_client:(5:<0.1384.0>) tcp_closed received in state think

=INFO REPORT==== 6-Dec-2024::19:41:27 ===
           ts_search:(5:<0.543.0>) Dyn Var (RE): no Match (varname=authenticity_token), 

=INFO REPORT==== 6-Dec-2024::19:41:27 ===
           ts_search:(5:<0.1384.0>) Dyn Var (RE): no Match (varname=authenticity_token), 

=INFO REPORT==== 6-Dec-2024::19:41:27 ===
           ts_search:(5:<0.1386.0>) Dyn Var (RE): no Match (varname=authenticity_token), 

=INFO REPORT==== 6-Dec-2024::19:41:27 ===
           ts_search:(5:<0.1388.0>) Dyn Var (RE): no Match (varname=authenticity_token), 

=INFO REPORT==== 6-Dec-2024::19:41:27 ===
           ts_search:(5:<0.1387.0>) Dyn Var (RE): no Match (varname=authenticity_token), 

=INFO REPORT==== 6-Dec-2024::19:41:27 ===
           ts_search:(5:<0.1389.0>) Dyn Var (RE): no Match (varname=authenticity_token), 

=INFO REPORT==== 6-Dec-2024::19:41:27 ===
           ts_search:(5:<0.1390.0>) Dyn Var (RE): no Match (varname=authenticity_token), 

=INFO REPORT==== 6-Dec-2024::19:41:27 ===
           ts_search:(5:<0.1391.0>) Dyn Var (RE): no Match (varname=authenticity_token), 

=INFO REPORT==== 6-Dec-2024::19:41:27 ===
           ts_search:(5:<0.1392.0>) Dyn Var (RE): no Match (varname=authenticity_token), 

=INFO REPORT==== 6-Dec-2024::19:41:27 ===
           ts_search:(5:<0.545.0>) Dyn Var (RE): no Match (varname=authenticity_token), 

=INFO REPORT==== 6-Dec-2024::19:41:27 ===
           ts_search:(5:<0.1393.0>) Dyn Var (RE): no Match (varname=authenticity_token), 

=INFO REPORT==== 6-Dec-2024::19:41:27 ===
           ts_search:(5:<0.1394.0>) Dyn Var (RE): no Match (varname=authenticity_token), 

=INFO REPORT==== 6-Dec-2024::19:41:27 ===
           ts_search:(5:<0.1395.0>) Dyn Var (RE): no Match (varname=authenticity_token), 

=INFO REPORT==== 6-Dec-2024::19:41:27 ===
           ts_search:(5:<0.544.0>) Dyn Var (RE): no Match (varname=authenticity_token), 

=INFO REPORT==== 6-Dec-2024::19:41:27 ===
           ts_search:(5:<0.546.0>) Dyn Var (RE): no Match (varname=authenticity_token), 

=INFO REPORT==== 6-Dec-2024::19:41:27 ===
           ts_search:(5:<0.1396.0>) Dyn Var (RE): no Match (varname=authenticity_token), 

=INFO REPORT==== 6-Dec-2024::19:41:27 ===
           ts_search:(5:<0.1397.0>) Dyn Var (RE): no Match (varname=authenticity_token), 

=INFO REPORT==== 6-Dec-2024::19:41:27 ===
           ts_search:(5:<0.1398.0>) Dyn Var (RE): no Match (varname=authenticity_token), 

=INFO REPORT==== 6-Dec-2024::19:41:27 ===
           ts_search:(5:<0.1399.0>) Dyn Var (RE): no Match (varname=authenticity_token), 

=INFO REPORT==== 6-Dec-2024::19:41:27 ===
           ts_search:(5:<0.1400.0>) Dyn Var (RE): no Match (varname=authenticity_token), 

=INFO REPORT==== 6-Dec-2024::19:41:27 ===
           ts_search:(5:<0.1403.0>) Dyn Var (RE): no Match (varname=authenticity_token), 

=INFO REPORT==== 6-Dec-2024::19:41:27 ===
           ts_search:(5:<0.1405.0>) Dyn Var (RE): no Match (varname=authenticity_token), 

=INFO REPORT==== 6-Dec-2024::19:41:27 ===
           ts_search:(5:<0.1404.0>) Dyn Var (RE): no Match (varname=authenticity_token), 

=INFO REPORT==== 6-Dec-2024::19:41:27 ===
           ts_search:(5:<0.1408.0>) Dyn Var (RE): no Match (varname=authenticity_token), 

=INFO REPORT==== 6-Dec-2024::19:41:27 ===
           ts_search:(5:<0.1407.0>) Dyn Var (RE): no Match (varname=authenticity_token), 

=INFO REPORT==== 6-Dec-2024::19:41:27 ===
           ts_search:(5:<0.548.0>) Dyn Var (RE): no Match (varname=authenticity_token), 

=INFO REPORT==== 6-Dec-2024::19:41:27 ===
           ts_client:(5:<0.1409.0>) tcp_closed received in state think

=INFO REPORT==== 6-Dec-2024::19:41:27 ===
           ts_client:(5:<0.1410.0>) tcp_closed received in state think

=INFO REPORT==== 6-Dec-2024::19:41:27 ===
           ts_client:(5:<0.1409.0>) tcp_closed received in state think

=INFO REPORT==== 6-Dec-2024::19:41:27 ===
           ts_search:(5:<0.1410.0>) Dyn Var (RE): no Match (varname=authenticity_token), 

=INFO REPORT==== 6-Dec-2024::19:41:27 ===
           ts_search:(5:<0.1409.0>) Dyn Var (RE): no Match (varname=authenticity_token), 

=INFO REPORT==== 6-Dec-2024::19:41:27 ===
           ts_client:(5:<0.1412.0>) tcp_closed received in state think

=INFO REPORT==== 6-Dec-2024::19:41:27 ===
           ts_search:(5:<0.550.0>) Dyn Var (RE): no Match (varname=authenticity_token), 

=INFO REPORT==== 6-Dec-2024::19:41:27 ===
           ts_client:(5:<0.1413.0>) tcp_closed received in state think

=INFO REPORT==== 6-Dec-2024::19:41:27 ===
           ts_search:(5:<0.1415.0>) Dyn Var (RE): no Match (varname=authenticity_token), 

=INFO REPORT==== 6-Dec-2024::19:41:27 ===
           ts_search:(5:<0.1416.0>) Dyn Var (RE): no Match (varname=authenticity_token), 

=INFO REPORT==== 6-Dec-2024::19:41:27 ===
           ts_search:(5:<0.1413.0>) Dyn Var (RE): no Match (varname=authenticity_token), 

=INFO REPORT==== 6-Dec-2024::19:41:27 ===
           ts_search:(5:<0.1417.0>) Dyn Var (RE): no Match (varname=authenticity_token), 

=INFO REPORT==== 6-Dec-2024::19:41:27 ===
           ts_search:(5:<0.1418.0>) Dyn Var (RE): no Match (varname=authenticity_token), 

=INFO REPORT==== 6-Dec-2024::19:41:27 ===
           ts_search:(5:<0.1419.0>) Dyn Var (RE): no Match (varname=authenticity_token), 

=INFO REPORT==== 6-Dec-2024::19:41:27 ===
           ts_search:(5:<0.1420.0>) Dyn Var (RE): no Match (varname=authenticity_token), 

=INFO REPORT==== 6-Dec-2024::19:41:27 ===
           ts_search:(5:<0.1421.0>) Dyn Var (RE): no Match (varname=authenticity_token), 

=INFO REPORT==== 6-Dec-2024::19:41:27 ===
           ts_search:(5:<0.551.0>) Dyn Var (RE): no Match (varname=authenticity_token), 

=INFO REPORT==== 6-Dec-2024::19:41:27 ===
           ts_search:(5:<0.383.0>) Dyn Var (RE): no Match (varname=authenticity_token), 

=INFO REPORT==== 6-Dec-2024::19:41:27 ===
           ts_search:(5:<0.1433.0>) Dyn Var (RE): no Match (varname=authenticity_token), 

=INFO REPORT==== 6-Dec-2024::19:41:27 ===
           ts_search:(5:<0.1434.0>) Dyn Var (RE): no Match (varname=authenticity_token), 

=INFO REPORT==== 6-Dec-2024::19:41:27 ===
           ts_search:(5:<0.1435.0>) Dyn Var (RE): no Match (varname=authenticity_token), 

=INFO REPORT==== 6-Dec-2024::19:41:27 ===
         ts_launcher:(5:<0.183.0>) Phase duration exceeded, but not all users were launched (30 users, 4.7% of phase)

=INFO REPORT==== 6-Dec-2024::19:41:27 ===
         ts_launcher:(5:<0.183.0>) This was the last phase, wait for connected users to finish their session

=INFO REPORT==== 6-Dec-2024::19:41:27 ===
     ts_launcher_mgr:(5:<0.176.0>) Still 1177 active client(s)

=INFO REPORT==== 6-Dec-2024::19:41:27 ===
           ts_search:(5:<0.390.0>) Dyn Var (RE): no Match (varname=authenticity_token), 

=INFO REPORT==== 6-Dec-2024::19:41:28 ===
           ts_search:(5:<0.560.0>) Dyn Var (RE): no Match (varname=authenticity_token), 

=INFO REPORT==== 6-Dec-2024::19:41:28 ===
           ts_search:(5:<0.1359.0>) Dyn Var (RE): no Match (varname=authenticity_token), 

=INFO REPORT==== 6-Dec-2024::19:41:28 ===
           ts_search:(5:<0.561.0>) Dyn Var (RE): no Match (varname=authenticity_token), 

=INFO REPORT==== 6-Dec-2024::19:41:28 ===
           ts_search:(5:<0.1360.0>) Dyn Var (RE): no Match (varname=authenticity_token), 

=INFO REPORT==== 6-Dec-2024::19:41:28 ===
           ts_search:(5:<0.563.0>) Dyn Var (RE): no Match (varname=authenticity_token), 

=INFO REPORT==== 6-Dec-2024::19:41:28 ===
           ts_search:(5:<0.1361.0>) Dyn Var (RE): no Match (varname=authenticity_token), 

=INFO REPORT==== 6-Dec-2024::19:41:28 ===
           ts_search:(5:<0.1362.0>) Dyn Var (RE): no Match (varname=authenticity_token), 

=INFO REPORT==== 6-Dec-2024::19:41:28 ===
           ts_search:(5:<0.1363.0>) Dyn Var (RE): no Match (varname=authenticity_token), 

=INFO REPORT==== 6-Dec-2024::19:41:28 ===
           ts_search:(5:<0.1364.0>) Dyn Var (RE): no Match (varname=authenticity_token), 

=INFO REPORT==== 6-Dec-2024::19:41:28 ===
           ts_search:(5:<0.1365.0>) Dyn Var (RE): no Match (varname=authenticity_token), 

=INFO REPORT==== 6-Dec-2024::19:41:28 ===
           ts_search:(5:<0.564.0>) Dyn Var (RE): no Match (varname=authenticity_token), 

=INFO REPORT==== 6-Dec-2024::19:41:28 ===
           ts_search:(5:<0.1366.0>) Dyn Var (RE): no Match (varname=authenticity_token), 

=INFO REPORT==== 6-Dec-2024::19:41:28 ===
           ts_search:(5:<0.1367.0>) Dyn Var (RE): no Match (varname=authenticity_token), 

=INFO REPORT==== 6-Dec-2024::19:41:28 ===
           ts_search:(5:<0.565.0>) Dyn Var (RE): no Match (varname=authenticity_token), 

=INFO REPORT==== 6-Dec-2024::19:41:28 ===
           ts_search:(5:<0.1368.0>) Dyn Var (RE): no Match (varname=authenticity_token), 

=INFO REPORT==== 6-Dec-2024::19:41:28 ===
           ts_client:(5:<0.395.0>) connection close while sending message!

=INFO REPORT==== 6-Dec-2024::19:41:28 ===
           ts_client:(5:<0.395.0>) Server must have closed connection upon us, waiting 10 msec

=INFO REPORT==== 6-Dec-2024::19:41:28 ===
           ts_search:(5:<0.1370.0>) Dyn Var (RE): no Match (varname=authenticity_token), 

=INFO REPORT==== 6-Dec-2024::19:41:28 ===
           ts_search:(5:<0.566.0>) Dyn Var (RE): no Match (varname=authenticity_token), 

=INFO REPORT==== 6-Dec-2024::19:41:28 ===
           ts_search:(5:<0.1371.0>) Dyn Var (RE): no Match (varname=authenticity_token), 

=INFO REPORT==== 6-Dec-2024::19:41:28 ===
           ts_search:(5:<0.395.0>) Dyn Var (RE): no Match (varname=authenticity_token), 

=INFO REPORT==== 6-Dec-2024::19:41:28 ===
           ts_search:(5:<0.567.0>) Dyn Var (RE): no Match (varname=authenticity_token), 

=INFO REPORT==== 6-Dec-2024::19:41:28 ===
           ts_search:(5:<0.568.0>) Dyn Var (RE): no Match (varname=authenticity_token), 

=INFO REPORT==== 6-Dec-2024::19:41:28 ===
           ts_search:(5:<0.1373.0>) Dyn Var (RE): no Match (varname=authenticity_token), 

=INFO REPORT==== 6-Dec-2024::19:41:28 ===
           ts_search:(5:<0.1374.0>) Dyn Var (RE): no Match (varname=authenticity_token), 

=INFO REPORT==== 6-Dec-2024::19:41:28 ===
           ts_search:(5:<0.1375.0>) Dyn Var (RE): no Match (varname=authenticity_token), 

=INFO REPORT==== 6-Dec-2024::19:41:28 ===
           ts_search:(5:<0.1376.0>) Dyn Var (RE): no Match (varname=authenticity_token), 

=INFO REPORT==== 6-Dec-2024::19:41:28 ===
           ts_search:(5:<0.1372.0>) Dyn Var (RE): no Match (varname=authenticity_token), 

=INFO REPORT==== 6-Dec-2024::19:41:28 ===
           ts_search:(5:<0.725.0>) Dyn Var (RE): no Match (varname=authenticity_token), 

=INFO REPORT==== 6-Dec-2024::19:41:28 ===
           ts_search:(5:<0.1379.0>) Dyn Var (RE): no Match (varname=authenticity_token), 

=INFO REPORT==== 6-Dec-2024::19:41:28 ===
           ts_search:(5:<0.569.0>) Dyn Var (RE): no Match (varname=authenticity_token), 

=INFO REPORT==== 6-Dec-2024::19:41:28 ===
           ts_search:(5:<0.1380.0>) Dyn Var (RE): no Match (varname=authenticity_token), 

=INFO REPORT==== 6-Dec-2024::19:41:28 ===
           ts_search:(5:<0.1381.0>) Dyn Var (RE): no Match (varname=authenticity_token), 

=INFO REPORT==== 6-Dec-2024::19:41:28 ===
           ts_search:(5:<0.570.0>) Dyn Var (RE): no Match (varname=authenticity_token), 

=INFO REPORT==== 6-Dec-2024::19:41:28 ===
           ts_search:(5:<0.572.0>) Dyn Var (RE): no Match (varname=authenticity_token), 

=INFO REPORT==== 6-Dec-2024::19:41:28 ===
           ts_search:(5:<0.571.0>) Dyn Var (RE): no Match (varname=authenticity_token), 

=INFO REPORT==== 6-Dec-2024::19:41:28 ===
           ts_search:(5:<0.1384.0>) Dyn Var (RE): no Match (varname=authenticity_token), 

=INFO REPORT==== 6-Dec-2024::19:41:28 ===
           ts_search:(5:<0.1386.0>) Dyn Var (RE): no Match (varname=authenticity_token), 

=INFO REPORT==== 6-Dec-2024::19:41:28 ===
           ts_search:(5:<0.1387.0>) Dyn Var (RE): no Match (varname=authenticity_token), 

=INFO REPORT==== 6-Dec-2024::19:41:28 ===
           ts_search:(5:<0.1388.0>) Dyn Var (RE): no Match (varname=authenticity_token), 

=INFO REPORT==== 6-Dec-2024::19:41:28 ===
           ts_search:(5:<0.1389.0>) Dyn Var (RE): no Match (varname=authenticity_token), 

=INFO REPORT==== 6-Dec-2024::19:41:28 ===
           ts_search:(5:<0.1390.0>) Dyn Var (RE): no Match (varname=authenticity_token), 

=INFO REPORT==== 6-Dec-2024::19:41:28 ===
           ts_search:(5:<0.1391.0>) Dyn Var (RE): no Match (varname=authenticity_token), 

=INFO REPORT==== 6-Dec-2024::19:41:28 ===
           ts_search:(5:<0.573.0>) Dyn Var (RE): no Match (varname=authenticity_token), 

=INFO REPORT==== 6-Dec-2024::19:41:28 ===
           ts_search:(5:<0.1392.0>) Dyn Var (RE): no Match (varname=authenticity_token), 

=INFO REPORT==== 6-Dec-2024::19:41:28 ===
           ts_search:(5:<0.1393.0>) Dyn Var (RE): no Match (varname=authenticity_token), 

=INFO REPORT==== 6-Dec-2024::19:41:28 ===
           ts_search:(5:<0.1394.0>) Dyn Var (RE): no Match (varname=authenticity_token), 

=INFO REPORT==== 6-Dec-2024::19:41:28 ===
           ts_search:(5:<0.1395.0>) Dyn Var (RE): no Match (varname=authenticity_token), 

=INFO REPORT==== 6-Dec-2024::19:41:28 ===
           ts_search:(5:<0.1396.0>) Dyn Var (RE): no Match (varname=authenticity_token), 

=INFO REPORT==== 6-Dec-2024::19:41:28 ===
           ts_search:(5:<0.1398.0>) Dyn Var (RE): no Match (varname=authenticity_token), 

=INFO REPORT==== 6-Dec-2024::19:41:28 ===
           ts_search:(5:<0.1397.0>) Dyn Var (RE): no Match (varname=authenticity_token), 

=INFO REPORT==== 6-Dec-2024::19:41:28 ===
           ts_search:(5:<0.1399.0>) Dyn Var (RE): no Match (varname=authenticity_token), 

=INFO REPORT==== 6-Dec-2024::19:41:28 ===
           ts_search:(5:<0.1400.0>) Dyn Var (RE): no Match (varname=authenticity_token), 

=INFO REPORT==== 6-Dec-2024::19:41:28 ===
           ts_search:(5:<0.574.0>) Dyn Var (RE): no Match (varname=authenticity_token), 

=INFO REPORT==== 6-Dec-2024::19:41:28 ===
           ts_search:(5:<0.1403.0>) Dyn Var (RE): no Match (varname=authenticity_token), 

=INFO REPORT==== 6-Dec-2024::19:41:28 ===
           ts_search:(5:<0.1405.0>) Dyn Var (RE): no Match (varname=authenticity_token), 

=INFO REPORT==== 6-Dec-2024::19:41:28 ===
           ts_search:(5:<0.1404.0>) Dyn Var (RE): no Match (varname=authenticity_token), 

=INFO REPORT==== 6-Dec-2024::19:41:28 ===
           ts_search:(5:<0.576.0>) Dyn Var (RE): no Match (varname=authenticity_token), 

=INFO REPORT==== 6-Dec-2024::19:41:28 ===
           ts_search:(5:<0.1407.0>) Dyn Var (RE): no Match (varname=authenticity_token), 

=INFO REPORT==== 6-Dec-2024::19:41:28 ===
           ts_search:(5:<0.1408.0>) Dyn Var (RE): no Match (varname=authenticity_token), 

=INFO REPORT==== 6-Dec-2024::19:41:28 ===
           ts_search:(5:<0.575.0>) Dyn Var (RE): no Match (varname=authenticity_token), 

=INFO REPORT==== 6-Dec-2024::19:41:28 ===
           ts_search:(5:<0.1410.0>) Dyn Var (RE): no Match (varname=authenticity_token), 

=INFO REPORT==== 6-Dec-2024::19:41:28 ===
           ts_search:(5:<0.1409.0>) Dyn Var (RE): no Match (varname=authenticity_token), 

=INFO REPORT==== 6-Dec-2024::19:41:28 ===
           ts_search:(5:<0.577.0>) Dyn Var (RE): no Match (varname=authenticity_token), 

=INFO REPORT==== 6-Dec-2024::19:41:28 ===
           ts_search:(5:<0.1415.0>) Dyn Var (RE): no Match (varname=authenticity_token), 

=INFO REPORT==== 6-Dec-2024::19:41:28 ===
           ts_client:(5:<0.1416.0>) tcp_closed received in state think

=INFO REPORT==== 6-Dec-2024::19:41:28 ===
           ts_search:(5:<0.1413.0>) Dyn Var (RE): no Match (varname=authenticity_token), 

=INFO REPORT==== 6-Dec-2024::19:41:28 ===
           ts_search:(5:<0.1417.0>) Dyn Var (RE): no Match (varname=authenticity_token), 

=INFO REPORT==== 6-Dec-2024::19:41:28 ===
           ts_search:(5:<0.1418.0>) Dyn Var (RE): no Match (varname=authenticity_token), 

=INFO REPORT==== 6-Dec-2024::19:41:28 ===
           ts_search:(5:<0.1416.0>) Dyn Var (RE): no Match (varname=authenticity_token), 

=INFO REPORT==== 6-Dec-2024::19:41:28 ===
           ts_search:(5:<0.1419.0>) Dyn Var (RE): no Match (varname=authenticity_token), 

=INFO REPORT==== 6-Dec-2024::19:41:28 ===
           ts_search:(5:<0.1420.0>) Dyn Var (RE): no Match (varname=authenticity_token), 

=INFO REPORT==== 6-Dec-2024::19:41:28 ===
           ts_search:(5:<0.1421.0>) Dyn Var (RE): no Match (varname=authenticity_token), 

=INFO REPORT==== 6-Dec-2024::19:41:28 ===
           ts_search:(5:<0.578.0>) Dyn Var (RE): no Match (varname=authenticity_token), 

=INFO REPORT==== 6-Dec-2024::19:41:28 ===
           ts_search:(5:<0.579.0>) Dyn Var (RE): no Match (varname=authenticity_token), 

=INFO REPORT==== 6-Dec-2024::19:41:28 ===
           ts_search:(5:<0.581.0>) Dyn Var (RE): no Match (varname=authenticity_token), 

=INFO REPORT==== 6-Dec-2024::19:41:28 ===
           ts_search:(5:<0.580.0>) Dyn Var (RE): no Match (varname=authenticity_token), 

=INFO REPORT==== 6-Dec-2024::19:41:28 ===
           ts_search:(5:<0.344.0>) Dyn Var (RE): no Match (varname=authenticity_token), 

=INFO REPORT==== 6-Dec-2024::19:41:28 ===
           ts_search:(5:<0.582.0>) Dyn Var (RE): no Match (varname=authenticity_token), 

=INFO REPORT==== 6-Dec-2024::19:41:28 ===
           ts_search:(5:<0.586.0>) Dyn Var (RE): no Match (varname=authenticity_token), 

=INFO REPORT==== 6-Dec-2024::19:41:28 ===
           ts_search:(5:<0.587.0>) Dyn Var (RE): no Match (varname=authenticity_token), 

=INFO REPORT==== 6-Dec-2024::19:41:28 ===
           ts_search:(5:<0.589.0>) Dyn Var (RE): no Match (varname=authenticity_token), 

=INFO REPORT==== 6-Dec-2024::19:41:28 ===
           ts_search:(5:<0.584.0>) Dyn Var (RE): no Match (varname=authenticity_token), 

=INFO REPORT==== 6-Dec-2024::19:41:28 ===
           ts_search:(5:<0.346.0>) Dyn Var (RE): no Match (varname=authenticity_token), 

=INFO REPORT==== 6-Dec-2024::19:41:29 ===
           ts_search:(5:<0.404.0>) Dyn Var (RE): no Match (varname=authenticity_token), 

=INFO REPORT==== 6-Dec-2024::19:41:29 ===
           ts_client:(5:<0.765.0>) connection close while sending message!

=INFO REPORT==== 6-Dec-2024::19:41:29 ===
           ts_client:(5:<0.765.0>) Server must have closed connection upon us, waiting 10 msec

=INFO REPORT==== 6-Dec-2024::19:41:29 ===
           ts_search:(5:<0.609.0>) Dyn Var (RE): no Match (varname=authenticity_token), 

=INFO REPORT==== 6-Dec-2024::19:41:29 ===
           ts_search:(5:<0.611.0>) Dyn Var (RE): no Match (varname=authenticity_token), 

=INFO REPORT==== 6-Dec-2024::19:41:29 ===
           ts_search:(5:<0.613.0>) Dyn Var (RE): no Match (varname=authenticity_token), 

=INFO REPORT==== 6-Dec-2024::19:41:29 ===
           ts_search:(5:<0.612.0>) Dyn Var (RE): no Match (varname=authenticity_token), 

=INFO REPORT==== 6-Dec-2024::19:41:30 ===
           ts_search:(5:<0.614.0>) Dyn Var (RE): no Match (varname=authenticity_token), 

=INFO REPORT==== 6-Dec-2024::19:41:30 ===
           ts_search:(5:<0.771.0>) Dyn Var (RE): no Match (varname=authenticity_token), 

=INFO REPORT==== 6-Dec-2024::19:41:30 ===
           ts_search:(5:<0.619.0>) Dyn Var (RE): no Match (varname=authenticity_token), 

=INFO REPORT==== 6-Dec-2024::19:41:30 ===
           ts_search:(5:<0.620.0>) Dyn Var (RE): no Match (varname=authenticity_token), 

=INFO REPORT==== 6-Dec-2024::19:41:30 ===
           ts_search:(5:<0.776.0>) Dyn Var (RE): no Match (varname=authenticity_token), 

=INFO REPORT==== 6-Dec-2024::19:41:30 ===
           ts_search:(5:<0.624.0>) Dyn Var (RE): no Match (varname=authenticity_token), 

=INFO REPORT==== 6-Dec-2024::19:41:30 ===
           ts_search:(5:<0.625.0>) Dyn Var (RE): no Match (varname=authenticity_token), 

=INFO REPORT==== 6-Dec-2024::19:41:30 ===
           ts_search:(5:<0.623.0>) Dyn Var (RE): no Match (varname=authenticity_token), 

=INFO REPORT==== 6-Dec-2024::19:41:30 ===
           ts_search:(5:<0.421.0>) Dyn Var (RE): no Match (varname=authenticity_token), 

=INFO REPORT==== 6-Dec-2024::19:41:31 ===
           ts_search:(5:<0.628.0>) Dyn Var (RE): no Match (varname=authenticity_token), 

=INFO REPORT==== 6-Dec-2024::19:41:32 ===
           ts_search:(5:<0.629.0>) Dyn Var (RE): no Match (varname=authenticity_token), 

=INFO REPORT==== 6-Dec-2024::19:41:32 ===
           ts_search:(5:<0.436.0>) Dyn Var (RE): no Match (varname=authenticity_token), 

=INFO REPORT==== 6-Dec-2024::19:41:33 ===
           ts_client:(5:<0.438.0>) connection close while sending message!

=INFO REPORT==== 6-Dec-2024::19:41:33 ===
           ts_client:(5:<0.438.0>) Server must have closed connection upon us, waiting 10 msec

=INFO REPORT==== 6-Dec-2024::19:41:33 ===
           ts_search:(5:<0.438.0>) Dyn Var (RE): no Match (varname=authenticity_token), 

=INFO REPORT==== 6-Dec-2024::19:41:33 ===
           ts_search:(5:<0.822.0>) Dyn Var (RE): no Match (varname=authenticity_token), 

=INFO REPORT==== 6-Dec-2024::19:41:33 ===
           ts_search:(5:<0.824.0>) Dyn Var (RE): no Match (varname=authenticity_token), 

=INFO REPORT==== 6-Dec-2024::19:41:33 ===
           ts_client:(5:<0.445.0>) connection close while sending message!

=INFO REPORT==== 6-Dec-2024::19:41:33 ===
           ts_client:(5:<0.445.0>) Server must have closed connection upon us, waiting 10 msec

=INFO REPORT==== 6-Dec-2024::19:41:33 ===
           ts_search:(5:<0.445.0>) Dyn Var (RE): no Match (varname=authenticity_token), 

=INFO REPORT==== 6-Dec-2024::19:41:33 ===
           ts_search:(5:<0.450.0>) Dyn Var (RE): no Match (varname=authenticity_token), 

=INFO REPORT==== 6-Dec-2024::19:41:34 ===
           ts_search:(5:<0.887.0>) Dyn Var (RE): no Match (varname=authenticity_token), 

=INFO REPORT==== 6-Dec-2024::19:41:34 ===
           ts_client:(5:<0.452.0>) connection close while sending message!

=INFO REPORT==== 6-Dec-2024::19:41:34 ===
           ts_client:(5:<0.452.0>) Server must have closed connection upon us, waiting 10 msec

=INFO REPORT==== 6-Dec-2024::19:41:34 ===
           ts_client:(5:<0.905.0>) connection close while sending message!

=INFO REPORT==== 6-Dec-2024::19:41:34 ===
           ts_client:(5:<0.905.0>) Server must have closed connection upon us, waiting 10 msec

=INFO REPORT==== 6-Dec-2024::19:41:34 ===
           ts_search:(5:<0.911.0>) Dyn Var (RE): no Match (varname=authenticity_token), 

=INFO REPORT==== 6-Dec-2024::19:41:34 ===
           ts_search:(5:<0.465.0>) Dyn Var (RE): no Match (varname=authenticity_token), 

=INFO REPORT==== 6-Dec-2024::19:41:35 ===
           ts_search:(5:<0.355.0>) Dyn Var (RE): no Match (varname=authenticity_token), 

=INFO REPORT==== 6-Dec-2024::19:41:35 ===
           ts_search:(5:<0.974.0>) Dyn Var (RE): no Match (varname=authenticity_token), 

=INFO REPORT==== 6-Dec-2024::19:41:35 ===
           ts_search:(5:<0.984.0>) Dyn Var (RE): no Match (varname=authenticity_token), 

=INFO REPORT==== 6-Dec-2024::19:41:35 ===
           ts_search:(5:<0.354.0>) Dyn Var (RE): no Match (varname=authenticity_token), 

=INFO REPORT==== 6-Dec-2024::19:41:35 ===
           ts_search:(5:<0.997.0>) Dyn Var (RE): no Match (varname=authenticity_token), 

=INFO REPORT==== 6-Dec-2024::19:41:35 ===
           ts_search:(5:<0.1001.0>) Dyn Var (RE): no Match (varname=authenticity_token), 

=INFO REPORT==== 6-Dec-2024::19:41:35 ===
           ts_client:(5:<0.1022.0>) connection close while sending message!

=INFO REPORT==== 6-Dec-2024::19:41:35 ===
           ts_client:(5:<0.1022.0>) Server must have closed connection upon us, waiting 10 msec

=INFO REPORT==== 6-Dec-2024::19:41:35 ===
           ts_client:(5:<0.466.0>) connection close while sending message!

=INFO REPORT==== 6-Dec-2024::19:41:35 ===
           ts_client:(5:<0.466.0>) Server must have closed connection upon us, waiting 10 msec

=INFO REPORT==== 6-Dec-2024::19:41:35 ===
           ts_client:(5:<0.1027.0>) connection close while sending message!

=INFO REPORT==== 6-Dec-2024::19:41:35 ===
           ts_client:(5:<0.1027.0>) Server must have closed connection upon us, waiting 10 msec

=INFO REPORT==== 6-Dec-2024::19:41:35 ===
           ts_client:(5:<0.1029.0>) connection close while sending message!

=INFO REPORT==== 6-Dec-2024::19:41:35 ===
           ts_client:(5:<0.1029.0>) Server must have closed connection upon us, waiting 10 msec

=INFO REPORT==== 6-Dec-2024::19:41:36 ===
           ts_search:(5:<0.455.0>) Dyn Var (RE): no Match (varname=authenticity_token), 

=INFO REPORT==== 6-Dec-2024::19:41:36 ===
           ts_search:(5:<0.1089.0>) Dyn Var (RE): no Match (varname=authenticity_token), 

=INFO REPORT==== 6-Dec-2024::19:41:36 ===
           ts_client:(5:<0.1103.0>) connection close while sending message!

=INFO REPORT==== 6-Dec-2024::19:41:36 ===
           ts_client:(5:<0.1103.0>) Server must have closed connection upon us, waiting 10 msec

=INFO REPORT==== 6-Dec-2024::19:41:36 ===
           ts_search:(5:<0.1108.0>) Dyn Var (RE): no Match (varname=authenticity_token), 

=INFO REPORT==== 6-Dec-2024::19:41:36 ===
           ts_search:(5:<0.1112.0>) Dyn Var (RE): no Match (varname=authenticity_token), 

=INFO REPORT==== 6-Dec-2024::19:41:36 ===
           ts_search:(5:<0.1111.0>) Dyn Var (RE): no Match (varname=authenticity_token), 

=INFO REPORT==== 6-Dec-2024::19:41:36 ===
           ts_search:(5:<0.1125.0>) Dyn Var (RE): no Match (varname=authenticity_token), 

=INFO REPORT==== 6-Dec-2024::19:41:36 ===
           ts_client:(5:<0.1126.0>) connection close while sending message!

=INFO REPORT==== 6-Dec-2024::19:41:36 ===
           ts_client:(5:<0.1126.0>) Server must have closed connection upon us, waiting 10 msec

=INFO REPORT==== 6-Dec-2024::19:41:36 ===
           ts_search:(5:<0.1137.0>) Dyn Var (RE): no Match (varname=authenticity_token), 

=INFO REPORT==== 6-Dec-2024::19:41:36 ===
           ts_client:(5:<0.1141.0>) connection close while sending message!

=INFO REPORT==== 6-Dec-2024::19:41:36 ===
           ts_client:(5:<0.1141.0>) Server must have closed connection upon us, waiting 10 msec

=INFO REPORT==== 6-Dec-2024::19:41:36 ===
           ts_search:(5:<0.1146.0>) Dyn Var (RE): no Match (varname=authenticity_token), 

=INFO REPORT==== 6-Dec-2024::19:41:37 ===
           ts_search:(5:<0.1161.0>) Dyn Var (RE): no Match (varname=authenticity_token), 

=INFO REPORT==== 6-Dec-2024::19:41:37 ===
           ts_search:(5:<0.1170.0>) Dyn Var (RE): no Match (varname=authenticity_token), 

=INFO REPORT==== 6-Dec-2024::19:41:37 ===
           ts_search:(5:<0.471.0>) Dyn Var (RE): no Match (varname=authenticity_token), 

=INFO REPORT==== 6-Dec-2024::19:41:37 ===
           ts_search:(5:<0.488.0>) Dyn Var (RE): no Match (varname=authenticity_token), 

=INFO REPORT==== 6-Dec-2024::19:41:37 ===
           ts_search:(5:<0.678.0>) Dyn Var (RE): no Match (varname=authenticity_token), 

=INFO REPORT==== 6-Dec-2024::19:41:37 ===
           ts_search:(5:<0.679.0>) Dyn Var (RE): no Match (varname=authenticity_token), 

=INFO REPORT==== 6-Dec-2024::19:41:37 ===
           ts_search:(5:<0.680.0>) Dyn Var (RE): no Match (varname=authenticity_token), 

=INFO REPORT==== 6-Dec-2024::19:41:37 ===
           ts_search:(5:<0.1146.0>) Dyn Var (RE): no Match (varname=authenticity_token), 

=INFO REPORT==== 6-Dec-2024::19:41:37 ===
           ts_search:(5:<0.681.0>) Dyn Var (RE): no Match (varname=authenticity_token), 

=INFO REPORT==== 6-Dec-2024::19:41:37 ===
           ts_search:(5:<0.683.0>) Dyn Var (RE): no Match (varname=authenticity_token), 

=INFO REPORT==== 6-Dec-2024::19:41:38 ===
           ts_search:(5:<0.1247.0>) Dyn Var (RE): no Match (varname=authenticity_token), 

=INFO REPORT==== 6-Dec-2024::19:41:38 ===
           ts_search:(5:<0.1279.0>) Dyn Var (RE): no Match (varname=authenticity_token), 

=INFO REPORT==== 6-Dec-2024::19:41:38 ===
           ts_search:(5:<0.1308.0>) Dyn Var (RE): no Match (varname=authenticity_token), 

=INFO REPORT==== 6-Dec-2024::19:41:38 ===
           ts_search:(5:<0.396.0>) Dyn Var (RE): no Match (varname=authenticity_token), 

=INFO REPORT==== 6-Dec-2024::19:41:38 ===
           ts_search:(5:<0.398.0>) Dyn Var (RE): no Match (varname=authenticity_token), 

=INFO REPORT==== 6-Dec-2024::19:41:39 ===
           ts_client:(5:<0.1350.0>) connection close while sending message!

=INFO REPORT==== 6-Dec-2024::19:41:39 ===
           ts_client:(5:<0.1350.0>) Server must have closed connection upon us, waiting 10 msec

=INFO REPORT==== 6-Dec-2024::19:41:39 ===
           ts_search:(5:<0.1353.0>) Dyn Var (RE): no Match (varname=authenticity_token), 

=INFO REPORT==== 6-Dec-2024::19:41:39 ===
           ts_search:(5:<0.402.0>) Dyn Var (RE): no Match (varname=authenticity_token), 

=INFO REPORT==== 6-Dec-2024::19:41:39 ===
           ts_search:(5:<0.399.0>) Dyn Var (RE): no Match (varname=authenticity_token), 

=INFO REPORT==== 6-Dec-2024::19:41:39 ===
           ts_search:(5:<0.400.0>) Dyn Var (RE): no Match (varname=authenticity_token), 

=INFO REPORT==== 6-Dec-2024::19:41:40 ===
           ts_search:(5:<0.720.0>) Dyn Var (RE): no Match (varname=authenticity_token), 

=INFO REPORT==== 6-Dec-2024::19:41:40 ===
           ts_search:(5:<0.721.0>) Dyn Var (RE): no Match (varname=authenticity_token), 

=INFO REPORT==== 6-Dec-2024::19:41:40 ===
           ts_search:(5:<0.724.0>) Dyn Var (RE): no Match (varname=authenticity_token), 

=INFO REPORT==== 6-Dec-2024::19:41:40 ===
           ts_search:(5:<0.727.0>) Dyn Var (RE): no Match (varname=authenticity_token), 

=INFO REPORT==== 6-Dec-2024::19:41:40 ===
           ts_search:(5:<0.1401.0>) Dyn Var (RE): no Match (varname=authenticity_token), 

=INFO REPORT==== 6-Dec-2024::19:41:40 ===
           ts_search:(5:<0.731.0>) Dyn Var (RE): no Match (varname=authenticity_token), 

=INFO REPORT==== 6-Dec-2024::19:41:40 ===
           ts_search:(5:<0.734.0>) Dyn Var (RE): no Match (varname=authenticity_token), 

=INFO REPORT==== 6-Dec-2024::19:41:40 ===
           ts_search:(5:<0.732.0>) Dyn Var (RE): no Match (varname=authenticity_token), 

=INFO REPORT==== 6-Dec-2024::19:41:40 ===
           ts_search:(5:<0.735.0>) Dyn Var (RE): no Match (varname=authenticity_token), 

=INFO REPORT==== 6-Dec-2024::19:41:40 ===
           ts_search:(5:<0.733.0>) Dyn Var (RE): no Match (varname=authenticity_token), 

=INFO REPORT==== 6-Dec-2024::19:41:41 ===
           ts_search:(5:<0.1412.0>) Dyn Var (RE): no Match (varname=authenticity_token), 

=INFO REPORT==== 6-Dec-2024::19:41:41 ===
           ts_search:(5:<0.738.0>) Dyn Var (RE): no Match (varname=authenticity_token), 

=INFO REPORT==== 6-Dec-2024::19:41:41 ===
           ts_search:(5:<0.739.0>) Dyn Var (RE): no Match (varname=authenticity_token), 

=INFO REPORT==== 6-Dec-2024::19:41:41 ===
           ts_search:(5:<0.1369.0>) Dyn Var (RE): no Match (varname=authenticity_token), 

=INFO REPORT==== 6-Dec-2024::19:41:41 ===
           ts_search:(5:<0.562.0>) Dyn Var (RE): no Match (varname=authenticity_token), 

=INFO REPORT==== 6-Dec-2024::19:41:41 ===
           ts_search:(5:<0.1382.0>) Dyn Var (RE): no Match (varname=authenticity_token), 

=INFO REPORT==== 6-Dec-2024::19:41:41 ===
           ts_search:(5:<0.413.0>) Dyn Var (RE): no Match (varname=authenticity_token), 

=INFO REPORT==== 6-Dec-2024::19:41:41 ===
           ts_search:(5:<0.411.0>) Dyn Var (RE): no Match (varname=authenticity_token), 

=INFO REPORT==== 6-Dec-2024::19:41:41 ===
           ts_search:(5:<0.415.0>) Dyn Var (RE): no Match (varname=authenticity_token), 

=INFO REPORT==== 6-Dec-2024::19:41:41 ===
           ts_search:(5:<0.412.0>) Dyn Var (RE): no Match (varname=authenticity_token), 

=INFO REPORT==== 6-Dec-2024::19:41:41 ===
           ts_search:(5:<0.747.0>) Dyn Var (RE): no Match (varname=authenticity_token), 

=INFO REPORT==== 6-Dec-2024::19:41:41 ===
           ts_search:(5:<0.748.0>) Dyn Var (RE): no Match (varname=authenticity_token), 

=INFO REPORT==== 6-Dec-2024::19:41:42 ===
           ts_search:(5:<0.749.0>) Dyn Var (RE): no Match (varname=authenticity_token), 

=INFO REPORT==== 6-Dec-2024::19:41:42 ===
           ts_search:(5:<0.750.0>) Dyn Var (RE): no Match (varname=authenticity_token), 

=INFO REPORT==== 6-Dec-2024::19:41:42 ===
           ts_search:(5:<0.751.0>) Dyn Var (RE): no Match (varname=authenticity_token), 

=INFO REPORT==== 6-Dec-2024::19:41:42 ===
           ts_search:(5:<0.752.0>) Dyn Var (RE): no Match (varname=authenticity_token), 

=INFO REPORT==== 6-Dec-2024::19:41:42 ===
           ts_search:(5:<0.753.0>) Dyn Var (RE): no Match (varname=authenticity_token), 

=INFO REPORT==== 6-Dec-2024::19:41:42 ===
           ts_search:(5:<0.755.0>) Dyn Var (RE): no Match (varname=authenticity_token), 

=INFO REPORT==== 6-Dec-2024::19:41:42 ===
           ts_search:(5:<0.756.0>) Dyn Var (RE): no Match (varname=authenticity_token), 

=INFO REPORT==== 6-Dec-2024::19:41:42 ===
           ts_search:(5:<0.758.0>) Dyn Var (RE): no Match (varname=authenticity_token), 

=INFO REPORT==== 6-Dec-2024::19:41:42 ===
           ts_search:(5:<0.754.0>) Dyn Var (RE): no Match (varname=authenticity_token), 

=INFO REPORT==== 6-Dec-2024::19:41:42 ===
           ts_search:(5:<0.757.0>) Dyn Var (RE): no Match (varname=authenticity_token), 

=INFO REPORT==== 6-Dec-2024::19:41:42 ===
           ts_search:(5:<0.759.0>) Dyn Var (RE): no Match (varname=authenticity_token), 

=INFO REPORT==== 6-Dec-2024::19:41:42 ===
           ts_search:(5:<0.760.0>) Dyn Var (RE): no Match (varname=authenticity_token), 

=INFO REPORT==== 6-Dec-2024::19:41:42 ===
           ts_search:(5:<0.761.0>) Dyn Var (RE): no Match (varname=authenticity_token), 

=INFO REPORT==== 6-Dec-2024::19:41:43 ===
           ts_search:(5:<0.380.0>) Dyn Var (RE): no Match (varname=authenticity_token), 

=INFO REPORT==== 6-Dec-2024::19:41:43 ===
           ts_search:(5:<0.386.0>) Dyn Var (RE): no Match (varname=authenticity_token), 

=INFO REPORT==== 6-Dec-2024::19:41:45 ===
           ts_search:(5:<0.424.0>) Dyn Var (RE): no Match (varname=authenticity_token), 

=INFO REPORT==== 6-Dec-2024::19:41:45 ===
           ts_search:(5:<0.425.0>) Dyn Var (RE): no Match (varname=authenticity_token), 

=INFO REPORT==== 6-Dec-2024::19:41:45 ===
           ts_search:(5:<0.426.0>) Dyn Var (RE): no Match (varname=authenticity_token), 

=INFO REPORT==== 6-Dec-2024::19:41:45 ===
           ts_search:(5:<0.427.0>) Dyn Var (RE): no Match (varname=authenticity_token), 

=INFO REPORT==== 6-Dec-2024::19:41:45 ===
    alarm_handler: {set,{system_memory_high_watermark,[]}}

=INFO REPORT==== 6-Dec-2024::19:41:47 ===
           ts_client:(5:<0.594.0>) connection close while sending message!

=INFO REPORT==== 6-Dec-2024::19:41:47 ===
           ts_client:(5:<0.594.0>) Server must have closed connection upon us, waiting 10 msec

=INFO REPORT==== 6-Dec-2024::19:41:47 ===
           ts_search:(5:<0.448.0>) Dyn Var (RE): no Match (varname=authenticity_token), 

=INFO REPORT==== 6-Dec-2024::19:41:47 ===
           ts_search:(5:<0.451.0>) Dyn Var (RE): no Match (varname=authenticity_token), 

=INFO REPORT==== 6-Dec-2024::19:41:48 ===
           ts_search:(5:<0.458.0>) Dyn Var (RE): no Match (varname=authenticity_token), 

=INFO REPORT==== 6-Dec-2024::19:41:49 ===
           ts_search:(5:<0.457.0>) Dyn Var (RE): no Match (varname=authenticity_token), 

=INFO REPORT==== 6-Dec-2024::19:41:49 ===
           ts_search:(5:<0.464.0>) Dyn Var (RE): no Match (varname=authenticity_token), 

=INFO REPORT==== 6-Dec-2024::19:41:49 ===
           ts_search:(5:<0.467.0>) Dyn Var (RE): no Match (varname=authenticity_token), 

=INFO REPORT==== 6-Dec-2024::19:41:49 ===
           ts_search:(5:<0.468.0>) Dyn Var (RE): no Match (varname=authenticity_token), 

=INFO REPORT==== 6-Dec-2024::19:41:49 ===
           ts_search:(5:<0.469.0>) Dyn Var (RE): no Match (varname=authenticity_token), 

=INFO REPORT==== 6-Dec-2024::19:41:49 ===
           ts_search:(5:<0.470.0>) Dyn Var (RE): no Match (varname=authenticity_token), 

=INFO REPORT==== 6-Dec-2024::19:41:49 ===
           ts_search:(5:<0.473.0>) Dyn Var (RE): no Match (varname=authenticity_token), 

=INFO REPORT==== 6-Dec-2024::19:41:49 ===
           ts_search:(5:<0.472.0>) Dyn Var (RE): no Match (varname=authenticity_token), 

=INFO REPORT==== 6-Dec-2024::19:41:50 ===
           ts_search:(5:<0.475.0>) Dyn Var (RE): no Match (varname=authenticity_token), 

=INFO REPORT==== 6-Dec-2024::19:41:50 ===
           ts_search:(5:<0.429.0>) Dyn Var (RE): no Match (varname=authenticity_token), 

=INFO REPORT==== 6-Dec-2024::19:41:51 ===
           ts_search:(5:<0.484.0>) Dyn Var (RE): no Match (varname=authenticity_token), 

=INFO REPORT==== 6-Dec-2024::19:41:51 ===
           ts_search:(5:<0.485.0>) Dyn Var (RE): no Match (varname=authenticity_token), 

=INFO REPORT==== 6-Dec-2024::19:41:51 ===
           ts_search:(5:<0.487.0>) Dyn Var (RE): no Match (varname=authenticity_token), 

=INFO REPORT==== 6-Dec-2024::19:41:51 ===
           ts_search:(5:<0.489.0>) Dyn Var (RE): no Match (varname=authenticity_token), 

=INFO REPORT==== 6-Dec-2024::19:41:51 ===
           ts_search:(5:<0.491.0>) Dyn Var (RE): no Match (varname=authenticity_token), 

=INFO REPORT==== 6-Dec-2024::19:41:51 ===
           ts_search:(5:<0.486.0>) Dyn Var (RE): no Match (varname=authenticity_token), 

=INFO REPORT==== 6-Dec-2024::19:41:51 ===
           ts_search:(5:<0.672.0>) Dyn Var (RE): no Match (varname=authenticity_token), 

=INFO REPORT==== 6-Dec-2024::19:41:52 ===
           ts_search:(5:<0.674.0>) Dyn Var (RE): no Match (varname=authenticity_token), 

=INFO REPORT==== 6-Dec-2024::19:41:57 ===
           ts_search:(5:<0.481.0>) Dyn Var (RE): no Match (varname=authenticity_token), 

=INFO REPORT==== 6-Dec-2024::19:41:57 ===
           ts_search:(5:<0.476.0>) Dyn Var (RE): no Match (varname=authenticity_token), 

=INFO REPORT==== 6-Dec-2024::19:41:57 ===
           ts_search:(5:<0.480.0>) Dyn Var (RE): no Match (varname=authenticity_token), 

=INFO REPORT==== 6-Dec-2024::19:41:57 ===
           ts_search:(5:<0.713.0>) Dyn Var (RE): no Match (varname=authenticity_token), 

=INFO REPORT==== 6-Dec-2024::19:41:58 ===
           ts_search:(5:<0.1383.0>) Dyn Var (RE): no Match (varname=authenticity_token), 

=INFO REPORT==== 6-Dec-2024::19:41:59 ===
           ts_search:(5:<0.1433.0>) Dyn Var (RE): no Match (varname=authenticity_token), 

=INFO REPORT==== 6-Dec-2024::19:41:59 ===
           ts_search:(5:<0.1434.0>) Dyn Var (RE): no Match (varname=authenticity_token), 

=INFO REPORT==== 6-Dec-2024::19:41:59 ===
           ts_search:(5:<0.1435.0>) Dyn Var (RE): no Match (varname=authenticity_token), 

=INFO REPORT==== 6-Dec-2024::19:41:59 ===
           ts_search:(5:<0.490.0>) Dyn Var (RE): no Match (varname=authenticity_token), 

=INFO REPORT==== 6-Dec-2024::19:42:00 ===
           ts_search:(5:<0.526.0>) Dyn Var (RE): no Match (varname=authenticity_token), 

=INFO REPORT==== 6-Dec-2024::19:42:00 ===
           ts_search:(5:<0.529.0>) Dyn Var (RE): no Match (varname=authenticity_token), 

=INFO REPORT==== 6-Dec-2024::19:42:00 ===
           ts_search:(5:<0.535.0>) Dyn Var (RE): no Match (varname=authenticity_token), 

=INFO REPORT==== 6-Dec-2024::19:42:00 ===
           ts_search:(5:<0.536.0>) Dyn Var (RE): no Match (varname=authenticity_token), 

=INFO REPORT==== 6-Dec-2024::19:42:01 ===
           ts_search:(5:<0.495.0>) Dyn Var (RE): no Match (varname=authenticity_token), 

=INFO REPORT==== 6-Dec-2024::19:42:01 ===
           ts_search:(5:<0.549.0>) Dyn Var (RE): no Match (varname=authenticity_token), 

=INFO REPORT==== 6-Dec-2024::19:42:01 ===
           ts_search:(5:<0.552.0>) Dyn Var (RE): no Match (varname=authenticity_token), 

=INFO REPORT==== 6-Dec-2024::19:42:02 ===
           ts_search:(5:<0.510.0>) Dyn Var (RE): no Match (varname=authenticity_token), 

=INFO REPORT==== 6-Dec-2024::19:42:02 ===
           ts_search:(5:<0.500.0>) Dyn Var (RE): no Match (varname=authenticity_token), 

=INFO REPORT==== 6-Dec-2024::19:42:02 ===
           ts_search:(5:<0.509.0>) Dyn Var (RE): no Match (varname=authenticity_token), 

=INFO REPORT==== 6-Dec-2024::19:42:02 ===
           ts_search:(5:<0.771.0>) Dyn Var (RE): no Match (varname=authenticity_token), 

=INFO REPORT==== 6-Dec-2024::19:42:03 ===
           ts_search:(5:<0.585.0>) Dyn Var (RE): no Match (varname=authenticity_token), 

=INFO REPORT==== 6-Dec-2024::19:42:03 ===
           ts_search:(5:<0.592.0>) Dyn Var (RE): no Match (varname=authenticity_token), 

=INFO REPORT==== 6-Dec-2024::19:42:03 ===
           ts_search:(5:<0.776.0>) Dyn Var (RE): no Match (varname=authenticity_token), 

=INFO REPORT==== 6-Dec-2024::19:42:07 ===
           ts_search:(5:<0.822.0>) Dyn Var (RE): no Match (varname=authenticity_token), 

=INFO REPORT==== 6-Dec-2024::19:42:08 ===
           ts_search:(5:<0.824.0>) Dyn Var (RE): no Match (varname=authenticity_token), 

=INFO REPORT==== 6-Dec-2024::19:42:09 ===
           ts_search:(5:<0.887.0>) Dyn Var (RE): no Match (varname=authenticity_token), 

=INFO REPORT==== 6-Dec-2024::19:42:09 ===
           ts_search:(5:<0.595.0>) Dyn Var (RE): no Match (varname=authenticity_token), 

=INFO REPORT==== 6-Dec-2024::19:42:12 ===
           ts_search:(5:<0.911.0>) Dyn Var (RE): no Match (varname=authenticity_token), 

=INFO REPORT==== 6-Dec-2024::19:42:13 ===
           ts_search:(5:<0.606.0>) Dyn Var (RE): no Match (varname=authenticity_token), 

=INFO REPORT==== 6-Dec-2024::19:42:16 ===
           ts_search:(5:<0.621.0>) Dyn Var (RE): no Match (varname=authenticity_token), 

=INFO REPORT==== 6-Dec-2024::19:42:16 ===
           ts_search:(5:<0.622.0>) Dyn Var (RE): no Match (varname=authenticity_token), 

=INFO REPORT==== 6-Dec-2024::19:42:17 ===
           ts_search:(5:<0.974.0>) Dyn Var (RE): no Match (varname=authenticity_token), 

=INFO REPORT==== 6-Dec-2024::19:42:18 ===
           ts_search:(5:<0.984.0>) Dyn Var (RE): no Match (varname=authenticity_token), 

=INFO REPORT==== 6-Dec-2024::19:42:20 ===
           ts_search:(5:<0.1001.0>) Dyn Var (RE): no Match (varname=authenticity_token), 

=INFO REPORT==== 6-Dec-2024::19:42:20 ===
           ts_search:(5:<0.997.0>) Dyn Var (RE): no Match (varname=authenticity_token), 

=INFO REPORT==== 6-Dec-2024::19:42:29 ===
           ts_search:(5:<0.1089.0>) Dyn Var (RE): no Match (varname=authenticity_token), 

=INFO REPORT==== 6-Dec-2024::19:42:31 ===
           ts_search:(5:<0.1108.0>) Dyn Var (RE): no Match (varname=authenticity_token), 

=INFO REPORT==== 6-Dec-2024::19:42:32 ===
           ts_search:(5:<0.1112.0>) Dyn Var (RE): no Match (varname=authenticity_token), 

=INFO REPORT==== 6-Dec-2024::19:42:34 ===
           ts_search:(5:<0.1111.0>) Dyn Var (RE): no Match (varname=authenticity_token), 

=INFO REPORT==== 6-Dec-2024::19:42:36 ===
           ts_search:(5:<0.1125.0>) Dyn Var (RE): no Match (varname=authenticity_token), 

=INFO REPORT==== 6-Dec-2024::19:42:36 ===
           ts_search:(5:<0.1137.0>) Dyn Var (RE): no Match (varname=authenticity_token), 

=INFO REPORT==== 6-Dec-2024::19:42:40 ===
           ts_search:(5:<0.1161.0>) Dyn Var (RE): no Match (varname=authenticity_token), 

=INFO REPORT==== 6-Dec-2024::19:42:42 ===
           ts_search:(5:<0.1170.0>) Dyn Var (RE): no Match (varname=authenticity_token), 

=INFO REPORT==== 6-Dec-2024::19:42:45 ===
           ts_search:(5:<0.635.0>) Dyn Var (RE): no Match (varname=authenticity_token), 

=INFO REPORT==== 6-Dec-2024::19:42:46 ===
           ts_search:(5:<0.630.0>) Dyn Var (RE): no Match (varname=authenticity_token), 

=INFO REPORT==== 6-Dec-2024::19:42:47 ===
           ts_search:(5:<0.641.0>) Dyn Var (RE): no Match (varname=authenticity_token), 

=INFO REPORT==== 6-Dec-2024::19:42:48 ===
           ts_search:(5:<0.1247.0>) Dyn Var (RE): no Match (varname=authenticity_token), 

=INFO REPORT==== 6-Dec-2024::19:42:53 ===
           ts_search:(5:<0.637.0>) Dyn Var (RE): no Match (varname=authenticity_token), 

=INFO REPORT==== 6-Dec-2024::19:42:53 ===
           ts_search:(5:<0.647.0>) Dyn Var (RE): no Match (varname=authenticity_token), 

=INFO REPORT==== 6-Dec-2024::19:42:54 ===
           ts_search:(5:<0.1279.0>) Dyn Var (RE): no Match (varname=authenticity_token), 

=INFO REPORT==== 6-Dec-2024::19:42:55 ===
           ts_search:(5:<0.654.0>) Dyn Var (RE): no Match (varname=authenticity_token), 

=INFO REPORT==== 6-Dec-2024::19:42:55 ===
           ts_search:(5:<0.655.0>) Dyn Var (RE): no Match (varname=authenticity_token), 

=INFO REPORT==== 6-Dec-2024::19:42:55 ===
           ts_search:(5:<0.650.0>) Dyn Var (RE): no Match (varname=authenticity_token), 

=INFO REPORT==== 6-Dec-2024::19:42:55 ===
           ts_search:(5:<0.657.0>) Dyn Var (RE): no Match (varname=authenticity_token), 

=INFO REPORT==== 6-Dec-2024::19:42:55 ===
           ts_search:(5:<0.659.0>) Dyn Var (RE): no Match (varname=authenticity_token), 

=INFO REPORT==== 6-Dec-2024::19:42:55 ===
           ts_search:(5:<0.651.0>) Dyn Var (RE): no Match (varname=authenticity_token), 

=INFO REPORT==== 6-Dec-2024::19:42:56 ===
           ts_search:(5:<0.1308.0>) Dyn Var (RE): no Match (varname=authenticity_token), 

=INFO REPORT==== 6-Dec-2024::19:42:56 ===
           ts_search:(5:<0.653.0>) Dyn Var (RE): no Match (varname=authenticity_token), 

=INFO REPORT==== 6-Dec-2024::19:42:56 ===
           ts_search:(5:<0.652.0>) Dyn Var (RE): no Match (varname=authenticity_token), 

=INFO REPORT==== 6-Dec-2024::19:42:56 ===
           ts_search:(5:<0.658.0>) Dyn Var (RE): no Match (varname=authenticity_token), 

=INFO REPORT==== 6-Dec-2024::19:42:56 ===
           ts_search:(5:<0.661.0>) Dyn Var (RE): no Match (varname=authenticity_token), 

=INFO REPORT==== 6-Dec-2024::19:42:56 ===
           ts_search:(5:<0.676.0>) Dyn Var (RE): no Match (varname=authenticity_token), 

=INFO REPORT==== 6-Dec-2024::19:42:56 ===
           ts_search:(5:<0.675.0>) Dyn Var (RE): no Match (varname=authenticity_token), 

=INFO REPORT==== 6-Dec-2024::19:42:56 ===
           ts_search:(5:<0.677.0>) Dyn Var (RE): no Match (varname=authenticity_token), 

=INFO REPORT==== 6-Dec-2024::19:42:56 ===
           ts_search:(5:<0.663.0>) Dyn Var (RE): no Match (varname=authenticity_token), 

=INFO REPORT==== 6-Dec-2024::19:42:56 ===
           ts_search:(5:<0.660.0>) Dyn Var (RE): no Match (varname=authenticity_token), 

=INFO REPORT==== 6-Dec-2024::19:42:57 ===
           ts_search:(5:<0.682.0>) Dyn Var (RE): no Match (varname=authenticity_token), 

=INFO REPORT==== 6-Dec-2024::19:42:57 ===
           ts_search:(5:<0.1353.0>) Dyn Var (RE): no Match (varname=authenticity_token), 

=INFO REPORT==== 6-Dec-2024::19:42:57 ===
           ts_search:(5:<0.662.0>) Dyn Var (RE): no Match (varname=authenticity_token), 

=INFO REPORT==== 6-Dec-2024::19:42:57 ===
           ts_search:(5:<0.666.0>) Dyn Var (RE): no Match (varname=authenticity_token), 

=INFO REPORT==== 6-Dec-2024::19:42:57 ===
           ts_search:(5:<0.665.0>) Dyn Var (RE): no Match (varname=authenticity_token), 

=INFO REPORT==== 6-Dec-2024::19:42:57 ===
           ts_search:(5:<0.667.0>) Dyn Var (RE): no Match (varname=authenticity_token), 

=INFO REPORT==== 6-Dec-2024::19:42:57 ===
           ts_search:(5:<0.664.0>) Dyn Var (RE): no Match (varname=authenticity_token), 

=INFO REPORT==== 6-Dec-2024::19:42:57 ===
           ts_search:(5:<0.668.0>) Dyn Var (RE): no Match (varname=authenticity_token), 

=INFO REPORT==== 6-Dec-2024::19:42:57 ===
           ts_search:(5:<0.669.0>) Dyn Var (RE): no Match (varname=authenticity_token), 

=INFO REPORT==== 6-Dec-2024::19:42:57 ===
           ts_search:(5:<0.670.0>) Dyn Var (RE): no Match (varname=authenticity_token), 

=INFO REPORT==== 6-Dec-2024::19:42:58 ===
           ts_search:(5:<0.671.0>) Dyn Var (RE): no Match (varname=authenticity_token), 

=INFO REPORT==== 6-Dec-2024::19:42:58 ===
           ts_search:(5:<0.673.0>) Dyn Var (RE): no Match (varname=authenticity_token), 

=INFO REPORT==== 6-Dec-2024::19:42:58 ===
           ts_search:(5:<0.684.0>) Dyn Var (RE): no Match (varname=authenticity_token), 

=INFO REPORT==== 6-Dec-2024::19:42:58 ===
           ts_search:(5:<0.688.0>) Dyn Var (RE): no Match (varname=authenticity_token), 

=INFO REPORT==== 6-Dec-2024::19:42:58 ===
           ts_search:(5:<0.691.0>) Dyn Var (RE): no Match (varname=authenticity_token), 

=INFO REPORT==== 6-Dec-2024::19:42:58 ===
           ts_search:(5:<0.685.0>) Dyn Var (RE): no Match (varname=authenticity_token), 

=INFO REPORT==== 6-Dec-2024::19:42:59 ===
           ts_search:(5:<0.687.0>) Dyn Var (RE): no Match (varname=authenticity_token), 

=INFO REPORT==== 6-Dec-2024::19:42:59 ===
           ts_search:(5:<0.689.0>) Dyn Var (RE): no Match (varname=authenticity_token), 

=INFO REPORT==== 6-Dec-2024::19:42:59 ===
           ts_search:(5:<0.686.0>) Dyn Var (RE): no Match (varname=authenticity_token), 

=INFO REPORT==== 6-Dec-2024::19:42:59 ===
           ts_search:(5:<0.694.0>) Dyn Var (RE): no Match (varname=authenticity_token), 

=INFO REPORT==== 6-Dec-2024::19:42:59 ===
           ts_search:(5:<0.697.0>) Dyn Var (RE): no Match (varname=authenticity_token), 

=INFO REPORT==== 6-Dec-2024::19:42:59 ===
           ts_search:(5:<0.695.0>) Dyn Var (RE): no Match (varname=authenticity_token), 

=INFO REPORT==== 6-Dec-2024::19:42:59 ===
           ts_search:(5:<0.698.0>) Dyn Var (RE): no Match (varname=authenticity_token), 

=INFO REPORT==== 6-Dec-2024::19:42:59 ===
           ts_search:(5:<0.702.0>) Dyn Var (RE): no Match (varname=authenticity_token), 

=INFO REPORT==== 6-Dec-2024::19:42:59 ===
           ts_search:(5:<0.704.0>) Dyn Var (RE): no Match (varname=authenticity_token), 

=INFO REPORT==== 6-Dec-2024::19:42:59 ===
           ts_search:(5:<0.690.0>) Dyn Var (RE): no Match (varname=authenticity_token), 

=INFO REPORT==== 6-Dec-2024::19:43:00 ===
           ts_search:(5:<0.703.0>) Dyn Var (RE): no Match (varname=authenticity_token), 

=INFO REPORT==== 6-Dec-2024::19:43:00 ===
           ts_search:(5:<0.701.0>) Dyn Var (RE): no Match (varname=authenticity_token), 

=INFO REPORT==== 6-Dec-2024::19:43:00 ===
           ts_search:(5:<0.692.0>) Dyn Var (RE): no Match (varname=authenticity_token), 

=INFO REPORT==== 6-Dec-2024::19:43:00 ===
           ts_search:(5:<0.696.0>) Dyn Var (RE): no Match (varname=authenticity_token), 

=INFO REPORT==== 6-Dec-2024::19:43:00 ===
           ts_search:(5:<0.700.0>) Dyn Var (RE): no Match (varname=authenticity_token), 

=INFO REPORT==== 6-Dec-2024::19:43:00 ===
           ts_search:(5:<0.699.0>) Dyn Var (RE): no Match (varname=authenticity_token), 

=INFO REPORT==== 6-Dec-2024::19:43:00 ===
           ts_search:(5:<0.705.0>) Dyn Var (RE): no Match (varname=authenticity_token), 

=INFO REPORT==== 6-Dec-2024::19:43:00 ===
           ts_search:(5:<0.706.0>) Dyn Var (RE): no Match (varname=authenticity_token), 

=INFO REPORT==== 6-Dec-2024::19:43:01 ===
           ts_search:(5:<0.709.0>) Dyn Var (RE): no Match (varname=authenticity_token), 

=INFO REPORT==== 6-Dec-2024::19:43:01 ===
           ts_search:(5:<0.707.0>) Dyn Var (RE): no Match (varname=authenticity_token), 

=INFO REPORT==== 6-Dec-2024::19:43:01 ===
           ts_search:(5:<0.710.0>) Dyn Var (RE): no Match (varname=authenticity_token), 

=INFO REPORT==== 6-Dec-2024::19:43:01 ===
           ts_search:(5:<0.712.0>) Dyn Var (RE): no Match (varname=authenticity_token), 

=INFO REPORT==== 6-Dec-2024::19:43:01 ===
           ts_search:(5:<0.708.0>) Dyn Var (RE): no Match (varname=authenticity_token), 

=INFO REPORT==== 6-Dec-2024::19:43:01 ===
           ts_search:(5:<0.711.0>) Dyn Var (RE): no Match (varname=authenticity_token), 

=INFO REPORT==== 6-Dec-2024::19:43:01 ===
           ts_search:(5:<0.714.0>) Dyn Var (RE): no Match (varname=authenticity_token), 

=INFO REPORT==== 6-Dec-2024::19:43:02 ===
           ts_search:(5:<0.715.0>) Dyn Var (RE): no Match (varname=authenticity_token), 

=INFO REPORT==== 6-Dec-2024::19:43:02 ===
           ts_search:(5:<0.718.0>) Dyn Var (RE): no Match (varname=authenticity_token), 

=INFO REPORT==== 6-Dec-2024::19:43:02 ===
           ts_search:(5:<0.716.0>) Dyn Var (RE): no Match (varname=authenticity_token), 

=INFO REPORT==== 6-Dec-2024::19:43:02 ===
           ts_search:(5:<0.723.0>) Dyn Var (RE): no Match (varname=authenticity_token), 

=INFO REPORT==== 6-Dec-2024::19:43:02 ===
           ts_search:(5:<0.717.0>) Dyn Var (RE): no Match (varname=authenticity_token), 

=INFO REPORT==== 6-Dec-2024::19:43:02 ===
           ts_search:(5:<0.726.0>) Dyn Var (RE): no Match (varname=authenticity_token), 

=INFO REPORT==== 6-Dec-2024::19:43:02 ===
           ts_search:(5:<0.719.0>) Dyn Var (RE): no Match (varname=authenticity_token), 

=INFO REPORT==== 6-Dec-2024::19:43:03 ===
           ts_search:(5:<0.722.0>) Dyn Var (RE): no Match (varname=authenticity_token), 

=INFO REPORT==== 6-Dec-2024::19:43:03 ===
           ts_search:(5:<0.729.0>) Dyn Var (RE): no Match (varname=authenticity_token), 

=INFO REPORT==== 6-Dec-2024::19:43:03 ===
           ts_search:(5:<0.730.0>) Dyn Var (RE): no Match (varname=authenticity_token), 

=INFO REPORT==== 6-Dec-2024::19:43:03 ===
           ts_search:(5:<0.737.0>) Dyn Var (RE): no Match (varname=authenticity_token), 

=INFO REPORT==== 6-Dec-2024::19:43:03 ===
           ts_search:(5:<0.1385.0>) Dyn Var (RE): no Match (varname=authenticity_token), 

=INFO REPORT==== 6-Dec-2024::19:43:03 ===
           ts_search:(5:<0.728.0>) Dyn Var (RE): no Match (varname=authenticity_token), 

=INFO REPORT==== 6-Dec-2024::19:43:03 ===
           ts_search:(5:<0.740.0>) Dyn Var (RE): no Match (varname=authenticity_token), 

=INFO REPORT==== 6-Dec-2024::19:43:04 ===
           ts_search:(5:<0.800.0>) Dyn Var (RE): no Match (varname=authenticity_token), 

=INFO REPORT==== 6-Dec-2024::19:43:04 ===
           ts_search:(5:<0.803.0>) Dyn Var (RE): no Match (varname=authenticity_token), 

=INFO REPORT==== 6-Dec-2024::19:43:04 ===
           ts_search:(5:<0.801.0>) Dyn Var (RE): no Match (varname=authenticity_token), 

=INFO REPORT==== 6-Dec-2024::19:43:04 ===
           ts_search:(5:<0.830.0>) Dyn Var (RE): no Match (varname=authenticity_token), 

=INFO REPORT==== 6-Dec-2024::19:43:04 ===
           ts_search:(5:<0.831.0>) Dyn Var (RE): no Match (varname=authenticity_token), 

=INFO REPORT==== 6-Dec-2024::19:43:04 ===
           ts_search:(5:<0.832.0>) Dyn Var (RE): no Match (varname=authenticity_token), 

=INFO REPORT==== 6-Dec-2024::19:43:04 ===
           ts_search:(5:<0.833.0>) Dyn Var (RE): no Match (varname=authenticity_token), 

=INFO REPORT==== 6-Dec-2024::19:43:04 ===
           ts_search:(5:<0.857.0>) Dyn Var (RE): no Match (varname=authenticity_token), 

=INFO REPORT==== 6-Dec-2024::19:43:04 ===
           ts_search:(5:<0.858.0>) Dyn Var (RE): no Match (varname=authenticity_token), 

=INFO REPORT==== 6-Dec-2024::19:43:04 ===
           ts_search:(5:<0.853.0>) Dyn Var (RE): no Match (varname=authenticity_token), 

=INFO REPORT==== 6-Dec-2024::19:43:04 ===
           ts_search:(5:<0.856.0>) Dyn Var (RE): no Match (varname=authenticity_token), 

=INFO REPORT==== 6-Dec-2024::19:43:04 ===
           ts_search:(5:<0.859.0>) Dyn Var (RE): no Match (varname=authenticity_token), 

=INFO REPORT==== 6-Dec-2024::19:43:04 ===
           ts_search:(5:<0.848.0>) Dyn Var (RE): no Match (varname=authenticity_token), 

=INFO REPORT==== 6-Dec-2024::19:43:04 ===
           ts_search:(5:<0.864.0>) Dyn Var (RE): no Match (varname=authenticity_token), 

=INFO REPORT==== 6-Dec-2024::19:43:04 ===
           ts_search:(5:<0.861.0>) Dyn Var (RE): no Match (varname=authenticity_token), 

=INFO REPORT==== 6-Dec-2024::19:43:04 ===
           ts_search:(5:<0.860.0>) Dyn Var (RE): no Match (varname=authenticity_token), 

=INFO REPORT==== 6-Dec-2024::19:43:04 ===
           ts_search:(5:<0.863.0>) Dyn Var (RE): no Match (varname=authenticity_token), 

=INFO REPORT==== 6-Dec-2024::19:43:04 ===
           ts_search:(5:<0.850.0>) Dyn Var (RE): no Match (varname=authenticity_token), 

=INFO REPORT==== 6-Dec-2024::19:43:04 ===
           ts_search:(5:<0.871.0>) Dyn Var (RE): no Match (varname=authenticity_token), 

=INFO REPORT==== 6-Dec-2024::19:43:04 ===
           ts_search:(5:<0.868.0>) Dyn Var (RE): no Match (varname=authenticity_token), 

=INFO REPORT==== 6-Dec-2024::19:43:04 ===
           ts_search:(5:<0.891.0>) Dyn Var (RE): no Match (varname=authenticity_token), 

=INFO REPORT==== 6-Dec-2024::19:43:04 ===
           ts_search:(5:<0.897.0>) Dyn Var (RE): no Match (varname=authenticity_token), 

=INFO REPORT==== 6-Dec-2024::19:43:04 ===
           ts_search:(5:<0.893.0>) Dyn Var (RE): no Match (varname=authenticity_token), 

=INFO REPORT==== 6-Dec-2024::19:43:04 ===
           ts_search:(5:<0.879.0>) Dyn Var (RE): no Match (varname=authenticity_token), 

=INFO REPORT==== 6-Dec-2024::19:43:04 ===
           ts_search:(5:<0.885.0>) Dyn Var (RE): no Match (varname=authenticity_token), 

=INFO REPORT==== 6-Dec-2024::19:43:04 ===
           ts_search:(5:<0.900.0>) Dyn Var (RE): no Match (varname=authenticity_token), 

=INFO REPORT==== 6-Dec-2024::19:43:04 ===
           ts_search:(5:<0.899.0>) Dyn Var (RE): no Match (varname=authenticity_token), 

=INFO REPORT==== 6-Dec-2024::19:43:04 ===
           ts_search:(5:<0.898.0>) Dyn Var (RE): no Match (varname=authenticity_token), 

=INFO REPORT==== 6-Dec-2024::19:43:05 ===
           ts_search:(5:<0.920.0>) Dyn Var (RE): no Match (varname=authenticity_token), 

=INFO REPORT==== 6-Dec-2024::19:43:05 ===
           ts_search:(5:<0.913.0>) Dyn Var (RE): no Match (varname=authenticity_token), 

=INFO REPORT==== 6-Dec-2024::19:43:05 ===
           ts_search:(5:<0.915.0>) Dyn Var (RE): no Match (varname=authenticity_token), 

=INFO REPORT==== 6-Dec-2024::19:43:05 ===
           ts_search:(5:<0.921.0>) Dyn Var (RE): no Match (varname=authenticity_token), 

=INFO REPORT==== 6-Dec-2024::19:43:05 ===
           ts_search:(5:<0.918.0>) Dyn Var (RE): no Match (varname=authenticity_token), 

=INFO REPORT==== 6-Dec-2024::19:43:05 ===
           ts_search:(5:<0.916.0>) Dyn Var (RE): no Match (varname=authenticity_token), 

=INFO REPORT==== 6-Dec-2024::19:43:05 ===
           ts_search:(5:<0.922.0>) Dyn Var (RE): no Match (varname=authenticity_token), 

=INFO REPORT==== 6-Dec-2024::19:43:05 ===
           ts_search:(5:<0.924.0>) Dyn Var (RE): no Match (varname=authenticity_token), 

=INFO REPORT==== 6-Dec-2024::19:43:05 ===
           ts_search:(5:<0.926.0>) Dyn Var (RE): no Match (varname=authenticity_token), 

=INFO REPORT==== 6-Dec-2024::19:43:05 ===
           ts_search:(5:<0.923.0>) Dyn Var (RE): no Match (varname=authenticity_token), 

=INFO REPORT==== 6-Dec-2024::19:43:05 ===
           ts_search:(5:<0.925.0>) Dyn Var (RE): no Match (varname=authenticity_token), 

=INFO REPORT==== 6-Dec-2024::19:43:05 ===
           ts_search:(5:<0.934.0>) Dyn Var (RE): no Match (varname=authenticity_token), 

=INFO REPORT==== 6-Dec-2024::19:43:05 ===
           ts_search:(5:<0.935.0>) Dyn Var (RE): no Match (varname=authenticity_token), 

=INFO REPORT==== 6-Dec-2024::19:43:05 ===
           ts_search:(5:<0.953.0>) Dyn Var (RE): no Match (varname=authenticity_token), 

=INFO REPORT==== 6-Dec-2024::19:43:05 ===
           ts_search:(5:<0.957.0>) Dyn Var (RE): no Match (varname=authenticity_token), 

=INFO REPORT==== 6-Dec-2024::19:43:05 ===
           ts_search:(5:<0.956.0>) Dyn Var (RE): no Match (varname=authenticity_token), 

=INFO REPORT==== 6-Dec-2024::19:43:05 ===
           ts_search:(5:<0.960.0>) Dyn Var (RE): no Match (varname=authenticity_token), 

=INFO REPORT==== 6-Dec-2024::19:43:05 ===
           ts_search:(5:<0.958.0>) Dyn Var (RE): no Match (varname=authenticity_token), 

=INFO REPORT==== 6-Dec-2024::19:43:05 ===
           ts_search:(5:<0.951.0>) Dyn Var (RE): no Match (varname=authenticity_token), 

=INFO REPORT==== 6-Dec-2024::19:43:05 ===
           ts_search:(5:<0.962.0>) Dyn Var (RE): no Match (varname=authenticity_token), 

=INFO REPORT==== 6-Dec-2024::19:43:05 ===
           ts_search:(5:<0.966.0>) Dyn Var (RE): no Match (varname=authenticity_token), 

=INFO REPORT==== 6-Dec-2024::19:43:05 ===
           ts_search:(5:<0.961.0>) Dyn Var (RE): no Match (varname=authenticity_token), 

=INFO REPORT==== 6-Dec-2024::19:43:05 ===
           ts_search:(5:<0.959.0>) Dyn Var (RE): no Match (varname=authenticity_token), 

=INFO REPORT==== 6-Dec-2024::19:43:05 ===
           ts_search:(5:<0.975.0>) Dyn Var (RE): no Match (varname=authenticity_token), 

=INFO REPORT==== 6-Dec-2024::19:43:05 ===
           ts_search:(5:<0.985.0>) Dyn Var (RE): no Match (varname=authenticity_token), 

=INFO REPORT==== 6-Dec-2024::19:43:05 ===
           ts_search:(5:<0.989.0>) Dyn Var (RE): no Match (varname=authenticity_token), 

=INFO REPORT==== 6-Dec-2024::19:43:05 ===
           ts_search:(5:<0.988.0>) Dyn Var (RE): no Match (varname=authenticity_token), 

=INFO REPORT==== 6-Dec-2024::19:43:05 ===
           ts_search:(5:<0.993.0>) Dyn Var (RE): no Match (varname=authenticity_token), 

=INFO REPORT==== 6-Dec-2024::19:43:05 ===
           ts_search:(5:<0.981.0>) Dyn Var (RE): no Match (varname=authenticity_token), 

=INFO REPORT==== 6-Dec-2024::19:43:05 ===
           ts_search:(5:<0.987.0>) Dyn Var (RE): no Match (varname=authenticity_token), 

=INFO REPORT==== 6-Dec-2024::19:43:05 ===
           ts_search:(5:<0.986.0>) Dyn Var (RE): no Match (varname=authenticity_token), 

=INFO REPORT==== 6-Dec-2024::19:43:05 ===
           ts_search:(5:<0.990.0>) Dyn Var (RE): no Match (varname=authenticity_token), 

=INFO REPORT==== 6-Dec-2024::19:43:05 ===
           ts_search:(5:<0.991.0>) Dyn Var (RE): no Match (varname=authenticity_token), 

=INFO REPORT==== 6-Dec-2024::19:43:05 ===
           ts_search:(5:<0.1000.0>) Dyn Var (RE): no Match (varname=authenticity_token), 

=INFO REPORT==== 6-Dec-2024::19:43:05 ===
           ts_search:(5:<0.995.0>) Dyn Var (RE): no Match (varname=authenticity_token), 

=INFO REPORT==== 6-Dec-2024::19:43:05 ===
           ts_search:(5:<0.1005.0>) Dyn Var (RE): no Match (varname=authenticity_token), 

=INFO REPORT==== 6-Dec-2024::19:43:05 ===
           ts_search:(5:<0.1008.0>) Dyn Var (RE): no Match (varname=authenticity_token), 

=INFO REPORT==== 6-Dec-2024::19:43:05 ===
           ts_search:(5:<0.1019.0>) Dyn Var (RE): no Match (varname=authenticity_token), 

=INFO REPORT==== 6-Dec-2024::19:43:05 ===
           ts_search:(5:<0.1025.0>) Dyn Var (RE): no Match (varname=authenticity_token), 

=INFO REPORT==== 6-Dec-2024::19:43:05 ===
           ts_search:(5:<0.1024.0>) Dyn Var (RE): no Match (varname=authenticity_token), 

=INFO REPORT==== 6-Dec-2024::19:43:05 ===
           ts_search:(5:<0.1026.0>) Dyn Var (RE): no Match (varname=authenticity_token), 

=INFO REPORT==== 6-Dec-2024::19:43:05 ===
           ts_search:(5:<0.1028.0>) Dyn Var (RE): no Match (varname=authenticity_token), 

=INFO REPORT==== 6-Dec-2024::19:43:05 ===
           ts_search:(5:<0.1031.0>) Dyn Var (RE): no Match (varname=authenticity_token), 

=INFO REPORT==== 6-Dec-2024::19:43:05 ===
           ts_search:(5:<0.1020.0>) Dyn Var (RE): no Match (varname=authenticity_token), 

=INFO REPORT==== 6-Dec-2024::19:43:05 ===
           ts_search:(5:<0.1045.0>) Dyn Var (RE): no Match (varname=authenticity_token), 

=INFO REPORT==== 6-Dec-2024::19:43:05 ===
           ts_search:(5:<0.1046.0>) Dyn Var (RE): no Match (varname=authenticity_token), 

=INFO REPORT==== 6-Dec-2024::19:43:05 ===
           ts_search:(5:<0.1047.0>) Dyn Var (RE): no Match (varname=authenticity_token), 

=INFO REPORT==== 6-Dec-2024::19:43:05 ===
           ts_search:(5:<0.1051.0>) Dyn Var (RE): no Match (varname=authenticity_token), 

=INFO REPORT==== 6-Dec-2024::19:43:05 ===
           ts_search:(5:<0.1030.0>) Dyn Var (RE): no Match (varname=authenticity_token), 

=INFO REPORT==== 6-Dec-2024::19:43:05 ===
           ts_search:(5:<0.1043.0>) Dyn Var (RE): no Match (varname=authenticity_token), 

=INFO REPORT==== 6-Dec-2024::19:43:05 ===
           ts_search:(5:<0.1048.0>) Dyn Var (RE): no Match (varname=authenticity_token), 

=INFO REPORT==== 6-Dec-2024::19:43:05 ===
           ts_search:(5:<0.1054.0>) Dyn Var (RE): no Match (varname=authenticity_token), 

=INFO REPORT==== 6-Dec-2024::19:43:05 ===
           ts_search:(5:<0.1050.0>) Dyn Var (RE): no Match (varname=authenticity_token), 

=INFO REPORT==== 6-Dec-2024::19:43:05 ===
           ts_search:(5:<0.1049.0>) Dyn Var (RE): no Match (varname=authenticity_token), 

=INFO REPORT==== 6-Dec-2024::19:43:05 ===
           ts_search:(5:<0.1071.0>) Dyn Var (RE): no Match (varname=authenticity_token), 

=INFO REPORT==== 6-Dec-2024::19:43:05 ===
           ts_search:(5:<0.1084.0>) Dyn Var (RE): no Match (varname=authenticity_token), 

=INFO REPORT==== 6-Dec-2024::19:43:05 ===
           ts_search:(5:<0.1080.0>) Dyn Var (RE): no Match (varname=authenticity_token), 

=INFO REPORT==== 6-Dec-2024::19:43:05 ===
           ts_search:(5:<0.1081.0>) Dyn Var (RE): no Match (varname=authenticity_token), 

=INFO REPORT==== 6-Dec-2024::19:43:05 ===
           ts_search:(5:<0.1085.0>) Dyn Var (RE): no Match (varname=authenticity_token), 

=INFO REPORT==== 6-Dec-2024::19:43:05 ===
           ts_search:(5:<0.1086.0>) Dyn Var (RE): no Match (varname=authenticity_token), 

=INFO REPORT==== 6-Dec-2024::19:43:05 ===
           ts_search:(5:<0.1087.0>) Dyn Var (RE): no Match (varname=authenticity_token), 

=INFO REPORT==== 6-Dec-2024::19:43:05 ===
           ts_search:(5:<0.1088.0>) Dyn Var (RE): no Match (varname=authenticity_token), 

=INFO REPORT==== 6-Dec-2024::19:43:05 ===
           ts_search:(5:<0.1083.0>) Dyn Var (RE): no Match (varname=authenticity_token), 

=INFO REPORT==== 6-Dec-2024::19:43:05 ===
           ts_search:(5:<0.1091.0>) Dyn Var (RE): no Match (varname=authenticity_token), 

=INFO REPORT==== 6-Dec-2024::19:43:05 ===
           ts_search:(5:<0.1099.0>) Dyn Var (RE): no Match (varname=authenticity_token), 

=INFO REPORT==== 6-Dec-2024::19:43:05 ===
           ts_search:(5:<0.1105.0>) Dyn Var (RE): no Match (varname=authenticity_token), 

=INFO REPORT==== 6-Dec-2024::19:43:05 ===
           ts_search:(5:<0.1102.0>) Dyn Var (RE): no Match (varname=authenticity_token), 

=INFO REPORT==== 6-Dec-2024::19:43:05 ===
           ts_search:(5:<0.1103.0>) Dyn Var (RE): no Match (varname=authenticity_token), 

=INFO REPORT==== 6-Dec-2024::19:43:05 ===
           ts_search:(5:<0.1104.0>) Dyn Var (RE): no Match (varname=authenticity_token), 

=INFO REPORT==== 6-Dec-2024::19:43:05 ===
           ts_search:(5:<0.1113.0>) Dyn Var (RE): no Match (varname=authenticity_token), 

=INFO REPORT==== 6-Dec-2024::19:43:05 ===
           ts_search:(5:<0.1115.0>) Dyn Var (RE): no Match (varname=authenticity_token), 

=INFO REPORT==== 6-Dec-2024::19:43:05 ===
           ts_search:(5:<0.1117.0>) Dyn Var (RE): no Match (varname=authenticity_token), 

=INFO REPORT==== 6-Dec-2024::19:43:05 ===
           ts_search:(5:<0.1116.0>) Dyn Var (RE): no Match (varname=authenticity_token), 

=INFO REPORT==== 6-Dec-2024::19:43:05 ===
           ts_search:(5:<0.1119.0>) Dyn Var (RE): no Match (varname=authenticity_token), 

=INFO REPORT==== 6-Dec-2024::19:43:05 ===
           ts_search:(5:<0.1124.0>) Dyn Var (RE): no Match (varname=authenticity_token), 

=INFO REPORT==== 6-Dec-2024::19:43:05 ===
           ts_search:(5:<0.1120.0>) Dyn Var (RE): no Match (varname=authenticity_token), 

=INFO REPORT==== 6-Dec-2024::19:43:06 ===
           ts_search:(5:<0.1150.0>) Dyn Var (RE): no Match (varname=authenticity_token), 

=INFO REPORT==== 6-Dec-2024::19:43:06 ===
           ts_search:(5:<0.1149.0>) Dyn Var (RE): no Match (varname=authenticity_token), 

=INFO REPORT==== 6-Dec-2024::19:43:06 ===
           ts_search:(5:<0.1148.0>) Dyn Var (RE): no Match (varname=authenticity_token), 

=INFO REPORT==== 6-Dec-2024::19:43:06 ===
           ts_search:(5:<0.1151.0>) Dyn Var (RE): no Match (varname=authenticity_token), 

=INFO REPORT==== 6-Dec-2024::19:43:06 ===
           ts_search:(5:<0.1153.0>) Dyn Var (RE): no Match (varname=authenticity_token), 

=INFO REPORT==== 6-Dec-2024::19:43:06 ===
           ts_search:(5:<0.1155.0>) Dyn Var (RE): no Match (varname=authenticity_token), 

=INFO REPORT==== 6-Dec-2024::19:43:06 ===
           ts_search:(5:<0.1152.0>) Dyn Var (RE): no Match (varname=authenticity_token), 

=INFO REPORT==== 6-Dec-2024::19:43:06 ===
           ts_search:(5:<0.1154.0>) Dyn Var (RE): no Match (varname=authenticity_token), 

=INFO REPORT==== 6-Dec-2024::19:43:06 ===
           ts_search:(5:<0.1174.0>) Dyn Var (RE): no Match (varname=authenticity_token), 

=INFO REPORT==== 6-Dec-2024::19:43:06 ===
           ts_search:(5:<0.1171.0>) Dyn Var (RE): no Match (varname=authenticity_token), 

=INFO REPORT==== 6-Dec-2024::19:43:06 ===
           ts_search:(5:<0.1176.0>) Dyn Var (RE): no Match (varname=authenticity_token), 

=INFO REPORT==== 6-Dec-2024::19:43:06 ===
           ts_search:(5:<0.1178.0>) Dyn Var (RE): no Match (varname=authenticity_token), 

=INFO REPORT==== 6-Dec-2024::19:43:06 ===
           ts_search:(5:<0.1179.0>) Dyn Var (RE): no Match (varname=authenticity_token), 

=INFO REPORT==== 6-Dec-2024::19:43:06 ===
           ts_search:(5:<0.1175.0>) Dyn Var (RE): no Match (varname=authenticity_token), 

=INFO REPORT==== 6-Dec-2024::19:43:06 ===
           ts_search:(5:<0.1181.0>) Dyn Var (RE): no Match (varname=authenticity_token), 

=INFO REPORT==== 6-Dec-2024::19:43:06 ===
           ts_search:(5:<0.1182.0>) Dyn Var (RE): no Match (varname=authenticity_token), 

=INFO REPORT==== 6-Dec-2024::19:43:06 ===
           ts_search:(5:<0.1184.0>) Dyn Var (RE): no Match (varname=authenticity_token), 

=INFO REPORT==== 6-Dec-2024::19:43:06 ===
           ts_search:(5:<0.1187.0>) Dyn Var (RE): no Match (varname=authenticity_token), 

=INFO REPORT==== 6-Dec-2024::19:43:06 ===
           ts_search:(5:<0.1190.0>) Dyn Var (RE): no Match (varname=authenticity_token), 

=INFO REPORT==== 6-Dec-2024::19:43:06 ===
           ts_search:(5:<0.1199.0>) Dyn Var (RE): no Match (varname=authenticity_token), 

=INFO REPORT==== 6-Dec-2024::19:43:06 ===
           ts_search:(5:<0.1210.0>) Dyn Var (RE): no Match (varname=authenticity_token), 

=INFO REPORT==== 6-Dec-2024::19:43:06 ===
           ts_search:(5:<0.1207.0>) Dyn Var (RE): no Match (varname=authenticity_token), 

=INFO REPORT==== 6-Dec-2024::19:43:06 ===
           ts_search:(5:<0.1214.0>) Dyn Var (RE): no Match (varname=authenticity_token), 

=INFO REPORT==== 6-Dec-2024::19:43:06 ===
           ts_search:(5:<0.1215.0>) Dyn Var (RE): no Match (varname=authenticity_token), 

=INFO REPORT==== 6-Dec-2024::19:43:06 ===
           ts_search:(5:<0.1232.0>) Dyn Var (RE): no Match (varname=authenticity_token), 

=INFO REPORT==== 6-Dec-2024::19:43:06 ===
           ts_search:(5:<0.1234.0>) Dyn Var (RE): no Match (varname=authenticity_token), 

=INFO REPORT==== 6-Dec-2024::19:43:06 ===
           ts_search:(5:<0.1218.0>) Dyn Var (RE): no Match (varname=authenticity_token), 

=INFO REPORT==== 6-Dec-2024::19:43:06 ===
           ts_search:(5:<0.1230.0>) Dyn Var (RE): no Match (varname=authenticity_token), 

=INFO REPORT==== 6-Dec-2024::19:43:06 ===
           ts_search:(5:<0.1233.0>) Dyn Var (RE): no Match (varname=authenticity_token), 

=INFO REPORT==== 6-Dec-2024::19:43:06 ===
           ts_search:(5:<0.1243.0>) Dyn Var (RE): no Match (varname=authenticity_token), 

=INFO REPORT==== 6-Dec-2024::19:43:06 ===
           ts_search:(5:<0.1251.0>) Dyn Var (RE): no Match (varname=authenticity_token), 

=INFO REPORT==== 6-Dec-2024::19:43:06 ===
           ts_search:(5:<0.1256.0>) Dyn Var (RE): no Match (varname=authenticity_token), 

=INFO REPORT==== 6-Dec-2024::19:43:06 ===
           ts_search:(5:<0.1250.0>) Dyn Var (RE): no Match (varname=authenticity_token), 

=INFO REPORT==== 6-Dec-2024::19:43:06 ===
           ts_search:(5:<0.1254.0>) Dyn Var (RE): no Match (varname=authenticity_token), 

=INFO REPORT==== 6-Dec-2024::19:43:06 ===
           ts_search:(5:<0.1265.0>) Dyn Var (RE): no Match (varname=authenticity_token), 

=INFO REPORT==== 6-Dec-2024::19:43:06 ===
           ts_search:(5:<0.1268.0>) Dyn Var (RE): no Match (varname=authenticity_token), 

=INFO REPORT==== 6-Dec-2024::19:43:06 ===
           ts_search:(5:<0.1267.0>) Dyn Var (RE): no Match (varname=authenticity_token), 

=INFO REPORT==== 6-Dec-2024::19:43:06 ===
           ts_search:(5:<0.1270.0>) Dyn Var (RE): no Match (varname=authenticity_token), 

=INFO REPORT==== 6-Dec-2024::19:43:06 ===
           ts_search:(5:<0.1272.0>) Dyn Var (RE): no Match (varname=authenticity_token), 

=INFO REPORT==== 6-Dec-2024::19:43:06 ===
           ts_search:(5:<0.1273.0>) Dyn Var (RE): no Match (varname=authenticity_token), 

=INFO REPORT==== 6-Dec-2024::19:43:06 ===
           ts_search:(5:<0.1278.0>) Dyn Var (RE): no Match (varname=authenticity_token), 

=INFO REPORT==== 6-Dec-2024::19:43:06 ===
           ts_search:(5:<0.1283.0>) Dyn Var (RE): no Match (varname=authenticity_token), 

=INFO REPORT==== 6-Dec-2024::19:43:06 ===
           ts_search:(5:<0.1290.0>) Dyn Var (RE): no Match (varname=authenticity_token), 

=INFO REPORT==== 6-Dec-2024::19:43:06 ===
           ts_search:(5:<0.1291.0>) Dyn Var (RE): no Match (varname=authenticity_token), 

=INFO REPORT==== 6-Dec-2024::19:43:06 ===
           ts_search:(5:<0.1292.0>) Dyn Var (RE): no Match (varname=authenticity_token), 

=INFO REPORT==== 6-Dec-2024::19:43:06 ===
           ts_search:(5:<0.1294.0>) Dyn Var (RE): no Match (varname=authenticity_token), 

=INFO REPORT==== 6-Dec-2024::19:43:06 ===
           ts_search:(5:<0.1295.0>) Dyn Var (RE): no Match (varname=authenticity_token), 

=INFO REPORT==== 6-Dec-2024::19:43:06 ===
           ts_search:(5:<0.1293.0>) Dyn Var (RE): no Match (varname=authenticity_token), 

=INFO REPORT==== 6-Dec-2024::19:43:06 ===
           ts_search:(5:<0.1298.0>) Dyn Var (RE): no Match (varname=authenticity_token), 

=INFO REPORT==== 6-Dec-2024::19:43:06 ===
           ts_search:(5:<0.1297.0>) Dyn Var (RE): no Match (varname=authenticity_token), 

=INFO REPORT==== 6-Dec-2024::19:43:06 ===
           ts_search:(5:<0.1299.0>) Dyn Var (RE): no Match (varname=authenticity_token), 

=INFO REPORT==== 6-Dec-2024::19:43:06 ===
           ts_search:(5:<0.1300.0>) Dyn Var (RE): no Match (varname=authenticity_token), 

=INFO REPORT==== 6-Dec-2024::19:43:06 ===
           ts_search:(5:<0.1301.0>) Dyn Var (RE): no Match (varname=authenticity_token), 

=INFO REPORT==== 6-Dec-2024::19:43:06 ===
           ts_search:(5:<0.1303.0>) Dyn Var (RE): no Match (varname=authenticity_token), 

=INFO REPORT==== 6-Dec-2024::19:43:06 ===
           ts_search:(5:<0.1305.0>) Dyn Var (RE): no Match (varname=authenticity_token), 

=INFO REPORT==== 6-Dec-2024::19:43:06 ===
           ts_search:(5:<0.1302.0>) Dyn Var (RE): no Match (varname=authenticity_token), 

=INFO REPORT==== 6-Dec-2024::19:43:06 ===
           ts_search:(5:<0.1304.0>) Dyn Var (RE): no Match (varname=authenticity_token), 

=INFO REPORT==== 6-Dec-2024::19:43:06 ===
           ts_search:(5:<0.1307.0>) Dyn Var (RE): no Match (varname=authenticity_token), 

=INFO REPORT==== 6-Dec-2024::19:43:06 ===
           ts_search:(5:<0.1311.0>) Dyn Var (RE): no Match (varname=authenticity_token), 

=INFO REPORT==== 6-Dec-2024::19:43:06 ===
           ts_search:(5:<0.1306.0>) Dyn Var (RE): no Match (varname=authenticity_token), 

=INFO REPORT==== 6-Dec-2024::19:43:06 ===
           ts_search:(5:<0.1309.0>) Dyn Var (RE): no Match (varname=authenticity_token), 

=INFO REPORT==== 6-Dec-2024::19:43:06 ===
           ts_search:(5:<0.1312.0>) Dyn Var (RE): no Match (varname=authenticity_token), 

=INFO REPORT==== 6-Dec-2024::19:43:06 ===
           ts_search:(5:<0.1310.0>) Dyn Var (RE): no Match (varname=authenticity_token), 

=INFO REPORT==== 6-Dec-2024::19:43:06 ===
           ts_search:(5:<0.1314.0>) Dyn Var (RE): no Match (varname=authenticity_token), 

=INFO REPORT==== 6-Dec-2024::19:43:06 ===
           ts_search:(5:<0.1315.0>) Dyn Var (RE): no Match (varname=authenticity_token), 

=INFO REPORT==== 6-Dec-2024::19:43:06 ===
           ts_search:(5:<0.1316.0>) Dyn Var (RE): no Match (varname=authenticity_token), 

=INFO REPORT==== 6-Dec-2024::19:43:06 ===
           ts_search:(5:<0.1313.0>) Dyn Var (RE): no Match (varname=authenticity_token), 

=INFO REPORT==== 6-Dec-2024::19:43:06 ===
           ts_search:(5:<0.1317.0>) Dyn Var (RE): no Match (varname=authenticity_token), 

=INFO REPORT==== 6-Dec-2024::19:43:06 ===
           ts_search:(5:<0.1319.0>) Dyn Var (RE): no Match (varname=authenticity_token), 

=INFO REPORT==== 6-Dec-2024::19:43:06 ===
           ts_search:(5:<0.1318.0>) Dyn Var (RE): no Match (varname=authenticity_token), 

=INFO REPORT==== 6-Dec-2024::19:43:06 ===
           ts_search:(5:<0.1320.0>) Dyn Var (RE): no Match (varname=authenticity_token), 

=INFO REPORT==== 6-Dec-2024::19:43:06 ===
           ts_search:(5:<0.1321.0>) Dyn Var (RE): no Match (varname=authenticity_token), 

=INFO REPORT==== 6-Dec-2024::19:43:06 ===
           ts_search:(5:<0.1322.0>) Dyn Var (RE): no Match (varname=authenticity_token), 

=INFO REPORT==== 6-Dec-2024::19:43:06 ===
           ts_search:(5:<0.1324.0>) Dyn Var (RE): no Match (varname=authenticity_token), 

=INFO REPORT==== 6-Dec-2024::19:43:06 ===
           ts_search:(5:<0.1323.0>) Dyn Var (RE): no Match (varname=authenticity_token), 

=INFO REPORT==== 6-Dec-2024::19:43:06 ===
           ts_search:(5:<0.1325.0>) Dyn Var (RE): no Match (varname=authenticity_token), 

=INFO REPORT==== 6-Dec-2024::19:43:06 ===
           ts_search:(5:<0.1326.0>) Dyn Var (RE): no Match (varname=authenticity_token), 

=INFO REPORT==== 6-Dec-2024::19:43:06 ===
           ts_search:(5:<0.1328.0>) Dyn Var (RE): no Match (varname=authenticity_token), 

=INFO REPORT==== 6-Dec-2024::19:43:06 ===
           ts_search:(5:<0.1327.0>) Dyn Var (RE): no Match (varname=authenticity_token), 

=INFO REPORT==== 6-Dec-2024::19:43:06 ===
           ts_search:(5:<0.1329.0>) Dyn Var (RE): no Match (varname=authenticity_token), 

=INFO REPORT==== 6-Dec-2024::19:43:06 ===
           ts_search:(5:<0.1330.0>) Dyn Var (RE): no Match (varname=authenticity_token), 

=INFO REPORT==== 6-Dec-2024::19:43:06 ===
           ts_search:(5:<0.1331.0>) Dyn Var (RE): no Match (varname=authenticity_token), 

=INFO REPORT==== 6-Dec-2024::19:43:06 ===
           ts_search:(5:<0.1333.0>) Dyn Var (RE): no Match (varname=authenticity_token), 

=INFO REPORT==== 6-Dec-2024::19:43:06 ===
           ts_search:(5:<0.1332.0>) Dyn Var (RE): no Match (varname=authenticity_token), 

=INFO REPORT==== 6-Dec-2024::19:43:06 ===
           ts_search:(5:<0.1336.0>) Dyn Var (RE): no Match (varname=authenticity_token), 

=INFO REPORT==== 6-Dec-2024::19:43:06 ===
           ts_search:(5:<0.1334.0>) Dyn Var (RE): no Match (varname=authenticity_token), 

=INFO REPORT==== 6-Dec-2024::19:43:06 ===
           ts_search:(5:<0.1337.0>) Dyn Var (RE): no Match (varname=authenticity_token), 

=INFO REPORT==== 6-Dec-2024::19:43:06 ===
           ts_search:(5:<0.1335.0>) Dyn Var (RE): no Match (varname=authenticity_token), 

=INFO REPORT==== 6-Dec-2024::19:43:06 ===
           ts_search:(5:<0.1338.0>) Dyn Var (RE): no Match (varname=authenticity_token), 

=INFO REPORT==== 6-Dec-2024::19:43:06 ===
           ts_search:(5:<0.1339.0>) Dyn Var (RE): no Match (varname=authenticity_token), 

=INFO REPORT==== 6-Dec-2024::19:43:06 ===
           ts_search:(5:<0.1340.0>) Dyn Var (RE): no Match (varname=authenticity_token), 

=INFO REPORT==== 6-Dec-2024::19:43:06 ===
           ts_search:(5:<0.1341.0>) Dyn Var (RE): no Match (varname=authenticity_token), 

=INFO REPORT==== 6-Dec-2024::19:43:06 ===
           ts_search:(5:<0.1342.0>) Dyn Var (RE): no Match (varname=authenticity_token), 

=INFO REPORT==== 6-Dec-2024::19:43:06 ===
           ts_search:(5:<0.1343.0>) Dyn Var (RE): no Match (varname=authenticity_token), 

=INFO REPORT==== 6-Dec-2024::19:43:06 ===
           ts_search:(5:<0.1346.0>) Dyn Var (RE): no Match (varname=authenticity_token), 

=INFO REPORT==== 6-Dec-2024::19:43:06 ===
           ts_search:(5:<0.1345.0>) Dyn Var (RE): no Match (varname=authenticity_token), 

=INFO REPORT==== 6-Dec-2024::19:43:06 ===
           ts_search:(5:<0.1344.0>) Dyn Var (RE): no Match (varname=authenticity_token), 

=INFO REPORT==== 6-Dec-2024::19:43:06 ===
           ts_search:(5:<0.1347.0>) Dyn Var (RE): no Match (varname=authenticity_token), 

=INFO REPORT==== 6-Dec-2024::19:43:06 ===
           ts_search:(5:<0.1349.0>) Dyn Var (RE): no Match (varname=authenticity_token), 

=INFO REPORT==== 6-Dec-2024::19:43:06 ===
           ts_search:(5:<0.1348.0>) Dyn Var (RE): no Match (varname=authenticity_token), 

=INFO REPORT==== 6-Dec-2024::19:43:06 ===
           ts_search:(5:<0.1350.0>) Dyn Var (RE): no Match (varname=authenticity_token), 

=INFO REPORT==== 6-Dec-2024::19:43:06 ===
           ts_search:(5:<0.1351.0>) Dyn Var (RE): no Match (varname=authenticity_token), 

=INFO REPORT==== 6-Dec-2024::19:43:06 ===
           ts_search:(5:<0.1352.0>) Dyn Var (RE): no Match (varname=authenticity_token), 

=INFO REPORT==== 6-Dec-2024::19:43:06 ===
           ts_search:(5:<0.1354.0>) Dyn Var (RE): no Match (varname=authenticity_token), 

=INFO REPORT==== 6-Dec-2024::19:43:06 ===
           ts_search:(5:<0.1355.0>) Dyn Var (RE): no Match (varname=authenticity_token), 

=INFO REPORT==== 6-Dec-2024::19:43:06 ===
           ts_search:(5:<0.1356.0>) Dyn Var (RE): no Match (varname=authenticity_token), 

=INFO REPORT==== 6-Dec-2024::19:43:06 ===
           ts_search:(5:<0.1357.0>) Dyn Var (RE): no Match (varname=authenticity_token), 

=INFO REPORT==== 6-Dec-2024::19:43:06 ===
           ts_search:(5:<0.1358.0>) Dyn Var (RE): no Match (varname=authenticity_token), 

=INFO REPORT==== 6-Dec-2024::19:43:06 ===
           ts_search:(5:<0.1378.0>) Dyn Var (RE): no Match (varname=authenticity_token), 

=INFO REPORT==== 6-Dec-2024::19:43:06 ===
           ts_search:(5:<0.1402.0>) Dyn Var (RE): no Match (varname=authenticity_token), 

=INFO REPORT==== 6-Dec-2024::19:43:06 ===
           ts_search:(5:<0.1377.0>) Dyn Var (RE): no Match (varname=authenticity_token), 

=INFO REPORT==== 6-Dec-2024::19:43:06 ===
           ts_search:(5:<0.1406.0>) Dyn Var (RE): no Match (varname=authenticity_token), 

=INFO REPORT==== 6-Dec-2024::19:43:06 ===
           ts_search:(5:<0.1411.0>) Dyn Var (RE): no Match (varname=authenticity_token), 

=INFO REPORT==== 6-Dec-2024::19:43:06 ===
           ts_search:(5:<0.1414.0>) Dyn Var (RE): no Match (varname=authenticity_token), 

=INFO REPORT==== 6-Dec-2024::19:43:06 ===
           ts_search:(5:<0.1422.0>) Dyn Var (RE): no Match (varname=authenticity_token), 

=INFO REPORT==== 6-Dec-2024::19:43:06 ===
           ts_search:(5:<0.1423.0>) Dyn Var (RE): no Match (varname=authenticity_token), 

=INFO REPORT==== 6-Dec-2024::19:43:06 ===
           ts_search:(5:<0.1425.0>) Dyn Var (RE): no Match (varname=authenticity_token), 

=INFO REPORT==== 6-Dec-2024::19:43:06 ===
           ts_search:(5:<0.1424.0>) Dyn Var (RE): no Match (varname=authenticity_token), 

=INFO REPORT==== 6-Dec-2024::19:43:06 ===
           ts_search:(5:<0.1426.0>) Dyn Var (RE): no Match (varname=authenticity_token), 

=INFO REPORT==== 6-Dec-2024::19:43:06 ===
           ts_search:(5:<0.1428.0>) Dyn Var (RE): no Match (varname=authenticity_token), 

=INFO REPORT==== 6-Dec-2024::19:43:06 ===
           ts_search:(5:<0.1427.0>) Dyn Var (RE): no Match (varname=authenticity_token), 

=INFO REPORT==== 6-Dec-2024::19:43:06 ===
           ts_search:(5:<0.1430.0>) Dyn Var (RE): no Match (varname=authenticity_token), 

=INFO REPORT==== 6-Dec-2024::19:43:06 ===
           ts_search:(5:<0.1429.0>) Dyn Var (RE): no Match (varname=authenticity_token), 

=INFO REPORT==== 6-Dec-2024::19:43:06 ===
           ts_search:(5:<0.1431.0>) Dyn Var (RE): no Match (varname=authenticity_token), 

=INFO REPORT==== 6-Dec-2024::19:43:06 ===
           ts_search:(5:<0.1432.0>) Dyn Var (RE): no Match (varname=authenticity_token), 

=INFO REPORT==== 6-Dec-2024::19:43:06 ===
           ts_search:(5:<0.1436.0>) Dyn Var (RE): no Match (varname=authenticity_token), 

=INFO REPORT==== 6-Dec-2024::19:43:06 ===
           ts_search:(5:<0.1438.0>) Dyn Var (RE): no Match (varname=authenticity_token), 

=INFO REPORT==== 6-Dec-2024::19:43:06 ===
           ts_search:(5:<0.1437.0>) Dyn Var (RE): no Match (varname=authenticity_token), 

=INFO REPORT==== 6-Dec-2024::19:43:06 ===
           ts_search:(5:<0.1439.0>) Dyn Var (RE): no Match (varname=authenticity_token), 

=INFO REPORT==== 6-Dec-2024::19:43:06 ===
           ts_search:(5:<0.1441.0>) Dyn Var (RE): no Match (varname=authenticity_token), 

=INFO REPORT==== 6-Dec-2024::19:43:06 ===
           ts_search:(5:<0.1440.0>) Dyn Var (RE): no Match (varname=authenticity_token), 

=INFO REPORT==== 6-Dec-2024::19:43:06 ===
           ts_search:(5:<0.1442.0>) Dyn Var (RE): no Match (varname=authenticity_token), 

=INFO REPORT==== 6-Dec-2024::19:43:22 ===
     ts_launcher_mgr:(5:<0.176.0>) No more active users 'tsung_controller@ip-172-31-43-129' "7745"

=INFO REPORT==== 6-Dec-2024::19:43:45 ===
    alarm_handler: {clear,system_memory_high_watermark}
