# stats: dump at 1733725202
stats: users 12 12
stats: {load,"tsung_controller@ip-172-31-42-10"} 1 0.0 0 0.0 0.0 0 0
stats: {freemem,"tsung_controller@ip-172-31-42-10"} 1 660.125 0 660.125 660.125 0 0
stats: {cpu,"tsung_controller@ip-172-31-42-10"} 1 0.7694152625621571 0 0.7694152625621571 0.7694152625621571 0 0
stats: users_count 12 12
stats: finish_users_count 0 0
stats: request 5 430.2866 150.40350647322026 709.224 289.587 0 0
stats: connect 11 4.043454545454545 3.8522862247014813 13.738 1.3 0 0
stats: page 5 430.2866 150.40350647322026 709.224 289.587 0 0
stats: tr_SIGN_UP 5 432.8112 150.8731434515766 709.416 289.799 0 0
stats: 302 5 5
stats: size_rcv 5097 5097
stats: newphase 1 1
stats: size_sent 3989 3989
stats: connected 11 11
# stats: dump at 1733725212
stats: users 37 37
stats: {load,"tsung_controller@ip-172-31-42-10"} 1 0.0 0.0 0.0 0.0 0.0 1
stats: {freemem,"tsung_controller@ip-172-31-42-10"} 1 659.82421875 0.0 660.125 659.82421875 660.125 1
stats: {cpu,"tsung_controller@ip-172-31-42-10"} 1 1.596009975062344 0.0 1.596009975062344 0.7694152625621571 0.7694152625621571 1
stats: session 8 8542.323624999999 1600.3865399190236 10489.482 5869.114 0 0
stats: users_count 33 45
stats: finish_users_count 8 8
stats: request 95 323.2433789473682 526.8421480086038 2177.085 13.704 430.2866 5
stats: connect 29 1.757310344827586 0.9318551427847378 13.738 1.087 4.043454545454545 11
stats: page 63 487.4995714285713 584.0373206117806 2177.085 16.555 430.2866 5
stats: tr_LOAD_GROUPS_PAGE 16 44.827000000000005 35.52849145228376 170.198 16.728 0 0
stats: 302 47 52
stats: 200 48 48
stats: size_rcv 330097 335194
stats: newphase 2 3
stats: size_sent 54617 58606
stats: connected 21 32
stats: tr_MAKE_POST 8 90.52775 18.313353132004526 115.002 67.244 0 0
stats: tr_SIGN_UP 31 917.3869677419356 570.890133316921 2177.331 289.799 432.8112 5
stats: tr_JOIN_RANDOM_GROUP 8 106.21524999999998 22.25650790078039 143.133 81.708 0 0
# stats: dump at 1733725222
stats: users 172 172
stats: {load,"tsung_controller@ip-172-31-42-10"} 1 0.0 0.0 0.0 0.0 0.0 2
stats: {freemem,"tsung_controller@ip-172-31-42-10"} 1 653.08984375 0.0 660.125 653.08984375 659.974609375 2
stats: {cpu,"tsung_controller@ip-172-31-42-10"} 1 0.501002004008016 0.0 1.596009975062344 0.501002004008016 1.1827126188122505 2
stats: session 10 10916.2125 2820.1199012207708 15052.899 5321.773 8542.323624999999 8
stats: users_count 145 190
stats: finish_users_count 10 18
stats: connect 133 1.5464962406015033 0.6101038938279795 13.738 1.087 2.386 40
stats: 302 51 103
stats: 200 75 123
stats: request 126 1545.411547619047 2269.4527206953903 7464.271 13.704 328.5955399999998 100
stats: size_rcv 509833 845027
stats: newphase 2 5
stats: size_sent 122290 180896
stats: page 79 2361.026936708861 2524.188728261516 7464.271 16.555 483.29273529411745 68
stats: connected 123 155
stats: tr_LOAD_GROUPS_PAGE 22 641.793590909091 661.6298430671487 2235.828 16.728 44.827000000000005 16
stats: tr_MAKE_POST 10 575.7007 214.58862595629338 925.169 67.244 90.52775 8
stats: tr_SIGN_UP 30 5140.176633333334 1947.30492605487 7464.482 289.799 850.0847777777778 36
stats: tr_JOIN_RANDOM_GROUP 11 620.2786363636362 298.4673561033473 1075.58 81.708 106.21524999999998 8
# stats: dump at 1733725232
stats: users 606 606
stats: {load,"tsung_controller@ip-172-31-42-10"} 1 0.0 0.0 0.0 0.0 0.0 3
stats: {freemem,"tsung_controller@ip-172-31-42-10"} 1 644.9140625 0.0 660.125 644.9140625 657.6796875 3
stats: {cpu,"tsung_controller@ip-172-31-42-10"} 1 2.65 0.0 2.65 0.501002004008016 0.9554757472108389 3
stats: session 1 13808.396 0.0 15052.899 5321.773 9861.150777777777 18
stats: users_count 435 625
stats: finish_users_count 1 19
stats: page 80 8749.9888 1815.295795504065 11445.423 16.555 1492.4151972789114 147
stats: tr_LOAD_GROUPS_PAGE 7 5388.0984285714285 1723.9556352522416 7979.331 16.728 390.43923684210534 38
stats: 302 70 173
stats: request 86 8422.921604651163 2129.0574122500857 11445.423 13.704 1006.9973849557517 226
stats: connect 452 1.6194756637168148 1.3373731324598395 20.23 0.966 1.7406011560693637 173
stats: tr_MAKE_POST 1 4664.28 0.0 4664.28 67.244 360.0682777777777 18
stats: 200 16 139
stats: tr_SIGN_UP 66 9467.466742424242 776.7487611032119 11445.582 289.799 2800.1265303030304 66
stats: size_rcv 174199 1019226
stats: tr_JOIN_RANDOM_GROUP 3 7421.481333333333 512.886185285672 7813.156 81.708 403.830894736842 19
stats: newphase 1 6
stats: size_sent 187231 368127
stats: connected 451 606
# stats: dump at 1733725242
stats: users 606 606
stats: {load,"tsung_controller@ip-172-31-42-10"} 1 0.078125 0.0 0.078125 0.0 0.0 4
stats: {freemem,"tsung_controller@ip-172-31-42-10"} 1 628.11328125 0.0 660.125 628.11328125 654.48828125 4
stats: {cpu,"tsung_controller@ip-172-31-42-10"} 1 2.2410358565737054 0.0 2.65 0.501002004008016 1.3791068104081292 4
stats: session 0 0 0 15052.899 5321.773 10068.900526315789 19
stats: users_count 0 625
stats: finish_users_count 0 19
stats: connect 0 0 0 20.23 0.966 1.6530032000000003 625
stats: tr_LOAD_GROUPS_PAGE 7 13035.149857142855 1025.3516379467703 15445.159 16.728 1167.852888888889 45
stats: request 81 14525.775481481487 1756.290389498554 19156.291 13.704 3051.1303429487175 312
stats: page 79 14512.181164556967 1746.085298462815 19156.291 16.555 4050.1503876651977 227
stats: 302 71 244
stats: tr_MAKE_POST 0 0 0 4664.28 67.244 586.6057368421052 19
stats: 200 10 149
stats: tr_SIGN_UP 69 14770.068304347828 1670.7940490007952 19156.484 289.799 6133.796636363636 132
stats: size_rcv 137043 1156269
stats: tr_JOIN_RANDOM_GROUP 2 20138.8125 2384.7445000000007 22523.557 81.708 1360.7832272727273 22
stats: newphase 0 6
stats: size_sent 50650 418777
stats: connected 0 606
# stats: dump at 1733725252
stats: users 606 606
stats: {load,"tsung_controller@ip-172-31-42-10"} 1 0.0703125 0.0 0.078125 0.0 0.015625 5
stats: {freemem,"tsung_controller@ip-172-31-42-10"} 1 622.63671875 0.0 660.125 622.63671875 649.21328125 5
stats: {cpu,"tsung_controller@ip-172-31-42-10"} 1 1.7999999999999998 0.0 2.65 0.501002004008016 1.5514926196412444 5
stats: session 0 0 0 15052.899 5321.773 10068.900526315789 19
stats: users_count 0 625
stats: finish_users_count 0 19
stats: request 87 21834.147126436776 2115.4125579462857 27303.488 13.704 5416.133539440205 393
stats: connect 0 0 0 20.23 0.966 1.6530032000000003 625
stats: page 80 21957.53148750001 2101.1656646733677 27303.488 16.555 6751.132189542484 306
stats: tr_LOAD_GROUPS_PAGE 7 20411.370142857148 2051.016194394546 25113.719 16.728 2765.3736346153846 52
stats: 302 69 313
stats: tr_MAKE_POST 0 0 0 4664.28 67.244 586.6057368421052 19
stats: 200 18 167
stats: tr_SIGN_UP 68 22262.060382352935 2029.598350003448 27303.663 289.799 9098.48691044776 201
stats: size_rcv 184214 1340483
stats: tr_JOIN_RANDOM_GROUP 1 26515.498 0.0 26515.498 81.708 2925.619 24
stats: newphase 0 6
stats: size_sent 64078 482855
stats: connected 0 606
# stats: dump at 1733725262
stats: users 606 606
stats: {load,"tsung_controller@ip-172-31-42-10"} 1 0.05859375 0.0 0.078125 0.0 0.024739583333333332 6
stats: {freemem,"tsung_controller@ip-172-31-42-10"} 1 615.171875 0.0 660.125 615.171875 644.7838541666666 6
stats: {cpu,"tsung_controller@ip-172-31-42-10"} 1 0.5494505494505495 0.0 2.65 0.501002004008016 1.5929105163677038 6
stats: session 0 0 0 15052.899 5321.773 10068.900526315789 19
stats: users_count 0 625
stats: finish_users_count 0 19
stats: page 92 30690.452032608693 2924.9980858380695 35243.005 16.555 9902.717536269432 386
stats: request 93 30638.120290322575 2952.214455266726 35243.005 13.704 8391.898502083333 480
stats: connect 0 0 0 20.23 0.966 1.6530032000000003 625
stats: tr_LOAD_GROUPS_PAGE 3 27132.59 1215.6901364495254 28850.516 16.728 4858.966440677967 59
stats: tr_MAKE_POST 0 0 0 4664.28 67.244 586.6057368421052 19
stats: 302 88 401
stats: tr_SIGN_UP 88 30793.74414772727 2902.181956174677 35243.279 289.799 12426.081691449812 269
stats: 200 5 172
stats: tr_JOIN_RANDOM_GROUP 0 0 0 26515.498 81.708 3869.2141599999995 25
stats: size_rcv 122125 1462608
stats: newphase 0 6
stats: size_sent 47183 530038
stats: connected 0 606
# stats: dump at 1733725272
stats: users 606 606
stats: {load,"tsung_controller@ip-172-31-42-10"} 1 0.05078125 0.0 0.078125 0.0 0.029575892857142856 7
stats: {freemem,"tsung_controller@ip-172-31-42-10"} 1 610.546875 0.0 660.125 610.546875 640.5535714285714 7
stats: {cpu,"tsung_controller@ip-172-31-42-10"} 1 0.499001996007984 0.0 2.65 0.499001996007984 1.4438448068081102 7
stats: session 0 0 0 15052.899 5321.773 10068.900526315789 19
stats: users_count 0 625
stats: finish_users_count 0 19
stats: connect 0 0 0 20.23 0.966 1.6530032000000003 625
stats: page 83 40412.02103614457 2930.3114472992115 43880.423 16.555 13903.704092050211 478
stats: request 84 40362.21830952382 2947.9430320870583 43880.423 13.704 12002.54182897033 573
stats: tr_LOAD_GROUPS_PAGE 5 41913.5494 1134.6946720796045 43224.513 16.728 5936.722419354839 62
stats: 302 76 477
stats: tr_MAKE_POST 0 0 0 4664.28 67.244 586.6057368421052 19
stats: 200 8 180
stats: tr_SIGN_UP 76 40283.56497368421 3004.8552865856004 43880.585 289.799 16953.68476190476 357
stats: size_rcv 128867 1591475
stats: tr_JOIN_RANDOM_GROUP 0 0 0 26515.498 81.708 3869.2141599999995 25
stats: newphase 0 6
stats: size_sent 45787 575825
stats: connected 0 606
# stats: dump at 1733725282
stats: users 606 606
stats: {load,"tsung_controller@ip-172-31-42-10"} 1 0.0390625 0.0 0.078125 0.0 0.0322265625 8
stats: {freemem,"tsung_controller@ip-172-31-42-10"} 1 606.44140625 0.0 660.125 606.44140625 636.802734375 8
stats: {cpu,"tsung_controller@ip-172-31-42-10"} 1 0.5 0.0 2.65 0.499001996007984 1.3257394554580944 8
stats: session 0 0 0 15052.899 5321.773 10068.900526315789 19
stats: users_count 0 625
stats: finish_users_count 0 19
stats: request 85 49290.295105882346 2627.9656836493136 52959.129 13.704 15628.436538812784 657
stats: tr_LOAD_GROUPS_PAGE 11 48561.33954545455 2457.838354357869 51571.354 16.728 8621.560253731344 67
stats: connect 0 0 0 20.23 0.966 1.6530032000000003 625
stats: page 85 49290.295105882346 2627.9656836493136 52959.129 16.555 17825.611946524066 561
stats: 302 74 551
stats: tr_MAKE_POST 0 0 0 4664.28 67.244 586.6057368421052 19
stats: tr_SIGN_UP 74 49398.94805405404 2635.0691427674888 52959.362 289.799 21048.53671593533 433
stats: tr_JOIN_RANDOM_GROUP 0 0 0 26515.498 81.708 3869.2141599999995 25
stats: 200 11 191
stats: size_rcv 146246 1737721
stats: newphase 0 6
stats: size_sent 52918 628743
stats: connected 0 606
# stats: dump at 1733725292
stats: users 606 606
stats: {load,"tsung_controller@ip-172-31-42-10"} 1 0.03125 0.0 0.078125 0.0 0.03298611111111111 9
stats: {freemem,"tsung_controller@ip-172-31-42-10"} 1 598.6015625 0.0 660.125 598.6015625 633.4292534722222 9
stats: {cpu,"tsung_controller@ip-172-31-42-10"} 1 1.7991004497751124 0.0 2.65 0.499001996007984 1.2339906270738616 9
stats: session 0 0 0 15052.899 5321.773 10068.900526315789 19
stats: users_count 0 625
stats: finish_users_count 0 19
stats: connect 0 0 0 20.23 0.966 1.6530032000000003 625
stats: tr_LOAD_GROUPS_PAGE 67 55966.628194029836 1995.1481624702467 59060.828 16.728 14254.093230769235 78
stats: 302 57 608
stats: request 195 57695.13757435896 2375.360954707191 60003.744 13.704 19484.579366576818 742
stats: tr_MAKE_POST 0 0 0 4664.28 67.244 586.6057368421052 19
stats: 504 61 61
stats: tr_SIGN_UP 118 58893.231110169494 1761.605233052986 60003.926 289.799 25186.46657593688 507
stats: 200 77 268
stats: tr_JOIN_RANDOM_GROUP 0 0 0 26515.498 81.708 3869.2141599999995 25
stats: size_rcv 570183 2307904
stats: newphase 0 6
stats: page 190 57748.28974736841 2374.6454486994967 60003.744 16.555 21965.70183591331 646
stats: size_sent 61237 689980
stats: connected 0 606
# stats: dump at 1733725302
stats: users 588 606
stats: {load,"tsung_controller@ip-172-31-42-10"} 1 0.03125 0.0 0.078125 0.0 0.0328125 10
stats: {freemem,"tsung_controller@ip-172-31-42-10"} 1 579.171875 0.0 660.125 579.171875 629.946484375 10
stats: {cpu,"tsung_controller@ip-172-31-42-10"} 1 1.5492253873063468 0.0 2.65 0.499001996007984 1.2905016093439867 10
stats: session 18 83024.13194444444 9094.024747925647 93071.325 5321.773 10068.900526315789 19
stats: users_count 0 625
stats: finish_users_count 18 37
stats: request 1264 11869.506007911397 15537.895088710125 60003.744 13.704 27436.616560298822 937
stats: connect 0 0 0 20.23 0.966 1.6530032000000003 625
stats: page 845 16658.797008284007 17907.660914979737 78682.243 16.555 30098.108179425835 836
stats: tr_LOAD_GROUPS_PAGE 479 24116.92559916493 16313.799773222132 59060.828 16.728 33528.16111034482 145
stats: error_unknown 5 5
stats: tr_MAKE_POST 10 42089.11290000001 28385.840754319142 72663.156 67.244 586.6057368421052 19
stats: 302 198 806
stats: tr_SIGN_UP 0 0 0 60003.926 289.799 31550.30372 625
stats: 504 0 61
stats: tr_JOIN_RANDOM_GROUP 128 25194.47151562499 25070.684796422578 74573.642 81.708 3869.2141599999995 25
stats: 200 1066 1334
stats: size_rcv 6971157 9279061
stats: newphase 0 6
stats: size_sent 957851 1647831
stats: connected -15 591
# stats: dump at 1733725312
stats: users 383 606
stats: {load,"tsung_controller@ip-172-31-42-10"} 1 0.01953125 0.0 0.078125 0.0 0.032670454545454544 11
stats: {freemem,"tsung_controller@ip-172-31-42-10"} 1 481.82421875 0.0 660.125 481.82421875 625.3306107954545 11
stats: {cpu,"tsung_controller@ip-172-31-42-10"} 1 7.029702970297031 0.0 7.029702970297031 0.499001996007984 1.3140219527951105 11
stats: session 205 87982.40766341465 8039.623371554907 97225.352 5321.773 45560.634729729725 37
stats: users_count 0 625
stats: finish_users_count 205 242
stats: request 1646 3203.53083778858 432.0144916337137 60003.744 13.704 18496.66756519764 2201
stats: connect 0 0 0 20.23 0.966 1.6530032000000003 625
stats: page 361 8709.6725401662 11291.207438159152 78682.243 16.555 23342.475853658525 1681
stats: tr_LOAD_GROUPS_PAGE 1 2158.375 0.0 59060.828 16.728 26303.831286858975 624
stats: error_unknown 56 61
stats: tr_MAKE_POST 138 9360.872862318845 826.9673419570839 72663.156 67.244 14897.81510344828 29
stats: 302 600 1406
stats: tr_SIGN_UP 0 0 0 60003.926 289.799 31550.30372 625
stats: 504 0 61
stats: tr_JOIN_RANDOM_GROUP 461 7774.565845986983 2198.3427862225885 74573.642 81.708 21709.952339869273 153
stats: 200 1046 2380
stats: size_rcv 7031865 16310926
stats: newphase 0 6
stats: size_sent 1143605 2791436
stats: connected -194 397
# stats: dump at 1733725321
stats: users 0 606
stats: {load,"tsung_controller@ip-172-31-42-10"} 1 0.01953125 0.0 0.078125 0.0 0.031575520833333336 12
stats: {freemem,"tsung_controller@ip-172-31-42-10"} 1 511.33203125 0.0 660.125 481.82421875 613.3717447916666 12
stats: {cpu,"tsung_controller@ip-172-31-42-10"} 1 7.277227722772277 0.0 7.277227722772277 0.499001996007984 1.7903287042536038 12
stats: session 383 88804.2006527416 1459.7942063929274 97225.352 5321.773 81496.43411570249 242
stats: users_count 0 625
stats: finish_users_count 383 625
stats: request 848 2155.932193396225 735.5322610451225 60003.744 13.704 11953.256321809204 3847
stats: connect 0 0 0 20.23 0.966 1.6530032000000003 625
stats: tr_LOAD_GROUPS_PAGE 0 0 0 59060.828 16.728 26265.1985568 625
stats: error_unknown 0 61
stats: page 397 13677.289536523935 1189.963364671714 78682.243 16.555 20755.579675318306 2042
stats: tr_MAKE_POST 397 7411.211445843832 1656.6066873687098 72663.156 67.244 10322.377802395215 167
stats: 302 408 1814
stats: tr_SIGN_UP 0 0 0 60003.926 289.799 31550.30372 625
stats: 504 0 61
stats: tr_JOIN_RANDOM_GROUP 11 9753.415272727274 139.0105179330569 74573.642 81.708 11247.064434853415 614
stats: 200 440 2820
stats: size_rcv 2913602 19224528
stats: newphase 0 6
stats: size_sent 376759 3168195
stats: connected -397 0
EndMonitor:{1733,725321,363014}
