# stats: dump at 1733718309
stats: users 1 4
stats: {load,"tsung_controller@ip-172-31-42-10"} 1 0.23828125 0 0.23828125 0.23828125 0 0
stats: {freemem,"tsung_controller@ip-172-31-42-10"} 1 680.7109375 0 680.7109375 680.7109375 0 0
stats: {cpu,"tsung_controller@ip-172-31-42-10"} 1 1.7299549810003187 0 1.7299549810003187 1.7299549810003187 0 0
stats: session 4 5292.172 954.0589575812387 6318.305 3921.405 0 0
stats: users_count 5 5
stats: finish_users_count 4 4
stats: request 8 222.83662500000005 162.45078122152685 431.83 14.366 0 0
stats: connect 5 3.1902 4.279473163836876 11.744 0.886 0 0
stats: page 8 222.83662500000005 162.45078122152685 431.83 14.366 0 0
stats: tr_SIGN_UP 5 344.21459999999996 59.832800237328 435.338 286.715 0 0
stats: 302 8 8
stats: tr_JOIN_RANDOM_GROUP 3 22.12466666666667 5.351093491573059 26.385 14.578 0 0
stats: size_rcv 8274 8274
stats: newphase 1 1
stats: size_sent 3687 3687
stats: connected 2 2
# stats: dump at 1733718319
stats: users 12 23
stats: {load,"tsung_controller@ip-172-31-42-10"} 1 0.19921875 0.0 0.23828125 0.19921875 0.23828125 1
stats: {freemem,"tsung_controller@ip-172-31-42-10"} 1 682.03515625 0.0 682.03515625 680.7109375 680.7109375 1
stats: {cpu,"tsung_controller@ip-172-31-42-10"} 1 0.2 0.0 1.7299549810003187 0.2 1.7299549810003187 1
stats: session 14 4510.4081428571435 1993.9681848606333 9082.786 2568.9 5292.172 4
stats: users_count 25 30
stats: finish_users_count 14 18
stats: request 38 294.2400263157895 210.6810690045984 638.254 12.674 222.83662500000005 8
stats: connect 25 1.3518800000000004 1.0328167434738846 11.744 0.734 3.1902 5
stats: page 38 294.2400263157895 210.6810690045984 638.254 12.674 222.83662500000005 8
stats: tr_SIGN_UP 25 435.68296000000004 95.17495911193447 638.457 286.715 344.21459999999996 5
stats: 302 38 46
stats: tr_JOIN_RANDOM_GROUP 13 22.761230769230774 11.674300823431627 55.948 12.893 22.12466666666667 3
stats: size_rcv 39394 47668
stats: newphase 1 2
stats: size_sent 16969 20656
stats: connected 12 14
# stats: dump at 1733718327
stats: users 0 23
stats: {load,"tsung_controller@ip-172-31-42-10"} 1 0.171875 0.0 0.23828125 0.171875 0.21875 2
stats: {freemem,"tsung_controller@ip-172-31-42-10"} 1 680.984375 0.0 682.03515625 680.7109375 681.373046875 2
stats: {cpu,"tsung_controller@ip-172-31-42-10"} 1 0.050075112669003496 0.0 1.7299549810003187 0.050075112669003496 0.9649774905001594 2
stats: session 12 6390.290333333333 2204.3513676391804 9902.93 2568.9 4684.133444444445 18
stats: users_count 0 30
stats: finish_users_count 12 30
stats: request 14 17.375357142857144 4.986722880483202 638.254 12.383 281.8220434782609 46
stats: connect 0 0 0 11.744 0.734 1.658266666666667 30
stats: page 14 17.375357142857144 4.986722880483202 638.254 12.383 281.8220434782609 46
stats: tr_SIGN_UP 0 0 0 638.457 286.715 420.43823333333336 30
stats: 302 14 60
stats: tr_JOIN_RANDOM_GROUP 14 17.56614285714286 4.985487092654077 55.948 12.58 22.641875000000006 16
stats: size_rcv 14750 62418
stats: newphase 0 2
stats: size_sent 9898 30554
stats: connected -14 0
EndMonitor:{1733,718327,5648}
