# stats: dump at 1733720528
stats: users 9 9
stats: {load,"tsung_controller@ip-172-31-42-10"} 1 0.0 0 0.0 0.0 0 0
stats: {freemem,"tsung_controller@ip-172-31-42-10"} 1 660.20703125 0 660.20703125 660.20703125 0 0
stats: {cpu,"tsung_controller@ip-172-31-42-10"} 1 1.1447929318695582 0 1.1447929318695582 1.1447929318695582 0 0
stats: users_count 9 9
stats: finish_users_count 0 0
stats: request 11 308.9039090909091 181.5278108272091 524.258 13.667 0 0
stats: connect 8 3.13475 3.7567295534147784 12.321 0.83 0 0
stats: page 11 308.9039090909091 181.5278108272091 524.258 13.667 0 0
stats: tr_LOAD_GROUPS_PAGE 3 26.85633333333333 12.903882990101165 44.419 13.782 0 0
stats: 302 8 8
stats: tr_SIGN_UP 8 416.725625 67.95334890742602 539.121 316.426 0 0
stats: 200 3 3
stats: size_rcv 25527 25527
stats: newphase 1 1
stats: size_sent 4389 4389
stats: connected 8 8
# stats: dump at 1733720538
stats: users 19 25
stats: {load,"tsung_controller@ip-172-31-42-10"} 1 0.0 0.0 0.0 0.0 0.0 1
stats: {freemem,"tsung_controller@ip-172-31-42-10"} 1 659.81640625 0.0 660.20703125 659.81640625 660.20703125 1
stats: {cpu,"tsung_controller@ip-172-31-42-10"} 1 0.5489021956087825 0.0 1.1447929318695582 0.5489021956087825 1.1447929318695582 1
stats: session 13 8499.881461538462 2176.5595573551263 11921.226 5259.758 0 0
stats: users_count 23 32
stats: finish_users_count 13 13
stats: request 80 122.86148749999995 176.6194492614696 574.537 0.27 308.9039090909091 11
stats: connect 37 1.4445135135135136 1.1174666479483153 12.321 0.771 3.13475 8
stats: page 67 146.75720895522392 183.67313982079133 574.537 3.201 308.9039090909091 11
stats: tr_LOAD_GROUPS_PAGE 17 16.928588235294118 3.1481935821117837 44.419 12.205 26.85633333333333 3
stats: 302 24 32
stats: tr_SIGN_UP 24 384.5954166666666 78.07520300321387 574.693 278.171 416.725625 8
stats: tr_JOIN_RANDOM_GROUP 13 26.38769230769231 9.729439610588818 51.429 15.73 0 0
stats: 200 30 33
stats: size_rcv 226954 252481
stats: newphase 1 2
stats: size_sent 39698 44087
stats: connected 11 19
stats: 400 13 13
stats: 404 13 13
# stats: dump at 1733720548
stats: users 0 25
stats: {load,"tsung_controller@ip-172-31-42-10"} 1 0.0 0.0 0.0 0.0 0.0 2
stats: {freemem,"tsung_controller@ip-172-31-42-10"} 1 654.3984375 0.0 660.20703125 654.3984375 660.01171875 2
stats: {cpu,"tsung_controller@ip-172-31-42-10"} 1 0.9466865969108121 0.0 1.1447929318695582 0.5489021956087825 0.8468475637391704 2
stats: session 19 10143.896263157894 2353.75819869917 14385.436 5259.758 8499.881461538462 13
stats: users_count 0 32
stats: finish_users_count 19 32
stats: page 50 12.522820000000003 6.568626312068605 574.537 3.201 169.6240512820513 78
stats: 302 0 32
stats: request 69 9.033840579710148 7.86813254941507 574.537 0.212 145.35013186813183 91
stats: connect 19 1.1327894736842106 0.7666001894178688 12.321 0.651 1.745 45
stats: tr_LOAD_GROUPS_PAGE 12 17.609583333333333 3.3142636300877184 44.419 12.205 18.41775 20
stats: 200 31 64
stats: tr_SIGN_UP 0 0 0 574.693 278.171 392.62796875 32
stats: size_rcv 221529 474010
stats: tr_JOIN_RANDOM_GROUP 19 22.84168421052632 5.935294087092654 51.429 15.66 26.38769230769231 13
stats: newphase 0 2
stats: size_sent 39043 83130
stats: connected -19 0
stats: 400 19 32
stats: 404 19 32
# stats: dump at 1733720551
stats: users 0 25
stats: {load,"tsung_controller@ip-172-31-42-10"} 1 0.0 0.0 0.0 0.0 0.0 3
stats: {freemem,"tsung_controller@ip-172-31-42-10"} 1 657.75 0.0 660.20703125 654.3984375 658.140625 3
stats: {cpu,"tsung_controller@ip-172-31-42-10"} 1 1.1988011988011988 0.0 1.1988011988011988 0.5489021956087825 0.8801272414630509 3
stats: session 0 0 0 14385.436 5259.758 9476.01525 32
stats: users_count 0 32
stats: finish_users_count 0 32
stats: request 0 0 0 574.537 0.212 86.56373124999998 160
stats: connect 0 0 0 12.321 0.651 1.56325 64
stats: tr_LOAD_GROUPS_PAGE 0 0 0 44.419 12.205 18.114687500000002 32
stats: 302 0 32
stats: page 0 0 0 574.537 3.201 108.25638281250002 128
stats: tr_SIGN_UP 0 0 0 574.693 278.171 392.62796875 32
stats: 200 0 64
stats: tr_JOIN_RANDOM_GROUP 0 0 0 51.429 15.66 24.282250000000005 32
stats: size_rcv 0 474010
stats: newphase 0 2
stats: size_sent 0 83130
stats: connected 0 0
stats: 400 0 32
stats: 404 0 32
EndMonitor:{1733,720551,460411}
