# stats: dump at 1732220614
stats: users 15 15
stats: {cpu,"tsung_controller@ip-172-31-62-13"} 1 6.375997320177842 0 6.375997320177842 6.375997320177842 0 0
stats: {load,"tsung_controller@ip-172-31-62-13"} 1 0.0 0 0.0 0.0 0 0
stats: {freemem,"tsung_controller@ip-172-31-62-13"} 1 686.95703125 0 686.95703125 686.95703125 0 0
stats: users_count 15 15
stats: finish_users_count 0 0
stats: request 56 94.16175 157.20666344397586 561.28 4.957 0 0
stats: connect 15 1.9414000000000005 1.2271983159484319 6.086 1.341 0 0
stats: page 28 188.5133214285715 199.07530519918 579.78 12.037 0 0
stats: tr_SIGN_IN 13 1365.3816923076922 103.59226645354492 1562.366 1267.282 0 0
stats: 302 13 13
stats: 200 43 43
stats: size_rcv 212998 212998
stats: newphase 1 1
stats: size_sent 30492 30492
stats: connected 15 15
# stats: dump at 1732220624
stats: users 52 52
stats: {cpu,"tsung_controller@ip-172-31-62-13"} 1 0.44999999999999996 0.0 6.375997320177842 0.44999999999999996 6.375997320177842 1
stats: {load,"tsung_controller@ip-172-31-62-13"} 1 0.0 0.0 0.0 0.0 0.0 1
stats: {freemem,"tsung_controller@ip-172-31-62-13"} 1 681.66796875 0.0 686.95703125 681.66796875 686.95703125 1
stats: session 11 12105.835636363634 1454.5366176098385 13815.947 9458.623 0 0
stats: users_count 48 63
stats: finish_users_count 11 11
stats: request 145 89.67856551724144 182.39888489033814 1174.594 4.593 94.16175 56
stats: connect 43 1.6863255813953486 0.4972611368112346 6.086 1.236 1.9414000000000005 15
stats: page 77 153.7188701298702 218.6735702110346 1168.878 11.799 188.5133214285715 28
stats: tr_CREATE_POST 10 4079.8221000000003 122.95158018053289 4431.497 4013.161 0 0
stats: 302 36 49
stats: tr_SIGN_IN 26 1406.8303846153842 225.51824745616102 2175.17 1254.913 1365.3816923076922 13
stats: 200 109 152
stats: size_rcv 539111 752109
stats: newphase 2 3
stats: size_sent 87891 118383
stats: connected 33 48
# stats: dump at 1732220634
stats: users 239 239
stats: {cpu,"tsung_controller@ip-172-31-62-13"} 1 0.9471585244267198 0.0 6.375997320177842 0.44999999999999996 3.4129986600889213 2
stats: {load,"tsung_controller@ip-172-31-62-13"} 1 0.0 0.0 0.0 0.0 0.0 2
stats: {freemem,"tsung_controller@ip-172-31-62-13"} 1 667.17578125 0.0 686.95703125 667.17578125 684.3125 2
stats: session 8 14186.95325 1485.9005338501586 16191.774 9458.623 12105.835636363634 11
stats: users_count 195 258
stats: finish_users_count 8 19
stats: request 291 1195.62955670103 1606.332702360125 5881.425 4.593 90.92761194029855 201
stats: connect 190 1.7259947368421062 0.6817404004872456 6.82 1.074 1.7522931034482758 58
stats: page 122 1317.2513360655732 2109.5059533069357 8125.626 11.799 162.99739047619053 105
stats: tr_CREATE_POST 8 5515.577 1427.5003274344629 8539.723 4013.161 4079.8221000000003 10
stats: 302 66 115
stats: tr_SIGN_IN 58 4417.224189655173 1378.8242941512042 6882.09 1254.913 1393.0141538461535 39
stats: 200 225 377
stats: size_rcv 1089728 1841837
stats: newphase 2 5
stats: size_sent 225332 343715
stats: connected 182 230
# stats: dump at 1732220644
stats: users 977 977
stats: {cpu,"tsung_controller@ip-172-31-62-13"} 1 2.1934197407776668 0.0 6.375997320177842 0.44999999999999996 2.5910519482015206 3
stats: {load,"tsung_controller@ip-172-31-62-13"} 1 0.0 0.0 0.0 0.0 0.0 3
stats: {freemem,"tsung_controller@ip-172-31-62-13"} 1 631.0859375 0.0 686.95703125 631.0859375 678.6002604166666 3
stats: session 28 18374.244107142855 1853.0604799974703 21604.965 9458.623 12982.095684210524 19
stats: users_count 766 1024
stats: finish_users_count 28 47
stats: request 556 3445.184516187049 1774.7438046921122 8309.905 4.593 744.3183963414629 492
stats: connect 730 1.8016479452054797 1.2009176733853169 15.439 0.962 1.7321451612903234 248
stats: page 226 6059.084327433624 2770.277961823601 13638.941 11.799 783.3453259911892 227
stats: tr_CREATE_POST 29 9442.259620689652 1001.015358105594 11045.137 4013.161 4717.935388888889 18
stats: 302 94 209
stats: tr_SIGN_IN 66 7624.3159242424235 861.5819352799455 9310.993 1254.913 3201.30469072165 97
stats: 200 452 829
stats: size_rcv 2159707 4001544
stats: newphase 2 7
stats: size_sent 437020 780735
stats: connected 701 931
stats: 500 10 10
# stats: dump at 1732220654
stats: users 1182 1202
stats: {cpu,"tsung_controller@ip-172-31-62-13"} 1 5.876639145216124 0.0 6.375997320177842 0.44999999999999996 2.491643896345557 4
stats: {load,"tsung_controller@ip-172-31-62-13"} 1 0.078125 0.0 0.078125 0.0 0.0 4
stats: {freemem,"tsung_controller@ip-172-31-62-13"} 1 573.71875 0.0 686.95703125 573.71875 666.7216796875 4
stats: session 23 23071.94656521739 3016.340603396872 29677.54 9458.623 16194.439425531913 47
stats: users_count 228 1252
stats: finish_users_count 23 70
stats: request 1143 5576.70791163605 5052.542513673657 14523.868 0.086 2177.2206507633578 1048
stats: connect 809 1.5573325092707053 0.9354671351168969 18.248 0.738 1.7840235173824135 978
stats: page 407 4783.973471744471 5899.736444731834 21350.678 1.734 3415.391715231786 453
stats: tr_CREATE_POST 22 7034.928090909092 5029.3118741213575 17055.526 4002.627 7632.943957446807 47
stats: 302 65 274
stats: tr_SIGN_IN 229 5267.846248908299 5471.385581114662 15524.725 1001.973 4992.217214723926 163
stats: error_send_einval 5 5
stats: 200 547 1376
stats: size_rcv 2576182 6577726
stats: newphase 0 7
stats: size_sent 583754 1364489
stats: connected 87 1018
stats: error_connection_closed 16 16
stats: 500 37 47
# stats: dump at 1732220664
stats: users 1120 1202
stats: {cpu,"tsung_controller@ip-172-31-62-13"} 1 6.364084854464726 0.0 6.375997320177842 0.44999999999999996 3.168642946119671 5
stats: {load,"tsung_controller@ip-172-31-62-13"} 1 0.0703125 0.0 0.078125 0.0 0.015625 5
stats: {freemem,"tsung_controller@ip-172-31-62-13"} 1 476.5625 0.0 686.95703125 476.5625 648.12109375 5
stats: session 62 28363.52882258064 8688.93665612769 38426.877 9458.623 18454.19177142857 70
stats: users_count 0 1252
stats: finish_users_count 62 132
stats: request 954 10124.027815513597 3686.3700788421056 17293.759 0.086 3950.6637996348713 2191
stats: connect 475 1.6075410526315768 0.8135288924438996 18.248 0.738 1.6813973139339682 1787
stats: page 530 17160.75812452828 6505.32945846216 25317.839 1.627 4063.0809883720913 860
stats: tr_CREATE_POST 62 11908.5405 6404.188582829177 19887.992 4002.524 7442.272231884058 69
stats: 302 120 394
stats: tr_SIGN_IN 111 10920.564054054059 6557.666598078838 18294.623 1001.973 5153.235196428573 392
stats: error_send_einval 1 6
stats: 200 711 2087
stats: size_rcv 3383024 9960750
stats: newphase 0 7
stats: 422 20 20
stats: size_sent 554153 1918642
stats: connected -47 971
stats: error_connection_closed 4 20
stats: 500 7 54
# stats: dump at 1732220674
stats: users 1041 1202
stats: {cpu,"tsung_controller@ip-172-31-62-13"} 1 5.798525798525798 0.0 6.375997320177842 0.44999999999999996 3.701216597510513 6
stats: {load,"tsung_controller@ip-172-31-62-13"} 1 0.05859375 0.0 0.078125 0.0 0.024739583333333332 6
stats: {freemem,"tsung_controller@ip-172-31-62-13"} 1 369.55078125 0.0 686.95703125 369.55078125 619.5279947916666 6
stats: session 79 28992.9943670886 6770.539813024275 42609.743 9458.623 23108.577356060603 132
stats: users_count 0 1252
stats: finish_users_count 79 211
stats: request 612 11976.218099673191 1887.084828699681 17299.362 0.086 5823.283599682027 3145
stats: connect 228 1.6495131578947364 0.7288756811684691 18.248 0.738 1.6658881520778073 2262
stats: page 533 21091.492759849916 4174.619276582734 33556.797 1.627 9057.1593208633 1390
stats: tr_CREATE_POST 80 16481.067862499996 1556.4470693104677 19887.992 4002.524 9556.078587786258 131
stats: 302 100 494
stats: tr_SIGN_IN 79 16298.528164556963 1948.5250864658628 18299.902 1001.973 6425.945938369783 503
stats: error_send_einval 1 7
stats: 200 423 2510
stats: size_rcv 2179665 12140415
stats: newphase 0 7
stats: 422 77 97
stats: size_sent 524332 2442974
stats: connected 4 975
stats: error_connection_closed 0 20
stats: 500 12 66
# stats: dump at 1732220684
stats: users 987 1202
stats: {cpu,"tsung_controller@ip-172-31-62-13"} 1 3.1203566121842496 0.0 6.375997320177842 0.44999999999999996 4.000832197655554 7
stats: {load,"tsung_controller@ip-172-31-62-13"} 1 0.05078125 0.0 0.078125 0.0 0.029575892857142856 7
stats: {freemem,"tsung_controller@ip-172-31-62-13"} 1 325.48046875 0.0 686.95703125 325.48046875 583.8169642857143 7
stats: session 54 39293.58431481481 5932.689926782233 51643.433 9458.623 25311.74770616113 211
stats: users_count 0 1252
stats: finish_users_count 54 265
stats: connect 62 1.662451612903226 0.8647515152588979 18.248 0.738 1.6643887550200802 2490
stats: page 84 24461.553345238084 8476.620749684926 39183.343 1.627 12392.72859958398 1923
stats: tr_CREATE_POST 54 22358.785018518527 1052.207531423841 25987.831 4002.524 12181.666938388624 211
stats: 302 76 570
stats: tr_SIGN_IN 93 21608.707204301092 2086.609416739977 25111.415 1001.973 7766.038714776635 582
stats: error_send_einval 0 7
stats: 200 28 2538
stats: size_rcv 367207 12507622
stats: newphase 0 7
stats: 422 50 147
stats: size_sent 120264 2563238
stats: connected -11 964
stats: error_connection_closed 0 20
stats: 500 23 89
stats: request 177 20070.64351412428 2097.3344097324875 24108.906 0.086 6825.571572531267 3757
# stats: dump at 1732220694
stats: users 980 1202
stats: {cpu,"tsung_controller@ip-172-31-62-13"} 1 0.75 0.0 6.375997320177842 0.44999999999999996 3.890772749471641 8
stats: {load,"tsung_controller@ip-172-31-62-13"} 1 0.0390625 0.0 0.078125 0.0 0.0322265625 8
stats: {freemem,"tsung_controller@ip-172-31-62-13"} 1 321.7890625 0.0 686.95703125 321.7890625 551.52490234375 8
stats: session 7 54779.40057142857 5302.8730401368 62072.358 9458.623 28160.876675471693 265
stats: users_count 0 1252
stats: finish_users_count 7 272
stats: page 20 35910.02125 7840.759816920795 44913.806 1.627 12897.851309417036 2007
stats: 302 77 647
stats: connect 28 1.685107142857143 0.5013746346143707 18.248 0.738 1.6643416927899686 2552
stats: error_send_einval 1 8
stats: tr_CREATE_POST 7 29783.746571428568 1845.3018148761983 32902.447 4002.524 14255.494773584907 265
stats: 200 8 2546
stats: tr_SIGN_IN 102 27701.093980392154 2317.166436258879 31821.23 1001.973 9673.250817777782 675
stats: size_rcv 197038 12704660
stats: newphase 0 7
stats: 422 6 153
stats: size_sent 96103 2659341
stats: connected 0 964
stats: error_connection_closed 0 20
stats: 500 31 120
stats: request 122 26724.832106557376 2296.0043809582107 30820.172 0.086 7421.498805287231 3934
# stats: dump at 1732220704
stats: users 970 1202
stats: {cpu,"tsung_controller@ip-172-31-62-13"} 1 0.8483033932135728 0.0 6.375997320177842 0.44999999999999996 3.5417979995303472 9
stats: {load,"tsung_controller@ip-172-31-62-13"} 1 0.03125 0.0 0.078125 0.0 0.03298611111111111 9
stats: {freemem,"tsung_controller@ip-172-31-62-13"} 1 317.8046875 0.0 686.95703125 317.8046875 525.9986979166666 9
stats: session 10 66996.67719999999 6199.857488306869 72325.764 9458.623 28845.912216911758 272
stats: users_count 0 1252
stats: finish_users_count 10 282
stats: connect 17 1.5875294117647059 0.43171111223718306 18.248 0.738 1.6645670542635658 2580
stats: page 22 41866.16836363636 7367.985735613682 52158.66 1.627 13124.90774691662 2027
stats: tr_CREATE_POST 10 38454.2771 2835.4198921152565 42748.413 4002.524 14655.118900735295 272
stats: 302 80 727
stats: request 118 34660.815262711876 2351.0535643185453 38859.748 0.086 8002.1217497534435 4056
stats: tr_SIGN_IN 96 35673.487093749995 2298.305980280912 39860.668 1001.973 12039.84026769627 777
stats: error_send_einval 0 8
stats: 200 5 2551
stats: size_rcv 177662 12882322
stats: newphase 0 7
stats: 422 4 157
stats: size_sent 82881 2742222
stats: connected -4 960
stats: error_connection_closed 0 20
stats: 500 29 149
# stats: dump at 1732220714
stats: users 959 1202
stats: {cpu,"tsung_controller@ip-172-31-62-13"} 1 0.7485029940119761 0.0 6.375997320177842 0.44999999999999996 3.2724485388986695 10
stats: {load,"tsung_controller@ip-172-31-62-13"} 1 0.03125 0.0 0.078125 0.0 0.0328125 10
stats: {freemem,"tsung_controller@ip-172-31-62-13"} 1 313.4609375 0.0 686.95703125 313.4609375 505.179296875 10
stats: session 11 72899.36800000002 6302.450859688343 83331.159 9458.623 30198.776223404246 282
stats: users_count 0 1252
stats: finish_users_count 11 293
stats: request 123 43098.65673983742 4686.732687881016 48118.572 0.086 8755.769529947285 4174
stats: page 18 47526.596277777775 6229.105179615188 58103.108 1.627 13433.50107711078 2049
stats: connect 11 1.4816363636363634 0.1488417541168977 18.248 0.738 1.6640627647285329 2597
stats: tr_CREATE_POST 11 47554.76945454545 1914.791831163584 51411.187 4002.524 15499.060680851062 282
stats: tr_SIGN_IN 105 44499.29927619045 2634.2985766312663 49119.264 1001.973 14638.72926575029 873
stats: 302 78 805
stats: error_send_einval 0 8
stats: 200 3 2554
stats: size_rcv 180864 13063186
stats: newphase 0 7
stats: 422 7 164
stats: size_sent 85752 2827974
stats: connected -4 956
stats: error_connection_closed 0 20
stats: 500 34 183
# stats: dump at 1732220724
stats: users 940 1202
stats: {cpu,"tsung_controller@ip-172-31-62-13"} 1 0.7481296758104738 0.0 6.375997320177842 0.44999999999999996 3.04299894390897 11
stats: {load,"tsung_controller@ip-172-31-62-13"} 1 0.01953125 0.0 0.078125 0.0 0.032670454545454544 11
stats: {freemem,"tsung_controller@ip-172-31-62-13"} 1 307.765625 0.0 686.95703125 307.765625 487.7503551136364 11
stats: session 19 84380.84700000002 5282.46288151686 94059.575 9458.623 31801.87011262798 293
stats: users_count 0 1252
stats: finish_users_count 19 312
stats: request 128 52585.02214843751 2633.850935739594 57206.191 0.086 9738.82168885268 4297
stats: connect 3 2.147666666666667 1.107691393043307 18.248 0.738 1.6632933282208588 2608
stats: tr_CREATE_POST 19 56919.55352631579 2625.1218403967323 60360.561 4002.524 16702.51732423208 293
stats: page 25 56410.708040000005 6797.013882329658 71768.365 1.627 13730.393052733425 2067
stats: tr_SIGN_IN 103 53505.636941747594 2613.0295299534723 58206.735 1001.973 17844.618684049077 978
stats: 302 79 884
stats: error_send_einval 0 8
stats: 200 3 2557
stats: size_rcv 191898 13255084
stats: newphase 0 7
stats: 422 13 177
stats: size_sent 77297 2905271
stats: connected -16 940
stats: error_connection_closed 0 20
stats: 500 33 216
# stats: dump at 1732220734
stats: users 855 1202
stats: {cpu,"tsung_controller@ip-172-31-62-13"} 1 1.2487512487512489 0.0 6.375997320177842 0.44999999999999996 2.8517598382340954 12
stats: {load,"tsung_controller@ip-172-31-62-13"} 1 0.01953125 0.0 0.078125 0.0 0.031575520833333336 12
stats: {freemem,"tsung_controller@ip-172-31-62-13"} 1 303.0078125 0.0 686.95703125 303.0078125 472.7516276041667 12
stats: session 85 96252.76940000002 4420.0502685337615 101351.111 9458.623 35003.794987179484 312
stats: users_count 0 1252
stats: finish_users_count 85 397
stats: page 139 66464.73753956832 8013.639516241359 77476.036 1.627 14240.435057839384 2092
stats: 302 27 911
stats: error_send_einval 0 8
stats: 504 261 261
stats: connect 0 0 0 18.248 0.738 1.6638498659517427 2611
stats: 200 2 2559
stats: size_rcv 160858 13415942
stats: newphase 0 7
stats: tr_CREATE_POST 82 63830.98831707316 624.4834900194902 64007.737 4002.524 19151.631708333334 312
stats: 422 7 184
stats: tr_SIGN_IN 171 60760.90234502922 599.6815015829999 61013.547 1001.973 21242.47703792785 1081
stats: size_sent 107677 3012948
stats: connected -82 858
stats: error_connection_closed 0 20
stats: 500 13 229
stats: request 310 59796.77080967744 582.4433138587806 60008.448 0.086 10978.214606101688 4425
# stats: dump at 1732220744
stats: users 676 1202
stats: {cpu,"tsung_controller@ip-172-31-62-13"} 1 1.195814648729447 0.0 6.375997320177842 0.44999999999999996 2.7284514851969535 13
stats: {load,"tsung_controller@ip-172-31-62-13"} 1 0.01953125 0.0 0.078125 0.0 0.03064903846153846 13
stats: {freemem,"tsung_controller@ip-172-31-62-13"} 1 299.55078125 0.0 686.95703125 299.55078125 459.6944110576923 13
stats: session 179 104065.17863128497 3403.590936443256 108082.627 9458.623 48117.55525188918 397
stats: users_count 0 1252
stats: finish_users_count 179 576
stats: connect 0 0 0 18.248 0.738 1.6638498659517427 2611
stats: tr_CREATE_POST 181 41284.468657458565 23258.315937688116 64010.795 4002.524 28450.38105329949 394
stats: request 848 35774.98764268869 17893.378032364042 60009.616 0.086 14174.360841182677 4735
stats: tr_SIGN_IN 0 0 0 61013.547 1001.973 26639.96164456869 1252
stats: page 848 68895.95150353786 19734.5979954929 83015.442 1.627 17494.21275616315 2231
stats: 302 321 1232
stats: error_send_einval 0 8
stats: 504 124 385
stats: 200 331 2890
stats: size_rcv 2203227 15619169
stats: newphase 0 7
stats: 422 72 256
stats: size_sent 41968 3054916
stats: connected -181 677
stats: error_connection_closed 0 20
stats: 500 0 229
# stats: dump at 1732220754
stats: users 228 1202
stats: {cpu,"tsung_controller@ip-172-31-62-13"} 1 2.6959560659011483 0.0 6.375997320177842 0.44999999999999996 2.618977425449274 14
stats: {load,"tsung_controller@ip-172-31-62-13"} 1 0.01171875 0.0 0.078125 0.0 0.029854910714285716 14
stats: {freemem,"tsung_controller@ip-172-31-62-13"} 1 289.08203125 0.0 686.95703125 289.08203125 448.25558035714283 14
stats: session 448 109644.67891517867 2030.530671721419 114611.647 9458.623 65504.05626736113 576
stats: users_count 0 1252
stats: finish_users_count 448 1024
stats: request 426 15.513053990610326 12.138362970753557 60009.616 0.086 17455.272811033494 5583
stats: 302 203 1435
stats: connect 0 0 0 18.248 0.738 1.6638498659517427 2611
stats: error_send_einval 0 8
stats: page 426 15.513053990610326 12.138362970753557 83015.442 1.627 31650.976139655766 3079
stats: tr_CREATE_POST 426 4016.729406103286 12.18156704640136 64010.795 4002.524 32490.328629565218 575
stats: tr_SIGN_IN 0 0 0 61013.547 1001.973 26639.96164456869 1252
stats: 504 0 385
stats: 200 0 2890
stats: size_rcv 668925 16288094
stats: newphase 0 7
stats: 422 223 479
stats: size_sent 384572 3439488
stats: connected -426 251
stats: error_connection_closed 0 20
stats: 500 0 229
# stats: dump at 1732220761
stats: users 0 1202
stats: {cpu,"tsung_controller@ip-172-31-62-13"} 1 2.553830746119179 0.0 6.375997320177842 0.44999999999999996 2.6241093348127325 15
stats: {load,"tsung_controller@ip-172-31-62-13"} 1 0.01171875 0.0 0.078125 0.0 0.028645833333333332 15
stats: {freemem,"tsung_controller@ip-172-31-62-13"} 1 614.29296875 0.0 686.95703125 289.08203125 437.6440104166667 15
stats: session 228 112279.92413596495 1370.7986561599678 115559.244 9458.623 84815.5786757813 1024
stats: users_count 0 1252
stats: finish_users_count 228 1252
stats: request 251 15.686880478087652 10.623044040148832 60009.616 0.086 16218.904420868697 6009
stats: connect 0 0 0 18.248 0.738 1.6638498659517427 2611
stats: page 251 15.686880478087652 10.623044040148832 83015.442 1.627 27805.981196861656 3505
stats: tr_CREATE_POST 251 4016.949892430278 10.663415931635354 64010.795 4002.524 20372.692996003996 1001
stats: 302 128 1563
stats: tr_SIGN_IN 0 0 0 61013.547 1001.973 26639.96164456869 1252
stats: error_send_einval 0 8
stats: 504 0 385
stats: 200 0 2890
stats: size_rcv 387347 16675441
stats: newphase 0 7
stats: 422 123 602
stats: size_sent 223580 3663068
stats: connected -251 0
stats: error_connection_closed 0 20
stats: 500 0 229
EndMonitor:{1732,220761,355580}
