# stats: dump at 1732220115
stats: users 2 2
stats: {cpu,"tsung_controller@ip-172-31-62-13"} 1 22.667784153181614 0 22.667784153181614 22.667784153181614 0 0
stats: {load,"tsung_controller@ip-172-31-62-13"} 1 0.9609375 0 0.9609375 0.9609375 0 0
stats: {freemem,"tsung_controller@ip-172-31-62-13"} 1 680.8984375 0 680.8984375 680.8984375 0 0
stats: users_count 2 2
stats: finish_users_count 0 0
stats: page 3 114.74133333333334 131.0819197152003 300.069 18.343 0 0
stats: request 6 56.8715 101.81813117965123 284.436 7.711 0 0
stats: connect 2 5.447 3.9219999999999997 9.369 1.525 0 0
stats: tr_SIGN_IN 1 1285.012 0 1285.012 1285.012 0 0
stats: 302 1 1
stats: 200 5 5
stats: size_rcv 23900 23900
stats: size_sent 2949 2949
stats: connected 2 2
# stats: dump at 1732220125
stats: users 28 28
stats: {cpu,"tsung_controller@ip-172-31-62-13"} 1 1.1970074812967582 0.0 22.667784153181614 1.1970074812967582 22.667784153181614 1
stats: {load,"tsung_controller@ip-172-31-62-13"} 1 0.80859375 0.0 0.9609375 0.80859375 0.9609375 1
stats: {freemem,"tsung_controller@ip-172-31-62-13"} 1 678.421875 0.0 680.8984375 678.421875 680.8984375 1
stats: session 1 14249.004 0 14249.004 14249.004 0 0
stats: users_count 27 29
stats: finish_users_count 1 1
stats: connect 20 1.8599 1.0382546363970644 9.369 1.167 5.447 2
stats: page 38 207.11602631578947 199.26143172059517 550.102 13.274 114.74133333333334 3
stats: tr_SIGN_IN 18 1389.4775555555557 61.078229700589965 1522.371 1285.012 1285.012 1
stats: request 76 103.49406578947367 161.85191149704 521.529 5.267 56.8715 6
stats: 302 18 19
stats: 200 58 63
stats: size_rcv 288154 312054
stats: newphase 2 2
stats: size_sent 44072 47021
stats: connected 20 22
# stats: dump at 1732220135
stats: users 114 114
stats: {cpu,"tsung_controller@ip-172-31-62-13"} 1 0.997506234413965 0.0 22.667784153181614 0.997506234413965 11.932395817239186 2
stats: {load,"tsung_controller@ip-172-31-62-13"} 1 0.69140625 0.0 0.9609375 0.69140625 0.884765625 2
stats: {freemem,"tsung_controller@ip-172-31-62-13"} 1 668.86328125 0.0 680.8984375 668.86328125 679.66015625 2
stats: session 12 11957.268416666668 1832.8484288573181 14786.746 9485.311 14249.004 1
stats: users_count 98 127
stats: finish_users_count 12 13
stats: connect 100 1.75086 0.9878660235072366 9.369 1.167 2.186 22
stats: tr_CREATE_POST 13 4207.802999999999 350.54800569043124 5326.45 4016.381 0 0
stats: 302 60 79
stats: request 300 214.88473333333343 448.41548186446715 2162.379 5.267 100.08265853658534 82
stats: tr_SIGN_IN 47 2104.651319148937 469.4383243053796 3162.732 1285.012 1383.9793684210526 19
stats: 200 240 303
stats: size_rcv 1156336 1468390
stats: page 153 333.7509150326797 544.2693814988223 3081.109 12.601 200.3569024390244 41
stats: newphase 2 4
stats: size_sent 183141 230162
stats: connected 87 109
# stats: dump at 1732220145
stats: users 501 501
stats: {cpu,"tsung_controller@ip-172-31-62-13"} 1 3.2480314960629917 0.0 22.667784153181614 0.997506234413965 8.287432622964113 3
stats: {load,"tsung_controller@ip-172-31-62-13"} 1 0.578125 0.0 0.9609375 0.578125 0.8203125 3
stats: {freemem,"tsung_controller@ip-172-31-62-13"} 1 638.93359375 0.0 680.8984375 638.93359375 676.0611979166666 3
stats: session 23 18006.141347826087 2203.16687144121 21149.465 9485.311 12133.555769230772 13
stats: users_count 410 537
stats: finish_users_count 23 36
stats: request 537 2729.2865940409674 1643.607603484234 8283.289 5.267 190.2413560209425 382
stats: page 226 4819.1294778761085 2218.2353864093875 10698.609 12.601 305.55939690721647 194
stats: 302 84 163
stats: connect 396 1.8964065656565654 1.9781214608808266 25.163 0.991 1.829327868852459 122
stats: tr_CREATE_POST 22 9056.444363636361 865.4922322512911 10367.659 4016.381 4207.802999999999 13
stats: 200 432 735
stats: tr_SIGN_IN 66 6351.998560606061 1732.543374821879 9283.517 1285.012 1897.185151515152 66
stats: size_rcv 2070545 3538935
stats: newphase 2 6
stats: size_sent 406856 637018
stats: connected 374 483
stats: 500 21 21
# stats: dump at 1732220155
stats: users 1134 1150
stats: {cpu,"tsung_controller@ip-172-31-62-13"} 1 8.078393881453156 0.0 22.667784153181614 0.997506234413965 7.027582341238833 4
stats: {load,"tsung_controller@ip-172-31-62-13"} 1 0.48828125 0.0 0.9609375 0.48828125 0.759765625 4
stats: {freemem,"tsung_controller@ip-172-31-62-13"} 1 568.6953125 0.0 680.8984375 568.6953125 666.779296875 4
stats: session 33 20708.322787878787 2480.6297983009836 26847.18 9485.311 15885.485444444445 36
stats: users_count 666 1203
stats: finish_users_count 33 69
stats: tr_CREATE_POST 34 8771.786058823529 3912.3516652990324 15143.109 4002.466 7255.520428571427 35
stats: 302 74 237
stats: request 623 3749.5159502407705 3637.548252945013 11568.327 0.453 1673.8836768226329 919
stats: connect 961 1.699060353798127 1.3686692445730053 25.163 0.759 1.8806081081081079 518
stats: page 269 4521.192159851305 4997.072880957204 17450.386 1.824 2734.2899642857155 420
stats: tr_SIGN_IN 154 4936.102311688313 4338.768893565446 12568.691 1002.234 4124.591856060606 132
stats: error_send_einval 4 4
stats: 200 253 988
stats: size_rcv 1259098 4798033
stats: newphase 1 7
stats: size_sent 391458 1028476
stats: connected 532 1015
stats: error_connection_closed 1 1
stats: 500 23 44
# stats: dump at 1732220165
stats: users 1108 1150
stats: {cpu,"tsung_controller@ip-172-31-62-13"} 1 8.437200383509108 0.0 22.667784153181614 0.997506234413965 7.237744649281697 5
stats: {load,"tsung_controller@ip-172-31-62-13"} 1 0.421875 0.0 0.9609375 0.421875 0.70546875 5
stats: {freemem,"tsung_controller@ip-172-31-62-13"} 1 526.234375 0.0 680.8984375 526.234375 647.1625 5
stats: session 26 26072.85484615384 7792.642739945435 34441.019 9279.999 18192.059826086956 69
stats: users_count 0 1203
stats: finish_users_count 26 95
stats: request 1013 11348.83939881542 3520.3114253059584 19077.571 0.13 2512.482189364461 1542
stats: connect 289 2.4930276816609007 1.6838100947612484 25.163 0.759 1.7626450304259633 1479
stats: page 275 15771.061439999989 5848.921605975882 24297.102 1.824 3431.933927431062 689
stats: tr_CREATE_POST 25 12234.647199999998 6925.988776528295 20939.352 4002.466 8002.665811594201 69
stats: 302 75 312
stats: tr_SIGN_IN 102 12800.42212745098 5782.38262009305 20078.183 1002.234 4561.559024475526 286
stats: error_send_einval 3 7
stats: 200 806 1794
stats: size_rcv 3774904 8572937
stats: newphase 0 7
stats: 422 14 14
stats: size_sent 614200 1642676
stats: connected -17 998
stats: error_connection_closed 11 12
stats: 500 39 83
# stats: dump at 1732220175
stats: users 1042 1150
stats: {cpu,"tsung_controller@ip-172-31-62-13"} 1 7.263107263107263 0.0 22.667784153181614 0.997506234413965 7.437653938319599 6
stats: {load,"tsung_controller@ip-172-31-62-13"} 1 0.4296875 0.0 0.9609375 0.421875 0.658203125 6
stats: {freemem,"tsung_controller@ip-172-31-62-13"} 1 440.37890625 0.0 680.8984375 440.37890625 627.0078125 6
stats: session 66 31587.989606060604 6735.154806813932 41865.375 9279.999 20348.908989473683 95
stats: users_count 0 1203
stats: finish_users_count 66 161
stats: request 744 12082.182321236549 2979.9215038151306 19077.571 0.13 6015.898961643844 2555
stats: connect 235 1.862863829787234 1.4602292819710738 25.163 0.759 1.8820345022624434 1768
stats: tr_CREATE_POST 62 16152.16329032258 3994.6662799655683 21264.479 4002.466 9128.192776595743 94
stats: 302 97 409
stats: page 663 22410.22484766215 4813.316175150342 30309.9 1.824 6951.9132489626545 964
stats: tr_SIGN_IN 81 14632.501925925932 6109.176214990737 20078.183 1002.234 6727.445716494845 388
stats: error_send_einval 0 7
stats: 200 556 2350
stats: size_rcv 2728744 11301681
stats: newphase 0 7
stats: 422 50 64
stats: size_sent 497692 2140368
stats: connected -24 974
stats: error_connection_closed 0 12
stats: 500 12 95
# stats: dump at 1732220185
stats: users 985 1150
stats: {cpu,"tsung_controller@ip-172-31-62-13"} 1 5.988315481986368 0.0 22.667784153181614 0.997506234413965 7.412718699003551 7
stats: {load,"tsung_controller@ip-172-31-62-13"} 1 0.37109375 0.0 0.9609375 0.37109375 0.6255580357142857 7
stats: {freemem,"tsung_controller@ip-172-31-62-13"} 1 347.1796875 0.0 680.8984375 347.1796875 600.3465401785714 7
stats: session 57 35711.27129824558 7192.025896849501 49725.557 9279.999 24956.233962732917 161
stats: users_count 0 1203
stats: finish_users_count 57 218
stats: page 196 22969.186249999984 6288.270580115375 38460.77 1.824 13251.15147264905 1627
stats: 302 85 494
stats: request 290 15334.89740344827 2519.690282357519 20620.697 0.13 7383.98469051228 3299
stats: connect 102 1.6001078431372548 0.5091491539017592 25.163 0.759 1.8797853220169745 2003
stats: tr_CREATE_POST 62 19179.545145161293 1944.5443501958946 23664.779 4002.466 11919.77080128205 156
stats: error_send_einval 0 7
stats: 200 124 2474
stats: size_rcv 813220 12114901
stats: newphase 0 7
stats: 422 60 124
stats: tr_SIGN_IN 94 18859.68191489361 1621.303830684044 21621.323 1002.234 8092.711287846483 469
stats: size_sent 274572 2414940
stats: connected -6 968
stats: error_connection_closed 0 12
stats: 500 21 116
# stats: dump at 1732220195
stats: users 974 1150
stats: {cpu,"tsung_controller@ip-172-31-62-13"} 1 2.4281466798810705 0.0 22.667784153181614 0.997506234413965 7.234668296876404 8
stats: {load,"tsung_controller@ip-172-31-62-13"} 1 0.30859375 0.0 0.9609375 0.30859375 0.59375 8
stats: {freemem,"tsung_controller@ip-172-31-62-13"} 1 330.5546875 0.0 680.8984375 330.5546875 568.70068359375 8
stats: session 11 52980.852272727265 5001.109096390016 59687.994 9279.999 27768.330880733934 218
stats: users_count 0 1203
stats: finish_users_count 11 229
stats: page 36 33454.55286111112 8080.3149885668545 41689.898 1.824 14295.986808008776 1823
stats: 302 76 570
stats: request 132 22358.724560606064 1530.834800832334 25486.848 0.13 8026.437932850379 3589
stats: connect 26 1.5844999999999998 0.3725305614721686 25.163 0.759 1.8662332541567694 2105
stats: tr_CREATE_POST 11 25537.74890909091 2259.4531055132243 28216.826 4002.466 13984.477266055044 218
stats: error_send_einval 0 7
stats: 200 21 2495
stats: size_rcv 257520 12372421
stats: tr_SIGN_IN 96 23754.496447916667 1349.3743214435249 26487.359 1002.234 9890.393772646537 563
stats: newphase 0 7
stats: 422 8 132
stats: size_sent 94932 2509872
stats: connected -10 958
stats: error_connection_closed 0 12
stats: 500 27 143
# stats: dump at 1732220205
stats: users 966 1150
stats: {cpu,"tsung_controller@ip-172-31-62-13"} 1 0.798801797304044 0.0 22.667784153181614 0.798801797304044 6.700610339432477 9
stats: {load,"tsung_controller@ip-172-31-62-13"} 1 0.26171875 0.0 0.9609375 0.26171875 0.5620659722222222 9
stats: {freemem,"tsung_controller@ip-172-31-62-13"} 1 325.36328125 0.0 680.8984375 325.36328125 542.2400173611111 9
stats: session 8 61678.59175 5171.919590337005 68987.143 9279.999 28979.41269432313 229
stats: users_count 0 1203
stats: finish_users_count 8 237
stats: page 24 38626.96583333332 7737.655628772418 46337.38 1.824 14666.997231845076 1859
stats: 302 79 649
stats: error_send_einval 0 7
stats: 200 3 2498
stats: connect 23 1.9043913043478264 0.9806202446779342 25.163 0.759 1.8627958704833412 2131
stats: size_rcv 189506 12561927
stats: newphase 0 7
stats: tr_CREATE_POST 8 32144.983375 2401.4184611773185 36958.142 4002.466 14539.437912663754 229
stats: 422 7 139
stats: tr_SIGN_IN 103 30663.562524271845 2091.705155140725 34181.815 1002.234 11910.050611532626 659
stats: size_sent 94512 2604384
stats: connected -1 957
stats: error_connection_closed 0 12
stats: 500 38 181
stats: request 127 29472.68477952756 2194.165054183756 33181.149 0.13 8534.866267938729 3721
# stats: dump at 1732220215
stats: users 952 1150
stats: {cpu,"tsung_controller@ip-172-31-62-13"} 1 0.6996501749125438 0.0 22.667784153181614 0.6996501749125438 6.110429485219634 10
stats: {load,"tsung_controller@ip-172-31-62-13"} 1 0.21875 0.0 0.9609375 0.21875 0.53203125 10
stats: {freemem,"tsung_controller@ip-172-31-62-13"} 1 320.71875 0.0 680.8984375 320.71875 520.55234375 10
stats: session 14 70914.95514285713 4871.0525383579525 77707.74 9279.999 30083.182451476783 237
stats: users_count 0 1203
stats: finish_users_count 14 251
stats: request 125 37773.008552 2463.7882638701676 42110.663 0.13 9225.901338357591 3848
stats: page 19 42207.300421052634 7964.935644081899 58224.544 1.824 14972.381855549655 1883
stats: 302 75 724
stats: error_send_einval 0 7
stats: connect 12 1.5252499999999998 0.17463157646886207 25.163 0.759 1.8632400185701021 2154
stats: 200 3 2501
stats: size_rcv 189096 12751023
stats: newphase 0 7
stats: tr_CREATE_POST 14 41630.53592857143 1588.5717501482927 45281.05 4002.466 15133.717928270042 237
stats: 422 13 152
stats: tr_SIGN_IN 106 38742.03753773585 2580.7000879062757 43111.077 1002.234 14444.974137795278 762
stats: size_sent 86338 2690722
stats: connected -7 950
stats: error_connection_closed 0 12
stats: 500 34 215
# stats: dump at 1732220225
stats: users 942 1150
stats: {cpu,"tsung_controller@ip-172-31-62-13"} 1 0.9955201592832255 0.0 22.667784153181614 0.6996501749125438 5.618540457009899 11
stats: {load,"tsung_controller@ip-172-31-62-13"} 1 0.19140625 0.0 0.9609375 0.19140625 0.5035511363636364 11
stats: {freemem,"tsung_controller@ip-172-31-62-13"} 1 318.0703125 0.0 680.8984375 318.0703125 502.38565340909093 11
stats: session 10 82374.4705 4812.240862081559 87660.108 9279.999 32360.6518446215 251
stats: users_count 0 1203
stats: finish_users_count 10 261
stats: request 130 46445.66486923076 2582.478676795269 51074.857 0.13 10124.061016612133 3973
stats: connect 2 1.3205 4.999999999999449e-4 25.163 0.759 1.8613674976915973 2166
stats: page 24 54464.786916666686 5993.616269821397 63609.92 1.824 15244.444659305993 1902
stats: tr_CREATE_POST 9 51370.19277777778 2112.5500931590173 53978.374 4002.466 16611.62809561753 251
stats: tr_SIGN_IN 106 47533.744084905666 2602.727586220683 52075.637 1002.234 17412.127041474658 868
stats: 302 88 812
stats: error_send_einval 0 7
stats: 200 2 2503
stats: size_rcv 185309 12936332
stats: newphase 0 7
stats: 422 7 159
stats: size_sent 79856 2770578
stats: connected -7 943
stats: error_connection_closed 0 12
stats: 500 33 248
# stats: dump at 1732220235
stats: users 926 1150
stats: {cpu,"tsung_controller@ip-172-31-62-13"} 1 1.6409746394828444 0.0 22.667784153181614 0.6996501749125438 5.233288765532676 12
stats: {load,"tsung_controller@ip-172-31-62-13"} 1 0.16015625 0.0 0.9609375 0.16015625 0.4775390625 12
stats: {freemem,"tsung_controller@ip-172-31-62-13"} 1 313.0234375 0.0 680.8984375 313.0234375 487.0260416666667 12
stats: session 16 92067.53549999998 5552.989131430595 98012.275 9279.999 34276.89010727968 261
stats: users_count 0 1203
stats: finish_users_count 16 277
stats: connect 0 0 0 25.163 0.759 1.8608685424354243 2168
stats: page 29 62486.01955172414 8570.485034794885 78143.653 1.824 15733.171665628244 1926
stats: 302 80 892
stats: request 128 55376.77013281252 2534.526470251772 59749.669 0.13 11274.879564221303 4103
stats: tr_CREATE_POST 17 59704.08082352942 2587.6971268199545 63238.873 4002.466 17814.809180769233 260
stats: error_send_einval 0 7
stats: 200 7 2510
stats: size_rcv 203428 13139760
stats: tr_SIGN_IN 99 56381.35835353535 2508.8846930679633 60750.728 1002.234 20690.249635523618 974
stats: newphase 0 7
stats: 422 9 168
stats: size_sent 81958 2852536
stats: connected -17 926
stats: error_connection_closed 0 12
stats: 500 32 280
# stats: dump at 1732220245
stats: users 831 1150
stats: {cpu,"tsung_controller@ip-172-31-62-13"} 1 0.7488766849725411 0.0 22.667784153181614 0.6996501749125438 4.956956909682689 13
stats: {load,"tsung_controller@ip-172-31-62-13"} 1 0.12890625 0.0 0.9609375 0.12890625 0.453125 13
stats: {freemem,"tsung_controller@ip-172-31-62-13"} 1 308.61328125 0.0 680.8984375 308.61328125 473.64122596153845 13
stats: session 95 101198.29550526317 2900.784785810729 106150.664 9279.999 37614.97792779782 277
stats: users_count 0 1203
stats: finish_users_count 95 372
stats: connect 0 0 0 25.163 0.759 1.8608685424354243 2168
stats: tr_CREATE_POST 95 63999.16411578948 20.90590086220534 64006.626 4002.466 20385.630906137183 277
stats: request 314 59997.34621337576 35.75798682583706 60005.512 0.13 12609.089441975893 4231
stats: tr_SIGN_IN 130 61000.51175384613 18.70769308232341 61005.264 1002.234 23983.278305684995 1073
stats: page 184 68695.5619293478 9053.462756826722 80720.167 1.824 16426.6921713555 1955
stats: 302 6 898
stats: error_send_einval 0 7
stats: 504 304 304
stats: 200 1 2511
stats: size_rcv 113317 13253077
stats: newphase 0 7
stats: 422 1 169
stats: size_sent 86081 2938617
stats: connected -95 831
stats: error_connection_closed 0 12
stats: 500 2 282
# stats: dump at 1732220255
stats: users 648 1150
stats: {cpu,"tsung_controller@ip-172-31-62-13"} 1 1.4910536779324055 0.0 22.667784153181614 0.6996501749125438 4.656379750774822 14
stats: {load,"tsung_controller@ip-172-31-62-13"} 1 0.109375 0.0 0.9609375 0.109375 0.42996651785714285 14
stats: {freemem,"tsung_controller@ip-172-31-62-13"} 1 305.22265625 0.0 680.8984375 305.22265625 461.853515625 14
stats: session 183 107734.9968469946 3017.547285250573 111562.942 9279.999 53852.6531155914 372
stats: users_count 0 1203
stats: finish_users_count 183 555
stats: request 820 32697.86767682925 18150.716321199277 60005.512 0.13 15882.997610561053 4545
stats: connect 0 0 0 25.163 0.759 1.8608685424354243 2168
stats: page 820 66154.72411097547 24885.953253528296 83212.331 1.824 20922.939032258062 2139
stats: tr_CREATE_POST 181 28411.165381215473 23535.66904661311 64006.626 4002.466 31523.49556989247 372
stats: 302 316 1214
stats: error_send_einval 0 7
stats: 504 52 356
stats: 200 330 2841
stats: tr_SIGN_IN 0 0 0 61005.264 1002.234 27983.478096425595 1203
stats: size_rcv 2267456 15520533
stats: newphase 0 7
stats: 422 122 291
stats: size_sent 66044 3004661
stats: connected -181 650
stats: error_connection_closed 0 12
stats: 500 0 282
# stats: dump at 1732220265
stats: users 19 1150
stats: {cpu,"tsung_controller@ip-172-31-62-13"} 1 4.923682914820286 0.0 22.667784153181614 0.6996501749125438 4.445358012585327 15
stats: {load,"tsung_controller@ip-172-31-62-13"} 1 0.08984375 0.0 0.9609375 0.08984375 0.40859375 15
stats: {freemem,"tsung_controller@ip-172-31-62-13"} 1 315.8046875 0.0 680.8984375 305.22265625 451.4114583333333 15
stats: session 629 113842.42277106518 2086.8282728527865 118590.372 9279.999 71619.26375135138 555
stats: users_count 0 1203
stats: finish_users_count 629 1184
stats: connect 0 0 0 25.163 0.759 1.8608685424354243 2168
stats: tr_CREATE_POST 626 4021.6797428115015 17.113396217069692 64006.626 4002.466 30504.812452079565 553
stats: request 626 20.48874760383387 17.153391790276842 60005.512 0.13 18453.024349487412 5365
stats: tr_SIGN_IN 0 0 0 61005.264 1002.234 27983.478096425595 1203
stats: page 626 20.48874760383387 17.153391790276842 83212.331 1.824 33457.60066272385 2959
stats: 302 324 1538
stats: error_send_einval 0 7
stats: 504 0 356
stats: 200 0 2841
stats: size_rcv 962136 16482669
stats: newphase 0 7
stats: 422 302 593
stats: size_sent 565261 3569922
stats: connected -626 24
stats: error_connection_closed 0 12
stats: 500 0 282
# stats: dump at 1732220266
stats: users 0 1150
stats: {cpu,"tsung_controller@ip-172-31-62-13"} 1 7.020057306590258 0.0 22.667784153181614 0.6996501749125438 4.475253318975012 16
stats: {load,"tsung_controller@ip-172-31-62-13"} 1 0.078125 0.0 0.9609375 0.078125 0.388671875 16
stats: {freemem,"tsung_controller@ip-172-31-62-13"} 1 667.69921875 0.0 680.8984375 305.22265625 442.93603515625 16
stats: session 19 115352.60173684215 494.8432019731515 118590.372 9279.999 94050.31698057432 1184
stats: users_count 0 1203
stats: finish_users_count 19 1203
stats: request 24 8.685041666666667 4.382145502673002 60005.512 0.13 16527.007442997823 5991
stats: connect 0 0 0 25.163 0.759 1.8608685424354243 2168
stats: page 24 8.685041666666667 4.382145502673002 83212.331 1.824 27618.93063235701 3585
stats: 302 6 1544
stats: tr_CREATE_POST 24 4009.8631250000003 4.454947065833279 64006.626 4002.466 16443.369639525023 1179
stats: error_send_einval 0 7
stats: tr_SIGN_IN 0 0 0 61005.264 1002.234 27983.478096425595 1203
stats: 504 0 356
stats: 200 0 2841
stats: size_rcv 42066 16524735
stats: newphase 0 7
stats: 422 18 611
stats: size_sent 21204 3591126
stats: connected -24 0
stats: error_connection_closed 0 12
stats: 500 0 282
EndMonitor:{1732,220266,831978}
