# stats: dump at 1733716621
stats: users 3 5
stats: {load,"tsung_controller@ip-172-31-42-10"} 1 0.03125 0 0.03125 0.03125 0 0
stats: {freemem,"tsung_controller@ip-172-31-42-10"} 1 681.20703125 0 681.20703125 681.20703125 0 0
stats: {cpu,"tsung_controller@ip-172-31-42-10"} 1 4.688173703753757 0 4.688173703753757 4.688173703753757 0 0
stats: session 11 1337.1283636363637 33.85958752171231 1384.409 1278.802 0 0
stats: users_count 14 14
stats: finish_users_count 11 11
stats: request 25 148.00879999999998 156.37549543173319 372.423 6.493 0 0
stats: connect 14 2.3095714285714286 3.376907053043948 14.177 0.857 0 0
stats: tr_SIGN_IN 11 1323.5753636363634 34.0828302129139 1373.464 1267.333 0 0
stats: page 25 148.00879999999998 156.37549543173319 372.423 6.493 0 0
stats: 302 11 11
stats: 200 14 14
stats: size_rcv 74589 74589
stats: newphase 1 1
stats: size_sent 9758 9758
stats: connected 3 3
# stats: dump at 1733716631
stats: users 0 11
stats: {load,"tsung_controller@ip-172-31-42-10"} 1 0.48828125 0.0 0.48828125 0.03125 0.03125 1
stats: {freemem,"tsung_controller@ip-172-31-42-10"} 1 681.0390625 0.0 681.20703125 681.0390625 681.20703125 1
stats: {cpu,"tsung_controller@ip-172-31-42-10"} 1 1.5944195316392624 0.0 4.688173703753757 1.5944195316392624 4.688173703753757 1
stats: session 24 1547.118541666666 222.57425446316034 1951.975 1278.802 1337.1283636363637 11
stats: users_count 21 35
stats: finish_users_count 24 35
stats: request 45 289.5060444444444 306.21034476965923 940.784 6.493 148.00879999999998 25
stats: connect 21 1.1162380952380953 0.476729423583921 14.177 0.824 2.3095714285714286 14
stats: page 45 289.5060444444444 306.21034476965923 940.784 6.493 148.00879999999998 25
stats: tr_SIGN_IN 24 1532.742 223.48097866820802 1941.338 1267.333 1323.5753636363634 11
stats: 302 24 35
stats: 200 21 35
stats: size_rcv 120328 194917
stats: newphase 1 2
stats: size_sent 19957 29715
stats: connected -3 0
# stats: dump at 1733716632
stats: users 0 11
stats: {load,"tsung_controller@ip-172-31-42-10"} 0 0 0 0.48828125 0.03125 0.259765625 2
stats: {freemem,"tsung_controller@ip-172-31-42-10"} 0 0 0 681.20703125 681.0390625 681.123046875 2
stats: {cpu,"tsung_controller@ip-172-31-42-10"} 0 0 0 4.688173703753757 1.5944195316392624 3.14129661769651 2
stats: session 0 0 0 1951.975 1278.802 1481.1216285714281 35
stats: users_count 0 35
stats: finish_users_count 0 35
stats: request 0 0 0 940.784 6.493 238.97131428571427 70
stats: connect 0 0 0 14.177 0.824 1.5935714285714286 35
stats: page 0 0 0 940.784 6.493 238.97131428571427 70
stats: tr_SIGN_IN 0 0 0 1941.338 1267.333 1467.0039142857142 35
stats: 302 0 35
stats: 200 0 35
stats: size_rcv 0 194917
stats: newphase 0 2
stats: size_sent 0 29715
stats: connected 0 0
EndMonitor:{1733,716632,317859}
