# stats: dump at 1733720623
stats: users 5 5
stats: {load,"tsung_controller@ip-172-31-42-10"} 1 0.0 0 0.0 0.0 0 0
stats: {freemem,"tsung_controller@ip-172-31-42-10"} 1 660.2578125 0 660.2578125 660.2578125 0 0
stats: {cpu,"tsung_controller@ip-172-31-42-10"} 1 1.13490623868912 0 1.13490623868912 1.13490623868912 0 0
stats: users_count 5 5
stats: finish_users_count 0 0
stats: page 5 390.9754 33.6305529398492 452.316 350.241 0 0
stats: 302 5 5
stats: size_rcv 5157 5157
stats: request 5 390.9754 33.6305529398492 452.316 350.241 0 0
stats: size_sent 1560 1560
stats: connected 5 5
stats: connect 5 3.382999999999999 4.911824019648912 13.206 0.83 0 0
stats: tr_SIGN_UP 5 392.3788 35.8164755016459 458.488 350.462 0 0
# stats: dump at 1733720633
stats: users 23 24
stats: {load,"tsung_controller@ip-172-31-42-10"} 1 0.0 0.0 0.0 0.0 0.0 1
stats: {freemem,"tsung_controller@ip-172-31-42-10"} 1 660.69921875 0.0 660.69921875 660.2578125 660.2578125 1
stats: {cpu,"tsung_controller@ip-172-31-42-10"} 1 0.999000999000999 0.0 1.13490623868912 0.999000999000999 1.13490623868912 1
stats: session 5 9326.543599999999 2530.8689188288354 13026.737 5683.115 0 0
stats: users_count 23 28
stats: finish_users_count 5 5
stats: request 43 229.64297674418603 250.0878578500418 789.123 2.213 390.9754 5
stats: page 39 253.2101282051282 250.99663580360425 789.123 12.467 390.9754 5
stats: connect 22 1.037181818181818 0.5530623535752083 13.206 0.756 3.382999999999999 5
stats: tr_LOAD_GROUPS_PAGE 11 22.358909090909094 9.9754469433208 49.087 12.794 0 0
stats: 302 20 25
stats: tr_SIGN_UP 20 475.19249999999994 147.61255920432382 789.282 315.596 392.3788 5
stats: tr_JOIN_RANDOM_GROUP 4 34.361000000000004 5.5396642948828605 39.72 26.282 0 0
stats: 200 15 15
stats: size_rcv 122743 127900
stats: newphase 2 2
stats: size_sent 22911 24471
stats: connected 18 23
stats: 404 8 8
# stats: dump at 1733720643
stats: users 8 29
stats: {load,"tsung_controller@ip-172-31-42-10"} 1 0.0 0.0 0.0 0.0 0.0 2
stats: {freemem,"tsung_controller@ip-172-31-42-10"} 1 654.109375 0.0 660.69921875 654.109375 660.478515625 2
stats: {cpu,"tsung_controller@ip-172-31-42-10"} 1 1.4977533699450822 0.0 1.4977533699450822 0.999000999000999 1.0669536188450595 2
stats: session 22 9421.108272727273 2504.055138122764 13339.015 5683.115 9326.543599999999 5
stats: users_count 7 35
stats: finish_users_count 22 27
stats: request 95 77.16614736842106 199.2580600694786 905.617 1.598 246.44843749999998 48
stats: connect 8 1.2352500000000002 0.41097832972068005 13.206 0.756 1.4715925925925921 27
stats: tr_LOAD_GROUPS_PAGE 22 18.134954545454548 6.218516269082438 49.087 11.513 22.358909090909094 11
stats: tr_SIGN_UP 10 638.5366 156.99883092188932 905.771 315.596 458.62976 25
stats: 302 10 35
stats: tr_JOIN_RANDOM_GROUP 21 27.53142857142858 9.769317871451896 47.529 15.928 34.361000000000004 4
stats: 200 43 58
stats: size_rcv 340527 468427
stats: newphase 0 2
stats: size_sent 63935 88406
stats: connected -13 10
stats: 404 42 50
stats: page 74 99.10836486486492 220.92283565189675 905.617 3.694 268.8652727272727 44
# stats: dump at 1733720650
stats: users 0 29
stats: {load,"tsung_controller@ip-172-31-42-10"} 1 0.0703125 0.0 0.0703125 0.0 0.0 3
stats: {freemem,"tsung_controller@ip-172-31-42-10"} 1 655.99609375 0.0 660.69921875 654.109375 658.35546875 3
stats: {cpu,"tsung_controller@ip-172-31-42-10"} 1 1.7964071856287425 0.0 1.7964071856287425 0.999000999000999 1.2105535358784003 3
stats: session 8 12157.207374999998 1509.9910887273427 14407.139 5683.115 9403.596296296297 27
stats: users_count 0 35
stats: finish_users_count 8 35
stats: connect 0 0 0 13.206 0.756 1.4175714285714285 35
stats: page 22 11.596318181818184 4.999706076691488 905.617 3.694 162.40755084745766 118
stats: 302 0 35
stats: request 32 7.931562500000001 6.1914976325275095 905.617 1.598 133.98817482517484 143
stats: tr_LOAD_GROUPS_PAGE 2 13.9375 0.6425000000000001 49.087 11.513 19.5429393939394 33
stats: 200 12 70
stats: tr_SIGN_UP 0 0 0 905.771 315.596 510.0317142857143 35
stats: size_rcv 108380 576807
stats: tr_JOIN_RANDOM_GROUP 10 23.783700000000003 4.332432043321628 47.529 15.928 28.62416000000001 25
stats: newphase 0 2
stats: size_sent 23976 112382
stats: connected -10 0
stats: 404 20 70
EndMonitor:{1733,720650,399108}
