
=INFO REPORT==== 9-Dec-2024::04:55:43 ===
    ts_config_server:(5:<0.127.0>) Config server started, logdir is "/home/ec2-user/.tsung/log/20241209-0455"
 
=INFO REPORT==== 9-Dec-2024::04:55:43 ===
              ts_mon:(5:<0.110.0>) starting monitor, global 

=INFO REPORT==== 9-Dec-2024::04:55:43 ===
           ts_config:(5:<0.127.0>) Reading config file: tsung.xml

=ERROR REPORT==== 9-Dec-2024::04:55:43 ===
595- fatal: {failed_validation,
                {element,dyn_variable,isnt_comprise_in_the_rule,
                    {seq,
                        [{'*',match},
                         {'*',dyn_variable},
                         {choice,
                             [http,jabber,raw,pgsql,ldap,mysql,fs,shell,job,
                              websocket,amqp,mqtt]}]}}}

=INFO REPORT==== 9-Dec-2024::04:55:43 ===
    ts_config_server:(0:<0.127.0>) Error while parsing XML config file: {fatal,
                                                                         {{failed_validation,
                                                                           {element,
                                                                            dyn_variable,
                                                                            isnt_comprise_in_the_rule,
                                                                            {seq,
                                                                             [{'*',
                                                                               match},
                                                                              {'*',
                                                                               dyn_variable},
                                                                              {choice,
                                                                               [http,
                                                                                jabber,
                                                                                raw,
                                                                                pgsql,
                                                                                ldap,
                                                                                mysql,
                                                                                fs,
                                                                                shell,
                                                                                job,
                                                                                websocket,
                                                                                amqp,
                                                                                mqtt]}]}}},
                                                                          {file,
                                                                           "tsung.xml"},
                                                                          {line,
                                                                           60},
                                                                          {col,
                                                                           1}}}
