# stats: dump at 1733722912
stats: users 4 4
stats: {load,"tsung_controller@ip-172-31-42-10"} 1 0.078125 0 0.078125 0.078125 0 0
stats: {freemem,"tsung_controller@ip-172-31-42-10"} 1 659.640625 0 659.640625 659.640625 0 0
stats: {cpu,"tsung_controller@ip-172-31-42-10"} 1 0.8016660052727596 0 0.8016660052727596 0.8016660052727596 0 0
stats: users_count 4 4
stats: finish_users_count 0 0
stats: page 4 363.4085 66.48318345453981 460.051 275.148 0 0
stats: request 4 363.4085 66.48318345453981 460.051 275.148 0 0
stats: connect 4 2.45975 2.243457863990318 6.336 0.978 0 0
stats: tr_SIGN_UP 4 365.2945 64.2236408594997 460.211 282.201 0 0
stats: 302 4 4
stats: size_rcv 4068 4068
stats: newphase 1 1
stats: size_sent 1220 1220
stats: connected 4 4
# stats: dump at 1733722922
stats: users 37 37
stats: {load,"tsung_controller@ip-172-31-42-10"} 1 0.0703125 0.0 0.078125 0.0703125 0.078125 1
stats: {freemem,"tsung_controller@ip-172-31-42-10"} 1 659.65625 0.0 659.65625 659.640625 659.640625 1
stats: {cpu,"tsung_controller@ip-172-31-42-10"} 1 1.2967581047381544 0.0 1.2967581047381544 0.8016660052727596 0.8016660052727596 1
stats: session 5 10463.542800000001 1490.7818588703583 11436.611 7510.84 0 0
stats: users_count 38 42
stats: finish_users_count 5 5
stats: connect 32 2.826156249999999 5.6358684452208365 33.44 0.958 2.45975 4
stats: page 47 256.51925531914895 225.20269292043483 781.703 11.037 363.4085 4
stats: tr_LOAD_GROUPS_PAGE 11 24.939454545454545 9.925720174133795 44.414 11.153 0 0
stats: request 67 190.62071641791044 217.84447824563654 781.703 8.919 363.4085 4
stats: 302 35 39
stats: tr_MAKE_POST 4 84.4995 17.370506677987258 102.97 61.35 0 0
stats: 200 32 32
stats: tr_SIGN_UP 25 430.6314 165.79051679996658 781.862 258.363 365.2945 4
stats: size_rcv 269312 273380
stats: tr_JOIN_RANDOM_GROUP 6 212.726 171.1860583926156 539.0 51.598 0 0
stats: newphase 2 3
stats: size_sent 42716 43936
stats: connected 28 32
# stats: dump at 1733722932
stats: users 158 158
stats: {load,"tsung_controller@ip-172-31-42-10"} 1 0.05859375 0.0 0.078125 0.05859375 0.07421875 2
stats: {freemem,"tsung_controller@ip-172-31-42-10"} 1 653.484375 0.0 659.65625 653.484375 659.6484375 2
stats: {cpu,"tsung_controller@ip-172-31-42-10"} 1 0.9950248756218906 0.0 1.2967581047381544 0.8016660052727596 1.049212055005457 2
stats: session 13 10403.207769230768 2677.88793790302 16092.135 6193.143 10463.542800000001 5
stats: users_count 134 176
stats: finish_users_count 13 18
stats: connect 122 1.3636803278688523 1.3629679780850097 33.44 0.773 2.7854444444444435 36
stats: 302 70 109
stats: request 164 1202.5245548780488 1703.6380572197627 5849.495 8.919 200.3552394366197 71
stats: page 98 1896.337387755102 1941.4067885429645 5849.495 11.037 264.9027254901961 51
stats: tr_LOAD_GROUPS_PAGE 26 177.9583076923077 263.6992057647923 1075.577 11.153 24.939454545454545 11
stats: 200 94 126
stats: tr_MAKE_POST 14 769.6572142857143 622.4289969355286 2838.352 61.35 84.4995 4
stats: size_rcv 783791 1057171
stats: tr_SIGN_UP 39 4067.2536923076923 1020.6921466246263 5849.761 258.363 421.61941379310343 29
stats: newphase 2 5
stats: tr_JOIN_RANDOM_GROUP 17 968.3696470588235 676.203559341324 2397.911 51.598 212.726 6
stats: size_sent 136743 180679
stats: connected 108 140
# stats: dump at 1733722942
stats: users 293 293
stats: {load,"tsung_controller@ip-172-31-42-10"} 1 0.05078125 0.0 0.078125 0.05078125 0.06901041666666667 3
stats: {freemem,"tsung_controller@ip-172-31-42-10"} 1 641.5 0.0 659.65625 641.5 657.59375 3
stats: {cpu,"tsung_controller@ip-172-31-42-10"} 1 2.897102897102897 0.0 2.897102897102897 0.8016660052727596 1.0311496618776015 3
stats: session 1 15189.792 0.0 16092.135 6193.143 10419.9675 18
stats: users_count 136 312
stats: finish_users_count 1 19
stats: page 84 8020.0460952380945 1637.3230705033714 11067.745 11.037 1337.9268657718121 149
stats: 302 70 179
stats: request 93 7643.004559139787 1970.5894175740266 11067.745 8.919 899.741485106383 235
stats: connect 154 1.313012987012987 1.8780876429593296 33.44 0.773 1.6876265822784806 158
stats: tr_LOAD_GROUPS_PAGE 9 5718.041777777778 1618.3509982875764 7519.178 11.153 132.46621621621622 37
stats: 200 23 149
stats: tr_MAKE_POST 1 5528.141 0.0 5528.141 61.35 617.3999444444445 18
stats: size_rcv 238233 1295404
stats: tr_SIGN_UP 67 8615.455940298509 954.740650958964 11067.916 258.363 2512.4978970588236 68
stats: newphase 0 5
stats: tr_JOIN_RANDOM_GROUP 2 7525.432000000001 1293.338 8818.77 51.598 771.2452173913043 23
stats: size_sent 103388 284067
stats: connected 153 293
# stats: dump at 1733722952
stats: users 293 293
stats: {load,"tsung_controller@ip-172-31-42-10"} 1 0.0390625 0.0 0.078125 0.0390625 0.064453125 4
stats: {freemem,"tsung_controller@ip-172-31-42-10"} 1 634.58984375 0.0 659.65625 634.58984375 653.5703125 4
stats: {cpu,"tsung_controller@ip-172-31-42-10"} 1 0.5508262393590386 0.0 2.897102897102897 0.5508262393590386 1.4976379706839253 4
stats: session 0 0 0 16092.135 6193.143 10671.010894736843 19
stats: users_count 0 312
stats: finish_users_count 0 19
stats: page 78 14246.743243589744 1690.0208282785413 18824.764 11.037 3746.9312231759654 233
stats: 302 67 246
stats: request 79 14237.292860759493 1681.3632872460012 18824.764 8.919 2811.703271341464 328
stats: connect 0 0 0 33.44 0.773 1.5027211538461536 312
stats: tr_LOAD_GROUPS_PAGE 8 13293.08825 1490.2257076855628 15803.209 11.153 1225.2962173913045 46
stats: 200 12 161
stats: tr_MAKE_POST 0 0 0 5528.141 61.35 875.86 19
stats: tr_SIGN_UP 67 14453.922134328364 1584.6453325096593 18824.935 258.363 5541.37337037037 135
stats: size_rcv 150447 1445851
stats: tr_JOIN_RANDOM_GROUP 0 0 0 8818.77 51.598 1311.58016 25
stats: newphase 0 5
stats: size_sent 51482 335549
stats: connected 0 293
# stats: dump at 1733722962
stats: users 289 293
stats: {load,"tsung_controller@ip-172-31-42-10"} 1 0.03125 0.0 0.078125 0.03125 0.059375 5
stats: {freemem,"tsung_controller@ip-172-31-42-10"} 1 631.04296875 0.0 659.65625 631.04296875 649.77421875 5
stats: {cpu,"tsung_controller@ip-172-31-42-10"} 1 1.1005502751375689 0.0 2.897102897102897 0.5508262393590386 1.308275624418948 5
stats: session 4 39372.4145 3898.2469268004593 43152.916 6193.143 10671.010894736843 19
stats: users_count 0 312
stats: finish_users_count 4 23
stats: request 285 15263.369807017529 6454.474162141834 26455.491 8.919 5029.446705159706 407
stats: connect 0 0 0 33.44 0.773 1.5027211538461536 312
stats: page 262 15662.604874045812 6581.1362050778125 32221.865 11.037 6380.324591639871 311
stats: tr_LOAD_GROUPS_PAGE 161 12536.791192546583 5312.784183374799 20705.134 11.153 3013.1172592592593 54
stats: 302 87 333
stats: tr_MAKE_POST 4 28140.935250000002 2498.402972300241 30366.358 61.35 875.86 19
stats: 200 198 359
stats: tr_SIGN_UP 76 22267.028789473687 2217.883979513224 26455.645 258.363 8497.51578217822 202
stats: size_rcv 1411493 2857344
stats: tr_JOIN_RANDOM_GROUP 7 29559.286 944.3854938791825 30603.904 51.598 1311.58016 25
stats: newphase 0 5
stats: size_sent 105646 441195
stats: connected -4 289
# stats: dump at 1733722972
stats: users 230 293
stats: {load,"tsung_controller@ip-172-31-42-10"} 1 0.03125 0.0 0.078125 0.03125 0.0546875 6
stats: {freemem,"tsung_controller@ip-172-31-42-10"} 1 594.91796875 0.0 659.65625 594.91796875 646.65234375 6
stats: {cpu,"tsung_controller@ip-172-31-42-10"} 1 2.095808383233533 0.0 2.897102897102897 0.5508262393590386 1.2736547328720513 6
stats: session 59 45759.61957627118 1465.6756660607 49479.173 6193.143 15662.559347826087 23
stats: users_count 0 312
stats: finish_users_count 59 82
stats: request 971 2804.5074603501585 4748.128614950529 28036.095 8.919 9244.284976878607 692
stats: tr_LOAD_GROUPS_PAGE 80 1961.0108124999995 540.7098458998388 20705.134 11.153 10144.798669767442 215
stats: connect 0 0 0 33.44 0.773 1.5027211538461536 312
stats: page 367 5831.967117166217 8750.610563306012 33556.074 11.037 10624.578403141366 573
stats: 302 260 593
stats: tr_MAKE_POST 49 6344.605938775509 4168.383051487081 30366.358 61.35 5617.6122173913045 23
stats: 200 711 1070
stats: tr_SIGN_UP 34 27572.963294117653 244.96159732286839 28036.897 258.363 12261.843079136692 278
stats: size_rcv 6390655 9247999
stats: tr_JOIN_RANDOM_GROUP 177 7113.3774463276795 5697.615919122161 30603.904 51.598 7490.7658125 32
stats: newphase 0 5
stats: size_sent 785432 1226627
stats: connected -49 240
# stats: dump at 1733722982
stats: users 54 293
stats: {load,"tsung_controller@ip-172-31-42-10"} 1 0.1015625 0.0 0.1015625 0.03125 0.05133928571428571 7
stats: {freemem,"tsung_controller@ip-172-31-42-10"} 1 546.3203125 0.0 659.65625 546.3203125 639.26171875 7
stats: {cpu,"tsung_controller@ip-172-31-42-10"} 1 6.01577909270217 0.0 6.01577909270217 0.5508262393590386 1.391105254352263 7
stats: session 176 45589.19927272728 1621.7658813597693 49532.092 6193.143 37317.76121951219 82
stats: users_count 0 312
stats: finish_users_count 176 258
stats: request 671 2246.152438152016 424.05132707153064 28036.095 8.919 5484.198405291641 1663
stats: connect 0 0 0 33.44 0.773 1.5027211538461536 312
stats: page 250 8492.659944000005 3900.5963845848855 33556.074 11.037 8753.420592553197 940
stats: 302 268 861
stats: tr_LOAD_GROUPS_PAGE 17 2243.4771764705883 227.86971547594143 20705.134 11.153 7925.466369491525 295
stats: 200 403 1473
stats: tr_MAKE_POST 182 6861.2771923076925 518.7036973455106 30366.358 61.35 6112.371833333333 72
stats: size_rcv 4902865 14150864
stats: tr_SIGN_UP 0 0 0 28036.897 258.363 13930.36258974359 312
stats: newphase 0 5
stats: tr_JOIN_RANDOM_GROUP 86 6812.070139534887 582.8304201294005 30603.904 51.598 7171.159397129183 209
stats: size_sent 405403 1632030
stats: connected -182 58
# stats: dump at 1733722987
stats: users 0 293
stats: {load,"tsung_controller@ip-172-31-42-10"} 1 0.08984375 0.0 0.1015625 0.03125 0.0576171875 8
stats: {freemem,"tsung_controller@ip-172-31-42-10"} 1 598.5078125 0.0 659.65625 546.3203125 627.64404296875 8
stats: {cpu,"tsung_controller@ip-172-31-42-10"} 1 3.65793376173999 0.0 6.01577909270217 0.5508262393590386 1.9691894841460014 8
stats: session 54 48482.71094444446 478.1728726187414 49532.092 6193.143 42960.292604651164 258
stats: users_count 0 312
stats: finish_users_count 54 312
stats: request 162 1044.2537592592594 781.3639923611564 28036.095 8.919 4553.294873179092 2334
stats: connect 0 0 0 33.44 0.773 1.5027211538461536 312
stats: page 58 7679.778603448274 2115.5367514386794 33556.074 11.037 8698.638943697484 1190
stats: 302 75 936
stats: tr_LOAD_GROUPS_PAGE 0 0 0 20705.134 11.153 7615.87080448718 312
stats: 200 87 1560
stats: tr_MAKE_POST 58 3507.0673448275866 1604.9985019058377 30366.358 61.35 6648.989059055118 254
stats: size_rcv 1260652 15411516
stats: tr_SIGN_UP 0 0 0 28036.897 258.363 13930.36258974359 312
stats: newphase 0 5
stats: tr_JOIN_RANDOM_GROUP 17 5764.732058823529 822.7730735880137 30603.904 51.598 7066.475749152541 295
stats: size_sent 84576 1716606
stats: connected -58 0
EndMonitor:{1733,722987,209797}
