# stats: dump at 1733716691
stats: users 4 4
stats: {load,"tsung_controller@ip-172-31-42-10"} 1 0.23828125 0 0.23828125 0.23828125 0 0
stats: {freemem,"tsung_controller@ip-172-31-42-10"} 1 680.09375 0 680.09375 680.09375 0 0
stats: {cpu,"tsung_controller@ip-172-31-42-10"} 1 4.432587486055942 0 4.432587486055942 4.432587486055942 0 0
stats: session 7 1325.8341428571425 34.549606032190724 1398.655 1281.11 0 0
stats: users_count 11 11
stats: finish_users_count 7 7
stats: request 18 126.84099999999997 149.98059741550276 369.081 5.485 0 0
stats: connect 11 1.985181818181818 2.9076129171595477 11.036 0.841 0 0
stats: page 18 126.84099999999997 149.98059741550276 369.081 5.485 0 0
stats: tr_SIGN_IN 7 1314.3644285714286 28.48264352627579 1370.024 1273.599 0 0
stats: 302 7 7
stats: 200 11 11
stats: size_rcv 56727 56727
stats: newphase 1 1
stats: size_sent 6267 6267
stats: connected 4 4
# stats: dump at 1733716701
stats: users 0 9
stats: {load,"tsung_controller@ip-172-31-42-10"} 1 0.19921875 0.0 0.23828125 0.19921875 0.23828125 1
stats: {freemem,"tsung_controller@ip-172-31-42-10"} 1 678.8046875 0.0 680.09375 678.8046875 680.09375 1
stats: {cpu,"tsung_controller@ip-172-31-42-10"} 1 5.660377358490567 0.0 5.660377358490567 4.432587486055942 4.432587486055942 1
stats: session 25 1429.4381600000006 160.55487442782427 1722.929 1271.348 1325.8341428571425 7
stats: users_count 21 32
stats: finish_users_count 25 32
stats: request 46 231.01784782608695 234.69912263530338 712.915 5.485 126.84099999999997 18
stats: connect 21 1.203428571428571 0.3104151707492606 11.036 0.806 1.985181818181818 11
stats: page 46 231.01784782608695 234.69912263530338 712.915 5.485 126.84099999999997 18
stats: tr_SIGN_IN 25 1417.5272 160.85170729787112 1713.707 1261.66 1314.3644285714286 7
stats: 302 25 32
stats: 200 21 32
stats: size_rcv 121447 178174
stats: newphase 1 2
stats: size_sent 19971 26238
stats: connected -4 0
# stats: dump at 1733716704
stats: users 0 9
stats: {load,"tsung_controller@ip-172-31-42-10"} 1 0.25 0.0 0.25 0.19921875 0.21875 2
stats: {freemem,"tsung_controller@ip-172-31-42-10"} 1 680.65234375 0.0 680.65234375 678.8046875 679.44921875 2
stats: {cpu,"tsung_controller@ip-172-31-42-10"} 1 6.9306930693069315 0.0 6.9306930693069315 4.432587486055942 5.046482422273254 2
stats: session 0 0 0 1722.929 1271.348 1406.7747812500004 32
stats: users_count 0 32
stats: finish_users_count 0 32
stats: request 0 0 0 712.915 5.485 201.71810937499998 64
stats: connect 0 0 0 11.036 0.806 1.4721562499999996 32
stats: page 0 0 0 712.915 5.485 201.71810937499998 64
stats: tr_SIGN_IN 0 0 0 1713.707 1261.66 1394.96034375 32
stats: 302 0 32
stats: 200 0 32
stats: size_rcv 0 178174
stats: newphase 0 2
stats: size_sent 0 26238
stats: connected 0 0
EndMonitor:{1733,716704,769098}
