# stats: dump at 1733514994
stats: users 8 8
stats: {freemem,"tsung_controller@ip-172-31-43-129"} 1 687.76171875 0 687.76171875 687.76171875 0 0
stats: {load,"tsung_controller@ip-172-31-43-129"} 1 0.078125 0 0.078125 0.078125 0 0
stats: {cpu,"tsung_controller@ip-172-31-43-129"} 1 3.7637097184316253 0 3.7637097184316253 3.7637097184316253 0 0
stats: users_count 8 8
stats: finish_users_count 0 0
stats: connect 8 2.85 3.3054573435456702 11.576 1.411 0 0
stats: tr_GET_POSTS 5 10.2866 1.0136373315935048 11.726 9.308 0 0
stats: request 31 58.51306451612904 112.12933530927162 330.213 5.517 0 0
stats: page 13 139.85676923076923 155.1723343562316 354.454 13.33 0 0
stats: 302 5 5
stats: tr_SIGN_IN 5 1314.6982 11.214409897983991 1330.825 1300.388 0 0
stats: 200 21 21
stats: size_rcv 111167 111167
stats: newphase 1 1
stats: size_sent 18353 18353
stats: connected 8 8
stats: 500 5 5
# stats: dump at 1733515004
stats: users 38 38
stats: {freemem,"tsung_controller@ip-172-31-43-129"} 1 686.4765625 0.0 687.76171875 686.4765625 687.76171875 1
stats: {load,"tsung_controller@ip-172-31-43-129"} 1 0.0703125 0.0 0.078125 0.0703125 0.078125 1
stats: {cpu,"tsung_controller@ip-172-31-43-129"} 1 0.4491017964071856 0.0 3.7637097184316253 0.4491017964071856 3.7637097184316253 1
stats: session 8 11353.40625 1507.2709941257863 14178.139 9543.76 0 0
stats: users_count 38 46
stats: finish_users_count 8 8
stats: request 162 103.27661728395063 218.75682379404412 916.349 4.839 58.51306451612904 31
stats: connect 34 1.7841470588235298 0.62259939590837 11.576 1.388 2.85 8
stats: page 70 239.16545714285712 324.66903499611004 1007.3 11.946 139.85676923076923 13
stats: tr_CREATE_POST 7 4018.046857142857 2.1186546559125654 4020.123 4014.853 0 0
stats: 302 36 41
stats: tr_GET_POSTS 29 16.610172413793098 24.81466096688222 146.382 7.332 10.2866 5
stats: 200 97 118
stats: tr_SIGN_IN 29 1505.7596551724137 258.267862912383 1917.043 1255.402 1314.6982 5
stats: size_rcv 542480 653647
stats: newphase 2 3
stats: size_sent 93624 111977
stats: connected 27 35
stats: 500 29 34
# stats: dump at 1733515014
stats: users 165 165
stats: {freemem,"tsung_controller@ip-172-31-43-129"} 1 673.75 0.0 687.76171875 673.75 687.119140625 2
stats: {load,"tsung_controller@ip-172-31-43-129"} 1 0.05859375 0.0 0.078125 0.05859375 0.07421875 2
stats: {cpu,"tsung_controller@ip-172-31-43-129"} 1 0.6006006006006006 0.0 3.7637097184316253 0.4491017964071856 2.1064057574194055 2
stats: session 11 13456.574909090908 1554.029196229913 16959.229 9543.76 11353.40625 8
stats: users_count 138 184
stats: finish_users_count 11 19
stats: request 333 351.83451051051077 697.4417409153259 3631.684 4.839 96.08661658031089 193
stats: connect 121 2.4574793388429743 2.4564836357848803 16.282 1.203 1.987166666666667 42
stats: page 138 385.58431884057956 729.1824451787559 4224.093 11.946 223.61108433734935 83
stats: tr_CREATE_POST 10 4535.3799 679.5973568745616 5808.26 4014.764 4018.046857142857 7
stats: 302 65 106
stats: tr_GET_POSTS 35 317.3454285714285 585.298597736881 2449.258 6.967 15.680235294117642 34
stats: 200 233 351
stats: tr_SIGN_IN 55 2535.7733272727273 823.175101845775 4632.286 1255.402 1477.6623823529412 34
stats: size_rcv 1191401 1845048
stats: newphase 2 5
stats: size_sent 236425 348402
stats: connected 111 146
stats: 500 35 69
# stats: dump at 1733515024
stats: users 759 759
stats: {freemem,"tsung_controller@ip-172-31-43-129"} 1 641.2734375 0.0 687.76171875 641.2734375 682.6627604166666 3
stats: {load,"tsung_controller@ip-172-31-43-129"} 1 0.05078125 0.0 0.078125 0.05078125 0.06901041666666667 3
stats: {cpu,"tsung_controller@ip-172-31-43-129"} 1 1.8463073852295409 0.0 3.7637097184316253 0.4491017964071856 1.6044707051464704 3
stats: session 25 17782.85696 2503.922960460061 21616.773 9543.76 12571.030210526316 19
stats: users_count 619 803
stats: finish_users_count 25 44
stats: tr_CREATE_POST 27 8669.552444444445 1134.0128064161693 10278.681 4014.764 4322.3604117647055 17
stats: 302 90 196
stats: request 514 3446.139406614781 1568.3614097391196 7382.766 4.839 257.9954543726237 526
stats: tr_GET_POSTS 46 4750.479152173913 853.322040118678 6663.397 6.967 168.69881159420288 69
stats: 200 374 725
stats: connect 578 1.826200692041523 1.4558174903671939 20.444 0.908 2.336294478527607 163
stats: page 171 5123.375912280704 2642.9258022027648 14087.262 11.946 324.7527420814478 221
stats: tr_SIGN_IN 66 6481.837272727271 1190.287091613878 8383.864 1255.402 2131.5511685393258 89
stats: size_rcv 1867657 3712705
stats: newphase 2 7
stats: size_sent 416823 765225
stats: connected 551 697
stats: 500 50 119
# stats: dump at 1733515034
stats: users 1187 1199
stats: {freemem,"tsung_controller@ip-172-31-43-129"} 1 584.8515625 0.0 687.76171875 584.8515625 672.3154296875 4
stats: {load,"tsung_controller@ip-172-31-43-129"} 1 0.0390625 0.0 0.078125 0.0390625 0.064453125 4
stats: {cpu,"tsung_controller@ip-172-31-43-129"} 1 4.612365063788027 0.0 4.612365063788027 0.4491017964071856 1.6649298751672381 4
stats: session 23 22194.838521739137 2172.7964321712598 26182.839 9543.76 15532.29540909091 44
stats: users_count 451 1254
stats: finish_users_count 23 67
stats: request 1348 3535.946172106826 3888.8360095741655 11992.625 0.187 1833.67429230769 1040
stats: connect 1215 1.8676156378600837 1.4262204319734404 21.178 0.833 1.938407557354926 741
stats: page 444 4611.175432432437 5932.072490094849 22423.555 1.926 2418.0296862244904 392
stats: tr_CREATE_POST 23 10761.232173913042 3728.536540833515 15780.152 4002.899 6989.955522727273 44
stats: tr_GET_POSTS 183 1333.4001693989069 3116.914808248624 11693.26 0.355 2001.4109478260866 115
stats: 302 82 278
stats: tr_SIGN_IN 219 3763.935260273972 4419.329015967889 12993.302 1002.149 3983.9310580645156 155
stats: error_send_einval 8 8
stats: 200 527 1252
stats: size_rcv 2496756 6209461
stats: newphase 0 7
stats: size_sent 609306 1374531
stats: connected 304 1001
stats: error_connection_closed 15 15
stats: 500 27 146
# stats: dump at 1733515044
stats: users 1138 1199
stats: {freemem,"tsung_controller@ip-172-31-43-129"} 1 505.2890625 0.0 687.76171875 505.2890625 654.82265625 5
stats: {load,"tsung_controller@ip-172-31-43-129"} 1 0.03125 0.0 0.078125 0.03125 0.059375 5
stats: {cpu,"tsung_controller@ip-172-31-43-129"} 1 9.20988851187591 0.0 9.20988851187591 0.4491017964071856 2.254416912891396 5
stats: session 49 21022.110061224488 7186.684799158256 33947.209 9543.76 17819.43707462687 67
stats: users_count 0 1254
stats: finish_users_count 49 116
stats: request 1233 8072.760323600974 4912.948951492919 16295.813 0.15 2794.588234505862 2388
stats: connect 748 1.6800187165775389 1.0783280146302054 21.178 0.788 1.8944340490797555 1956
stats: page 537 13327.934534450655 7688.256236366203 27933.833 1.678 3582.8104413875626 836
stats: 302 69 347
stats: error_send_einval 5 13
stats: 200 754 2006
stats: tr_CREATE_POST 49 5868.087020408163 4600.417923605551 19132.808 4002.39 8284.572880597014 67
stats: size_rcv 3611448 9820909
stats: tr_GET_POSTS 153 5061.0472745098 6266.262406521034 15000.139 0.196 1591.189563758389 298
stats: newphase 0 7
stats: tr_SIGN_IN 169 7309.280366863908 6781.928930468101 17297.77 1001.991 3855.109989304812 374
stats: 422 18 18
stats: size_sent 794043 2168574
stats: connected 13 1014
stats: error_connection_closed 8 23
stats: 500 73 219
# stats: dump at 1733515054
stats: users 1060 1199
stats: {freemem,"tsung_controller@ip-172-31-43-129"} 1 392.41015625 0.0 687.76171875 392.41015625 629.900390625 6
stats: {load,"tsung_controller@ip-172-31-43-129"} 1 0.19140625 0.0 0.19140625 0.03125 0.0546875 6
stats: {cpu,"tsung_controller@ip-172-31-43-129"} 1 7.8870496592015575 0.0 9.20988851187591 0.4491017964071856 3.413662179388815 6
stats: session 78 31372.569051282044 7036.733772784426 44182.398 9543.76 19172.29031896552 116
stats: users_count 0 1254
stats: finish_users_count 78 194
stats: request 606 11948.55198184818 3748.896144313527 17366.603 0.15 4591.877984810825 3621
stats: connect 483 1.555592132505176 0.4976734622741846 21.178 0.788 1.8351209319526631 2704
stats: page 461 20737.006414316696 6185.483059704515 35266.11 1.678 7394.268298616172 1373
stats: 302 89 436
stats: tr_CREATE_POST 75 15100.863213333338 5431.1488989236295 21007.115 4002.39 7263.815922413792 116
stats: error_send_einval 0 13
stats: tr_GET_POSTS 43 10863.78325581395 6024.50850713355 15995.985 0.196 2768.3253281596435 451
stats: 200 372 2378
stats: tr_SIGN_IN 102 14223.518990196078 4820.15158724737 18367.534 1001.991 4930.164858195212 543
stats: size_rcv 1947918 11768827
stats: newphase 0 7
stats: 422 55 73
stats: size_sent 460089 2628663
stats: connected 5 1019
stats: error_connection_closed 0 23
stats: 500 44 263
# stats: dump at 1733515064
stats: users 1006 1199
stats: {freemem,"tsung_controller@ip-172-31-43-129"} 1 332.8984375 0.0 687.76171875 332.8984375 595.9732142857143 7
stats: {load,"tsung_controller@ip-172-31-43-129"} 1 0.23828125 0.0 0.23828125 0.03125 0.07421875 7
stats: {cpu,"tsung_controller@ip-172-31-43-129"} 1 5.009920634920635 0.0 9.20988851187591 0.4491017964071856 4.052717533647778 7
stats: session 54 37697.588166666654 6910.84537657388 53576.654 9543.76 24077.557025773192 194
stats: users_count 0 1254
stats: finish_users_count 54 248
stats: request 248 18435.748419354855 6261.948085735344 24360.26 0.15 5646.56084315117 4227
stats: page 100 24293.265549999993 10983.472508823625 45848.562 1.678 10748.140856597602 1834
stats: 302 98 534
stats: connect 74 1.5617837837837834 0.4857001151937238 21.178 0.788 1.792757452149357 3187
stats: error_send_einval 0 13
stats: 200 31 2409
stats: tr_CREATE_POST 57 23652.083298245612 4454.633531823004 27654.675 4002.39 10341.190513089006 191
stats: size_rcv 441804 12210631
stats: tr_GET_POSTS 40 14518.793549999999 8051.743815989317 23616.231 0.196 3472.9906943319825 494
stats: newphase 0 7
stats: tr_SIGN_IN 108 20748.646509259266 5259.402157711878 25360.545 1001.991 6399.811558139535 645
stats: 422 53 126
stats: size_sent 146026 2774689
stats: connected -42 977
stats: error_connection_closed 0 23
stats: 500 44 307
# stats: dump at 1733515074
stats: users 982 1199
stats: {freemem,"tsung_controller@ip-172-31-43-129"} 1 326.88671875 0.0 687.76171875 326.88671875 563.0888671875 8
stats: {load,"tsung_controller@ip-172-31-43-129"} 1 0.28125 0.0 0.28125 0.03125 0.0947265625 8
stats: {cpu,"tsung_controller@ip-172-31-43-129"} 1 1.2468827930174564 0.0 9.20988851187591 0.4491017964071856 4.1723679213068845 8
stats: session 24 45538.49891666666 7480.047049328801 63996.513 9543.76 27043.208967741928 248
stats: users_count 0 1254
stats: finish_users_count 24 272
stats: request 144 28652.586319444443 2370.4555861433896 32856.121 0.15 6355.324757988827 4475
stats: connect 26 1.7438076923076926 0.4130793385547483 21.178 0.788 1.7875160993560262 3261
stats: page 38 33974.044078947365 10894.124559375538 54675.107 1.678 11448.50924819028 1934
stats: tr_CREATE_POST 23 31048.810956521735 1844.0082787703807 33612.864 4002.39 13400.54893548387 248
stats: 302 83 617
stats: tr_GET_POSTS 12 29087.55175 2363.30590285216 31809.291 0.196 4300.391657303369 534
stats: error_send_einval 0 13
stats: tr_SIGN_IN 94 30021.421638297874 2236.038985492981 33857.533 1001.991 8457.811790172644 753
stats: 200 9 2418
stats: size_rcv 237672 12448303
stats: newphase 0 7
stats: 422 21 147
stats: size_sent 94876 2869565
stats: connected -15 962
stats: error_connection_closed 0 23
stats: 500 31 338
# stats: dump at 1733515084
stats: users 972 1199
stats: {freemem,"tsung_controller@ip-172-31-43-129"} 1 318.4140625 0.0 687.76171875 318.4140625 536.8441840277778 9
stats: {load,"tsung_controller@ip-172-31-43-129"} 1 0.23046875 0.0 0.28125 0.03125 0.1154513888888889 9
stats: {cpu,"tsung_controller@ip-172-31-43-129"} 1 0.7000000000000001 0.0 9.20988851187591 0.4491017964071856 3.8473140181636145 9
stats: session 10 62687.301100000004 3844.600167034161 66994.395 9543.76 28675.146316176462 272
stats: users_count 0 1254
stats: finish_users_count 10 282
stats: request 162 35014.736685185184 1593.7894460200812 38130.793 0.15 7050.454800173197 4619
stats: connect 21 1.7302380952380954 0.5801713133501751 21.178 0.788 1.787170368116824 3287
stats: page 35 49312.27977142856 11192.449158668765 62681.085 1.678 11882.571278397567 1972
stats: tr_CREATE_POST 11 37184.85018181818 1586.138314376191 39840.131 4002.39 14898.371911439113 271
stats: 302 89 706
stats: tr_GET_POSTS 49 34382.62244897959 1550.3512455800449 37025.067 0.196 4845.164406593404 546
stats: error_send_einval 0 13
stats: tr_SIGN_IN 78 36839.44873076923 1202.1850467298536 39131.449 1001.991 10850.939683589138 847
stats: 200 22 2440
stats: size_rcv 306822 12755125
stats: newphase 0 7
stats: 422 8 155
stats: size_sent 111942 2981507
stats: connected 2 964
stats: error_connection_closed 0 23
stats: 500 43 381
# stats: dump at 1733515094
stats: users 961 1199
stats: {freemem,"tsung_controller@ip-172-31-43-129"} 1 313.79296875 0.0 687.76171875 313.79296875 515.001171875 10
stats: {load,"tsung_controller@ip-172-31-43-129"} 1 0.19921875 0.0 0.28125 0.03125 0.126953125 10
stats: {cpu,"tsung_controller@ip-172-31-43-129"} 1 0.5508262393590386 0.0 9.20988851187591 0.4491017964071856 3.5325826163472533 10
stats: session 11 70431.28627272729 7271.958084246409 81084.833 9543.76 29881.251095744676 282
stats: users_count 0 1254
stats: finish_users_count 11 293
stats: request 131 41282.72010687024 2299.289437479962 45420.409 0.15 7998.0000135954815 4781
stats: connect 10 1.7014 0.18626336193680168 21.178 0.788 1.786808948004837 3308
stats: page 25 53935.12776 12743.673609322394 67043.133 1.678 12535.306603388142 2007
stats: tr_CREATE_POST 11 43696.06363636363 2337.509378096087 48369.856 4002.39 15767.702624113474 282
stats: 302 74 780
stats: tr_GET_POSTS 13 39733.61976923077 1747.8294358759626 44421.756 0.196 7277.660951260503 595
stats: error_send_einval 0 13
stats: tr_SIGN_IN 93 42943.22780645163 2181.7572438501684 46420.834 1001.991 13042.40314918919 925
stats: 200 9 2449
stats: size_rcv 219131 12974256
stats: newphase 0 7
stats: 422 7 162
stats: size_sent 95131 3076638
stats: connected -3 961
stats: error_connection_closed 0 23
stats: 500 41 422
# stats: dump at 1733515104
stats: users 932 1199
stats: {freemem,"tsung_controller@ip-172-31-43-129"} 1 309.671875 0.0 687.76171875 309.671875 496.70951704545456 11
stats: {load,"tsung_controller@ip-172-31-43-129"} 1 0.171875 0.0 0.28125 0.03125 0.13352272727272727 11
stats: {cpu,"tsung_controller@ip-172-31-43-129"} 1 0.40060090135202797 0.0 9.20988851187591 0.40060090135202797 3.2615138548028706 11
stats: session 29 81066.21124137934 5264.623007878452 91785.116 9543.76 31403.60736518771 293
stats: users_count 0 1254
stats: finish_users_count 29 322
stats: request 157 50442.86573885353 2481.0182276004025 54782.47 0.15 8885.682898819217 4912
stats: connect 4 1.54175 0.054609408530032565 21.178 0.788 1.7865515370705247 3318
stats: page 35 55512.54905714286 10081.938488174339 81024.859 1.678 13044.654796751967 2032
stats: tr_CREATE_POST 29 55020.78799999999 1820.5699008372521 58228.099 4002.39 16816.207645051192 293
stats: 302 86 866
stats: tr_GET_POSTS 16 51768.34512499999 2109.5043165197303 53742.021 0.196 7971.620597039472 608
stats: error_send_einval 0 13
stats: tr_SIGN_IN 106 51074.51679245282 2609.8358483585876 55783.552 1001.991 15774.010902750495 1018
stats: 200 3 2452
stats: size_rcv 241405 13215661
stats: newphase 0 7
stats: 422 25 187
stats: size_sent 96653 3173291
stats: connected -29 932
stats: error_connection_closed 0 23
stats: 500 43 465
# stats: dump at 1733515114
stats: users 879 1199
stats: {freemem,"tsung_controller@ip-172-31-43-129"} 1 304.35546875 0.0 687.76171875 304.35546875 481.123046875 12
stats: {load,"tsung_controller@ip-172-31-43-129"} 1 0.140625 0.0 0.28125 0.03125 0.13671875 12
stats: {cpu,"tsung_controller@ip-172-31-43-129"} 1 0.6982543640897756 0.0 9.20988851187591 0.40060090135202797 3.0231044420153004 12
stats: session 53 89870.54037735848 5866.303706083914 100868.419 9543.76 35876.326347826085 322
stats: users_count 0 1254
stats: finish_users_count 53 375
stats: request 216 58413.933518518475 1630.0347391071487 60005.125 0.15 10172.81600315644 5069
stats: connect 0 0 0 21.178 0.788 1.7862567730282968 3322
stats: page 67 64119.9378208955 12216.318453317968 91470.18 1.678 13763.753151427189 2067
stats: tr_CREATE_POST 53 61892.72816981132 1457.8417016601227 64005.592 4002.39 20256.992832298132 322
stats: 302 66 932
stats: tr_GET_POSTS 37 59262.78216216215 1012.442899544291 60005.321 0.196 9094.613533653845 624
stats: error_send_einval 0 13
stats: tr_SIGN_IN 112 59303.261374999995 1805.5505626009167 61011.417 1001.991 19103.062169928828 1124
stats: 504 81 81
stats: 200 2 2454
stats: size_rcv 238156 13453817
stats: newphase 0 7
stats: 422 41 228
stats: size_sent 103278 3276569
stats: connected -53 879
stats: error_connection_closed 0 23
stats: 500 26 491
# stats: dump at 1733515124
stats: users 751 1199
stats: {freemem,"tsung_controller@ip-172-31-43-129"} 1 298.265625 0.0 687.76171875 298.265625 467.52554086538464 13
stats: {load,"tsung_controller@ip-172-31-43-129"} 1 0.12109375 0.0 0.28125 0.03125 0.13701923076923078 13
stats: {cpu,"tsung_controller@ip-172-31-43-129"} 1 0.551654964894684 0.0 9.20988851187591 0.40060090135202797 2.8442698206364136 13
stats: session 128 102182.87728124998 5511.313503677587 107941.433 9543.76 43507.50859733333 375
stats: users_count 0 1254
stats: finish_users_count 128 503
stats: connect 0 0 0 21.178 0.788 1.7862567730282968 3322
stats: page 876 72844.42014840187 16915.834246335984 95332.325 1.678 15344.75801218369 2134
stats: tr_CREATE_POST 127 41499.82507874016 17063.119732809293 64005.592 4002.39 26141.510093333327 375
stats: request 1487 21770.813933423025 20705.115383010125 60005.125 0.15 12144.449188268682 5285
stats: tr_GET_POSTS 593 33195.528057335614 17014.77036447421 60005.321 0.196 11902.816618759452 661
stats: tr_SIGN_IN 18 61003.68738888888 0.9325189982508618 61011.417 1001.991 22745.79866747573 1236
stats: 302 498 1430
stats: error_send_einval 0 13
stats: 504 57 138
stats: 200 502 2956
stats: size_rcv 3908955 17362772
stats: newphase 0 7
stats: 422 54 282
stats: size_sent 453823 3730392
stats: connected -127 752
stats: error_connection_closed 0 23
stats: 500 376 867
# stats: dump at 1733515134
stats: users 196 1199
stats: {freemem,"tsung_controller@ip-172-31-43-129"} 1 292.6953125 0.0 687.76171875 292.6953125 455.435546875 14
stats: {load,"tsung_controller@ip-172-31-43-129"} 1 0.1015625 0.0 0.28125 0.03125 0.13588169642857145 14
stats: {cpu,"tsung_controller@ip-172-31-43-129"} 1 4.069478908188586 0.0 9.20988851187591 0.40060090135202797 2.6805116166548615 14
stats: session 555 109123.66982162163 2951.0517716237537 116287.026 9543.76 58438.81514115307 503
stats: users_count 0 1254
stats: finish_users_count 555 1058
stats: connect 0 0 0 21.178 0.788 1.7862567730282968 3322
stats: tr_CREATE_POST 533 4016.628804878048 8.266691187466675 64005.592 4002.39 30026.980219123507 502
stats: request 533 15.315939962476554 8.238528674957854 60005.125 0.15 14258.212386148853 6772
stats: tr_GET_POSTS 0 0 0 60005.321 0.196 21971.857992822977 1254
stats: tr_SIGN_IN 0 0 0 61011.417 1001.991 23294.954964912282 1254
stats: page 533 15.315939962476554 8.238528674957854 95332.325 1.678 32078.878952823932 3010
stats: 302 365 1795
stats: error_send_einval 0 13
stats: 504 0 138
stats: 200 0 2956
stats: size_rcv 745487 18108259
stats: newphase 0 7
stats: 422 168 450
stats: size_sent 492317 4222709
stats: connected -533 219
stats: error_connection_closed 0 23
stats: 500 0 867
# stats: dump at 1733515138
stats: users 0 1199
stats: {freemem,"tsung_controller@ip-172-31-43-129"} 1 622.94140625 0.0 687.76171875 292.6953125 444.58619791666666 15
stats: {load,"tsung_controller@ip-172-31-43-129"} 1 0.078125 0.0 0.28125 0.03125 0.13359375000000004 15
stats: {cpu,"tsung_controller@ip-172-31-43-129"} 1 6.078724464374688 0.0 9.20988851187591 0.40060090135202797 2.773109436090443 15
stats: session 196 110622.88769387754 1550.131528987312 116287.026 9543.76 85026.8060179584 1058
stats: users_count 0 1254
stats: finish_users_count 196 1254
stats: request 219 13.942059360730592 7.438984625387411 60005.125 0.15 13218.99762833676 7305
stats: 302 137 1932
stats: connect 0 0 0 21.178 0.788 1.7862567730282968 3322
stats: page 219 13.942059360730592 7.438984625387411 95332.325 1.678 27255.31725769123 3543
stats: tr_CREATE_POST 219 4015.1551963470315 7.443751102598259 64005.592 4002.39 16632.27751014493 1035
stats: error_send_einval 0 13
stats: 504 0 138
stats: 200 0 2956
stats: size_rcv 316907 18425166
stats: newphase 0 7
stats: tr_GET_POSTS 0 0 0 60005.321 0.196 21971.857992822977 1254
stats: 422 82 532
stats: tr_SIGN_IN 0 0 0 61011.417 1001.991 23294.954964912282 1254
stats: size_sent 192589 4415298
stats: connected -219 0
stats: error_connection_closed 0 23
stats: 500 0 867
EndMonitor:{1733,515138,331031}
